{"EventTime":"2017-06-08 13:37:02","Hostname":"DC01.sec555.com","Keywords":4611686018427387904,"EventType":"INFO","SeverityValue":2,"Severity":"INFO","EventID":5017,"SourceName":"Microsoft-Windows-GroupPolicy","ProviderGuid":"{AEA1B4FA-97D1-45F2-A64C-4D69FFFD92C9}","Version":0,"Task":0,"OpcodeValue":0,"RecordNumber":331195,"ActivityID":"{DFD94734-3D52-49BA-A707-45DE87A51D44}","ProcessID":872,"ThreadID":2856,"Channel":"Microsoft-Windows-GroupPolicy/Operational","Domain":"NT AUTHORITY","AccountName":"SYSTEM","UserID":"S-1-5-18","AccountType":"User","Message":"The system call to get account information completed. \r\nCN=DC01,OU=Domain Controllers,DC=sec555,DC=com\r\nThe call completed in 0 milliseconds.","Opcode":"Info","OperationElaspedTimeInMilliSeconds":"0","ErrorCode":"0","OperationDescription":"%%4118","Parameter":"CN=DC01,OU=Domain Controllers,DC=sec555,DC=com","EventReceivedTime":1496947023,"SourceModuleName":"eventlog","SourceModuleType":"im_msvistalog","@version":"1","@timestamp":"2017-06-08T18:37:03.550Z","host":"10.5.55.2","port":59656,"type":"windows","tags":["json"]}
{"EventTime":"2017-06-08 13:37:02","Hostname":"DC01.sec555.com","Keywords":4611686018427387904,"EventType":"INFO","SeverityValue":2,"Severity":"INFO","EventID":5320,"SourceName":"Microsoft-Windows-GroupPolicy","ProviderGuid":"{AEA1B4FA-97D1-45F2-A64C-4D69FFFD92C9}","Version":0,"Task":0,"OpcodeValue":0,"RecordNumber":331196,"ActivityID":"{DFD94734-3D52-49BA-A707-45DE87A51D44}","ProcessID":872,"ThreadID":2856,"Channel":"Microsoft-Windows-GroupPolicy/Operational","Domain":"NT AUTHORITY","AccountName":"SYSTEM","UserID":"S-1-5-18","AccountType":"User","Message":"Retrieved account information.","Opcode":"Info","InfoDescription":"%%4115","EventReceivedTime":1496947023,"SourceModuleName":"eventlog","SourceModuleType":"im_msvistalog","@version":"1","@timestamp":"2017-06-08T18:37:03.550Z","host":"10.5.55.2","port":59656,"type":"windows","tags":["json"]}
{"EventTime":"2017-06-08 13:37:02","Hostname":"DC01.sec555.com","Keywords":4611686018427387904,"EventType":"INFO","SeverityValue":2,"Severity":"INFO","EventID":4326,"SourceName":"Microsoft-Windows-GroupPolicy","ProviderGuid":"{AEA1B4FA-97D1-45F2-A64C-4D69FFFD92C9}","Version":0,"Task":0,"OpcodeValue":0,"RecordNumber":331197,"ActivityID":"{DFD94734-3D52-49BA-A707-45DE87A51D44}","ProcessID":872,"ThreadID":2856,"Channel":"Microsoft-Windows-GroupPolicy/Operational","Domain":"NT AUTHORITY","AccountName":"SYSTEM","UserID":"S-1-5-18","AccountType":"User","Message":"Group Policy is trying to discover the Domain Controller information.","Opcode":"Info","EventData":"","EventReceivedTime":1496947023,"SourceModuleName":"eventlog","SourceModuleType":"im_msvistalog","@version":"1","@timestamp":"2017-06-08T18:37:03.551Z","host":"10.5.55.2","port":59656,"type":"windows","tags":["json"]}
{"EventTime":"2017-06-08 13:37:02","Hostname":"DC01.sec555.com","Keywords":4611686018427387904,"EventType":"INFO","SeverityValue":2,"Severity":"INFO","EventID":5320,"SourceName":"Microsoft-Windows-GroupPolicy","ProviderGuid":"{AEA1B4FA-97D1-45F2-A64C-4D69FFFD92C9}","Version":0,"Task":0,"OpcodeValue":0,"RecordNumber":331198,"ActivityID":"{DFD94734-3D52-49BA-A707-45DE87A51D44}","ProcessID":872,"ThreadID":2856,"Channel":"Microsoft-Windows-GroupPolicy/Operational","Domain":"NT AUTHORITY","AccountName":"SYSTEM","UserID":"S-1-5-18","AccountType":"User","Message":"Retrieving Domain Controller details.","Opcode":"Info","InfoDescription":"%%4096","EventReceivedTime":1496947023,"SourceModuleName":"eventlog","SourceModuleType":"im_msvistalog","@version":"1","@timestamp":"2017-06-08T18:37:03.551Z","host":"10.5.55.2","port":59656,"type":"windows","tags":["json"]}
{"EventTime":"2017-06-08 13:37:02","Hostname":"DC01.sec555.com","Keywords":4611686018427387904,"EventType":"INFO","SeverityValue":2,"Severity":"INFO","EventID":4017,"SourceName":"Microsoft-Windows-GroupPolicy","ProviderGuid":"{AEA1B4FA-97D1-45F2-A64C-4D69FFFD92C9}","Version":0,"Task":0,"OpcodeValue":0,"RecordNumber":331199,"ActivityID":"{DFD94734-3D52-49BA-A707-45DE87A51D44}","ProcessID":872,"ThreadID":2856,"Channel":"Microsoft-Windows-GroupPolicy/Operational","Domain":"NT AUTHORITY","AccountName":"SYSTEM","UserID":"S-1-5-18","AccountType":"User","Message":"Making LDAP calls to connect and bind to Active Directory. \r\nDC01.sec555.com","Opcode":"Info","OperationDescription":"%%4119","Parameter":"DC01.sec555.com","EventReceivedTime":1496947023,"SourceModuleName":"eventlog","SourceModuleType":"im_msvistalog","@version":"1","@timestamp":"2017-06-08T18:37:03.551Z","host":"10.5.55.2","port":59656,"type":"windows","tags":["json"]}
{"EventTime":"2017-06-08 13:37:02","Hostname":"DC01.sec555.com","Keywords":4611686018427387904,"EventType":"INFO","SeverityValue":2,"Severity":"INFO","EventID":5017,"SourceName":"Microsoft-Windows-GroupPolicy","ProviderGuid":"{AEA1B4FA-97D1-45F2-A64C-4D69FFFD92C9}","Version":0,"Task":0,"OpcodeValue":0,"RecordNumber":331200,"ActivityID":"{DFD94734-3D52-49BA-A707-45DE87A51D44}","ProcessID":872,"ThreadID":2856,"Channel":"Microsoft-Windows-GroupPolicy/Operational","Domain":"NT AUTHORITY","AccountName":"SYSTEM","UserID":"S-1-5-18","AccountType":"User","Message":"The LDAP call to connect and bind to Active Directory completed. \r\nDC01.sec555.com\r\nThe call completed in 0 milliseconds.","Opcode":"Info","OperationElaspedTimeInMilliSeconds":"0","ErrorCode":"0","OperationDescription":"%%4120","Parameter":"DC01.sec555.com","EventReceivedTime":1496947023,"SourceModuleName":"eventlog","SourceModuleType":"im_msvistalog","@version":"1","@timestamp":"2017-06-08T18:37:03.552Z","host":"10.5.55.2","port":59656,"type":"windows","tags":["json"]}
{"EventTime":"2017-06-08 13:37:02","Hostname":"DC01.sec555.com","Keywords":4611686018427387904,"EventType":"INFO","SeverityValue":2,"Severity":"INFO","EventID":5308,"SourceName":"Microsoft-Windows-GroupPolicy","ProviderGuid":"{AEA1B4FA-97D1-45F2-A64C-4D69FFFD92C9}","Version":0,"Task":0,"OpcodeValue":0,"RecordNumber":331201,"ActivityID":"{DFD94734-3D52-49BA-A707-45DE87A51D44}","ProcessID":872,"ThreadID":2856,"Channel":"Microsoft-Windows-GroupPolicy/Operational","Domain":"NT AUTHORITY","AccountName":"SYSTEM","UserID":"S-1-5-18","AccountType":"User","Message":"Domain Controller details: \r\n\tDomain Controller Name : DC01.sec555.com\r\n\tDomain Controller IP Address : 10.5.55.2","Opcode":"Info","DCName":"DC01.sec555.com","DCIPAddress":"10.5.55.2","EventReceivedTime":1496947023,"SourceModuleName":"eventlog","SourceModuleType":"im_msvistalog","@version":"1","@timestamp":"2017-06-08T18:37:03.552Z","host":"10.5.55.2","port":59656,"type":"windows","tags":["json"]}
{"EventTime":"2017-06-08 13:37:02","Hostname":"DC01.sec555.com","Keywords":4611686018427387904,"EventType":"INFO","SeverityValue":2,"Severity":"INFO","EventID":5326,"SourceName":"Microsoft-Windows-GroupPolicy","ProviderGuid":"{AEA1B4FA-97D1-45F2-A64C-4D69FFFD92C9}","Version":0,"Task":0,"OpcodeValue":0,"RecordNumber":331202,"ActivityID":"{DFD94734-3D52-49BA-A707-45DE87A51D44}","ProcessID":872,"ThreadID":2856,"Channel":"Microsoft-Windows-GroupPolicy/Operational","Domain":"NT AUTHORITY","AccountName":"SYSTEM","UserID":"S-1-5-18","AccountType":"User","Message":"Group Policy successfully discovered the Domain Controller in 313 milliseconds.","Opcode":"Info","DCDiscoveryTimeInMilliSeconds":"313","ErrorCode":"0","EventReceivedTime":1496947023,"SourceModuleName":"eventlog","SourceModuleType":"im_msvistalog","@version":"1","@timestamp":"2017-06-08T18:37:03.552Z","host":"10.5.55.2","port":59656,"type":"windows","tags":["json"]}
{"EventTime":"2017-06-08 13:37:02","Hostname":"DC01.sec555.com","Keywords":4611686018427387904,"EventType":"INFO","SeverityValue":2,"Severity":"INFO","EventID":5309,"SourceName":"Microsoft-Windows-GroupPolicy","ProviderGuid":"{AEA1B4FA-97D1-45F2-A64C-4D69FFFD92C9}","Version":0,"Task":0,"OpcodeValue":0,"RecordNumber":331203,"ActivityID":"{DFD94734-3D52-49BA-A707-45DE87A51D44}","ProcessID":872,"ThreadID":2856,"Channel":"Microsoft-Windows-GroupPolicy/Operational","Domain":"NT AUTHORITY","AccountName":"SYSTEM","UserID":"S-1-5-18","AccountType":"User","Message":"Computer details: \r\n\tComputer role : 3\r\n\tNetwork name : ","Opcode":"Info","MachineRole":"3","EventReceivedTime":1496947023,"SourceModuleName":"eventlog","SourceModuleType":"im_msvistalog","@version":"1","@timestamp":"2017-06-08T18:37:03.552Z","host":"10.5.55.2","port":59656,"type":"windows","tags":["json"]}
{"EventTime":"2017-06-08 13:37:02","Hostname":"DC01.sec555.com","Keywords":4611686018427387904,"EventType":"INFO","SeverityValue":2,"Severity":"INFO","EventID":5310,"SourceName":"Microsoft-Windows-GroupPolicy","ProviderGuid":"{AEA1B4FA-97D1-45F2-A64C-4D69FFFD92C9}","Version":0,"Task":0,"OpcodeValue":0,"RecordNumber":331204,"ActivityID":"{DFD94734-3D52-49BA-A707-45DE87A51D44}","ProcessID":872,"ThreadID":2856,"Channel":"Microsoft-Windows-GroupPolicy/Operational","Domain":"NT AUTHORITY","AccountName":"SYSTEM","UserID":"S-1-5-18","AccountType":"User","Message":"Account details: \r\n\tAccount Name : CN=DC01,OU=Domain Controllers,DC=sec555,DC=com\r\n\tAccount Domain Name : sec555.com\r\n\tDC Name : \\\\DC01.sec555.com\r\n\tDC Domain Name : sec555.com","Opcode":"Info","PrincipalCNName":"CN=DC01,OU=Domain Controllers,DC=sec555,DC=com","PrincipalDomainName":"sec555.com","DCName":"\\\\DC01.sec555.com","DCDomainName":"sec555.com","EventReceivedTime":1496947023,"SourceModuleName":"eventlog","SourceModuleType":"im_msvistalog","@version":"1","@timestamp":"2017-06-08T18:37:03.553Z","host":"10.5.55.2","port":59656,"type":"windows","tags":["json"]}
{"EventTime":"2017-06-08 13:37:02","Hostname":"DC01.sec555.com","Keywords":4611686018427387904,"EventType":"INFO","SeverityValue":2,"Severity":"INFO","EventID":5311,"SourceName":"Microsoft-Windows-GroupPolicy","ProviderGuid":"{AEA1B4FA-97D1-45F2-A64C-4D69FFFD92C9}","Version":0,"Task":0,"OpcodeValue":0,"RecordNumber":331205,"ActivityID":"{DFD94734-3D52-49BA-A707-45DE87A51D44}","ProcessID":872,"ThreadID":2856,"Channel":"Microsoft-Windows-GroupPolicy/Operational","Domain":"NT AUTHORITY","AccountName":"SYSTEM","UserID":"S-1-5-18","AccountType":"User","Message":"The loopback policy processing mode is \"No loopback mode\".","Opcode":"Info","PolicyProcessingMode":"0","EventReceivedTime":1496947023,"SourceModuleName":"eventlog","SourceModuleType":"im_msvistalog","@version":"1","@timestamp":"2017-06-08T18:37:03.553Z","host":"10.5.55.2","port":59656,"type":"windows","tags":["json"]}
{"EventTime":"2017-06-08 13:37:02","Hostname":"DC01.sec555.com","Keywords":4611686018427387904,"EventType":"INFO","SeverityValue":2,"Severity":"INFO","EventID":4126,"SourceName":"Microsoft-Windows-GroupPolicy","ProviderGuid":"{AEA1B4FA-97D1-45F2-A64C-4D69FFFD92C9}","Version":0,"Task":0,"OpcodeValue":0,"RecordNumber":331206,"ActivityID":"{DFD94734-3D52-49BA-A707-45DE87A51D44}","ProcessID":872,"ThreadID":2856,"Channel":"Microsoft-Windows-GroupPolicy/Operational","Domain":"NT AUTHORITY","AccountName":"SYSTEM","UserID":"S-1-5-18","AccountType":"User","Message":"Group Policy receiving applicable GPOs from the domain controller.","Opcode":"Info","IsMachine":"true","EventReceivedTime":1496947023,"SourceModuleName":"eventlog","SourceModuleType":"im_msvistalog","@version":"1","@timestamp":"2017-06-08T18:37:03.553Z","host":"10.5.55.2","port":59656,"type":"windows","tags":["json"]}
{"EventTime":"2017-06-08 13:37:02","Hostname":"DC01.sec555.com","Keywords":4611686018427387904,"EventType":"INFO","SeverityValue":2,"Severity":"INFO","EventID":4257,"SourceName":"Microsoft-Windows-GroupPolicy","ProviderGuid":"{AEA1B4FA-97D1-45F2-A64C-4D69FFFD92C9}","Version":0,"Task":0,"OpcodeValue":0,"RecordNumber":331207,"ActivityID":"{DFD94734-3D52-49BA-A707-45DE87A51D44}","ProcessID":872,"ThreadID":2856,"Channel":"Microsoft-Windows-GroupPolicy/Operational","Domain":"NT AUTHORITY","AccountName":"SYSTEM","UserID":"S-1-5-18","AccountType":"User","Message":"Starting to download policies.","Opcode":"Info","IsMachine":"true","IsBackgroundProcessing":"true","IsAsyncProcessing":"true","EventReceivedTime":1496947023,"SourceModuleName":"eventlog","SourceModuleType":"im_msvistalog","@version":"1","@timestamp":"2017-06-08T18:37:03.554Z","host":"10.5.55.2","port":59656,"type":"windows","tags":["json"]}
{"EventTime":"2017-06-08 13:37:03","Hostname":"DC01.sec555.com","Keywords":4611686018427387904,"EventType":"INFO","SeverityValue":2,"Severity":"INFO","EventID":5327,"SourceName":"Microsoft-Windows-GroupPolicy","ProviderGuid":"{AEA1B4FA-97D1-45F2-A64C-4D69FFFD92C9}","Version":0,"Task":0,"OpcodeValue":0,"RecordNumber":331208,"ActivityID":"{DFD94734-3D52-49BA-A707-45DE87A51D44}","ProcessID":872,"ThreadID":2856,"Channel":"Microsoft-Windows-GroupPolicy/Operational","Domain":"NT AUTHORITY","AccountName":"SYSTEM","UserID":"S-1-5-18","AccountType":"User","Message":"Estimated network bandwidth on one of the connections: 0 kbps.","Opcode":"Info","NetworkBandwidthInKbps":"0","EventReceivedTime":1496947023,"SourceModuleName":"eventlog","SourceModuleType":"im_msvistalog","@version":"1","@timestamp":"2017-06-08T18:37:03.555Z","host":"10.5.55.2","port":59656,"type":"windows","tags":["json"]}
{"EventTime":"2017-06-08 13:37:03","Hostname":"DC01.sec555.com","Keywords":4611686018427387904,"EventType":"INFO","SeverityValue":2,"Severity":"INFO","EventID":5314,"SourceName":"Microsoft-Windows-GroupPolicy","ProviderGuid":"{AEA1B4FA-97D1-45F2-A64C-4D69FFFD92C9}","Version":0,"Task":0,"OpcodeValue":0,"RecordNumber":331209,"ActivityID":"{DFD94734-3D52-49BA-A707-45DE87A51D44}","ProcessID":872,"ThreadID":2856,"Channel":"Microsoft-Windows-GroupPolicy/Operational","Domain":"NT AUTHORITY","AccountName":"SYSTEM","UserID":"S-1-5-18","AccountType":"User","Message":"A fast link was detected. The Estimated bandwidth is 2630705 kbps. The slow link threshold is 500 kbps.","Opcode":"Info","BandwidthInkbps":"2630705","IsSlowLink":"false","ThresholdInkbps":"500","PolicyApplicationMode":"0","ErrorCode":"0","LinkDescription":"%%4113","EventReceivedTime":1496947023,"SourceModuleName":"eventlog","SourceModuleType":"im_msvistalog","@version":"1","@timestamp":"2017-06-08T18:37:03.555Z","host":"10.5.55.2","port":59656,"type":"windows","tags":["json"]}
{"EventTime":"2017-06-08 13:37:03","Hostname":"DC01.sec555.com","Keywords":4611686018427387904,"EventType":"INFO","SeverityValue":2,"Severity":"INFO","EventID":4017,"SourceName":"Microsoft-Windows-GroupPolicy","ProviderGuid":"{AEA1B4FA-97D1-45F2-A64C-4D69FFFD92C9}","Version":0,"Task":0,"OpcodeValue":0,"RecordNumber":331210,"ActivityID":"{DFD94734-3D52-49BA-A707-45DE87A51D44}","ProcessID":872,"ThreadID":2856,"Channel":"Microsoft-Windows-GroupPolicy/Operational","Domain":"NT AUTHORITY","AccountName":"SYSTEM","UserID":"S-1-5-18","AccountType":"User","Message":"Making system calls to access specified file. \r\n\\\\sec555.com\\SysVol\\sec555.com\\Policies\\{32EDD69B-CA4B-4FD7-A5A2-5320F9582C71}\\gpt.ini","Opcode":"Info","OperationDescription":"%%4131","Parameter":"\\\\sec555.com\\SysVol\\sec555.com\\Policies\\{32EDD69B-CA4B-4FD7-A5A2-5320F9582C71}\\gpt.ini","EventReceivedTime":1496947023,"SourceModuleName":"eventlog","SourceModuleType":"im_msvistalog","@version":"1","@timestamp":"2017-06-08T18:37:03.560Z","host":"10.5.55.2","port":59656,"type":"windows","tags":["json"]}
{"EventTime":"2017-06-08 13:37:03","Hostname":"DC01.sec555.com","Keywords":4611686018427387904,"EventType":"INFO","SeverityValue":2,"Severity":"INFO","EventID":5017,"SourceName":"Microsoft-Windows-GroupPolicy","ProviderGuid":"{AEA1B4FA-97D1-45F2-A64C-4D69FFFD92C9}","Version":0,"Task":0,"OpcodeValue":0,"RecordNumber":331211,"ActivityID":"{DFD94734-3D52-49BA-A707-45DE87A51D44}","ProcessID":872,"ThreadID":2856,"Channel":"Microsoft-Windows-GroupPolicy/Operational","Domain":"NT AUTHORITY","AccountName":"SYSTEM","UserID":"S-1-5-18","AccountType":"User","Message":"The system calls to access specified file completed. \r\n\\\\sec555.com\\SysVol\\sec555.com\\Policies\\{32EDD69B-CA4B-4FD7-A5A2-5320F9582C71}\\gpt.ini\r\nThe call completed in 0 milliseconds.","Opcode":"Info","OperationElaspedTimeInMilliSeconds":"0","ErrorCode":"0","OperationDescription":"%%4132","Parameter":"\\\\sec555.com\\SysVol\\sec555.com\\Policies\\{32EDD69B-CA4B-4FD7-A5A2-5320F9582C71}\\gpt.ini","EventReceivedTime":1496947023,"SourceModuleName":"eventlog","SourceModuleType":"im_msvistalog","@version":"1","@timestamp":"2017-06-08T18:37:03.566Z","host":"10.5.55.2","port":59656,"type":"windows","tags":["json"]}
{"EventTime":"2017-06-08 13:37:03","Hostname":"DC01.sec555.com","Keywords":4611686018427387904,"EventType":"INFO","SeverityValue":2,"Severity":"INFO","EventID":4017,"SourceName":"Microsoft-Windows-GroupPolicy","ProviderGuid":"{AEA1B4FA-97D1-45F2-A64C-4D69FFFD92C9}","Version":0,"Task":0,"OpcodeValue":0,"RecordNumber":331212,"ActivityID":"{DFD94734-3D52-49BA-A707-45DE87A51D44}","ProcessID":872,"ThreadID":2856,"Channel":"Microsoft-Windows-GroupPolicy/Operational","Domain":"NT AUTHORITY","AccountName":"SYSTEM","UserID":"S-1-5-18","AccountType":"User","Message":"Making system calls to access specified file. \r\n\\\\sec555.com\\SysVol\\sec555.com\\Policies\\{9B4E449B-6CA9-4139-AC75-D1E5BAB74398}\\gpt.ini","Opcode":"Info","OperationDescription":"%%4131","Parameter":"\\\\sec555.com\\SysVol\\sec555.com\\Policies\\{9B4E449B-6CA9-4139-AC75-D1E5BAB74398}\\gpt.ini","EventReceivedTime":1496947023,"SourceModuleName":"eventlog","SourceModuleType":"im_msvistalog","@version":"1","@timestamp":"2017-06-08T18:37:03.567Z","host":"10.5.55.2","port":59656,"type":"windows","tags":["json"]}
{"EventTime":"2017-06-08 13:37:03","Hostname":"DC01.sec555.com","Keywords":4611686018427387904,"EventType":"INFO","SeverityValue":2,"Severity":"INFO","EventID":5017,"SourceName":"Microsoft-Windows-GroupPolicy","ProviderGuid":"{AEA1B4FA-97D1-45F2-A64C-4D69FFFD92C9}","Version":0,"Task":0,"OpcodeValue":0,"RecordNumber":331213,"ActivityID":"{DFD94734-3D52-49BA-A707-45DE87A51D44}","ProcessID":872,"ThreadID":2856,"Channel":"Microsoft-Windows-GroupPolicy/Operational","Domain":"NT AUTHORITY","AccountName":"SYSTEM","UserID":"S-1-5-18","AccountType":"User","Message":"The system calls to access specified file completed. \r\n\\\\sec555.com\\SysVol\\sec555.com\\Policies\\{9B4E449B-6CA9-4139-AC75-D1E5BAB74398}\\gpt.ini\r\nThe call completed in 0 milliseconds.","Opcode":"Info","OperationElaspedTimeInMilliSeconds":"0","ErrorCode":"0","OperationDescription":"%%4132","Parameter":"\\\\sec555.com\\SysVol\\sec555.com\\Policies\\{9B4E449B-6CA9-4139-AC75-D1E5BAB74398}\\gpt.ini","EventReceivedTime":1496947023,"SourceModuleName":"eventlog","SourceModuleType":"im_msvistalog","@version":"1","@timestamp":"2017-06-08T18:37:03.567Z","host":"10.5.55.2","port":59656,"type":"windows","tags":["json"]}
{"EventTime":"2017-06-08 13:37:03","Hostname":"DC01.sec555.com","Keywords":4611686018427387904,"EventType":"INFO","SeverityValue":2,"Severity":"INFO","EventID":4017,"SourceName":"Microsoft-Windows-GroupPolicy","ProviderGuid":"{AEA1B4FA-97D1-45F2-A64C-4D69FFFD92C9}","Version":0,"Task":0,"OpcodeValue":0,"RecordNumber":331214,"ActivityID":"{DFD94734-3D52-49BA-A707-45DE87A51D44}","ProcessID":872,"ThreadID":2856,"Channel":"Microsoft-Windows-GroupPolicy/Operational","Domain":"NT AUTHORITY","AccountName":"SYSTEM","UserID":"S-1-5-18","AccountType":"User","Message":"Making system calls to access specified file. \r\n\\\\sec555.com\\SysVol\\sec555.com\\Policies\\{A8751201-C09D-4169-9695-CF971D4E7590}\\gpt.ini","Opcode":"Info","OperationDescription":"%%4131","Parameter":"\\\\sec555.com\\SysVol\\sec555.com\\Policies\\{A8751201-C09D-4169-9695-CF971D4E7590}\\gpt.ini","EventReceivedTime":1496947023,"SourceModuleName":"eventlog","SourceModuleType":"im_msvistalog","@version":"1","@timestamp":"2017-06-08T18:37:03.568Z","host":"10.5.55.2","port":59656,"type":"windows","tags":["json"]}
{"EventTime":"2017-06-08 13:37:03","Hostname":"DC01.sec555.com","Keywords":4611686018427387904,"EventType":"INFO","SeverityValue":2,"Severity":"INFO","EventID":5017,"SourceName":"Microsoft-Windows-GroupPolicy","ProviderGuid":"{AEA1B4FA-97D1-45F2-A64C-4D69FFFD92C9}","Version":0,"Task":0,"OpcodeValue":0,"RecordNumber":331215,"ActivityID":"{DFD94734-3D52-49BA-A707-45DE87A51D44}","ProcessID":872,"ThreadID":2856,"Channel":"Microsoft-Windows-GroupPolicy/Operational","Domain":"NT AUTHORITY","AccountName":"SYSTEM","UserID":"S-1-5-18","AccountType":"User","Message":"The system calls to access specified file completed. \r\n\\\\sec555.com\\SysVol\\sec555.com\\Policies\\{A8751201-C09D-4169-9695-CF971D4E7590}\\gpt.ini\r\nThe call completed in 16 milliseconds.","Opcode":"Info","OperationElaspedTimeInMilliSeconds":"16","ErrorCode":"0","OperationDescription":"%%4132","Parameter":"\\\\sec555.com\\SysVol\\sec555.com\\Policies\\{A8751201-C09D-4169-9695-CF971D4E7590}\\gpt.ini","EventReceivedTime":1496947023,"SourceModuleName":"eventlog","SourceModuleType":"im_msvistalog","@version":"1","@timestamp":"2017-06-08T18:37:03.568Z","host":"10.5.55.2","port":59656,"type":"windows","tags":["json"]}
{"EventTime":"2017-06-08 13:37:03","Hostname":"DC01.sec555.com","Keywords":4611686018427387904,"EventType":"INFO","SeverityValue":2,"Severity":"INFO","EventID":4017,"SourceName":"Microsoft-Windows-GroupPolicy","ProviderGuid":"{AEA1B4FA-97D1-45F2-A64C-4D69FFFD92C9}","Version":0,"Task":0,"OpcodeValue":0,"RecordNumber":331216,"ActivityID":"{DFD94734-3D52-49BA-A707-45DE87A51D44}","ProcessID":872,"ThreadID":2856,"Channel":"Microsoft-Windows-GroupPolicy/Operational","Domain":"NT AUTHORITY","AccountName":"SYSTEM","UserID":"S-1-5-18","AccountType":"User","Message":"Making system calls to access specified file. \r\n\\\\sec555.com\\SysVol\\sec555.com\\Policies\\{133B1BD9-9743-40BD-8556-BCB1E0E5A3E1}\\gpt.ini","Opcode":"Info","OperationDescription":"%%4131","Parameter":"\\\\sec555.com\\SysVol\\sec555.com\\Policies\\{133B1BD9-9743-40BD-8556-BCB1E0E5A3E1}\\gpt.ini","EventReceivedTime":1496947023,"SourceModuleName":"eventlog","SourceModuleType":"im_msvistalog","@version":"1","@timestamp":"2017-06-08T18:37:03.568Z","host":"10.5.55.2","port":59656,"type":"windows","tags":["json"]}
{"EventTime":"2017-06-08 13:37:03","Hostname":"DC01.sec555.com","Keywords":4611686018427387904,"EventType":"INFO","SeverityValue":2,"Severity":"INFO","EventID":5017,"SourceName":"Microsoft-Windows-GroupPolicy","ProviderGuid":"{AEA1B4FA-97D1-45F2-A64C-4D69FFFD92C9}","Version":0,"Task":0,"OpcodeValue":0,"RecordNumber":331217,"ActivityID":"{DFD94734-3D52-49BA-A707-45DE87A51D44}","ProcessID":872,"ThreadID":2856,"Channel":"Microsoft-Windows-GroupPolicy/Operational","Domain":"NT AUTHORITY","AccountName":"SYSTEM","UserID":"S-1-5-18","AccountType":"User","Message":"The system calls to access specified file completed. \r\n\\\\sec555.com\\SysVol\\sec555.com\\Policies\\{133B1BD9-9743-40BD-8556-BCB1E0E5A3E1}\\gpt.ini\r\nThe call completed in 0 milliseconds.","Opcode":"Info","OperationElaspedTimeInMilliSeconds":"0","ErrorCode":"0","OperationDescription":"%%4132","Parameter":"\\\\sec555.com\\SysVol\\sec555.com\\Policies\\{133B1BD9-9743-40BD-8556-BCB1E0E5A3E1}\\gpt.ini","EventReceivedTime":1496947023,"SourceModuleName":"eventlog","SourceModuleType":"im_msvistalog","@version":"1","@timestamp":"2017-06-08T18:37:03.569Z","host":"10.5.55.2","port":59656,"type":"windows","tags":["json"]}
{"EventTime":"2017-06-08 13:37:03","Hostname":"DC01.sec555.com","Keywords":4611686018427387904,"EventType":"INFO","SeverityValue":2,"Severity":"INFO","EventID":4017,"SourceName":"Microsoft-Windows-GroupPolicy","ProviderGuid":"{AEA1B4FA-97D1-45F2-A64C-4D69FFFD92C9}","Version":0,"Task":0,"OpcodeValue":0,"RecordNumber":331218,"ActivityID":"{DFD94734-3D52-49BA-A707-45DE87A51D44}","ProcessID":872,"ThreadID":2856,"Channel":"Microsoft-Windows-GroupPolicy/Operational","Domain":"NT AUTHORITY","AccountName":"SYSTEM","UserID":"S-1-5-18","AccountType":"User","Message":"Making system calls to access specified file. \r\n\\\\sec555.com\\SysVol\\sec555.com\\Policies\\{ADEFF9F3-94F1-4F60-B86A-EA3ECE588D44}\\gpt.ini","Opcode":"Info","OperationDescription":"%%4131","Parameter":"\\\\sec555.com\\SysVol\\sec555.com\\Policies\\{ADEFF9F3-94F1-4F60-B86A-EA3ECE588D44}\\gpt.ini","EventReceivedTime":1496947023,"SourceModuleName":"eventlog","SourceModuleType":"im_msvistalog","@version":"1","@timestamp":"2017-06-08T18:37:03.569Z","host":"10.5.55.2","port":59656,"type":"windows","tags":["json"]}
{"EventTime":"2017-06-08 13:37:03","Hostname":"DC01.sec555.com","Keywords":4611686018427387904,"EventType":"INFO","SeverityValue":2,"Severity":"INFO","EventID":5017,"SourceName":"Microsoft-Windows-GroupPolicy","ProviderGuid":"{AEA1B4FA-97D1-45F2-A64C-4D69FFFD92C9}","Version":0,"Task":0,"OpcodeValue":0,"RecordNumber":331219,"ActivityID":"{DFD94734-3D52-49BA-A707-45DE87A51D44}","ProcessID":872,"ThreadID":2856,"Channel":"Microsoft-Windows-GroupPolicy/Operational","Domain":"NT AUTHORITY","AccountName":"SYSTEM","UserID":"S-1-5-18","AccountType":"User","Message":"The system calls to access specified file completed. \r\n\\\\sec555.com\\SysVol\\sec555.com\\Policies\\{ADEFF9F3-94F1-4F60-B86A-EA3ECE588D44}\\gpt.ini\r\nThe call completed in 0 milliseconds.","Opcode":"Info","OperationElaspedTimeInMilliSeconds":"0","ErrorCode":"0","OperationDescription":"%%4132","Parameter":"\\\\sec555.com\\SysVol\\sec555.com\\Policies\\{ADEFF9F3-94F1-4F60-B86A-EA3ECE588D44}\\gpt.ini","EventReceivedTime":1496947023,"SourceModuleName":"eventlog","SourceModuleType":"im_msvistalog","@version":"1","@timestamp":"2017-06-08T18:37:03.569Z","host":"10.5.55.2","port":59656,"type":"windows","tags":["json"]}
{"EventTime":"2017-06-08 13:37:03","Hostname":"DC01.sec555.com","Keywords":4611686018427387904,"EventType":"INFO","SeverityValue":2,"Severity":"INFO","EventID":4017,"SourceName":"Microsoft-Windows-GroupPolicy","ProviderGuid":"{AEA1B4FA-97D1-45F2-A64C-4D69FFFD92C9}","Version":0,"Task":0,"OpcodeValue":0,"RecordNumber":331220,"ActivityID":"{DFD94734-3D52-49BA-A707-45DE87A51D44}","ProcessID":872,"ThreadID":2856,"Channel":"Microsoft-Windows-GroupPolicy/Operational","Domain":"NT AUTHORITY","AccountName":"SYSTEM","UserID":"S-1-5-18","AccountType":"User","Message":"Making system calls to access specified file. \r\n\\\\sec555.com\\sysvol\\sec555.com\\Policies\\{31B2F340-016D-11D2-945F-00C04FB984F9}\\gpt.ini","Opcode":"Info","OperationDescription":"%%4131","Parameter":"\\\\sec555.com\\sysvol\\sec555.com\\Policies\\{31B2F340-016D-11D2-945F-00C04FB984F9}\\gpt.ini","EventReceivedTime":1496947023,"SourceModuleName":"eventlog","SourceModuleType":"im_msvistalog","@version":"1","@timestamp":"2017-06-08T18:37:03.569Z","host":"10.5.55.2","port":59656,"type":"windows","tags":["json"]}
{"EventTime":"2017-06-08 13:37:03","Hostname":"DC01.sec555.com","Keywords":4611686018427387904,"EventType":"INFO","SeverityValue":2,"Severity":"INFO","EventID":5017,"SourceName":"Microsoft-Windows-GroupPolicy","ProviderGuid":"{AEA1B4FA-97D1-45F2-A64C-4D69FFFD92C9}","Version":0,"Task":0,"OpcodeValue":0,"RecordNumber":331221,"ActivityID":"{DFD94734-3D52-49BA-A707-45DE87A51D44}","ProcessID":872,"ThreadID":2856,"Channel":"Microsoft-Windows-GroupPolicy/Operational","Domain":"NT AUTHORITY","AccountName":"SYSTEM","UserID":"S-1-5-18","AccountType":"User","Message":"The system calls to access specified file completed. \r\n\\\\sec555.com\\sysvol\\sec555.com\\Policies\\{31B2F340-016D-11D2-945F-00C04FB984F9}\\gpt.ini\r\nThe call completed in 0 milliseconds.","Opcode":"Info","OperationElaspedTimeInMilliSeconds":"0","ErrorCode":"0","OperationDescription":"%%4132","Parameter":"\\\\sec555.com\\sysvol\\sec555.com\\Policies\\{31B2F340-016D-11D2-945F-00C04FB984F9}\\gpt.ini","EventReceivedTime":1496947023,"SourceModuleName":"eventlog","SourceModuleType":"im_msvistalog","@version":"1","@timestamp":"2017-06-08T18:37:03.570Z","host":"10.5.55.2","port":59656,"type":"windows","tags":["json"]}
{"EventTime":"2017-06-08 13:37:03","Hostname":"DC01.sec555.com","Keywords":4611686018427387904,"EventType":"INFO","SeverityValue":2,"Severity":"INFO","EventID":4017,"SourceName":"Microsoft-Windows-GroupPolicy","ProviderGuid":"{AEA1B4FA-97D1-45F2-A64C-4D69FFFD92C9}","Version":0,"Task":0,"OpcodeValue":0,"RecordNumber":331222,"ActivityID":"{DFD94734-3D52-49BA-A707-45DE87A51D44}","ProcessID":872,"ThreadID":2856,"Channel":"Microsoft-Windows-GroupPolicy/Operational","Domain":"NT AUTHORITY","AccountName":"SYSTEM","UserID":"S-1-5-18","AccountType":"User","Message":"Making system calls to access specified file. \r\n\\\\sec555.com\\sysvol\\sec555.com\\Policies\\{6AC1786C-016F-11D2-945F-00C04fB984F9}\\gpt.ini","Opcode":"Info","OperationDescription":"%%4131","Parameter":"\\\\sec555.com\\sysvol\\sec555.com\\Policies\\{6AC1786C-016F-11D2-945F-00C04fB984F9}\\gpt.ini","EventReceivedTime":1496947023,"SourceModuleName":"eventlog","SourceModuleType":"im_msvistalog","@version":"1","@timestamp":"2017-06-08T18:37:03.570Z","host":"10.5.55.2","port":59656,"type":"windows","tags":["json"]}
{"EventTime":"2017-06-08 13:37:03","Hostname":"DC01.sec555.com","Keywords":4611686018427387904,"EventType":"INFO","SeverityValue":2,"Severity":"INFO","EventID":5017,"SourceName":"Microsoft-Windows-GroupPolicy","ProviderGuid":"{AEA1B4FA-97D1-45F2-A64C-4D69FFFD92C9}","Version":0,"Task":0,"OpcodeValue":0,"RecordNumber":331223,"ActivityID":"{DFD94734-3D52-49BA-A707-45DE87A51D44}","ProcessID":872,"ThreadID":2856,"Channel":"Microsoft-Windows-GroupPolicy/Operational","Domain":"NT AUTHORITY","AccountName":"SYSTEM","UserID":"S-1-5-18","AccountType":"User","Message":"The system calls to access specified file completed. \r\n\\\\sec555.com\\sysvol\\sec555.com\\Policies\\{6AC1786C-016F-11D2-945F-00C04fB984F9}\\gpt.ini\r\nThe call completed in 0 milliseconds.","Opcode":"Info","OperationElaspedTimeInMilliSeconds":"0","ErrorCode":"0","OperationDescription":"%%4132","Parameter":"\\\\sec555.com\\sysvol\\sec555.com\\Policies\\{6AC1786C-016F-11D2-945F-00C04fB984F9}\\gpt.ini","EventReceivedTime":1496947023,"SourceModuleName":"eventlog","SourceModuleType":"im_msvistalog","@version":"1","@timestamp":"2017-06-08T18:37:03.570Z","host":"10.5.55.2","port":59656,"type":"windows","tags":["json"]}
{"EventTime":"2017-06-08 13:37:03","Hostname":"DC01.sec555.com","Keywords":4611686018427387904,"EventType":"INFO","SeverityValue":2,"Severity":"INFO","EventID":5257,"SourceName":"Microsoft-Windows-GroupPolicy","ProviderGuid":"{AEA1B4FA-97D1-45F2-A64C-4D69FFFD92C9}","Version":0,"Task":0,"OpcodeValue":0,"RecordNumber":331224,"ActivityID":"{DFD94734-3D52-49BA-A707-45DE87A51D44}","ProcessID":872,"ThreadID":2856,"Channel":"Microsoft-Windows-GroupPolicy/Operational","Domain":"NT AUTHORITY","AccountName":"SYSTEM","UserID":"S-1-5-18","AccountType":"User","Message":"Successfully completed downloading policies.","Opcode":"Info","IsMachine":"true","PolicyDownloadTimeElapsedInMilliseconds":"328","EventReceivedTime":1496947023,"SourceModuleName":"eventlog","SourceModuleType":"im_msvistalog","@version":"1","@timestamp":"2017-06-08T18:37:03.571Z","host":"10.5.55.2","port":59656,"type":"windows","tags":["json"]}
{"EventTime":"2017-06-08 13:37:03","Hostname":"DC01.sec555.com","Keywords":4611686018427387904,"EventType":"INFO","SeverityValue":2,"Severity":"INFO","EventID":5126,"SourceName":"Microsoft-Windows-GroupPolicy","ProviderGuid":"{AEA1B4FA-97D1-45F2-A64C-4D69FFFD92C9}","Version":0,"Task":0,"OpcodeValue":0,"RecordNumber":331225,"ActivityID":"{DFD94734-3D52-49BA-A707-45DE87A51D44}","ProcessID":872,"ThreadID":2856,"Channel":"Microsoft-Windows-GroupPolicy/Operational","Domain":"NT AUTHORITY","AccountName":"SYSTEM","UserID":"S-1-5-18","AccountType":"User","Message":"Group Policy successfully got applicable GPOs from the domain controller.","Opcode":"Info","IsMachine":"true","IsBackgroundProcessing":"true","IsAsyncProcessing":"false","NumberOfGPOsDownloaded":"7","NumberOfGPOsApplicable":"0","GPODownloadTimeElapsedInMilliseconds":"328","EventReceivedTime":1496947023,"SourceModuleName":"eventlog","SourceModuleType":"im_msvistalog","@version":"1","@timestamp":"2017-06-08T18:37:03.571Z","host":"10.5.55.2","port":59656,"type":"windows","tags":["json"]}
{"EventTime":"2017-06-08 13:37:03","Hostname":"DC01.sec555.com","Keywords":4611686018427387904,"EventType":"INFO","SeverityValue":2,"Severity":"INFO","EventID":5312,"SourceName":"Microsoft-Windows-GroupPolicy","ProviderGuid":"{AEA1B4FA-97D1-45F2-A64C-4D69FFFD92C9}","Version":0,"Task":0,"OpcodeValue":0,"RecordNumber":331226,"ActivityID":"{DFD94734-3D52-49BA-A707-45DE87A51D44}","ProcessID":872,"ThreadID":2856,"Channel":"Microsoft-Windows-GroupPolicy/Operational","Domain":"NT AUTHORITY","AccountName":"SYSTEM","UserID":"S-1-5-18","AccountType":"User","Message":"List of applicable Group Policy objects: \r\n\r\nTripewire Audit\nDefault Domain Policy\nDefault Domain Controllers Policy\nWSUS Settings\nDisable Windows Defender\nDisable Chatty Services\nLog Settings\n","Opcode":"Info","DescriptionString":"Tripewire Audit\nDefault Domain Policy\nDefault Domain Controllers Policy\nWSUS Settings\nDisable Windows Defender\nDisable Chatty Services\nLog Settings\n","GPOInfoList":"&lt;GPO ID=\"{ADEFF9F3-94F1-4F60-B86A-EA3ECE588D44}\"&gt;&lt;Name&gt;Tripewire Audit&lt;/Name&gt;&lt;Version&gt;786444&lt;/Version&gt;&lt;SOM&gt;LDAP://DC=sec555,DC=com&lt;/SOM&gt;&lt;FSPath&gt;\\\\sec555.com\\SysVol\\sec555.com\\Policies\\{ADEFF9F3-94F1-4F60-B86A-EA3ECE588D44}\\Machine&lt;/FSPath&gt;&lt;Extensions&gt;[{00000000-0000-0000-0000-000000000000}{3BAE7E51-E3F4-41D0-853D-9BB9FD47605F}{3EC4E9D3-714D-471F-88DC-4DD4471AAB47}][{6232C319-91AC-4931-9385-E70C2B099F0E}{3EC4E9D3-714D-471F-88DC-4DD4471AAB47}][{7150F9BF-48AD-4DA4-A49C-29EF4A8369BA}{3BAE7E51-E3F4-41D0-853D-9BB9FD47605F}][{827D319E-6EAC-11D2-A4EA-00C04F79F83A}{803E14A0-B4FB-11D0-A0D0-00A0C90F574B}]&lt;/Extensions&gt;&lt;/GPO&gt;&lt;GPO ID=\"{31B2F340-016D-11D2-945F-00C04FB984F9}\"&gt;&lt;Name&gt;Default Domain Policy&lt;/Name&gt;&lt;Version&gt;1310740&lt;/Version&gt;&lt;SOM&gt;LDAP://DC=sec555,DC=com&lt;/SOM&gt;&lt;FSPath&gt;\\\\sec555.com\\sysvol\\sec555.com\\Policies\\{31B2F340-016D-11D2-945F-00C04FB984F9}\\Machine&lt;/FSPath&gt;&lt;Extensions&gt;[{35378EAC-683F-11D2-A89A-00C04FBBCFA2}{53D6AB1B-2488-11D1-A28C-00C04FB94F17}{53D6AB1D-2488-11D1-A28C-00C04FB94F17}][{827D319E-6EAC-11D2-A4EA-00C04F79F83A}{803E14A0-B4FB-11D0-A0D0-00A0C90F574B}][{B1BE8D72-6EAC-11D2-A4EA-00C04F79F83A}{53D6AB1B-2488-11D1-A28C-00C04FB94F17}{53D6AB1D-2488-11D1-A28C-00C04FB94F17}]&lt;/Extensions&gt;&lt;/GPO&gt;&lt;GPO ID=\"{6AC1786C-016F-11D2-945F-00C04fB984F9}\"&gt;&lt;Name&gt;Default Domain Controllers Policy&lt;/Name&gt;&lt;Version&gt;196611&lt;/Version&gt;&lt;SOM&gt;LDAP://OU=Domain Controllers,DC=sec555,DC=com&lt;/SOM&gt;&lt;FSPath&gt;\\\\sec555.com\\sysvol\\sec555.com\\Policies\\{6AC1786C-016F-11D2-945F-00C04fB984F9}\\Machine&lt;/FSPath&gt;&lt;Extensions&gt;[{35378EAC-683F-11D2-A89A-00C04FBBCFA2}{53D6AB1D-2488-11D1-A28C-00C04FB94F17}][{827D319E-6EAC-11D2-A4EA-00C04F79F83A}{803E14A0-B4FB-11D0-A0D0-00A0C90F574B}][{B1BE8D72-6EAC-11D2-A4EA-00C04F79F83A}{53D6AB1D-2488-11D1-A28C-00C04FB94F17}]&lt;/Extensions&gt;&lt;/GPO&gt;&lt;GPO ID=\"{32EDD69B-CA4B-4FD7-A5A2-5320F9582C71}\"&gt;&lt;Name&gt;WSUS Settings&lt;/Name&gt;&lt;Version&gt;589833&lt;/Version&gt;&lt;SOM&gt;LDAP://DC=sec555,DC=com&lt;/SOM&gt;&lt;FSPath&gt;\\\\sec555.com\\SysVol\\sec555.com\\Policies\\{32EDD69B-CA4B-4FD7-A5A2-5320F9582C71}\\Machine&lt;/FSPath&gt;&lt;Extensions&gt;[{35378EAC-683F-11D2-A89A-00C04FBBCFA2}{D02B1F72-3407-48AE-BA88-E8213C6761F1}]&lt;/Extensions&gt;&lt;/GPO&gt;&lt;GPO ID=\"{9B4E449B-6CA9-4139-AC75-D1E5BAB74398}\"&gt;&lt;Name&gt;Disable Windows Defender&lt;/Name&gt;&lt;Version&gt;458759&lt;/Version&gt;&lt;SOM&gt;LDAP://DC=sec555,DC=com&lt;/SOM&gt;&lt;FSPath&gt;\\\\sec555.com\\SysVol\\sec555.com\\Policies\\{9B4E449B-6CA9-4139-AC75-D1E5BAB74398}\\Machine&lt;/FSPath&gt;&lt;Extensions&gt;[{35378EAC-683F-11D2-A89A-00C04FBBCFA2}{D02B1F72-3407-48AE-BA88-E8213C6761F1}]&lt;/Extensions&gt;&lt;/GPO&gt;&lt;GPO ID=\"{A8751201-C09D-4169-9695-CF971D4E7590}\"&gt;&lt;Name&gt;Disable Chatty Services&lt;/Name&gt;&lt;Version&gt;589833&lt;/Version&gt;&lt;SOM&gt;LDAP://DC=sec555,DC=com&lt;/SOM&gt;&lt;FSPath&gt;\\\\sec555.com\\SysVol\\sec555.com\\Policies\\{A8751201-C09D-4169-9695-CF971D4E7590}\\Machine&lt;/FSPath&gt;&lt;Extensions&gt;[{00000000-0000-0000-0000-000000000000}{CC5746A9-9B74-4BE5-AE2E-64379C86E0E4}][{35378EAC-683F-11D2-A89A-00C04FBBCFA2}{D02B1F72-3407-48AE-BA88-E8213C6761F1}][{91FBB303-0CD5-4055-BF42-E512A681B325}{CC5746A9-9B74-4BE5-AE2E-64379C86E0E4}]&lt;/Extensions&gt;&lt;/GPO&gt;&lt;GPO ID=\"{133B1BD9-9743-40BD-8556-BCB1E0E5A3E1}\"&gt;&lt;Name&gt;Log Settings&lt;/Name&gt;&lt;Version&gt;327685&lt;/Version&gt;&lt;SOM&gt;LDAP://DC=sec555,DC=com&lt;/SOM&gt;&lt;FSPath&gt;\\\\sec555.com\\SysVol\\sec555.com\\Policies\\{133B1BD9-9743-40BD-8556-BCB1E0E5A3E1}\\Machine&lt;/FSPath&gt;&lt;Extensions&gt;[{35378EAC-683F-11D2-A89A-00C04FBBCFA2}{D02B1F72-3407-48AE-BA88-E8213C6761F1}][{F3CCC681-B74C-4060-9F26-CD84525DCA2A}{0F3F3735-573D-9804-99E4-AB2A69BA5FD4}]&lt;/Extensions&gt;&lt;/GPO&gt;","EventReceivedTime":1496947023,"SourceModuleName":"eventlog","SourceModuleType":"im_msvistalog","@version":"1","@timestamp":"2017-06-08T18:37:03.572Z","host":"10.5.55.2","port":59656,"type":"windows","tags":["json"]}
{"EventTime":"2017-06-08 13:37:03","Hostname":"DC01.sec555.com","Keywords":4611686018427387904,"EventType":"INFO","SeverityValue":2,"Severity":"INFO","EventID":5313,"SourceName":"Microsoft-Windows-GroupPolicy","ProviderGuid":"{AEA1B4FA-97D1-45F2-A64C-4D69FFFD92C9}","Version":0,"Task":0,"OpcodeValue":0,"RecordNumber":331227,"ActivityID":"{DFD94734-3D52-49BA-A707-45DE87A51D44}","ProcessID":872,"ThreadID":2856,"Channel":"Microsoft-Windows-GroupPolicy/Operational","Domain":"NT AUTHORITY","AccountName":"SYSTEM","UserID":"S-1-5-18","AccountType":"User","Message":"The following Group Policy objects were not applicable because they were filtered out : \r\n\r\nLocal Group Policy\n\tNot Applied (Empty)\n","Opcode":"Info","DescriptionString":"Local Group Policy\n\tNot Applied (Empty)\n","GPOInfoList":"&lt;GPO ID=\"Local Group Policy\"&gt;&lt;Name&gt;Local Group Policy&lt;/Name&gt;&lt;Version&gt;0&lt;/Version&gt;&lt;SOM&gt;Local&lt;/SOM&gt;&lt;FSPath&gt;C:\\Windows\\System32\\GroupPolicy\\Machine&lt;/FSPath&gt;&lt;Reason&gt;NOTAPPLIED-EMPTY&lt;/Reason&gt;&lt;/GPO&gt;","EventReceivedTime":1496947023,"SourceModuleName":"eventlog","SourceModuleType":"im_msvistalog","@version":"1","@timestamp":"2017-06-08T18:37:03.572Z","host":"10.5.55.2","port":59656,"type":"windows","tags":["json"]}
{"EventTime":"2017-06-08 13:37:03","Hostname":"DC01.sec555.com","Keywords":4611686018427387904,"EventType":"INFO","SeverityValue":2,"Severity":"INFO","EventID":5320,"SourceName":"Microsoft-Windows-GroupPolicy","ProviderGuid":"{AEA1B4FA-97D1-45F2-A64C-4D69FFFD92C9}","Version":0,"Task":0,"OpcodeValue":0,"RecordNumber":331228,"ActivityID":"{DFD94734-3D52-49BA-A707-45DE87A51D44}","ProcessID":872,"ThreadID":2856,"Channel":"Microsoft-Windows-GroupPolicy/Operational","Domain":"NT AUTHORITY","AccountName":"SYSTEM","UserID":"S-1-5-18","AccountType":"User","Message":"Checking for Group Policy client extensions that are not part of the system.","Opcode":"Info","InfoDescription":"%%4161","EventReceivedTime":1496947023,"SourceModuleName":"eventlog","SourceModuleType":"im_msvistalog","@version":"1","@timestamp":"2017-06-08T18:37:03.573Z","host":"10.5.55.2","port":59656,"type":"windows","tags":["json"]}
{"EventTime":"2017-06-08 13:37:03","Hostname":"DC01.sec555.com","Keywords":4611686018427387904,"EventType":"INFO","SeverityValue":2,"Severity":"INFO","EventID":5320,"SourceName":"Microsoft-Windows-GroupPolicy","ProviderGuid":"{AEA1B4FA-97D1-45F2-A64C-4D69FFFD92C9}","Version":0,"Task":0,"OpcodeValue":0,"RecordNumber":331229,"ActivityID":"{DFD94734-3D52-49BA-A707-45DE87A51D44}","ProcessID":872,"ThreadID":2856,"Channel":"Microsoft-Windows-GroupPolicy/Operational","Domain":"NT AUTHORITY","AccountName":"SYSTEM","UserID":"S-1-5-18","AccountType":"User","Message":"Service configuration update to standalone is not required and will be skipped.","Opcode":"Info","InfoDescription":"%%4163","EventReceivedTime":1496947023,"SourceModuleName":"eventlog","SourceModuleType":"im_msvistalog","@version":"1","@timestamp":"2017-06-08T18:37:03.573Z","host":"10.5.55.2","port":59656,"type":"windows","tags":["json"]}
{"EventTime":"2017-06-08 13:37:03","Hostname":"DC01.sec555.com","Keywords":4611686018427387904,"EventType":"INFO","SeverityValue":2,"Severity":"INFO","EventID":5320,"SourceName":"Microsoft-Windows-GroupPolicy","ProviderGuid":"{AEA1B4FA-97D1-45F2-A64C-4D69FFFD92C9}","Version":0,"Task":0,"OpcodeValue":0,"RecordNumber":331230,"ActivityID":"{DFD94734-3D52-49BA-A707-45DE87A51D44}","ProcessID":872,"ThreadID":2856,"Channel":"Microsoft-Windows-GroupPolicy/Operational","Domain":"NT AUTHORITY","AccountName":"SYSTEM","UserID":"S-1-5-18","AccountType":"User","Message":"Finished checking for non-system extensions.","Opcode":"Info","InfoDescription":"%%4165","EventReceivedTime":1496947023,"SourceModuleName":"eventlog","SourceModuleType":"im_msvistalog","@version":"1","@timestamp":"2017-06-08T18:37:03.573Z","host":"10.5.55.2","port":59656,"type":"windows","tags":["json"]}
{"EventTime":"2017-06-08 13:37:03","Hostname":"DC01.sec555.com","Keywords":4611686018427387904,"EventType":"INFO","SeverityValue":2,"Severity":"INFO","EventID":4016,"SourceName":"Microsoft-Windows-GroupPolicy","ProviderGuid":"{AEA1B4FA-97D1-45F2-A64C-4D69FFFD92C9}","Version":0,"Task":0,"OpcodeValue":1,"RecordNumber":331231,"ActivityID":"{DFD94734-3D52-49BA-A707-45DE87A51D44}","ProcessID":872,"ThreadID":2856,"Channel":"Microsoft-Windows-GroupPolicy/Operational","Domain":"NT AUTHORITY","AccountName":"SYSTEM","UserID":"S-1-5-18","AccountType":"User","Message":"Starting Group Policy Folders Extension Processing. \r\n\r\nList of applicable Group Policy objects: (No changes were detected.)\r\n\r\nTripewire Audit\n","Opcode":"Start","CSEExtensionId":"{6232C319-91AC-4931-9385-E70C2B099F0E}","CSEExtensionName":"Group Policy Folders","IsExtensionAsyncProcessing":"true","IsGPOListChanged":"false","GPOListStatusString":"%%4101","DescriptionString":"Tripewire Audit\n","ApplicableGPOList":"&lt;GPO ID=\"{ADEFF9F3-94F1-4F60-B86A-EA3ECE588D44}\"&gt;&lt;Name&gt;Tripewire Audit&lt;/Name&gt;&lt;/GPO&gt;","EventReceivedTime":1496947023,"SourceModuleName":"eventlog","SourceModuleType":"im_msvistalog","@version":"1","@timestamp":"2017-06-08T18:37:03.574Z","host":"10.5.55.2","port":59656,"type":"windows","tags":["json"]}
{"EventTime":"2017-06-08 13:37:03","Hostname":"DC01.sec555.com","Keywords":4611686018427387904,"EventType":"INFO","SeverityValue":2,"Severity":"INFO","EventID":5016,"SourceName":"Microsoft-Windows-GroupPolicy","ProviderGuid":"{AEA1B4FA-97D1-45F2-A64C-4D69FFFD92C9}","Version":0,"Task":0,"OpcodeValue":2,"RecordNumber":331232,"ActivityID":"{DFD94734-3D52-49BA-A707-45DE87A51D44}","ProcessID":872,"ThreadID":2856,"Channel":"Microsoft-Windows-GroupPolicy/Operational","Domain":"NT AUTHORITY","AccountName":"SYSTEM","UserID":"S-1-5-18","AccountType":"User","Message":"Completed Group Policy Folders Extension Processing in 109 milliseconds.","Opcode":"Stop","CSEElaspedTimeInMilliSeconds":"109","ErrorCode":"0","CSEExtensionName":"Group Policy Folders","CSEExtensionId":"{6232C319-91AC-4931-9385-E70C2B099F0E}","EventReceivedTime":1496947023,"SourceModuleName":"eventlog","SourceModuleType":"im_msvistalog","@version":"1","@timestamp":"2017-06-08T18:37:03.574Z","host":"10.5.55.2","port":59656,"type":"windows","tags":["json"]}
{"EventTime":"2017-06-08 13:37:03","Hostname":"DC01.sec555.com","Keywords":4611686018427387904,"EventType":"INFO","SeverityValue":2,"Severity":"INFO","EventID":4016,"SourceName":"Microsoft-Windows-GroupPolicy","ProviderGuid":"{AEA1B4FA-97D1-45F2-A64C-4D69FFFD92C9}","Version":0,"Task":0,"OpcodeValue":1,"RecordNumber":331233,"ActivityID":"{DFD94734-3D52-49BA-A707-45DE87A51D44}","ProcessID":872,"ThreadID":2856,"Channel":"Microsoft-Windows-GroupPolicy/Operational","Domain":"NT AUTHORITY","AccountName":"SYSTEM","UserID":"S-1-5-18","AccountType":"User","Message":"Starting Group Policy Files Extension Processing. \r\n\r\nList of applicable Group Policy objects: (No changes were detected.)\r\n\r\nTripewire Audit\n","Opcode":"Start","CSEExtensionId":"{7150F9BF-48AD-4DA4-A49C-29EF4A8369BA}","CSEExtensionName":"Group Policy Files","IsExtensionAsyncProcessing":"true","IsGPOListChanged":"false","GPOListStatusString":"%%4101","DescriptionString":"Tripewire Audit\n","ApplicableGPOList":"&lt;GPO ID=\"{ADEFF9F3-94F1-4F60-B86A-EA3ECE588D44}\"&gt;&lt;Name&gt;Tripewire Audit&lt;/Name&gt;&lt;/GPO&gt;","EventReceivedTime":1496947023,"SourceModuleName":"eventlog","SourceModuleType":"im_msvistalog","@version":"1","@timestamp":"2017-06-08T18:37:03.575Z","host":"10.5.55.2","port":59656,"type":"windows","tags":["json"]}
{"EventTime":"2017-06-08 13:37:03","Hostname":"DC01.sec555.com","Keywords":4611686018427387904,"EventType":"INFO","SeverityValue":2,"Severity":"INFO","EventID":5016,"SourceName":"Microsoft-Windows-GroupPolicy","ProviderGuid":"{AEA1B4FA-97D1-45F2-A64C-4D69FFFD92C9}","Version":0,"Task":0,"OpcodeValue":2,"RecordNumber":331234,"ActivityID":"{DFD94734-3D52-49BA-A707-45DE87A51D44}","ProcessID":872,"ThreadID":2856,"Channel":"Microsoft-Windows-GroupPolicy/Operational","Domain":"NT AUTHORITY","AccountName":"SYSTEM","UserID":"S-1-5-18","AccountType":"User","Message":"Completed Group Policy Files Extension Processing in 110 milliseconds.","Opcode":"Stop","CSEElaspedTimeInMilliSeconds":"110","ErrorCode":"0","CSEExtensionName":"Group Policy Files","CSEExtensionId":"{7150F9BF-48AD-4DA4-A49C-29EF4A8369BA}","EventReceivedTime":1496947023,"SourceModuleName":"eventlog","SourceModuleType":"im_msvistalog","@version":"1","@timestamp":"2017-06-08T18:37:03.575Z","host":"10.5.55.2","port":59656,"type":"windows","tags":["json"]}
{"EventTime":"2017-06-08 13:37:03","Hostname":"DC01.sec555.com","Keywords":4611686018427387904,"EventType":"INFO","SeverityValue":2,"Severity":"INFO","EventID":4016,"SourceName":"Microsoft-Windows-GroupPolicy","ProviderGuid":"{AEA1B4FA-97D1-45F2-A64C-4D69FFFD92C9}","Version":0,"Task":0,"OpcodeValue":1,"RecordNumber":331235,"ActivityID":"{DFD94734-3D52-49BA-A707-45DE87A51D44}","ProcessID":872,"ThreadID":2856,"Channel":"Microsoft-Windows-GroupPolicy/Operational","Domain":"NT AUTHORITY","AccountName":"SYSTEM","UserID":"S-1-5-18","AccountType":"User","Message":"Starting Group Policy Services Extension Processing. \r\n\r\nList of applicable Group Policy objects: (No changes were detected.)\r\n\r\nDisable Chatty Services\n","Opcode":"Start","CSEExtensionId":"{91FBB303-0CD5-4055-BF42-E512A681B325}","CSEExtensionName":"Group Policy Services","IsExtensionAsyncProcessing":"true","IsGPOListChanged":"false","GPOListStatusString":"%%4101","DescriptionString":"Disable Chatty Services\n","ApplicableGPOList":"&lt;GPO ID=\"{A8751201-C09D-4169-9695-CF971D4E7590}\"&gt;&lt;Name&gt;Disable Chatty Services&lt;/Name&gt;&lt;/GPO&gt;","EventReceivedTime":1496947023,"SourceModuleName":"eventlog","SourceModuleType":"im_msvistalog","@version":"1","@timestamp":"2017-06-08T18:37:03.576Z","host":"10.5.55.2","port":59656,"type":"windows","tags":["json"]}
{"EventTime":"2017-06-08 13:37:03","Hostname":"DC01.sec555.com","Keywords":4611686018427387904,"EventType":"INFO","SeverityValue":2,"Severity":"INFO","EventID":5016,"SourceName":"Microsoft-Windows-GroupPolicy","ProviderGuid":"{AEA1B4FA-97D1-45F2-A64C-4D69FFFD92C9}","Version":0,"Task":0,"OpcodeValue":2,"RecordNumber":331236,"ActivityID":"{DFD94734-3D52-49BA-A707-45DE87A51D44}","ProcessID":872,"ThreadID":2856,"Channel":"Microsoft-Windows-GroupPolicy/Operational","Domain":"NT AUTHORITY","AccountName":"SYSTEM","UserID":"S-1-5-18","AccountType":"User","Message":"Completed Group Policy Services Extension Processing in 109 milliseconds.","Opcode":"Stop","CSEElaspedTimeInMilliSeconds":"109","ErrorCode":"0","CSEExtensionName":"Group Policy Services","CSEExtensionId":"{91FBB303-0CD5-4055-BF42-E512A681B325}","EventReceivedTime":1496947023,"SourceModuleName":"eventlog","SourceModuleType":"im_msvistalog","@version":"1","@timestamp":"2017-06-08T18:37:03.576Z","host":"10.5.55.2","port":59656,"type":"windows","tags":["json"]}
{"EventTime":"2017-06-08 13:37:03","Hostname":"DC01.sec555.com","Keywords":4611686018427387904,"EventType":"INFO","SeverityValue":2,"Severity":"INFO","EventID":4016,"SourceName":"Microsoft-Windows-GroupPolicy","ProviderGuid":"{AEA1B4FA-97D1-45F2-A64C-4D69FFFD92C9}","Version":0,"Task":0,"OpcodeValue":1,"RecordNumber":331237,"ActivityID":"{DFD94734-3D52-49BA-A707-45DE87A51D44}","ProcessID":872,"ThreadID":2856,"Channel":"Microsoft-Windows-GroupPolicy/Operational","Domain":"NT AUTHORITY","AccountName":"SYSTEM","UserID":"S-1-5-18","AccountType":"User","Message":"Starting Audit Policy Configuration Extension Processing. \r\n\r\nList of applicable Group Policy objects: (No changes were detected.)\r\n\r\nLog Settings\n","Opcode":"Start","CSEExtensionId":"{F3CCC681-B74C-4060-9F26-CD84525DCA2A}","CSEExtensionName":"Audit Policy Configuration","IsExtensionAsyncProcessing":"true","IsGPOListChanged":"false","GPOListStatusString":"%%4101","DescriptionString":"Log Settings\n","ApplicableGPOList":"&lt;GPO ID=\"{133B1BD9-9743-40BD-8556-BCB1E0E5A3E1}\"&gt;&lt;Name&gt;Log Settings&lt;/Name&gt;&lt;/GPO&gt;","EventReceivedTime":1496947023,"SourceModuleName":"eventlog","SourceModuleType":"im_msvistalog","@version":"1","@timestamp":"2017-06-08T18:37:03.576Z","host":"10.5.55.2","port":59656,"type":"windows","tags":["json"]}
