{"EventTime":"2017-06-08 13:37:13","Hostname":"CFO.sec555.com","Keywords":-9214364837600034816,"EventType":"AUDIT_SUCCESS","SeverityValue":2,"Severity":"INFO","EventID":4663,"SourceName":"Microsoft-Windows-Security-Auditing","ProviderGuid":"{54849625-5478-4994-A5BA-3E3B0328C30D}","Version":1,"Task":12812,"OpcodeValue":0,"RecordNumber":35066,"ProcessID":4,"ThreadID":4052,"Channel":"Security","Message":"An attempt was made to access an object.\r\n\r\nSubject:\r\n\tSecurity ID:\t\tS-1-5-21-4122792944-3018364698-3069667417-1115\r\n\tAccount Name:\t\tpdodson\r\n\tAccount Domain:\t\tSEC555\r\n\tLogon ID:\t\t0x64F7A\r\n\r\nObject:\r\n\tObject Server:\t\tSecurity\r\n\tObject Type:\t\tFile\r\n\tObject Name:\t\tC:\\a\r\n\tHandle ID:\t\t0x308\r\n\tResource Attributes:\tS:AI\r\n\r\nProcess Information:\r\n\tProcess ID:\t\t0xd88\r\n\tProcess Name:\t\tC:\\Windows\\explorer.exe\r\n\r\nAccess Request Information:\r\n\tAccesses:\t\tREAD_CONTROL\r\n\t\t\t\t\r\n\tAccess Mask:\t\t0x20000","Category":"Removable Storage","Opcode":"Info","SubjectUserSid":"S-1-5-21-4122792944-3018364698-3069667417-1115","SubjectUserName":"pdodson","SubjectDomainName":"SEC555","SubjectLogonId":"0x64f7a","ObjectServer":"Security","ObjectType":"File","ObjectName":"C:\\a","HandleId":"0x308","AccessList":"%%1538\r\n\t\t\t\t","AccessMask":"0x20000","ProcessName":"C:\\Windows\\explorer.exe","ResourceAttributes":"S:AI","EventReceivedTime":1496947034,"SourceModuleName":"eventlog","SourceModuleType":"im_msvistalog","@version":"1","@timestamp":"2017-06-08T18:37:14.787Z","host":"192.168.0.92","port":53107,"type":"windows","tags":["json"]}
{"EventTime":"2017-06-08 13:37:13","Hostname":"CFO.sec555.com","Keywords":-9214364837600034816,"EventType":"AUDIT_SUCCESS","SeverityValue":2,"Severity":"INFO","EventID":4663,"SourceName":"Microsoft-Windows-Security-Auditing","ProviderGuid":"{54849625-5478-4994-A5BA-3E3B0328C30D}","Version":1,"Task":12812,"OpcodeValue":0,"RecordNumber":35067,"ProcessID":4,"ThreadID":4052,"Channel":"Security","Message":"An attempt was made to access an object.\r\n\r\nSubject:\r\n\tSecurity ID:\t\tS-1-5-21-4122792944-3018364698-3069667417-1115\r\n\tAccount Name:\t\tpdodson\r\n\tAccount Domain:\t\tSEC555\r\n\tLogon ID:\t\t0x64F7A\r\n\r\nObject:\r\n\tObject Server:\t\tSecurity\r\n\tObject Type:\t\tFile\r\n\tObject Name:\t\tC:\\a\r\n\tHandle ID:\t\t0x308\r\n\tResource Attributes:\tS:AI\r\n\r\nProcess Information:\r\n\tProcess ID:\t\t0xd88\r\n\tProcess Name:\t\tC:\\Windows\\explorer.exe\r\n\r\nAccess Request Information:\r\n\tAccesses:\t\tREAD_CONTROL\r\n\t\t\t\t\r\n\tAccess Mask:\t\t0x20000","Category":"Removable Storage","Opcode":"Info","SubjectUserSid":"S-1-5-21-4122792944-3018364698-3069667417-1115","SubjectUserName":"pdodson","SubjectDomainName":"SEC555","SubjectLogonId":"0x64f7a","ObjectServer":"Security","ObjectType":"File","ObjectName":"C:\\a","HandleId":"0x308","AccessList":"%%1538\r\n\t\t\t\t","AccessMask":"0x20000","ProcessName":"C:\\Windows\\explorer.exe","ResourceAttributes":"S:AI","EventReceivedTime":1496947034,"SourceModuleName":"eventlog","SourceModuleType":"im_msvistalog","@version":"1","@timestamp":"2017-06-08T18:37:14.789Z","host":"192.168.0.92","port":53107,"type":"windows","tags":["json"]}
{"EventTime":"2017-06-08 13:37:13","Hostname":"CFO.sec555.com","Keywords":-9214364837600034816,"EventType":"AUDIT_SUCCESS","SeverityValue":2,"Severity":"INFO","EventID":4663,"SourceName":"Microsoft-Windows-Security-Auditing","ProviderGuid":"{54849625-5478-4994-A5BA-3E3B0328C30D}","Version":1,"Task":12812,"OpcodeValue":0,"RecordNumber":35068,"ProcessID":4,"ThreadID":4052,"Channel":"Security","Message":"An attempt was made to access an object.\r\n\r\nSubject:\r\n\tSecurity ID:\t\tS-1-5-21-4122792944-3018364698-3069667417-1115\r\n\tAccount Name:\t\tpdodson\r\n\tAccount Domain:\t\tSEC555\r\n\tLogon ID:\t\t0x64F7A\r\n\r\nObject:\r\n\tObject Server:\t\tSecurity\r\n\tObject Type:\t\tFile\r\n\tObject Name:\t\tC:\\a\r\n\tHandle ID:\t\t0x161c\r\n\tResource Attributes:\tS:AI\r\n\r\nProcess Information:\r\n\tProcess ID:\t\t0xd88\r\n\tProcess Name:\t\tC:\\Windows\\explorer.exe\r\n\r\nAccess Request Information:\r\n\tAccesses:\t\tREAD_CONTROL\r\n\t\t\t\t\r\n\tAccess Mask:\t\t0x20000","Category":"Removable Storage","Opcode":"Info","SubjectUserSid":"S-1-5-21-4122792944-3018364698-3069667417-1115","SubjectUserName":"pdodson","SubjectDomainName":"SEC555","SubjectLogonId":"0x64f7a","ObjectServer":"Security","ObjectType":"File","ObjectName":"C:\\a","HandleId":"0x161c","AccessList":"%%1538\r\n\t\t\t\t","AccessMask":"0x20000","ProcessName":"C:\\Windows\\explorer.exe","ResourceAttributes":"S:AI","EventReceivedTime":1496947034,"SourceModuleName":"eventlog","SourceModuleType":"im_msvistalog","@version":"1","@timestamp":"2017-06-08T18:37:14.790Z","host":"192.168.0.92","port":53107,"type":"windows","tags":["json"]}
{"EventTime":"2017-06-08 13:37:13","Hostname":"CFO.sec555.com","Keywords":-9214364837600034816,"EventType":"AUDIT_SUCCESS","SeverityValue":2,"Severity":"INFO","EventID":4663,"SourceName":"Microsoft-Windows-Security-Auditing","ProviderGuid":"{54849625-5478-4994-A5BA-3E3B0328C30D}","Version":1,"Task":12812,"OpcodeValue":0,"RecordNumber":35069,"ProcessID":4,"ThreadID":4052,"Channel":"Security","Message":"An attempt was made to access an object.\r\n\r\nSubject:\r\n\tSecurity ID:\t\tS-1-5-21-4122792944-3018364698-3069667417-1115\r\n\tAccount Name:\t\tpdodson\r\n\tAccount Domain:\t\tSEC555\r\n\tLogon ID:\t\t0x64F7A\r\n\r\nObject:\r\n\tObject Server:\t\tSecurity\r\n\tObject Type:\t\tFile\r\n\tObject Name:\t\tC:\\a\r\n\tHandle ID:\t\t0x161c\r\n\tResource Attributes:\tS:AI\r\n\r\nProcess Information:\r\n\tProcess ID:\t\t0xd88\r\n\tProcess Name:\t\tC:\\Windows\\explorer.exe\r\n\r\nAccess Request Information:\r\n\tAccesses:\t\tREAD_CONTROL\r\n\t\t\t\t\r\n\tAccess Mask:\t\t0x20000","Category":"Removable Storage","Opcode":"Info","SubjectUserSid":"S-1-5-21-4122792944-3018364698-3069667417-1115","SubjectUserName":"pdodson","SubjectDomainName":"SEC555","SubjectLogonId":"0x64f7a","ObjectServer":"Security","ObjectType":"File","ObjectName":"C:\\a","HandleId":"0x161c","AccessList":"%%1538\r\n\t\t\t\t","AccessMask":"0x20000","ProcessName":"C:\\Windows\\explorer.exe","ResourceAttributes":"S:AI","EventReceivedTime":1496947034,"SourceModuleName":"eventlog","SourceModuleType":"im_msvistalog","@version":"1","@timestamp":"2017-06-08T18:37:14.790Z","host":"192.168.0.92","port":53107,"type":"windows","tags":["json"]}
{"EventTime":"2017-06-08 13:37:14","Hostname":"DC01.sec555.com","Keywords":-9214364837600034816,"EventType":"AUDIT_SUCCESS","SeverityValue":2,"Severity":"INFO","EventID":4634,"SourceName":"Microsoft-Windows-Security-Auditing","ProviderGuid":"{54849625-5478-4994-A5BA-3E3B0328C30D}","Version":0,"Task":12545,"OpcodeValue":0,"RecordNumber":549640,"ProcessID":536,"ThreadID":2724,"Channel":"Security","Message":"An account was logged off.\r\n\r\nSubject:\r\n\tSecurity ID:\t\tS-1-5-18\r\n\tAccount Name:\t\tDC01$\r\n\tAccount Domain:\t\tSEC555\r\n\tLogon ID:\t\t0xD45574\r\n\r\nLogon Type:\t\t\t3\r\n\r\nThis event is generated when a logon session is destroyed. It may be positively correlated with a logon event using the Logon ID value. Logon IDs are only unique between reboots on the same computer.","Category":"Logoff","Opcode":"Info","TargetUserSid":"S-1-5-18","TargetUserName":"DC01$","TargetDomainName":"SEC555","TargetLogonId":"0xd45574","LogonType":"3","EventReceivedTime":1496947035,"SourceModuleName":"eventlog","SourceModuleType":"im_msvistalog","@version":"1","@timestamp":"2017-06-08T18:37:15.666Z","host":"10.5.55.2","port":59656,"type":"windows","tags":["json"]}
{"EventTime":"2017-06-08 13:37:25","Hostname":"FS01.sec555.com","Keywords":-9214364837600034816,"EventType":"AUDIT_SUCCESS","SeverityValue":2,"Severity":"INFO","EventID":4634,"SourceName":"Microsoft-Windows-Security-Auditing","ProviderGuid":"{54849625-5478-4994-A5BA-3E3B0328C30D}","Version":0,"Task":12545,"OpcodeValue":0,"RecordNumber":29012,"ProcessID":580,"ThreadID":3996,"Channel":"Security","Message":"An account was logged off.\r\n\r\nSubject:\r\n\tSecurity ID:\t\tS-1-5-21-4122792944-3018364698-3069667417-1002\r\n\tAccount Name:\t\tDC01$\r\n\tAccount Domain:\t\tSEC555\r\n\tLogon ID:\t\t0x9175CF\r\n\r\nLogon Type:\t\t\t3\r\n\r\nThis event is generated when a logon session is destroyed. It may be positively correlated with a logon event using the Logon ID value. Logon IDs are only unique between reboots on the same computer.","Category":"Logoff","Opcode":"Info","TargetUserSid":"S-1-5-21-4122792944-3018364698-3069667417-1002","TargetUserName":"DC01$","TargetDomainName":"SEC555","TargetLogonId":"0x9175cf","LogonType":"3","EventReceivedTime":1496947046,"SourceModuleName":"eventlog","SourceModuleType":"im_msvistalog","@version":"1","@timestamp":"2017-06-08T18:37:26.120Z","host":"10.5.55.31","port":51240,"type":"windows","tags":["json"]}
{"EventTime":"2017-06-08 13:37:26","Hostname":"DC02.sec555.com","Keywords":-9223372036850581504,"EventType":"INFO","SeverityValue":2,"Severity":"INFO","EventID":1258,"SourceName":"Microsoft-Windows-PushNotifications-Platform","ProviderGuid":"{88CD9180-4491-4640-B571-E3BEE2527943}","Version":0,"Task":0,"OpcodeValue":0,"RecordNumber":12040,"ProcessID":1240,"ThreadID":3744,"Channel":"Microsoft-Windows-PushNotification-Platform/Operational","Domain":"NT AUTHORITY","AccountName":"SYSTEM","UserID":"S-1-5-18","AccountType":"User","Message":"WNP Transport Layer for Data Connection received asynchronous connection error 0.","Opcode":"Info","ConnectionType":"1","SocketError":"0","EventReceivedTime":1496947047,"SourceModuleName":"eventlog","SourceModuleType":"im_msvistalog","@version":"1","@timestamp":"2017-06-08T18:37:27.463Z","host":"10.5.55.3","port":62092,"type":"windows","tags":["json"]}
{"EventTime":"2017-06-08 13:37:26","Hostname":"DC02.sec555.com","Keywords":-9223372036686987264,"EventType":"INFO","SeverityValue":2,"Severity":"INFO","EventID":1117,"SourceName":"Microsoft-Windows-PushNotifications-Platform","ProviderGuid":"{88CD9180-4491-4640-B571-E3BEE2527943}","Version":0,"Task":0,"OpcodeValue":0,"RecordNumber":12041,"ProcessID":1240,"ThreadID":3744,"Channel":"Microsoft-Windows-PushNotification-Platform/Operational","Domain":"NT AUTHORITY","AccountName":"SYSTEM","UserID":"S-1-5-18","AccountType":"User","Message":"Windows Push Notification Service was disconnected due to error: 0x8004ACAF and will now enter reconnect mode.","Opcode":"Info","Error":"2147789999","EventReceivedTime":1496947047,"SourceModuleName":"eventlog","SourceModuleType":"im_msvistalog","@version":"1","@timestamp":"2017-06-08T18:37:27.464Z","host":"10.5.55.3","port":62092,"type":"windows","tags":["json"]}
{"EventTime":"2017-06-08 13:37:30","Hostname":"DC02.sec555.com","Keywords":-9223372036745625344,"EventType":"INFO","SeverityValue":2,"Severity":"INFO","EventID":1005,"SourceName":"Microsoft-Windows-PushNotifications-Platform","ProviderGuid":"{88CD9180-4491-4640-B571-E3BEE2527943}","Version":0,"Task":9,"OpcodeValue":0,"RecordNumber":12042,"ProcessID":1240,"ThreadID":3744,"Channel":"Microsoft-Windows-PushNotification-Platform/Operational","Domain":"NT AUTHORITY","AccountName":"SYSTEM","UserID":"S-1-5-18","AccountType":"User","Message":"The Connection Provider status changed to 7.","Opcode":"Info","Status":"7","EventReceivedTime":1496947051,"SourceModuleName":"eventlog","SourceModuleType":"im_msvistalog","@version":"1","@timestamp":"2017-06-08T18:37:31.480Z","host":"10.5.55.3","port":62092,"type":"windows","tags":["json"]}
{"EventTime":"2017-06-08 13:37:30","Hostname":"DC02.sec555.com","Keywords":-9223372036812828672,"EventType":"INFO","SeverityValue":2,"Severity":"INFO","EventID":37,"SourceName":"Microsoft-Windows-PushNotifications-Platform","ProviderGuid":"{88CD9180-4491-4640-B571-E3BEE2527943}","Version":0,"Task":0,"OpcodeValue":0,"RecordNumber":12043,"ProcessID":1240,"ThreadID":1804,"Channel":"Microsoft-Windows-PushNotification-Platform/Operational","Domain":"NT AUTHORITY","AccountName":"SYSTEM","UserID":"S-1-5-18","AccountType":"User","Message":"The Windows Push Notification Platform is required to connect on startup, ValidChannelsExist : true.","Opcode":"Info","ChannelsExist":"true","EventReceivedTime":1496947051,"SourceModuleName":"eventlog","SourceModuleType":"im_msvistalog","@version":"1","@timestamp":"2017-06-08T18:37:31.481Z","host":"10.5.55.3","port":62092,"type":"windows","tags":["json"]}
{"EventTime":"2017-06-08 13:37:30","Hostname":"DC02.sec555.com","Keywords":-9223372036745723648,"EventType":"INFO","SeverityValue":2,"Severity":"INFO","EventID":1022,"SourceName":"Microsoft-Windows-PushNotifications-Platform","ProviderGuid":"{88CD9180-4491-4640-B571-E3BEE2527943}","Version":0,"Task":0,"OpcodeValue":0,"RecordNumber":12044,"ProcessID":1240,"ThreadID":1804,"Channel":"Microsoft-Windows-PushNotification-Platform/Operational","Domain":"NT AUTHORITY","AccountName":"SYSTEM","UserID":"S-1-5-18","AccountType":"User","Message":"ConnectWork is requesting ConnectionManager to connect.","Opcode":"Info","EventData":"","EventReceivedTime":1496947051,"SourceModuleName":"eventlog","SourceModuleType":"im_msvistalog","@version":"1","@timestamp":"2017-06-08T18:37:31.482Z","host":"10.5.55.3","port":62092,"type":"windows","tags":["json"]}
{"EventTime":"2017-06-08 13:37:30","Hostname":"DC02.sec555.com","Keywords":-9223372036854661120,"EventType":"INFO","SeverityValue":2,"Severity":"INFO","EventID":1113,"SourceName":"Microsoft-Windows-PushNotifications-Platform","ProviderGuid":"{88CD9180-4491-4640-B571-E3BEE2527943}","Version":0,"Task":9,"OpcodeValue":2,"RecordNumber":12045,"ProcessID":1240,"ThreadID":3744,"Channel":"Microsoft-Windows-PushNotification-Platform/Operational","Domain":"NT AUTHORITY","AccountName":"SYSTEM","UserID":"S-1-5-18","AccountType":"User","Message":"Device Compact Ticket request completed with Device Id 001800012837E7BC for the Data Connection.","Opcode":"Stop","DeviceId":"001800012837E7BC","ConnectionType":"1","EventReceivedTime":1496947051,"SourceModuleName":"eventlog","SourceModuleType":"im_msvistalog","@version":"1","@timestamp":"2017-06-08T18:37:31.482Z","host":"10.5.55.3","port":62092,"type":"windows","tags":["json"]}
{"EventTime":"2017-06-08 13:37:30","Hostname":"DC02.sec555.com","Keywords":-9223372036850483200,"EventType":"INFO","SeverityValue":2,"Severity":"INFO","EventID":1207,"SourceName":"Microsoft-Windows-PushNotifications-Platform","ProviderGuid":"{88CD9180-4491-4640-B571-E3BEE2527943}","Version":0,"Task":9,"OpcodeValue":1,"RecordNumber":12046,"ProcessID":1240,"ThreadID":3744,"Channel":"Microsoft-Windows-PushNotification-Platform/Operational","Domain":"NT AUTHORITY","AccountName":"SYSTEM","UserID":"S-1-5-18","AccountType":"User","Message":"WNP Transport Layer resolving DNS initiated for host client.wns.windows.com for the Data Connection.","Opcode":"Start","ConnectionType":"1","EventReceivedTime":1496947051,"SourceModuleName":"eventlog","SourceModuleType":"im_msvistalog","@version":"1","@timestamp":"2017-06-08T18:37:31.483Z","host":"10.5.55.3","port":62092,"type":"windows","tags":["json"]}
{"EventTime":"2017-06-08 13:37:30","Hostname":"DC02.sec555.com","Keywords":-9223372036850483200,"EventType":"INFO","SeverityValue":2,"Severity":"INFO","EventID":1208,"SourceName":"Microsoft-Windows-PushNotifications-Platform","ProviderGuid":"{88CD9180-4491-4640-B571-E3BEE2527943}","Version":0,"Task":9,"OpcodeValue":2,"RecordNumber":12047,"ProcessID":1240,"ThreadID":3744,"Channel":"Microsoft-Windows-PushNotification-Platform/Operational","Domain":"NT AUTHORITY","AccountName":"SYSTEM","UserID":"S-1-5-18","AccountType":"User","Message":"WNP Transport Layer resolving DNS completed for the Data Connection with code The operation completed successfully..","Opcode":"Stop","ConnectionType":"1","ErrorCode":"0","EventReceivedTime":1496947051,"SourceModuleName":"eventlog","SourceModuleType":"im_msvistalog","@version":"1","@timestamp":"2017-06-08T18:37:31.483Z","host":"10.5.55.3","port":62092,"type":"windows","tags":["json"]}
{"EventTime":"2017-06-08 13:37:30","Hostname":"DC02.sec555.com","Keywords":-9223372036850483200,"EventType":"INFO","SeverityValue":2,"Severity":"INFO","EventID":1211,"SourceName":"Microsoft-Windows-PushNotifications-Platform","ProviderGuid":"{88CD9180-4491-4640-B571-E3BEE2527943}","Version":0,"Task":9,"OpcodeValue":1,"RecordNumber":12048,"ProcessID":1240,"ThreadID":3744,"Channel":"Microsoft-Windows-PushNotification-Platform/Operational","Domain":"NT AUTHORITY","AccountName":"SYSTEM","UserID":"S-1-5-18","AccountType":"User","Message":"WNP Transport Layer initial server connection initiated to server client.wns.windows.com on port 443 for the Data Connection.","Opcode":"Start","ConnectionType":"1","Port":"443","EventReceivedTime":1496947051,"SourceModuleName":"eventlog","SourceModuleType":"im_msvistalog","@version":"1","@timestamp":"2017-06-08T18:37:31.484Z","host":"10.5.55.3","port":62092,"type":"windows","tags":["json"]}
{"EventTime":"2017-06-08 13:37:30","Hostname":"DC02.sec555.com","Keywords":-9223372036850483200,"EventType":"INFO","SeverityValue":2,"Severity":"INFO","EventID":1212,"SourceName":"Microsoft-Windows-PushNotifications-Platform","ProviderGuid":"{88CD9180-4491-4640-B571-E3BEE2527943}","Version":0,"Task":9,"OpcodeValue":2,"RecordNumber":12049,"ProcessID":1240,"ThreadID":3744,"Channel":"Microsoft-Windows-PushNotification-Platform/Operational","Domain":"NT AUTHORITY","AccountName":"SYSTEM","UserID":"S-1-5-18","AccountType":"User","Message":"WNP Transport Layer initial server connection completed to server client.wns.windows.com on port 443 for the Data Connection.","Opcode":"Stop","ConnectionType":"1","Port":"443","EventReceivedTime":1496947051,"SourceModuleName":"eventlog","SourceModuleType":"im_msvistalog","@version":"1","@timestamp":"2017-06-08T18:37:31.486Z","host":"10.5.55.3","port":62092,"type":"windows","tags":["json"]}
{"EventTime":"2017-06-08 13:37:30","Hostname":"DC02.sec555.com","Keywords":-9223372036850483200,"EventType":"INFO","SeverityValue":2,"Severity":"INFO","EventID":1217,"SourceName":"Microsoft-Windows-PushNotifications-Platform","ProviderGuid":"{88CD9180-4491-4640-B571-E3BEE2527943}","Version":0,"Task":9,"OpcodeValue":1,"RecordNumber":12050,"ProcessID":1240,"ThreadID":3744,"Channel":"Microsoft-Windows-PushNotification-Platform/Operational","Domain":"NT AUTHORITY","AccountName":"SYSTEM","UserID":"S-1-5-18","AccountType":"User","Message":"WNP Transport Layer TLS negotiation initiated for the Data Connection.","Opcode":"Start","ConnectionType":"1","EventReceivedTime":1496947051,"SourceModuleName":"eventlog","SourceModuleType":"im_msvistalog","@version":"1","@timestamp":"2017-06-08T18:37:31.487Z","host":"10.5.55.3","port":62092,"type":"windows","tags":["json"]}
{"EventTime":"2017-06-08 13:37:30","Hostname":"DC02.sec555.com","Keywords":-9223372036850581504,"EventType":"INFO","SeverityValue":2,"Severity":"INFO","EventID":1257,"SourceName":"Microsoft-Windows-PushNotifications-Platform","ProviderGuid":"{88CD9180-4491-4640-B571-E3BEE2527943}","Version":0,"Task":0,"OpcodeValue":0,"RecordNumber":12051,"ProcessID":1240,"ThreadID":3744,"Channel":"Microsoft-Windows-PushNotification-Platform/Operational","Domain":"NT AUTHORITY","AccountName":"SYSTEM","UserID":"S-1-5-18","AccountType":"User","Message":"WNP Transport Layer for Data Connection called InitializeSecurityContext and got return code 0x90312.","Opcode":"Info","ConnectionType":"1","Error":"590610","EventReceivedTime":1496947051,"SourceModuleName":"eventlog","SourceModuleType":"im_msvistalog","@version":"1","@timestamp":"2017-06-08T18:37:31.487Z","host":"10.5.55.3","port":62092,"type":"windows","tags":["json"]}
{"EventTime":"2017-06-08 13:37:30","Hostname":"DC02.sec555.com","Keywords":-9223372036850581504,"EventType":"INFO","SeverityValue":2,"Severity":"INFO","EventID":1257,"SourceName":"Microsoft-Windows-PushNotifications-Platform","ProviderGuid":"{88CD9180-4491-4640-B571-E3BEE2527943}","Version":0,"Task":0,"OpcodeValue":0,"RecordNumber":12052,"ProcessID":1240,"ThreadID":3744,"Channel":"Microsoft-Windows-PushNotification-Platform/Operational","Domain":"NT AUTHORITY","AccountName":"SYSTEM","UserID":"S-1-5-18","AccountType":"User","Message":"WNP Transport Layer for Data Connection called InitializeSecurityContext and got return code 0x90312.","Opcode":"Info","ConnectionType":"1","Error":"590610","EventReceivedTime":1496947051,"SourceModuleName":"eventlog","SourceModuleType":"im_msvistalog","@version":"1","@timestamp":"2017-06-08T18:37:31.487Z","host":"10.5.55.3","port":62092,"type":"windows","tags":["json"]}
{"EventTime":"2017-06-08 13:37:30","Hostname":"DC02.sec555.com","Keywords":-9223372036850581504,"EventType":"INFO","SeverityValue":2,"Severity":"INFO","EventID":1257,"SourceName":"Microsoft-Windows-PushNotifications-Platform","ProviderGuid":"{88CD9180-4491-4640-B571-E3BEE2527943}","Version":0,"Task":0,"OpcodeValue":0,"RecordNumber":12053,"ProcessID":1240,"ThreadID":3744,"Channel":"Microsoft-Windows-PushNotification-Platform/Operational","Domain":"NT AUTHORITY","AccountName":"SYSTEM","UserID":"S-1-5-18","AccountType":"User","Message":"WNP Transport Layer for Data Connection called InitializeSecurityContext and got return code 0x0.","Opcode":"Info","ConnectionType":"1","Error":"0","EventReceivedTime":1496947051,"SourceModuleName":"eventlog","SourceModuleType":"im_msvistalog","@version":"1","@timestamp":"2017-06-08T18:37:31.488Z","host":"10.5.55.3","port":62092,"type":"windows","tags":["json"]}
{"EventTime":"2017-06-08 13:37:30","Hostname":"DC02.sec555.com","Keywords":-9223372036850483200,"EventType":"INFO","SeverityValue":2,"Severity":"INFO","EventID":1218,"SourceName":"Microsoft-Windows-PushNotifications-Platform","ProviderGuid":"{88CD9180-4491-4640-B571-E3BEE2527943}","Version":0,"Task":9,"OpcodeValue":2,"RecordNumber":12054,"ProcessID":1240,"ThreadID":3744,"Channel":"Microsoft-Windows-PushNotification-Platform/Operational","Domain":"NT AUTHORITY","AccountName":"SYSTEM","UserID":"S-1-5-18","AccountType":"User","Message":"WNP Transport Layer TLS negotiation completed for the Data Connection with code The operation completed successfully..","Opcode":"Stop","ConnectionType":"1","ErrorCode":"0","EventReceivedTime":1496947051,"SourceModuleName":"eventlog","SourceModuleType":"im_msvistalog","@version":"1","@timestamp":"2017-06-08T18:37:31.488Z","host":"10.5.55.3","port":62092,"type":"windows","tags":["json"]}
{"EventTime":"2017-06-08 13:37:30","Hostname":"DC02.sec555.com","Keywords":-9223372036749918208,"EventType":"VERBOSE","SeverityValue":1,"Severity":"DEBUG","EventID":1223,"SourceName":"Microsoft-Windows-PushNotifications-Platform","ProviderGuid":"{88CD9180-4491-4640-B571-E3BEE2527943}","Version":0,"Task":0,"OpcodeValue":0,"RecordNumber":12055,"ProcessID":1240,"ThreadID":3744,"Channel":"Microsoft-Windows-PushNotification-Platform/Operational","Domain":"NT AUTHORITY","AccountName":"SYSTEM","UserID":"S-1-5-18","AccountType":"User","Message":"WNP Transport Layer sent command for the Data Connection with Verb: CNT, Trid: 1, Namespace: CON containing 275 bytes of payload: 0x436F6E746578743A203262646362383034623961323531300D0A4C6173742D4D73672D49643A20300D0A0D0A3C636F6E6E6563743E3C7665723E313C2F7665723E3C6167656E743E3C6F733E57696E646F77733C2F6F733E3C6F735665723E31302E302E302E302E31343339333C2F6F735665723E3C70726F633E7836343C2F70726F633E3C6C6369643E656E2D55533C2F6C6369643E3C67656F49643E3234343C2F67656F49643E3C616F61633E303C2F616F61633E3C646576696365547970653E313C2F646576696365547970653E3C6465766963654E616D653E564D77617265205669727475616C20506C6174666F726D3C2F6465766963654E616D653E3C2F6167656E743E3C2F636F6E6E6563743E.","Opcode":"Info","Verb":"CNT","TrID":"1","Namespace":"CON","Bytes":"275","Payload":"436F6E746578743A203262646362383034623961323531300D0A4C6173742D4D73672D49643A20300D0A0D0A3C636F6E6E6563743E3C7665723E313C2F7665723E3C6167656E743E3C6F733E57696E646F77733C2F6F733E3C6F735665723E31302E302E302E302E31343339333C2F6F735665723E3C70726F633E7836343C2F70726F633E3C6C6369643E656E2D55533C2F6C6369643E3C67656F49643E3234343C2F67656F49643E3C616F61633E303C2F616F61633E3C646576696365547970653E313C2F646576696365547970653E3C6465766963654E616D653E564D77617265205669727475616C20506C6174666F726D3C2F6465766963654E616D653E3C2F6167656E743E3C2F636F6E6E6563743E","ConnectionType":"1","EventReceivedTime":1496947051,"SourceModuleName":"eventlog","SourceModuleType":"im_msvistalog","@version":"1","@timestamp":"2017-06-08T18:37:31.489Z","host":"10.5.55.3","port":62092,"type":"windows","tags":["json"]}
{"EventTime":"2017-06-08 13:37:30","Hostname":"DC02.sec555.com","Keywords":-9223372036749918208,"EventType":"VERBOSE","SeverityValue":1,"Severity":"DEBUG","EventID":1267,"SourceName":"Microsoft-Windows-PushNotifications-Platform","ProviderGuid":"{88CD9180-4491-4640-B571-E3BEE2527943}","Version":0,"Task":0,"OpcodeValue":0,"RecordNumber":12056,"ProcessID":1240,"ThreadID":3744,"Channel":"Microsoft-Windows-PushNotification-Platform/Operational","Domain":"NT AUTHORITY","AccountName":"SYSTEM","UserID":"S-1-5-18","AccountType":"User","Message":"WNP Transport Layer sent command for the Data Connection with Verb: CNT, Trid: 1, Namespace: CON containing 290 bytes of payload only. However, full payload including header is: 0x434E54203120434F4E203237350D0A436F6E746578743A203262646362383034623961323531300D0A4C6173742D4D73672D49643A20300D0A0D0A3C636F6E6E6563743E3C7665723E313C2F7665723E3C6167656E743E3C6F733E57696E646F77733C2F6F733E3C6F735665723E31302E302E302E302E31343339333C2F6F735665723E3C70726F633E7836343C2F70726F633E3C6C6369643E656E2D55533C2F6C6369643E3C67656F49643E3234343C2F67656F49643E3C616F61633E303C2F616F61633E3C646576696365547970653E313C2F646576696365547970653E3C6465766963654E616D653E564D77617265205669727475616C20506C6174666F726D3C2F6465766963654E616D653E3C2F6167656E743E3C2F636F6E6E6563743E.","Opcode":"Info","Verb":"CNT","TrID":"1","Namespace":"CON","Bytes":"290","Payload":"434E54203120434F4E203237350D0A436F6E746578743A203262646362383034623961323531300D0A4C6173742D4D73672D49643A20300D0A0D0A3C636F6E6E6563743E3C7665723E313C2F7665723E3C6167656E743E3C6F733E57696E646F77733C2F6F733E3C6F735665723E31302E302E302E302E31343339333C2F6F735665723E3C70726F633E7836343C2F70726F633E3C6C6369643E656E2D55533C2F6C6369643E3C67656F49643E3234343C2F67656F49643E3C616F61633E303C2F616F61633E3C646576696365547970653E313C2F646576696365547970653E3C6465766963654E616D653E564D77617265205669727475616C20506C6174666F726D3C2F6465766963654E616D653E3C2F6167656E743E3C2F636F6E6E6563743E","ConnectionType":"1","EventReceivedTime":1496947051,"SourceModuleName":"eventlog","SourceModuleType":"im_msvistalog","@version":"1","@timestamp":"2017-06-08T18:37:31.490Z","host":"10.5.55.3","port":62092,"type":"windows","tags":["json"]}
{"EventTime":"2017-06-08 13:37:30","Hostname":"DC02.sec555.com","Keywords":-9223372036749918208,"EventType":"VERBOSE","SeverityValue":1,"Severity":"DEBUG","EventID":1223,"SourceName":"Microsoft-Windows-PushNotifications-Platform","ProviderGuid":"{88CD9180-4491-4640-B571-E3BEE2527943}","Version":0,"Task":0,"OpcodeValue":0,"RecordNumber":12057,"ProcessID":1240,"ThreadID":3744,"Channel":"Microsoft-Windows-PushNotification-Platform/Operational","Domain":"NT AUTHORITY","AccountName":"SYSTEM","UserID":"S-1-5-18","AccountType":"User","Message":"WNP Transport Layer sent command for the Data Connection with Verb: ATH, Trid: 2, Namespace: CON\\DEVICE containing 1013 bytes of payload: 0x436F6E746578743A203262646362383034623961323531300D0A0D0A3C6465766963653E3C636F6D706163742D7469636B65743E743D4577436F4175704942414155316244476664617A69446658706A4E354E36635968543177626D5141415239426E377156503154512F472F62343871784D74383849334976626E55654938417A5034755471396262644E316F714551774A63565432336344477546374167515337723532374A6C73613745585250546A6831342F6B4567616A694C584358596F634C63365156385155516D6547777534577A59743631756556313374594E6855574E414F784A6B515147772F4C3235383468344A504B70524D57714A456B6D4F39563963436634502F34326145514C4E7564486A63654C312F626C48586964784644766A582F334748584B58656B614E586F59424C444B73646266376F5138613335585671514753516367423754466A6141454F335A3158624559615261596653325A2B784A5A456973763446797352612F704664677846383561763753497541643042727667446833382B6F45476D3477526D644851304734646C43516A4D374B7745315032546B314D4366453376686C45445A6741414342335642546E6C4E436A746541454C3056526445742F532F34677163536C7A556764456C2B337873735552682F6A4E47442F545A727A48616E68636C6531792B4D7A66616273454441786D787538424D595566732B4F584E694C54556D68642F466A5167344B426E5071452F68343332645543353331322B763969583868595250664D6135506D5941772F4870435574576B7164377163522B552F48635A33304143665766517733736341456E44657444466D515454564130674C4A633778772F6F396478482F6E4D4D4438627262737131775A6756313877656B3156427350317546565267614B304A6D357A51376C6444585242777156556C674B3746707434463933716E2B6D38564873347248416E424B3865545A3759696D69793977572B6C4547736E5A635A7672344B39446854555653776C786C746A34774E704A44396A5A5139614C2F67777456746F6B73595074566A334667384F2B68475977434A36766B33646A4733786D726A66387234336A7A592F675369733566736D68782B47576F4E386D533674596A56367659362B4F594E3759316833416C484E56434B694B68704775723671527941766D526D4E6A394A49317341724E2F7754516A5733445A533774534157783163494B61384F4B7646683531496558485745697051626C324C4275663074643934746670563630513638482F66547348635A344D746B457351453D3C2F636F6D706163742D7469636B65743E3C69643E303031383030303132383337453742433C2F69643E3C2F6465766963653E.","Opcode":"Info","Verb":"ATH","TrID":"2","Namespace":"CON\\DEVICE","Bytes":"1013","Payload":"436F6E746578743A203262646362383034623961323531300D0A0D0A3C6465766963653E3C636F6D706163742D7469636B65743E743D4577436F4175704942414155316244476664617A69446658706A4E354E36635968543177626D5141415239426E377156503154512F472F62343871784D74383849334976626E55654938417A5034755471396262644E316F714551774A63565432336344477546374167515337723532374A6C73613745585250546A6831342F6B4567616A694C584358596F634C63365156385155516D6547777534577A59743631756556313374594E6855574E414F784A6B515147772F4C3235383468344A504B70524D57714A456B6D4F39563963436634502F34326145514C4E7564486A63654C312F626C48586964784644766A582F334748584B58656B614E586F59424C444B73646266376F5138613335585671514753516367423754466A6141454F335A3158624559615261596653325A2B784A5A456973763446797352612F704664677846383561763753497541643042727667446833382B6F45476D3477526D644851304734646C43516A4D374B7745315032546B314D4366453376686C45445A6741414342335642546E6C4E436A746541454C3056526445742F532F34677163536C7A556764456C2B337873735552682F6A4E47442F545A727A48616E68636C6531792B4D7A66616273454441786D787538424D595566732B4F584E694C54556D68642F466A5167344B426E5071452F68343332645543353331322B763969583868595250664D6135506D5941772F4870435574576B7164377163522B552F48635A33304143665766517733736341456E44657444466D515454564130674C4A633778772F6F396478482F6E4D4D4438627262737131775A6756313877656B3156427350317546565267614B304A6D357A51376C6444585242777156556C674B3746707434463933716E2B6D38564873347248416E424B3865545A3759696D69793977572B6C4547736E5A635A7672344B39446854555653776C786C746A34774E704A44396A5A5139614C2F67777456746F6B73595074566A334667384F2B68475977434A36766B33646A4733786D726A66387234336A7A592F675369733566736D68782B47576F4E386D533674596A56367659362B4F594E3759316833416C484E56434B694B68704775723671527941766D526D4E6A394A49317341724E2F7754516A5733445A533774534157783163494B61384F4B7646683531496558485745697051626C324C4275663074643934746670563630513638482F66547348635A344D746B457351453D3C2F636F6D706163742D7469636B65743E3C69643E303031383030303132383337453742433C2F69643E3C2F6465766963653E","ConnectionType":"1","EventReceivedTime":1496947051,"SourceModuleName":"eventlog","SourceModuleType":"im_msvistalog","@version":"1","@timestamp":"2017-06-08T18:37:31.491Z","host":"10.5.55.3","port":62092,"type":"windows","tags":["json"]}
{"EventTime":"2017-06-08 13:37:30","Hostname":"DC02.sec555.com","Keywords":-9223372036749918208,"EventType":"VERBOSE","SeverityValue":1,"Severity":"DEBUG","EventID":1267,"SourceName":"Microsoft-Windows-PushNotifications-Platform","ProviderGuid":"{88CD9180-4491-4640-B571-E3BEE2527943}","Version":0,"Task":0,"OpcodeValue":0,"RecordNumber":12058,"ProcessID":1240,"ThreadID":3744,"Channel":"Microsoft-Windows-PushNotification-Platform/Operational","Domain":"NT AUTHORITY","AccountName":"SYSTEM","UserID":"S-1-5-18","AccountType":"User","Message":"WNP Transport Layer sent command for the Data Connection with Verb: ATH, Trid: 2, Namespace: CON\\DEVICE containing 1036 bytes of payload only. However, full payload including header is: 0x415448203220434F4E5C44455649434520313031330D0A436F6E746578743A203262646362383034623961323531300D0A0D0A3C6465766963653E3C636F6D706163742D7469636B65743E743D4577436F4175704942414155316244476664617A69446658706A4E354E36635968543177626D5141415239426E377156503154512F472F62343871784D74383849334976626E55654938417A5034755471396262644E316F714551774A63565432336344477546374167515337723532374A6C73613745585250546A6831342F6B4567616A694C584358596F634C63365156385155516D6547777534577A59743631756556313374594E6855574E414F784A6B515147772F4C3235383468344A504B70524D57714A456B6D4F39563963436634502F34326145514C4E7564486A63654C312F626C48586964784644766A582F334748584B58656B614E586F59424C444B73646266376F5138613335585671514753516367423754466A6141454F335A3158624559615261596653325A2B784A5A456973763446797352612F704664677846383561763753497541643042727667446833382B6F45476D3477526D644851304734646C43516A4D374B7745315032546B314D4366453376686C45445A6741414342335642546E6C4E436A746541454C3056526445742F532F34677163536C7A556764456C2B337873735552682F6A4E47442F545A727A48616E68636C6531792B4D7A66616273454441786D787538424D595566732B4F584E694C54556D68642F466A5167344B426E5071452F68343332645543353331322B763969583868595250664D6135506D5941772F4870435574576B7164377163522B552F48635A33304143665766517733736341456E44657444466D515454564130674C4A633778772F6F396478482F6E4D4D4438627262737131775A6756313877656B3156427350317546565267614B304A6D357A51376C6444585242777156556C674B3746707434463933716E2B6D38564873347248416E424B3865545A3759696D69793977572B6C4547736E5A635A7672344B39446854555653776C786C746A34774E704A44396A5A5139614C2F67777456746F6B73595074566A334667384F2B68475977434A36766B33646A4733786D726A66387234336A7A592F675369733566736D68782B47576F4E386D533674596A56367659362B4F594E3759316833416C484E56434B694B68704775723671527941766D526D4E6A394A49317341724E2F7754516A5733445A533774534157783163494B61384F4B7646683531496558485745697051626C324C4275663074643934746670563630513638482F66547348635A344D746B457351453D3C2F636F6D706163742D7469636B65743E3C69643E303031383030303132383337453742433C2F69643E3C2F6465766963653E.","Opcode":"Info","Verb":"ATH","TrID":"2","Namespace":"CON\\DEVICE","Bytes":"1036","Payload":"415448203220434F4E5C44455649434520313031330D0A436F6E746578743A203262646362383034623961323531300D0A0D0A3C6465766963653E3C636F6D706163742D7469636B65743E743D4577436F4175704942414155316244476664617A69446658706A4E354E36635968543177626D5141415239426E377156503154512F472F62343871784D74383849334976626E55654938417A5034755471396262644E316F714551774A63565432336344477546374167515337723532374A6C73613745585250546A6831342F6B4567616A694C584358596F634C63365156385155516D6547777534577A59743631756556313374594E6855574E414F784A6B515147772F4C3235383468344A504B70524D57714A456B6D4F39563963436634502F34326145514C4E7564486A63654C312F626C48586964784644766A582F334748584B58656B614E586F59424C444B73646266376F5138613335585671514753516367423754466A6141454F335A3158624559615261596653325A2B784A5A456973763446797352612F704664677846383561763753497541643042727667446833382B6F45476D3477526D644851304734646C43516A4D374B7745315032546B314D4366453376686C45445A6741414342335642546E6C4E436A746541454C3056526445742F532F34677163536C7A556764456C2B337873735552682F6A4E47442F545A727A48616E68636C6531792B4D7A66616273454441786D787538424D595566732B4F584E694C54556D68642F466A5167344B426E5071452F68343332645543353331322B763969583868595250664D6135506D5941772F4870435574576B7164377163522B552F48635A33304143665766517733736341456E44657444466D515454564130674C4A633778772F6F396478482F6E4D4D4438627262737131775A6756313877656B3156427350317546565267614B304A6D357A51376C6444585242777156556C674B3746707434463933716E2B6D38564873347248416E424B3865545A3759696D69793977572B6C4547736E5A635A7672344B39446854555653776C786C746A34774E704A44396A5A5139614C2F67777456746F6B73595074566A334667384F2B68475977434A36766B33646A4733786D726A66387234336A7A592F675369733566736D68782B47576F4E386D533674596A56367659362B4F594E3759316833416C484E56434B694B68704775723671527941766D526D4E6A394A49317341724E2F7754516A5733445A533774534157783163494B61384F4B7646683531496558485745697051626C324C4275663074643934746670563630513638482F66547348635A344D746B457351453D3C2F636F6D706163742D7469636B65743E3C69643E303031383030303132383337453742433C2F69643E3C2F6465766963653E","ConnectionType":"1","EventReceivedTime":1496947051,"SourceModuleName":"eventlog","SourceModuleType":"im_msvistalog","@version":"1","@timestamp":"2017-06-08T18:37:31.493Z","host":"10.5.55.3","port":62092,"type":"windows","tags":["json"]}
{"EventTime":"2017-06-08 13:37:30","Hostname":"DC02.sec555.com","Keywords":-9223372036749918208,"EventType":"VERBOSE","SeverityValue":1,"Severity":"DEBUG","EventID":1223,"SourceName":"Microsoft-Windows-PushNotifications-Platform","ProviderGuid":"{88CD9180-4491-4640-B571-E3BEE2527943}","Version":0,"Task":0,"OpcodeValue":0,"RecordNumber":12059,"ProcessID":1240,"ThreadID":3744,"Channel":"Microsoft-Windows-PushNotification-Platform/Operational","Domain":"NT AUTHORITY","AccountName":"SYSTEM","UserID":"S-1-5-18","AccountType":"User","Message":"WNP Transport Layer sent command for the Data Connection with Verb: BND, Trid: 3, Namespace: CON\\WNS containing 98 bytes of payload: 0x436F6E746578743A203262646362383034623961323531300D0A0D0A3C776E733E3C7665723E313C2F7665723E3C636C69656E743E3C6E616D653E57504E3C2F6E616D653E3C7665723E312E303C2F7665723E3C2F636C69656E743E3C2F776E733E.","Opcode":"Info","Verb":"BND","TrID":"3","Namespace":"CON\\WNS","Bytes":"98","Payload":"436F6E746578743A203262646362383034623961323531300D0A0D0A3C776E733E3C7665723E313C2F7665723E3C636C69656E743E3C6E616D653E57504E3C2F6E616D653E3C7665723E312E303C2F7665723E3C2F636C69656E743E3C2F776E733E","ConnectionType":"1","EventReceivedTime":1496947051,"SourceModuleName":"eventlog","SourceModuleType":"im_msvistalog","@version":"1","@timestamp":"2017-06-08T18:37:31.494Z","host":"10.5.55.3","port":62092,"type":"windows","tags":["json"]}
{"EventTime":"2017-06-08 13:37:30","Hostname":"DC02.sec555.com","Keywords":-9223372036749918208,"EventType":"VERBOSE","SeverityValue":1,"Severity":"DEBUG","EventID":1267,"SourceName":"Microsoft-Windows-PushNotifications-Platform","ProviderGuid":"{88CD9180-4491-4640-B571-E3BEE2527943}","Version":0,"Task":0,"OpcodeValue":0,"RecordNumber":12060,"ProcessID":1240,"ThreadID":3744,"Channel":"Microsoft-Windows-PushNotification-Platform/Operational","Domain":"NT AUTHORITY","AccountName":"SYSTEM","UserID":"S-1-5-18","AccountType":"User","Message":"WNP Transport Layer sent command for the Data Connection with Verb: BND, Trid: 3, Namespace: CON\\WNS containing 116 bytes of payload only. However, full payload including header is: 0x424E44203320434F4E5C574E532039380D0A436F6E746578743A203262646362383034623961323531300D0A0D0A3C776E733E3C7665723E313C2F7665723E3C636C69656E743E3C6E616D653E57504E3C2F6E616D653E3C7665723E312E303C2F7665723E3C2F636C69656E743E3C2F776E733E.","Opcode":"Info","Verb":"BND","TrID":"3","Namespace":"CON\\WNS","Bytes":"116","Payload":"424E44203320434F4E5C574E532039380D0A436F6E746578743A203262646362383034623961323531300D0A0D0A3C776E733E3C7665723E313C2F7665723E3C636C69656E743E3C6E616D653E57504E3C2F6E616D653E3C7665723E312E303C2F7665723E3C2F636C69656E743E3C2F776E733E","ConnectionType":"1","EventReceivedTime":1496947051,"SourceModuleName":"eventlog","SourceModuleType":"im_msvistalog","@version":"1","@timestamp":"2017-06-08T18:37:31.494Z","host":"10.5.55.3","port":62092,"type":"windows","tags":["json"]}
{"EventTime":"2017-06-08 13:37:30","Hostname":"DC02.sec555.com","Keywords":-9223372036749918208,"EventType":"VERBOSE","SeverityValue":1,"Severity":"DEBUG","EventID":1225,"SourceName":"Microsoft-Windows-PushNotifications-Platform","ProviderGuid":"{88CD9180-4491-4640-B571-E3BEE2527943}","Version":0,"Task":0,"OpcodeValue":0,"RecordNumber":12061,"ProcessID":1240,"ThreadID":3744,"Channel":"Microsoft-Windows-PushNotification-Platform/Operational","Domain":"NT AUTHORITY","AccountName":"SYSTEM","UserID":"S-1-5-18","AccountType":"User","Message":"WNP Transport Layer received command for the Data Connection with Verb: XFR, Trid: 0, Namespace: CON containing 180 bytes of payload: 0x0D0A3C7866723E3C7461726765743E424E345343483130313132313731352E776E732E77696E646F77732E636F6D3A3434333C2F7461726765743E3C666C6167733E533C2F666C6167733E3C73746174653E566D567963326C76626A6F674D51304B57475A7951323931626E51364944454E436C686D636C4E6C626E525656454E556157316C4F6941324D7A597A4D6A55304D7A67314D4455324D4449794D54674E43673D3D3C2F73746174653E3C2F7866723E.","Opcode":"Info","Verb":"XFR","TrID":"0","Namespace":"CON","Bytes":"180","Payload":"0D0A3C7866723E3C7461726765743E424E345343483130313132313731352E776E732E77696E646F77732E636F6D3A3434333C2F7461726765743E3C666C6167733E533C2F666C6167733E3C73746174653E566D567963326C76626A6F674D51304B57475A7951323931626E51364944454E436C686D636C4E6C626E525656454E556157316C4F6941324D7A597A4D6A55304D7A67314D4455324D4449794D54674E43673D3D3C2F73746174653E3C2F7866723E","ConnectionType":"1","EventReceivedTime":1496947051,"SourceModuleName":"eventlog","SourceModuleType":"im_msvistalog","@version":"1","@timestamp":"2017-06-08T18:37:31.496Z","host":"10.5.55.3","port":62092,"type":"windows","tags":["json"]}
{"EventTime":"2017-06-08 13:37:30","Hostname":"DC02.sec555.com","Keywords":-9223372036749918208,"EventType":"VERBOSE","SeverityValue":1,"Severity":"DEBUG","EventID":1268,"SourceName":"Microsoft-Windows-PushNotifications-Platform","ProviderGuid":"{88CD9180-4491-4640-B571-E3BEE2527943}","Version":0,"Task":0,"OpcodeValue":0,"RecordNumber":12062,"ProcessID":1240,"ThreadID":3744,"Channel":"Microsoft-Windows-PushNotification-Platform/Operational","Domain":"NT AUTHORITY","AccountName":"SYSTEM","UserID":"S-1-5-18","AccountType":"User","Message":"WNP Transport Layer received command for the Data Connection with Verb: XFR, Trid: 0, Namespace: CON containing 180 bytes of payload only. However, full payload including header is: 0x584652203020434F4E003138300D0A0D0A3C7866723E3C7461726765743E424E345343483130313132313731352E776E732E77696E646F77732E636F6D3A3434333C2F7461726765743E3C666C6167733E533C2F666C6167733E3C73746174653E566D567963326C76626A6F674D51304B57475A7951323931626E51364944454E436C686D636C4E6C626E525656454E556157316C4F6941324D7A597A4D6A55304D7A67314D4455324D4449794D54674E43673D.","Opcode":"Info","Verb":"XFR","TrID":"0","Namespace":"CON","Bytes":"180","Payload":"584652203020434F4E003138300D0A0D0A3C7866723E3C7461726765743E424E345343483130313132313731352E776E732E77696E646F77732E636F6D3A3434333C2F7461726765743E3C666C6167733E533C2F666C6167733E3C73746174653E566D567963326C76626A6F674D51304B57475A7951323931626E51364944454E436C686D636C4E6C626E525656454E556157316C4F6941324D7A597A4D6A55304D7A67314D4455324D4449794D54674E43673D","ConnectionType":"1","EventReceivedTime":1496947051,"SourceModuleName":"eventlog","SourceModuleType":"im_msvistalog","@version":"1","@timestamp":"2017-06-08T18:37:31.497Z","host":"10.5.55.3","port":62092,"type":"windows","tags":["json"]}
{"EventTime":"2017-06-08 13:37:30","Hostname":"DC02.sec555.com","Keywords":-9223372036850581504,"EventType":"INFO","SeverityValue":2,"Severity":"INFO","EventID":1258,"SourceName":"Microsoft-Windows-PushNotifications-Platform","ProviderGuid":"{88CD9180-4491-4640-B571-E3BEE2527943}","Version":0,"Task":0,"OpcodeValue":0,"RecordNumber":12063,"ProcessID":1240,"ThreadID":3744,"Channel":"Microsoft-Windows-PushNotification-Platform/Operational","Domain":"NT AUTHORITY","AccountName":"SYSTEM","UserID":"S-1-5-18","AccountType":"User","Message":"WNP Transport Layer for Data Connection received asynchronous connection error 0.","Opcode":"Info","ConnectionType":"1","SocketError":"0","EventReceivedTime":1496947051,"SourceModuleName":"eventlog","SourceModuleType":"im_msvistalog","@version":"1","@timestamp":"2017-06-08T18:37:31.498Z","host":"10.5.55.3","port":62092,"type":"windows","tags":["json"]}
{"EventTime":"2017-06-08 13:37:30","Hostname":"DC02.sec555.com","Keywords":-9223372036850483200,"EventType":"INFO","SeverityValue":2,"Severity":"INFO","EventID":1207,"SourceName":"Microsoft-Windows-PushNotifications-Platform","ProviderGuid":"{88CD9180-4491-4640-B571-E3BEE2527943}","Version":0,"Task":9,"OpcodeValue":1,"RecordNumber":12064,"ProcessID":1240,"ThreadID":3744,"Channel":"Microsoft-Windows-PushNotification-Platform/Operational","Domain":"NT AUTHORITY","AccountName":"SYSTEM","UserID":"S-1-5-18","AccountType":"User","Message":"WNP Transport Layer resolving DNS initiated for host BN4SCH101121715.wns.windows.com for the Data Connection.","Opcode":"Start","ConnectionType":"1","EventReceivedTime":1496947051,"SourceModuleName":"eventlog","SourceModuleType":"im_msvistalog","@version":"1","@timestamp":"2017-06-08T18:37:31.498Z","host":"10.5.55.3","port":62092,"type":"windows","tags":["json"]}
{"EventTime":"2017-06-08 13:37:30","Hostname":"DC02.sec555.com","Keywords":-9223372036850483200,"EventType":"INFO","SeverityValue":2,"Severity":"INFO","EventID":1208,"SourceName":"Microsoft-Windows-PushNotifications-Platform","ProviderGuid":"{88CD9180-4491-4640-B571-E3BEE2527943}","Version":0,"Task":9,"OpcodeValue":2,"RecordNumber":12065,"ProcessID":1240,"ThreadID":3744,"Channel":"Microsoft-Windows-PushNotification-Platform/Operational","Domain":"NT AUTHORITY","AccountName":"SYSTEM","UserID":"S-1-5-18","AccountType":"User","Message":"WNP Transport Layer resolving DNS completed for the Data Connection with code The operation completed successfully..","Opcode":"Stop","ConnectionType":"1","ErrorCode":"0","EventReceivedTime":1496947051,"SourceModuleName":"eventlog","SourceModuleType":"im_msvistalog","@version":"1","@timestamp":"2017-06-08T18:37:31.499Z","host":"10.5.55.3","port":62092,"type":"windows","tags":["json"]}
{"EventTime":"2017-06-08 13:37:30","Hostname":"DC02.sec555.com","Keywords":-9223372036850483200,"EventType":"INFO","SeverityValue":2,"Severity":"INFO","EventID":1211,"SourceName":"Microsoft-Windows-PushNotifications-Platform","ProviderGuid":"{88CD9180-4491-4640-B571-E3BEE2527943}","Version":0,"Task":9,"OpcodeValue":1,"RecordNumber":12066,"ProcessID":1240,"ThreadID":3744,"Channel":"Microsoft-Windows-PushNotification-Platform/Operational","Domain":"NT AUTHORITY","AccountName":"SYSTEM","UserID":"S-1-5-18","AccountType":"User","Message":"WNP Transport Layer initial server connection initiated to server BN4SCH101121715.wns.windows.com on port 443 for the Data Connection.","Opcode":"Start","ConnectionType":"1","Port":"443","EventReceivedTime":1496947051,"SourceModuleName":"eventlog","SourceModuleType":"im_msvistalog","@version":"1","@timestamp":"2017-06-08T18:37:31.499Z","host":"10.5.55.3","port":62092,"type":"windows","tags":["json"]}
{"EventTime":"2017-06-08 13:37:30","Hostname":"DC02.sec555.com","Keywords":-9223372036850483200,"EventType":"INFO","SeverityValue":2,"Severity":"INFO","EventID":1212,"SourceName":"Microsoft-Windows-PushNotifications-Platform","ProviderGuid":"{88CD9180-4491-4640-B571-E3BEE2527943}","Version":0,"Task":9,"OpcodeValue":2,"RecordNumber":12067,"ProcessID":1240,"ThreadID":3744,"Channel":"Microsoft-Windows-PushNotification-Platform/Operational","Domain":"NT AUTHORITY","AccountName":"SYSTEM","UserID":"S-1-5-18","AccountType":"User","Message":"WNP Transport Layer initial server connection completed to server BN4SCH101121715.wns.windows.com on port 443 for the Data Connection.","Opcode":"Stop","ConnectionType":"1","Port":"443","EventReceivedTime":1496947051,"SourceModuleName":"eventlog","SourceModuleType":"im_msvistalog","@version":"1","@timestamp":"2017-06-08T18:37:31.500Z","host":"10.5.55.3","port":62092,"type":"windows","tags":["json"]}
{"EventTime":"2017-06-08 13:37:30","Hostname":"DC02.sec555.com","Keywords":-9223372036850483200,"EventType":"INFO","SeverityValue":2,"Severity":"INFO","EventID":1217,"SourceName":"Microsoft-Windows-PushNotifications-Platform","ProviderGuid":"{88CD9180-4491-4640-B571-E3BEE2527943}","Version":0,"Task":9,"OpcodeValue":1,"RecordNumber":12068,"ProcessID":1240,"ThreadID":3744,"Channel":"Microsoft-Windows-PushNotification-Platform/Operational","Domain":"NT AUTHORITY","AccountName":"SYSTEM","UserID":"S-1-5-18","AccountType":"User","Message":"WNP Transport Layer TLS negotiation initiated for the Data Connection.","Opcode":"Start","ConnectionType":"1","EventReceivedTime":1496947051,"SourceModuleName":"eventlog","SourceModuleType":"im_msvistalog","@version":"1","@timestamp":"2017-06-08T18:37:31.501Z","host":"10.5.55.3","port":62092,"type":"windows","tags":["json"]}
{"EventTime":"2017-06-08 13:37:30","Hostname":"DC02.sec555.com","Keywords":-9223372036850581504,"EventType":"INFO","SeverityValue":2,"Severity":"INFO","EventID":1257,"SourceName":"Microsoft-Windows-PushNotifications-Platform","ProviderGuid":"{88CD9180-4491-4640-B571-E3BEE2527943}","Version":0,"Task":0,"OpcodeValue":0,"RecordNumber":12069,"ProcessID":1240,"ThreadID":3744,"Channel":"Microsoft-Windows-PushNotification-Platform/Operational","Domain":"NT AUTHORITY","AccountName":"SYSTEM","UserID":"S-1-5-18","AccountType":"User","Message":"WNP Transport Layer for Data Connection called InitializeSecurityContext and got return code 0x90312.","Opcode":"Info","ConnectionType":"1","Error":"590610","EventReceivedTime":1496947051,"SourceModuleName":"eventlog","SourceModuleType":"im_msvistalog","@version":"1","@timestamp":"2017-06-08T18:37:31.502Z","host":"10.5.55.3","port":62092,"type":"windows","tags":["json"]}
