{"EventTime":"2017-06-08 13:43:22","Hostname":"DC02.sec555.com","Keywords":-9214364837600034816,"EventType":"AUDIT_SUCCESS","SeverityValue":2,"Severity":"INFO","EventID":5145,"SourceName":"Microsoft-Windows-Security-Auditing","ProviderGuid":"{54849625-5478-4994-A5BA-3E3B0328C30D}","Version":0,"Task":12811,"OpcodeValue":0,"RecordNumber":396653,"ProcessID":4,"ThreadID":3668,"Channel":"Security","Message":"A network share object was checked to see whether client can be granted desired access.\r\n\t\r\nSubject:\r\n\tSecurity ID:\t\tS-1-5-18\r\n\tAccount Name:\t\tDC02$\r\n\tAccount Domain:\t\tSEC555\r\n\tLogon ID:\t\t0xFC3347\r\n\r\nNetwork Information:\t\r\n\tObject Type:\t\tFile\r\n\tSource Address:\t\t::1\r\n\tSource Port:\t\t62131\r\n\t\r\nShare Information:\r\n\tShare Name:\t\t\\\\*\\SYSVOL\r\n\tShare Path:\t\t\\??\\C:\\Windows\\SYSVOL\\sysvol\r\n\tRelative Target Name:\tsec555.com\\Policies\\{133B1BD9-9743-40BD-8556-BCB1E0E5A3E1}\\Machine\\Microsoft\\Windows NT\\Audit\\audit.csv\r\n\r\nAccess Request Information:\r\n\tAccess Mask:\t\t0x120089\r\n\tAccesses:\t\tREAD_CONTROL\r\n\t\t\t\tSYNCHRONIZE\r\n\t\t\t\tReadData (or ListDirectory)\r\n\t\t\t\tReadEA\r\n\t\t\t\tReadAttributes\r\n\t\t\t\t\r\nAccess Check Results:\r\n\tREAD_CONTROL:\tGranted by Ownership\r\n\t\t\t\tSYNCHRONIZE:\tGranted by\tD:(A;;0x1200a9;;;WD)\r\n\t\t\t\tReadData (or ListDirectory):\tGranted by\tD:(A;;0x1200a9;;;WD)\r\n\t\t\t\tReadEA:\tGranted by\tD:(A;;0x1200a9;;;WD)\r\n\t\t\t\tReadAttributes:\tGranted by\tD:(A;;0x1200a9;;;WD)\r\n\t\t\t\t\r\n","Category":"Detailed File Share","Opcode":"Info","SubjectUserSid":"S-1-5-18","SubjectUserName":"DC02$","SubjectDomainName":"SEC555","SubjectLogonId":"0xfc3347","ObjectType":"File","IpAddress":"::1","IpPort":"62131","ShareName":"\\\\*\\SYSVOL","ShareLocalPath":"\\??\\C:\\Windows\\SYSVOL\\sysvol","RelativeTargetName":"sec555.com\\Policies\\{133B1BD9-9743-40BD-8556-BCB1E0E5A3E1}\\Machine\\Microsoft\\Windows NT\\Audit\\audit.csv","AccessMask":"0x120089","AccessList":"%%1538\r\n\t\t\t\t%%1541\r\n\t\t\t\t%%4416\r\n\t\t\t\t%%4419\r\n\t\t\t\t%%4423\r\n\t\t\t\t","AccessReason":"%%1538:\t%%1804\r\n\t\t\t\t%%1541:\t%%1801\tD:(A;;0x1200a9;;;WD)\r\n\t\t\t\t%%4416:\t%%1801\tD:(A;;0x1200a9;;;WD)\r\n\t\t\t\t%%4419:\t%%1801\tD:(A;;0x1200a9;;;WD)\r\n\t\t\t\t%%4423:\t%%1801\tD:(A;;0x1200a9;;;WD)\r\n\t\t\t\t","EventReceivedTime":1496947403,"SourceModuleName":"eventlog","SourceModuleType":"im_msvistalog","@version":"1","@timestamp":"2017-06-08T18:43:23.774Z","host":"10.5.55.3","port":62092,"type":"windows","tags":["json"]}
{"EventTime":"2017-06-08 13:43:22","Hostname":"DC02.sec555.com","Keywords":-9214364837600034816,"EventType":"AUDIT_SUCCESS","SeverityValue":2,"Severity":"INFO","EventID":4634,"SourceName":"Microsoft-Windows-Security-Auditing","ProviderGuid":"{54849625-5478-4994-A5BA-3E3B0328C30D}","Version":0,"Task":12545,"OpcodeValue":0,"RecordNumber":396654,"ProcessID":572,"ThreadID":1288,"Channel":"Security","Message":"An account was logged off.\r\n\r\nSubject:\r\n\tSecurity ID:\t\tS-1-5-18\r\n\tAccount Name:\t\tDC02$\r\n\tAccount Domain:\t\tSEC555\r\n\tLogon ID:\t\t0xFC31A1\r\n\r\nLogon Type:\t\t\t3\r\n\r\nThis event is generated when a logon session is destroyed. It may be positively correlated with a logon event using the Logon ID value. Logon IDs are only unique between reboots on the same computer.","Category":"Logoff","Opcode":"Info","TargetUserSid":"S-1-5-18","TargetUserName":"DC02$","TargetDomainName":"SEC555","TargetLogonId":"0xfc31a1","LogonType":"3","EventReceivedTime":1496947403,"SourceModuleName":"eventlog","SourceModuleType":"im_msvistalog","@version":"1","@timestamp":"2017-06-08T18:43:23.775Z","host":"10.5.55.3","port":62092,"type":"windows","tags":["json"]}
{"EventTime":"2017-06-08 13:43:22","Hostname":"DC02.sec555.com","Keywords":4611686018427387904,"EventType":"INFO","SeverityValue":2,"Severity":"INFO","EventID":8006,"SourceName":"Microsoft-Windows-GroupPolicy","ProviderGuid":"{AEA1B4FA-97D1-45F2-A64C-4D69FFFD92C9}","Version":1,"Task":0,"OpcodeValue":2,"RecordNumber":265111,"ActivityID":"{C1DDADBD-7335-4590-8346-1FAB0BD2D6C3}","ProcessID":1240,"ThreadID":3876,"Channel":"Microsoft-Windows-GroupPolicy/Operational","Domain":"NT AUTHORITY","AccountName":"SYSTEM","UserID":"S-1-5-18","AccountType":"User","Message":"Completed periodic policy processing for computer SEC555\\DC02$ in 0 seconds.","Opcode":"Stop","PolicyElaspedTimeInSeconds":"0","ErrorCode":"0","PrincipalSamName":"SEC555\\DC02$","IsMachine":"1","IsConnectivityFailure":"false","EventReceivedTime":1496947403,"SourceModuleName":"eventlog","SourceModuleType":"im_msvistalog","@version":"1","@timestamp":"2017-06-08T18:43:23.775Z","host":"10.5.55.3","port":62092,"type":"windows","tags":["json"]}
{"EventTime":"2017-06-08 13:43:22","Hostname":"DC02.sec555.com","Keywords":4611686018427387904,"EventType":"INFO","SeverityValue":2,"Severity":"INFO","EventID":5315,"SourceName":"Microsoft-Windows-GroupPolicy","ProviderGuid":"{AEA1B4FA-97D1-45F2-A64C-4D69FFFD92C9}","Version":0,"Task":0,"OpcodeValue":0,"RecordNumber":265112,"ActivityID":"{C1DDADBD-7335-4590-8346-1FAB0BD2D6C3}","ProcessID":1240,"ThreadID":3876,"Channel":"Microsoft-Windows-GroupPolicy/Operational","Domain":"NT AUTHORITY","AccountName":"SYSTEM","UserID":"S-1-5-18","AccountType":"User","Message":"Next policy processing for SEC555\\DC02$ will be attempted in 5 minutes.","Opcode":"Info","PrincipalSamName":"SEC555\\DC02$","NextPolicyApplicationTime":"5","NextPolicyApplicationTimeUnit":"%%4100","EventReceivedTime":1496947403,"SourceModuleName":"eventlog","SourceModuleType":"im_msvistalog","@version":"1","@timestamp":"2017-06-08T18:43:23.775Z","host":"10.5.55.3","port":62092,"type":"windows","tags":["json"]}
{"EventTime":"2017-06-08 13:43:22","Hostname":"FS01.sec555.com","Keywords":-9214364837600034816,"EventType":"AUDIT_SUCCESS","SeverityValue":2,"Severity":"INFO","EventID":4624,"SourceName":"Microsoft-Windows-Security-Auditing","ProviderGuid":"{54849625-5478-4994-A5BA-3E3B0328C30D}","Version":2,"Task":12544,"OpcodeValue":0,"RecordNumber":29031,"ActivityID":"{85527D4E-DFA9-0000-047E-5285A9DFD201}","ProcessID":580,"ThreadID":3428,"Channel":"Security","Message":"An account was successfully logged on.\r\n\r\nSubject:\r\n\tSecurity ID:\t\tS-1-0-0\r\n\tAccount Name:\t\t-\r\n\tAccount Domain:\t\t-\r\n\tLogon ID:\t\t0x0\r\n\r\nLogon Information:\r\n\tLogon Type:\t\t3\r\n\tRestricted Admin Mode:\t-\r\n\tVirtual Account:\t\tNo\r\n\tElevated Token:\t\tYes\r\n\r\nImpersonation Level:\t\tImpersonation\r\n\r\nNew Logon:\r\n\tSecurity ID:\t\tS-1-5-21-4122792944-3018364698-3069667417-1140\r\n\tAccount Name:\t\tDC02$\r\n\tAccount Domain:\t\tSEC555.COM\r\n\tLogon ID:\t\t0x92EDE2\r\n\tLinked Logon ID:\t\t0x0\r\n\tNetwork Account Name:\t-\r\n\tNetwork Account Domain:\t-\r\n\tLogon GUID:\t\t{E129DBF4-CABB-6375-56A1-71C133CEF9B4}\r\n\r\nProcess Information:\r\n\tProcess ID:\t\t0x0\r\n\tProcess Name:\t\t-\r\n\r\nNetwork Information:\r\n\tWorkstation Name:\t\r\n\tSource Network Address:\t10.5.55.3\r\n\tSource Port:\t\t62136\r\n\r\nDetailed Authentication Information:\r\n\tLogon Process:\t\tKerberos\r\n\tAuthentication Package:\tKerberos\r\n\tTransited Services:\t-\r\n\tPackage Name (NTLM only):\t-\r\n\tKey Length:\t\t0\r\n\r\nThis event is generated when a logon session is created. It is generated on the computer that was accessed.\r\n\r\nThe subject fields indicate the account on the local system which requested the logon. This is most commonly a service such as the Server service, or a local process such as Winlogon.exe or Services.exe.\r\n\r\nThe logon type field indicates the kind of logon that occurred. The most common types are 2 (interactive) and 3 (network).\r\n\r\nThe New Logon fields indicate the account for whom the new logon was created, i.e. the account that was logged on.\r\n\r\nThe network fields indicate where a remote logon request originated. Workstation name is not always available and may be left blank in some cases.\r\n\r\nThe impersonation level field indicates the extent to which a process in the logon session can impersonate.\r\n\r\nThe authentication information fields provide detailed information about this specific logon request.\r\n\t- Logon GUID is a unique identifier that can be used to correlate this event with a KDC event.\r\n\t- Transited services indicate which intermediate services have participated in this logon request.\r\n\t- Package name indicates which sub-protocol was used among the NTLM protocols.\r\n\t- Key length indicates the length of the generated session key. This will be 0 if no session key was requested.","Category":"Logon","Opcode":"Info","SubjectUserSid":"S-1-0-0","SubjectUserName":"-","SubjectDomainName":"-","SubjectLogonId":"0x0","TargetUserSid":"S-1-5-21-4122792944-3018364698-3069667417-1140","TargetUserName":"DC02$","TargetDomainName":"SEC555.COM","TargetLogonId":"0x92ede2","LogonType":"3","LogonProcessName":"Kerberos","AuthenticationPackageName":"Kerberos","LogonGuid":"{E129DBF4-CABB-6375-56A1-71C133CEF9B4}","TransmittedServices":"-","LmPackageName":"-","KeyLength":"0","ProcessName":"-","IpAddress":"10.5.55.3","IpPort":"62136","ImpersonationLevel":"%%1833","RestrictedAdminMode":"-","TargetOutboundUserName":"-","TargetOutboundDomainName":"-","VirtualAccount":"%%1843","TargetLinkedLogonId":"0x0","ElevatedToken":"%%1842","EventReceivedTime":1496947404,"SourceModuleName":"eventlog","SourceModuleType":"im_msvistalog","@version":"1","@timestamp":"2017-06-08T18:43:24.062Z","host":"10.5.55.31","port":51240,"type":"windows","tags":["json"]}
{"EventTime":"2017-06-08 13:43:22","Hostname":"FS01.sec555.com","Keywords":-9214364837600034816,"EventType":"AUDIT_SUCCESS","SeverityValue":2,"Severity":"INFO","EventID":5140,"SourceName":"Microsoft-Windows-Security-Auditing","ProviderGuid":"{54849625-5478-4994-A5BA-3E3B0328C30D}","Version":1,"Task":12808,"OpcodeValue":0,"RecordNumber":29032,"ProcessID":4,"ThreadID":812,"Channel":"Security","Message":"A network share object was accessed.\r\n\t\r\nSubject:\r\n\tSecurity ID:\t\tS-1-5-21-4122792944-3018364698-3069667417-1140\r\n\tAccount Name:\t\tDC02$\r\n\tAccount Domain:\t\tSEC555\r\n\tLogon ID:\t\t0x92EDE2\r\n\r\nNetwork Information:\t\r\n\tObject Type:\t\tFile\r\n\tSource Address:\t\t10.5.55.3\r\n\tSource Port:\t\t62136\r\n\t\r\nShare Information:\r\n\tShare Name:\t\t\\\\*\\Files\r\n\tShare Path:\t\t\\??\\C:\\Files\r\n\r\nAccess Request Information:\r\n\tAccess Mask:\t\t0x1\r\n\tAccesses:\t\tReadData (or ListDirectory)\r\n\t\t\t\t\r\n","Category":"File Share","Opcode":"Info","SubjectUserSid":"S-1-5-21-4122792944-3018364698-3069667417-1140","SubjectUserName":"DC02$","SubjectDomainName":"SEC555","SubjectLogonId":"0x92ede2","ObjectType":"File","IpAddress":"10.5.55.3","IpPort":"62136","ShareName":"\\\\*\\Files","ShareLocalPath":"\\??\\C:\\Files","AccessMask":"0x1","AccessList":"%%4416\r\n\t\t\t\t","EventReceivedTime":1496947404,"SourceModuleName":"eventlog","SourceModuleType":"im_msvistalog","@version":"1","@timestamp":"2017-06-08T18:43:24.063Z","host":"10.5.55.31","port":51240,"type":"windows","tags":["json"]}
{"EventTime":"2017-06-08 13:43:22","Hostname":"FS01.sec555.com","Keywords":-9214364837600034816,"EventType":"AUDIT_SUCCESS","SeverityValue":2,"Severity":"INFO","EventID":5145,"SourceName":"Microsoft-Windows-Security-Auditing","ProviderGuid":"{54849625-5478-4994-A5BA-3E3B0328C30D}","Version":0,"Task":12811,"OpcodeValue":0,"RecordNumber":29033,"ProcessID":4,"ThreadID":812,"Channel":"Security","Message":"A network share object was checked to see whether client can be granted desired access.\r\n\t\r\nSubject:\r\n\tSecurity ID:\t\tS-1-5-21-4122792944-3018364698-3069667417-1140\r\n\tAccount Name:\t\tDC02$\r\n\tAccount Domain:\t\tSEC555\r\n\tLogon ID:\t\t0x92EDE2\r\n\r\nNetwork Information:\t\r\n\tObject Type:\t\tFile\r\n\tSource Address:\t\t10.5.55.3\r\n\tSource Port:\t\t62136\r\n\t\r\nShare Information:\r\n\tShare Name:\t\t\\\\*\\Files\r\n\tShare Path:\t\t\\??\\C:\\Files\r\n\tRelative Target Name:\t\\\r\n\r\nAccess Request Information:\r\n\tAccess Mask:\t\t0x100081\r\n\tAccesses:\t\tSYNCHRONIZE\r\n\t\t\t\tReadData (or ListDirectory)\r\n\t\t\t\tReadAttributes\r\n\t\t\t\t\r\nAccess Check Results:\r\n\tSYNCHRONIZE:\tGranted by\tD:(A;OICI;FA;;;WD)\r\n\t\t\t\tReadData (or ListDirectory):\tGranted by\tD:(A;OICI;FA;;;WD)\r\n\t\t\t\tReadAttributes:\tGranted by\tD:(A;OICI;FA;;;WD)\r\n\t\t\t\t\r\n","Category":"Detailed File Share","Opcode":"Info","SubjectUserSid":"S-1-5-21-4122792944-3018364698-3069667417-1140","SubjectUserName":"DC02$","SubjectDomainName":"SEC555","SubjectLogonId":"0x92ede2","ObjectType":"File","IpAddress":"10.5.55.3","IpPort":"62136","ShareName":"\\\\*\\Files","ShareLocalPath":"\\??\\C:\\Files","RelativeTargetName":"\\","AccessMask":"0x100081","AccessList":"%%1541\r\n\t\t\t\t%%4416\r\n\t\t\t\t%%4423\r\n\t\t\t\t","AccessReason":"%%1541:\t%%1801\tD:(A;OICI;FA;;;WD)\r\n\t\t\t\t%%4416:\t%%1801\tD:(A;OICI;FA;;;WD)\r\n\t\t\t\t%%4423:\t%%1801\tD:(A;OICI;FA;;;WD)\r\n\t\t\t\t","EventReceivedTime":1496947404,"SourceModuleName":"eventlog","SourceModuleType":"im_msvistalog","@version":"1","@timestamp":"2017-06-08T18:43:24.063Z","host":"10.5.55.31","port":51240,"type":"windows","tags":["json"]}
{"EventTime":"2017-06-08 13:43:22","Hostname":"FS01.sec555.com","Keywords":-9214364837600034816,"EventType":"AUDIT_SUCCESS","SeverityValue":2,"Severity":"INFO","EventID":5145,"SourceName":"Microsoft-Windows-Security-Auditing","ProviderGuid":"{54849625-5478-4994-A5BA-3E3B0328C30D}","Version":0,"Task":12811,"OpcodeValue":0,"RecordNumber":29034,"ProcessID":4,"ThreadID":812,"Channel":"Security","Message":"A network share object was checked to see whether client can be granted desired access.\r\n\t\r\nSubject:\r\n\tSecurity ID:\t\tS-1-5-21-4122792944-3018364698-3069667417-1140\r\n\tAccount Name:\t\tDC02$\r\n\tAccount Domain:\t\tSEC555\r\n\tLogon ID:\t\t0x92EDE2\r\n\r\nNetwork Information:\t\r\n\tObject Type:\t\tFile\r\n\tSource Address:\t\t10.5.55.3\r\n\tSource Port:\t\t62136\r\n\t\r\nShare Information:\r\n\tShare Name:\t\t\\\\*\\Files\r\n\tShare Path:\t\t\\??\\C:\\Files\r\n\tRelative Target Name:\tpasswords.txt\r\n\r\nAccess Request Information:\r\n\tAccess Mask:\t\t0x120089\r\n\tAccesses:\t\tREAD_CONTROL\r\n\t\t\t\tSYNCHRONIZE\r\n\t\t\t\tReadData (or ListDirectory)\r\n\t\t\t\tReadEA\r\n\t\t\t\tReadAttributes\r\n\t\t\t\t\r\nAccess Check Results:\r\n\tREAD_CONTROL:\tGranted by\tD:(A;OICI;FA;;;WD)\r\n\t\t\t\tSYNCHRONIZE:\tGranted by\tD:(A;OICI;FA;;;WD)\r\n\t\t\t\tReadData (or ListDirectory):\tGranted by\tD:(A;OICI;FA;;;WD)\r\n\t\t\t\tReadEA:\tGranted by\tD:(A;OICI;FA;;;WD)\r\n\t\t\t\tReadAttributes:\tGranted by\tD:(A;OICI;FA;;;WD)\r\n\t\t\t\t\r\n","Category":"Detailed File Share","Opcode":"Info","SubjectUserSid":"S-1-5-21-4122792944-3018364698-3069667417-1140","SubjectUserName":"DC02$","SubjectDomainName":"SEC555","SubjectLogonId":"0x92ede2","ObjectType":"File","IpAddress":"10.5.55.3","IpPort":"62136","ShareName":"\\\\*\\Files","ShareLocalPath":"\\??\\C:\\Files","RelativeTargetName":"passwords.txt","AccessMask":"0x120089","AccessList":"%%1538\r\n\t\t\t\t%%1541\r\n\t\t\t\t%%4416\r\n\t\t\t\t%%4419\r\n\t\t\t\t%%4423\r\n\t\t\t\t","AccessReason":"%%1538:\t%%1801\tD:(A;OICI;FA;;;WD)\r\n\t\t\t\t%%1541:\t%%1801\tD:(A;OICI;FA;;;WD)\r\n\t\t\t\t%%4416:\t%%1801\tD:(A;OICI;FA;;;WD)\r\n\t\t\t\t%%4419:\t%%1801\tD:(A;OICI;FA;;;WD)\r\n\t\t\t\t%%4423:\t%%1801\tD:(A;OICI;FA;;;WD)\r\n\t\t\t\t","EventReceivedTime":1496947404,"SourceModuleName":"eventlog","SourceModuleType":"im_msvistalog","@version":"1","@timestamp":"2017-06-08T18:43:24.064Z","host":"10.5.55.31","port":51240,"type":"windows","tags":["json"]}
{"EventTime":"2017-06-08 13:43:22","Hostname":"FS01.sec555.com","Keywords":-9214364837600034816,"EventType":"AUDIT_SUCCESS","SeverityValue":2,"Severity":"INFO","EventID":5145,"SourceName":"Microsoft-Windows-Security-Auditing","ProviderGuid":"{54849625-5478-4994-A5BA-3E3B0328C30D}","Version":0,"Task":12811,"OpcodeValue":0,"RecordNumber":29035,"ProcessID":4,"ThreadID":812,"Channel":"Security","Message":"A network share object was checked to see whether client can be granted desired access.\r\n\t\r\nSubject:\r\n\tSecurity ID:\t\tS-1-5-21-4122792944-3018364698-3069667417-1140\r\n\tAccount Name:\t\tDC02$\r\n\tAccount Domain:\t\tSEC555\r\n\tLogon ID:\t\t0x92EDE2\r\n\r\nNetwork Information:\t\r\n\tObject Type:\t\tFile\r\n\tSource Address:\t\t10.5.55.3\r\n\tSource Port:\t\t62136\r\n\t\r\nShare Information:\r\n\tShare Name:\t\t\\\\*\\Files\r\n\tShare Path:\t\t\\??\\C:\\Files\r\n\tRelative Target Name:\temployee_files.xlsx\r\n\r\nAccess Request Information:\r\n\tAccess Mask:\t\t0x120089\r\n\tAccesses:\t\tREAD_CONTROL\r\n\t\t\t\tSYNCHRONIZE\r\n\t\t\t\tReadData (or ListDirectory)\r\n\t\t\t\tReadEA\r\n\t\t\t\tReadAttributes\r\n\t\t\t\t\r\nAccess Check Results:\r\n\tREAD_CONTROL:\tGranted by\tD:(A;OICI;FA;;;WD)\r\n\t\t\t\tSYNCHRONIZE:\tGranted by\tD:(A;OICI;FA;;;WD)\r\n\t\t\t\tReadData (or ListDirectory):\tGranted by\tD:(A;OICI;FA;;;WD)\r\n\t\t\t\tReadEA:\tGranted by\tD:(A;OICI;FA;;;WD)\r\n\t\t\t\tReadAttributes:\tGranted by\tD:(A;OICI;FA;;;WD)\r\n\t\t\t\t\r\n","Category":"Detailed File Share","Opcode":"Info","SubjectUserSid":"S-1-5-21-4122792944-3018364698-3069667417-1140","SubjectUserName":"DC02$","SubjectDomainName":"SEC555","SubjectLogonId":"0x92ede2","ObjectType":"File","IpAddress":"10.5.55.3","IpPort":"62136","ShareName":"\\\\*\\Files","ShareLocalPath":"\\??\\C:\\Files","RelativeTargetName":"employee_files.xlsx","AccessMask":"0x120089","AccessList":"%%1538\r\n\t\t\t\t%%1541\r\n\t\t\t\t%%4416\r\n\t\t\t\t%%4419\r\n\t\t\t\t%%4423\r\n\t\t\t\t","AccessReason":"%%1538:\t%%1801\tD:(A;OICI;FA;;;WD)\r\n\t\t\t\t%%1541:\t%%1801\tD:(A;OICI;FA;;;WD)\r\n\t\t\t\t%%4416:\t%%1801\tD:(A;OICI;FA;;;WD)\r\n\t\t\t\t%%4419:\t%%1801\tD:(A;OICI;FA;;;WD)\r\n\t\t\t\t%%4423:\t%%1801\tD:(A;OICI;FA;;;WD)\r\n\t\t\t\t","EventReceivedTime":1496947404,"SourceModuleName":"eventlog","SourceModuleType":"im_msvistalog","@version":"1","@timestamp":"2017-06-08T18:43:24.064Z","host":"10.5.55.31","port":51240,"type":"windows","tags":["json"]}
{"EventTime":"2017-06-08 13:43:29","Hostname":"DC02.sec555.com","Keywords":-9187343239835811840,"EventType":"INFO","SeverityValue":2,"Severity":"INFO","EventID":7036,"SourceName":"Service Control Manager","ProviderGuid":"{555908D1-A6D7-4695-8E1E-26931D2012F4}","Version":0,"Task":0,"OpcodeValue":0,"RecordNumber":15676,"ProcessID":564,"ThreadID":1716,"Channel":"System","Message":"The Network Setup Service service entered the running state.","param1":"Network Setup Service","param2":"running","EventReceivedTime":1496947410,"SourceModuleName":"eventlog","SourceModuleType":"im_msvistalog","@version":"1","@timestamp":"2017-06-08T18:43:30.781Z","host":"10.5.55.3","port":62092,"type":"windows","tags":["json"]}
{"EventTime":"2017-06-08 13:42:42","Hostname":"IT01.sec555.com","Keywords":-9223372036854775808,"EventType":"INFO","SeverityValue":2,"Severity":"INFO","EventID":9,"SourceName":"Microsoft-Windows-Sysmon","ProviderGuid":"{5770385F-C22A-43E0-BF4C-06F5698FFBD9}","Version":2,"Task":9,"OpcodeValue":0,"RecordNumber":2178332,"ProcessID":1868,"ThreadID":1904,"Channel":"Microsoft-Windows-Sysmon/Operational","Domain":"NT AUTHORITY","AccountName":"SYSTEM","UserID":"S-1-5-18","AccountType":"User","Message":"RawAccessRead detected:\r\nUtcTime: 2017-06-08 18:42:42.625\r\nProcessGuid: {93A11FFC-5B4C-5939-0000-001083720100}\r\nProcessId: 924\r\nImage: C:\\Windows\\System32\\svchost.exe\r\nDevice: \\Device\\HarddiskVolume1","Category":"RawAccessRead detected (rule: RawAccessRead)","Opcode":"Info","UtcTime":"2017-06-08 18:42:42.625","ProcessGuid":"{93A11FFC-5B4C-5939-0000-001083720100}","Image":"C:\\Windows\\System32\\svchost.exe","Device":"\\Device\\HarddiskVolume1","EventReceivedTime":1496947364,"SourceModuleName":"eventlog","SourceModuleType":"im_msvistalog","@version":"1","@timestamp":"2017-06-08T18:43:34.223Z","host":"192.168.1.52","port":49522,"type":"windows","tags":["json"]}
{"EventTime":"2017-06-08 13:42:42","Hostname":"IT01.sec555.com","Keywords":-9223372036854775808,"EventType":"INFO","SeverityValue":2,"Severity":"INFO","EventID":9,"SourceName":"Microsoft-Windows-Sysmon","ProviderGuid":"{5770385F-C22A-43E0-BF4C-06F5698FFBD9}","Version":2,"Task":9,"OpcodeValue":0,"RecordNumber":2178333,"ProcessID":1868,"ThreadID":1904,"Channel":"Microsoft-Windows-Sysmon/Operational","Domain":"NT AUTHORITY","AccountName":"SYSTEM","UserID":"S-1-5-18","AccountType":"User","Message":"RawAccessRead detected:\r\nUtcTime: 2017-06-08 18:42:42.625\r\nProcessGuid: {93A11FFC-5B4C-5939-0000-001083720100}\r\nProcessId: 924\r\nImage: C:\\Windows\\System32\\svchost.exe\r\nDevice: \\Device\\HarddiskVolume1","Category":"RawAccessRead detected (rule: RawAccessRead)","Opcode":"Info","UtcTime":"2017-06-08 18:42:42.625","ProcessGuid":"{93A11FFC-5B4C-5939-0000-001083720100}","Image":"C:\\Windows\\System32\\svchost.exe","Device":"\\Device\\HarddiskVolume1","EventReceivedTime":1496947364,"SourceModuleName":"eventlog","SourceModuleType":"im_msvistalog","@version":"1","@timestamp":"2017-06-08T18:43:34.223Z","host":"192.168.1.52","port":49522,"type":"windows","tags":["json"]}
{"EventTime":"2017-06-08 13:42:42","Hostname":"IT01.sec555.com","Keywords":-9223372036854775808,"EventType":"INFO","SeverityValue":2,"Severity":"INFO","EventID":9,"SourceName":"Microsoft-Windows-Sysmon","ProviderGuid":"{5770385F-C22A-43E0-BF4C-06F5698FFBD9}","Version":2,"Task":9,"OpcodeValue":0,"RecordNumber":2178334,"ProcessID":1868,"ThreadID":1904,"Channel":"Microsoft-Windows-Sysmon/Operational","Domain":"NT AUTHORITY","AccountName":"SYSTEM","UserID":"S-1-5-18","AccountType":"User","Message":"RawAccessRead detected:\r\nUtcTime: 2017-06-08 18:42:42.625\r\nProcessGuid: {93A11FFC-5B4C-5939-0000-001083720100}\r\nProcessId: 924\r\nImage: C:\\Windows\\System32\\svchost.exe\r\nDevice: \\Device\\HarddiskVolume1","Category":"RawAccessRead detected (rule: RawAccessRead)","Opcode":"Info","UtcTime":"2017-06-08 18:42:42.625","ProcessGuid":"{93A11FFC-5B4C-5939-0000-001083720100}","Image":"C:\\Windows\\System32\\svchost.exe","Device":"\\Device\\HarddiskVolume1","EventReceivedTime":1496947364,"SourceModuleName":"eventlog","SourceModuleType":"im_msvistalog","@version":"1","@timestamp":"2017-06-08T18:43:34.223Z","host":"192.168.1.52","port":49522,"type":"windows","tags":["json"]}
{"EventTime":"2017-06-08 13:42:42","Hostname":"IT01.sec555.com","Keywords":-9223372036854775808,"EventType":"INFO","SeverityValue":2,"Severity":"INFO","EventID":9,"SourceName":"Microsoft-Windows-Sysmon","ProviderGuid":"{5770385F-C22A-43E0-BF4C-06F5698FFBD9}","Version":2,"Task":9,"OpcodeValue":0,"RecordNumber":2178335,"ProcessID":1868,"ThreadID":1904,"Channel":"Microsoft-Windows-Sysmon/Operational","Domain":"NT AUTHORITY","AccountName":"SYSTEM","UserID":"S-1-5-18","AccountType":"User","Message":"RawAccessRead detected:\r\nUtcTime: 2017-06-08 18:42:42.625\r\nProcessGuid: {93A11FFC-5B4C-5939-0000-001083720100}\r\nProcessId: 924\r\nImage: C:\\Windows\\System32\\svchost.exe\r\nDevice: \\Device\\HarddiskVolume1","Category":"RawAccessRead detected (rule: RawAccessRead)","Opcode":"Info","UtcTime":"2017-06-08 18:42:42.625","ProcessGuid":"{93A11FFC-5B4C-5939-0000-001083720100}","Image":"C:\\Windows\\System32\\svchost.exe","Device":"\\Device\\HarddiskVolume1","EventReceivedTime":1496947364,"SourceModuleName":"eventlog","SourceModuleType":"im_msvistalog","@version":"1","@timestamp":"2017-06-08T18:43:34.224Z","host":"192.168.1.52","port":49522,"type":"windows","tags":["json"]}
{"EventTime":"2017-06-08 13:42:42","Hostname":"IT01.sec555.com","Keywords":-9223372036854775808,"EventType":"INFO","SeverityValue":2,"Severity":"INFO","EventID":9,"SourceName":"Microsoft-Windows-Sysmon","ProviderGuid":"{5770385F-C22A-43E0-BF4C-06F5698FFBD9}","Version":2,"Task":9,"OpcodeValue":0,"RecordNumber":2178336,"ProcessID":1868,"ThreadID":1904,"Channel":"Microsoft-Windows-Sysmon/Operational","Domain":"NT AUTHORITY","AccountName":"SYSTEM","UserID":"S-1-5-18","AccountType":"User","Message":"RawAccessRead detected:\r\nUtcTime: 2017-06-08 18:42:42.625\r\nProcessGuid: {93A11FFC-5B4C-5939-0000-001083720100}\r\nProcessId: 924\r\nImage: C:\\Windows\\System32\\svchost.exe\r\nDevice: \\Device\\HarddiskVolume1","Category":"RawAccessRead detected (rule: RawAccessRead)","Opcode":"Info","UtcTime":"2017-06-08 18:42:42.625","ProcessGuid":"{93A11FFC-5B4C-5939-0000-001083720100}","Image":"C:\\Windows\\System32\\svchost.exe","Device":"\\Device\\HarddiskVolume1","EventReceivedTime":1496947364,"SourceModuleName":"eventlog","SourceModuleType":"im_msvistalog","@version":"1","@timestamp":"2017-06-08T18:43:34.224Z","host":"192.168.1.52","port":49522,"type":"windows","tags":["json"]}
{"EventTime":"2017-06-08 13:42:42","Hostname":"IT01.sec555.com","Keywords":-9223372036854775808,"EventType":"INFO","SeverityValue":2,"Severity":"INFO","EventID":9,"SourceName":"Microsoft-Windows-Sysmon","ProviderGuid":"{5770385F-C22A-43E0-BF4C-06F5698FFBD9}","Version":2,"Task":9,"OpcodeValue":0,"RecordNumber":2178337,"ProcessID":1868,"ThreadID":1904,"Channel":"Microsoft-Windows-Sysmon/Operational","Domain":"NT AUTHORITY","AccountName":"SYSTEM","UserID":"S-1-5-18","AccountType":"User","Message":"RawAccessRead detected:\r\nUtcTime: 2017-06-08 18:42:42.625\r\nProcessGuid: {93A11FFC-5B4C-5939-0000-001083720100}\r\nProcessId: 924\r\nImage: C:\\Windows\\System32\\svchost.exe\r\nDevice: \\Device\\HarddiskVolume1","Category":"RawAccessRead detected (rule: RawAccessRead)","Opcode":"Info","UtcTime":"2017-06-08 18:42:42.625","ProcessGuid":"{93A11FFC-5B4C-5939-0000-001083720100}","Image":"C:\\Windows\\System32\\svchost.exe","Device":"\\Device\\HarddiskVolume1","EventReceivedTime":1496947364,"SourceModuleName":"eventlog","SourceModuleType":"im_msvistalog","@version":"1","@timestamp":"2017-06-08T18:43:34.224Z","host":"192.168.1.52","port":49522,"type":"windows","tags":["json"]}
{"EventTime":"2017-06-08 13:42:42","Hostname":"IT01.sec555.com","Keywords":-9187343239835811840,"EventType":"INFO","SeverityValue":2,"Severity":"INFO","EventID":7036,"SourceName":"Service Control Manager","ProviderGuid":"{555908D1-A6D7-4695-8E1E-26931D2012F4}","Version":0,"Task":0,"OpcodeValue":0,"RecordNumber":31593,"ProcessID":484,"ThreadID":2876,"Channel":"System","Message":"The Application Experience service entered the running state.","param1":"Application Experience","param2":"running","EventReceivedTime":1496947365,"SourceModuleName":"eventlog","SourceModuleType":"im_msvistalog","@version":"1","@timestamp":"2017-06-08T18:43:34.224Z","host":"192.168.1.52","port":49522,"type":"windows","tags":["json"]}
{"EventTime":"2017-06-08 13:42:42","Hostname":"IT01.sec555.com","Keywords":-9218868437227405312,"EventType":"AUDIT_FAILURE","SeverityValue":4,"Severity":"ERROR","EventID":4673,"SourceName":"Microsoft-Windows-Security-Auditing","ProviderGuid":"{54849625-5478-4994-A5BA-3E3B0328C30D}","Version":0,"Task":13056,"OpcodeValue":0,"RecordNumber":13819585,"ProcessID":500,"ThreadID":520,"Channel":"Security","Message":"A privileged service was called.\r\n\r\nSubject:\r\n\tSecurity ID:\t\tS-1-5-19\r\n\tAccount Name:\t\tLOCAL SERVICE\r\n\tAccount Domain:\t\tNT AUTHORITY\r\n\tLogon ID:\t\t0x3e5\r\n\r\nService:\r\n\tServer:\tSecurity\r\n\tService Name:\t-\r\n\r\nProcess:\r\n\tProcess ID:\t0x2f4\r\n\tProcess Name:\tC:\\Windows\\System32\\svchost.exe\r\n\r\nService Request Information:\r\n\tPrivileges:\t\tSeLoadDriverPrivilege","Category":"Sensitive Privilege Use","Opcode":"Info","SubjectUserSid":"S-1-5-19","SubjectUserName":"LOCAL SERVICE","SubjectDomainName":"NT AUTHORITY","SubjectLogonId":"0x3e5","ObjectServer":"Security","Service":"-","PrivilegeList":"SeLoadDriverPrivilege","ProcessName":"C:\\Windows\\System32\\svchost.exe","EventReceivedTime":1496947365,"SourceModuleName":"eventlog","SourceModuleType":"im_msvistalog","@version":"1","@timestamp":"2017-06-08T18:43:34.224Z","host":"192.168.1.52","port":49522,"type":"windows","tags":["json"]}
{"EventTime":"2017-06-08 13:42:53","Hostname":"IT01.sec555.com","Keywords":-9223372036854775808,"EventType":"INFO","SeverityValue":2,"Severity":"INFO","EventID":9,"SourceName":"Microsoft-Windows-Sysmon","ProviderGuid":"{5770385F-C22A-43E0-BF4C-06F5698FFBD9}","Version":2,"Task":9,"OpcodeValue":0,"RecordNumber":2178344,"ProcessID":1868,"ThreadID":1904,"Channel":"Microsoft-Windows-Sysmon/Operational","Domain":"NT AUTHORITY","AccountName":"SYSTEM","UserID":"S-1-5-18","AccountType":"User","Message":"RawAccessRead detected:\r\nUtcTime: 2017-06-08 18:42:53.186\r\nProcessGuid: {93A11FFC-9AAD-5939-0000-0010728B8700}\r\nProcessId: 3588\r\nImage: C:\\Windows\\System32\\dsget.exe\r\nDevice: \\Device\\HarddiskVolume1","Category":"RawAccessRead detected (rule: RawAccessRead)","Opcode":"Info","UtcTime":"2017-06-08 18:42:53.186","ProcessGuid":"{93A11FFC-9AAD-5939-0000-0010728B8700}","Image":"C:\\Windows\\System32\\dsget.exe","Device":"\\Device\\HarddiskVolume1","EventReceivedTime":1496947374,"SourceModuleName":"eventlog","SourceModuleType":"im_msvistalog","@version":"1","@timestamp":"2017-06-08T18:43:34.225Z","host":"192.168.1.52","port":49522,"type":"windows","tags":["json"]}
{"EventTime":"2017-06-08 13:43:33","Hostname":"DC02.sec555.com","Keywords":-9214364837600034816,"EventType":"AUDIT_SUCCESS","SeverityValue":2,"Severity":"INFO","EventID":4634,"SourceName":"Microsoft-Windows-Security-Auditing","ProviderGuid":"{54849625-5478-4994-A5BA-3E3B0328C30D}","Version":0,"Task":12545,"OpcodeValue":0,"RecordNumber":396659,"ProcessID":572,"ThreadID":3676,"Channel":"Security","Message":"An account was logged off.\r\n\r\nSubject:\r\n\tSecurity ID:\t\tS-1-5-18\r\n\tAccount Name:\t\tDC02$\r\n\tAccount Domain:\t\tSEC555\r\n\tLogon ID:\t\t0xFC3347\r\n\r\nLogon Type:\t\t\t3\r\n\r\nThis event is generated when a logon session is destroyed. It may be positively correlated with a logon event using the Logon ID value. Logon IDs are only unique between reboots on the same computer.","Category":"Logoff","Opcode":"Info","TargetUserSid":"S-1-5-18","TargetUserName":"DC02$","TargetDomainName":"SEC555","TargetLogonId":"0xfc3347","LogonType":"3","EventReceivedTime":1496947414,"SourceModuleName":"eventlog","SourceModuleType":"im_msvistalog","@version":"1","@timestamp":"2017-06-08T18:43:34.837Z","host":"10.5.55.3","port":62092,"type":"windows","tags":["json"]}
{"EventTime":"2017-06-08 13:43:33","Hostname":"DC02.sec555.com","Keywords":-9214364837600034816,"EventType":"AUDIT_SUCCESS","SeverityValue":2,"Severity":"INFO","EventID":4611,"SourceName":"Microsoft-Windows-Security-Auditing","ProviderGuid":"{54849625-5478-4994-A5BA-3E3B0328C30D}","Version":0,"Task":12289,"OpcodeValue":0,"RecordNumber":396660,"ActivityID":"{78C8CBAF-DFA9-0000-71CC-C878A9DFD201}","ProcessID":572,"ThreadID":3292,"Channel":"Security","Message":"A trusted logon process has been registered with the Local Security Authority.\r\nThis logon process will be trusted to submit logon requests.\r\n\r\nSubject:\r\n\tSecurity ID:\t\tS-1-5-18\r\n\tAccount Name:\t\tDC02$\r\n\tAccount Domain:\t\tSEC555\r\n\tLogon ID:\t\t0x3E7\r\n\r\nLogon Process Name:\t\tWinlogon","Category":"Security System Extension","Opcode":"Info","SubjectUserSid":"S-1-5-18","SubjectUserName":"DC02$","SubjectDomainName":"SEC555","SubjectLogonId":"0x3e7","LogonProcessName":"Winlogon","EventReceivedTime":1496947414,"SourceModuleName":"eventlog","SourceModuleType":"im_msvistalog","@version":"1","@timestamp":"2017-06-08T18:43:34.838Z","host":"10.5.55.3","port":62092,"type":"windows","tags":["json"]}
{"EventTime":"2017-06-08 13:43:33","Hostname":"DC02.sec555.com","Keywords":-9214364837600034816,"EventType":"AUDIT_SUCCESS","SeverityValue":2,"Severity":"INFO","EventID":4673,"SourceName":"Microsoft-Windows-Security-Auditing","ProviderGuid":"{54849625-5478-4994-A5BA-3E3B0328C30D}","Version":0,"Task":13056,"OpcodeValue":0,"RecordNumber":396661,"ProcessID":4,"ThreadID":452,"Channel":"Security","Message":"A privileged service was called.\r\n\r\nSubject:\r\n\tSecurity ID:\t\tS-1-5-18\r\n\tAccount Name:\t\tDC02$\r\n\tAccount Domain:\t\tSEC555\r\n\tLogon ID:\t\t0x3E7\r\n\r\nService:\r\n\tServer:\tNT Local Security Authority / Authentication Service\r\n\tService Name:\tLsaRegisterLogonProcess()\r\n\r\nProcess:\r\n\tProcess ID:\t0x23c\r\n\tProcess Name:\tC:\\Windows\\System32\\lsass.exe\r\n\r\nService Request Information:\r\n\tPrivileges:\t\tSeTcbPrivilege","Category":"Sensitive Privilege Use","Opcode":"Info","SubjectUserSid":"S-1-5-18","SubjectUserName":"DC02$","SubjectDomainName":"SEC555","SubjectLogonId":"0x3e7","ObjectServer":"NT Local Security Authority / Authentication Service","Service":"LsaRegisterLogonProcess()","PrivilegeList":"SeTcbPrivilege","ProcessName":"C:\\Windows\\System32\\lsass.exe","EventReceivedTime":1496947414,"SourceModuleName":"eventlog","SourceModuleType":"im_msvistalog","@version":"1","@timestamp":"2017-06-08T18:43:34.838Z","host":"10.5.55.3","port":62092,"type":"windows","tags":["json"]}
{"EventTime":"2017-06-08 13:43:33","Hostname":"DC02.sec555.com","Keywords":-9214364837600034816,"EventType":"AUDIT_SUCCESS","SeverityValue":2,"Severity":"INFO","EventID":4611,"SourceName":"Microsoft-Windows-Security-Auditing","ProviderGuid":"{54849625-5478-4994-A5BA-3E3B0328C30D}","Version":0,"Task":12289,"OpcodeValue":0,"RecordNumber":396662,"ActivityID":"{78C8CBAF-DFA9-0000-71CC-C878A9DFD201}","ProcessID":572,"ThreadID":3292,"Channel":"Security","Message":"A trusted logon process has been registered with the Local Security Authority.\r\nThis logon process will be trusted to submit logon requests.\r\n\r\nSubject:\r\n\tSecurity ID:\t\tS-1-5-18\r\n\tAccount Name:\t\tDC02$\r\n\tAccount Domain:\t\tSEC555\r\n\tLogon ID:\t\t0x3E7\r\n\r\nLogon Process Name:\t\tUserManager","Category":"Security System Extension","Opcode":"Info","SubjectUserSid":"S-1-5-18","SubjectUserName":"DC02$","SubjectDomainName":"SEC555","SubjectLogonId":"0x3e7","LogonProcessName":"UserManager","EventReceivedTime":1496947414,"SourceModuleName":"eventlog","SourceModuleType":"im_msvistalog","@version":"1","@timestamp":"2017-06-08T18:43:34.838Z","host":"10.5.55.3","port":62092,"type":"windows","tags":["json"]}
{"EventTime":"2017-06-08 13:43:33","Hostname":"DC02.sec555.com","Keywords":-9214364837600034816,"EventType":"AUDIT_SUCCESS","SeverityValue":2,"Severity":"INFO","EventID":4673,"SourceName":"Microsoft-Windows-Security-Auditing","ProviderGuid":"{54849625-5478-4994-A5BA-3E3B0328C30D}","Version":0,"Task":13056,"OpcodeValue":0,"RecordNumber":396663,"ProcessID":4,"ThreadID":452,"Channel":"Security","Message":"A privileged service was called.\r\n\r\nSubject:\r\n\tSecurity ID:\t\tS-1-5-18\r\n\tAccount Name:\t\tDC02$\r\n\tAccount Domain:\t\tSEC555\r\n\tLogon ID:\t\t0x3E7\r\n\r\nService:\r\n\tServer:\tNT Local Security Authority / Authentication Service\r\n\tService Name:\tLsaRegisterLogonProcess()\r\n\r\nProcess:\r\n\tProcess ID:\t0x23c\r\n\tProcess Name:\tC:\\Windows\\System32\\lsass.exe\r\n\r\nService Request Information:\r\n\tPrivileges:\t\tSeTcbPrivilege","Category":"Sensitive Privilege Use","Opcode":"Info","SubjectUserSid":"S-1-5-18","SubjectUserName":"DC02$","SubjectDomainName":"SEC555","SubjectLogonId":"0x3e7","ObjectServer":"NT Local Security Authority / Authentication Service","Service":"LsaRegisterLogonProcess()","PrivilegeList":"SeTcbPrivilege","ProcessName":"C:\\Windows\\System32\\lsass.exe","EventReceivedTime":1496947414,"SourceModuleName":"eventlog","SourceModuleType":"im_msvistalog","@version":"1","@timestamp":"2017-06-08T18:43:34.838Z","host":"10.5.55.3","port":62092,"type":"windows","tags":["json"]}
{"EventTime":"2017-06-08 13:43:33","Hostname":"DC02.sec555.com","Keywords":-9214364837600034816,"EventType":"AUDIT_SUCCESS","SeverityValue":2,"Severity":"INFO","EventID":4611,"SourceName":"Microsoft-Windows-Security-Auditing","ProviderGuid":"{54849625-5478-4994-A5BA-3E3B0328C30D}","Version":0,"Task":12289,"OpcodeValue":0,"RecordNumber":396664,"ActivityID":"{78C8CBAF-DFA9-0000-71CC-C878A9DFD201}","ProcessID":572,"ThreadID":3292,"Channel":"Security","Message":"A trusted logon process has been registered with the Local Security Authority.\r\nThis logon process will be trusted to submit logon requests.\r\n\r\nSubject:\r\n\tSecurity ID:\t\tS-1-5-18\r\n\tAccount Name:\t\tDC02$\r\n\tAccount Domain:\t\tSEC555\r\n\tLogon ID:\t\t0x3E7\r\n\r\nLogon Process Name:\t\tUserManager","Category":"Security System Extension","Opcode":"Info","SubjectUserSid":"S-1-5-18","SubjectUserName":"DC02$","SubjectDomainName":"SEC555","SubjectLogonId":"0x3e7","LogonProcessName":"UserManager","EventReceivedTime":1496947414,"SourceModuleName":"eventlog","SourceModuleType":"im_msvistalog","@version":"1","@timestamp":"2017-06-08T18:43:34.839Z","host":"10.5.55.3","port":62092,"type":"windows","tags":["json"]}
{"EventTime":"2017-06-08 13:43:33","Hostname":"DC02.sec555.com","Keywords":-9214364837600034816,"EventType":"AUDIT_SUCCESS","SeverityValue":2,"Severity":"INFO","EventID":4673,"SourceName":"Microsoft-Windows-Security-Auditing","ProviderGuid":"{54849625-5478-4994-A5BA-3E3B0328C30D}","Version":0,"Task":13056,"OpcodeValue":0,"RecordNumber":396665,"ProcessID":4,"ThreadID":452,"Channel":"Security","Message":"A privileged service was called.\r\n\r\nSubject:\r\n\tSecurity ID:\t\tS-1-5-18\r\n\tAccount Name:\t\tDC02$\r\n\tAccount Domain:\t\tSEC555\r\n\tLogon ID:\t\t0x3E7\r\n\r\nService:\r\n\tServer:\tNT Local Security Authority / Authentication Service\r\n\tService Name:\tLsaRegisterLogonProcess()\r\n\r\nProcess:\r\n\tProcess ID:\t0x23c\r\n\tProcess Name:\tC:\\Windows\\System32\\lsass.exe\r\n\r\nService Request Information:\r\n\tPrivileges:\t\tSeTcbPrivilege","Category":"Sensitive Privilege Use","Opcode":"Info","SubjectUserSid":"S-1-5-18","SubjectUserName":"DC02$","SubjectDomainName":"SEC555","SubjectLogonId":"0x3e7","ObjectServer":"NT Local Security Authority / Authentication Service","Service":"LsaRegisterLogonProcess()","PrivilegeList":"SeTcbPrivilege","ProcessName":"C:\\Windows\\System32\\lsass.exe","EventReceivedTime":1496947414,"SourceModuleName":"eventlog","SourceModuleType":"im_msvistalog","@version":"1","@timestamp":"2017-06-08T18:43:34.839Z","host":"10.5.55.3","port":62092,"type":"windows","tags":["json"]}
{"EventTime":"2017-06-08 13:43:33","Hostname":"DC02.sec555.com","Keywords":-9214364837600034816,"EventType":"AUDIT_SUCCESS","SeverityValue":2,"Severity":"INFO","EventID":4648,"SourceName":"Microsoft-Windows-Security-Auditing","ProviderGuid":"{54849625-5478-4994-A5BA-3E3B0328C30D}","Version":0,"Task":12544,"OpcodeValue":0,"RecordNumber":396666,"ActivityID":"{78C8CBAF-DFA9-0000-71CC-C878A9DFD201}","ProcessID":572,"ThreadID":3292,"Channel":"Security","Message":"A logon was attempted using explicit credentials.\r\n\r\nSubject:\r\n\tSecurity ID:\t\tS-1-5-18\r\n\tAccount Name:\t\tDC02$\r\n\tAccount Domain:\t\tSEC555\r\n\tLogon ID:\t\t0x3E7\r\n\tLogon GUID:\t\t{00000000-0000-0000-0000-000000000000}\r\n\r\nAccount Whose Credentials Were Used:\r\n\tAccount Name:\t\tjhenderson\r\n\tAccount Domain:\t\tSEC555\r\n\tLogon GUID:\t\t{3352DD39-900A-91A7-E0F5-60906BC3B818}\r\n\r\nTarget Server:\r\n\tTarget Server Name:\tlocalhost\r\n\tAdditional Information:\tlocalhost\r\n\r\nProcess Information:\r\n\tProcess ID:\t\t0x4d8\r\n\tProcess Name:\t\tC:\\Windows\\System32\\svchost.exe\r\n\r\nNetwork Information:\r\n\tNetwork Address:\t127.0.0.1\r\n\tPort:\t\t\t0\r\n\r\nThis event is generated when a process attempts to log on an account by explicitly specifying that accounts credentials.  This most commonly occurs in batch-type configurations such as scheduled tasks, or when using the RUNAS command.","Category":"Logon","Opcode":"Info","SubjectUserSid":"S-1-5-18","SubjectUserName":"DC02$","SubjectDomainName":"SEC555","SubjectLogonId":"0x3e7","LogonGuid":"{00000000-0000-0000-0000-000000000000}","TargetUserName":"jhenderson","TargetDomainName":"SEC555","TargetLogonGuid":"{3352DD39-900A-91A7-E0F5-60906BC3B818}","TargetServerName":"localhost","TargetInfo":"localhost","ProcessName":"C:\\Windows\\System32\\svchost.exe","IpAddress":"127.0.0.1","IpPort":"0","EventReceivedTime":1496947414,"SourceModuleName":"eventlog","SourceModuleType":"im_msvistalog","@version":"1","@timestamp":"2017-06-08T18:43:34.840Z","host":"10.5.55.3","port":62092,"type":"windows","tags":["json"]}
{"EventTime":"2017-06-08 13:43:33","Hostname":"DC02.sec555.com","Keywords":-9214364837600034816,"EventType":"AUDIT_SUCCESS","SeverityValue":2,"Severity":"INFO","EventID":4624,"SourceName":"Microsoft-Windows-Security-Auditing","ProviderGuid":"{54849625-5478-4994-A5BA-3E3B0328C30D}","Version":2,"Task":12544,"OpcodeValue":0,"RecordNumber":396667,"ActivityID":"{78C8CBAF-DFA9-0000-71CC-C878A9DFD201}","ProcessID":572,"ThreadID":3292,"Channel":"Security","Message":"An account was successfully logged on.\r\n\r\nSubject:\r\n\tSecurity ID:\t\tS-1-5-18\r\n\tAccount Name:\t\tDC02$\r\n\tAccount Domain:\t\tSEC555\r\n\tLogon ID:\t\t0x3E7\r\n\r\nLogon Information:\r\n\tLogon Type:\t\t2\r\n\tRestricted Admin Mode:\t-\r\n\tVirtual Account:\t\tNo\r\n\tElevated Token:\t\tYes\r\n\r\nImpersonation Level:\t\tImpersonation\r\n\r\nNew Logon:\r\n\tSecurity ID:\t\tS-1-5-21-4122792944-3018364698-3069667417-1001\r\n\tAccount Name:\t\tjhenderson\r\n\tAccount Domain:\t\tSEC555\r\n\tLogon ID:\t\t0xFC6308\r\n\tLinked Logon ID:\t\t0xFC631B\r\n\tNetwork Account Name:\t-\r\n\tNetwork Account Domain:\t-\r\n\tLogon GUID:\t\t{3352DD39-900A-91A7-E0F5-60906BC3B818}\r\n\r\nProcess Information:\r\n\tProcess ID:\t\t0x4d8\r\n\tProcess Name:\t\tC:\\Windows\\System32\\svchost.exe\r\n\r\nNetwork Information:\r\n\tWorkstation Name:\tDC02\r\n\tSource Network Address:\t127.0.0.1\r\n\tSource Port:\t\t0\r\n\r\nDetailed Authentication Information:\r\n\tLogon Process:\t\tUser32 \r\n\tAuthentication Package:\tNegotiate\r\n\tTransited Services:\t-\r\n\tPackage Name (NTLM only):\t-\r\n\tKey Length:\t\t0\r\n\r\nThis event is generated when a logon session is created. It is generated on the computer that was accessed.\r\n\r\nThe subject fields indicate the account on the local system which requested the logon. This is most commonly a service such as the Server service, or a local process such as Winlogon.exe or Services.exe.\r\n\r\nThe logon type field indicates the kind of logon that occurred. The most common types are 2 (interactive) and 3 (network).\r\n\r\nThe New Logon fields indicate the account for whom the new logon was created, i.e. the account that was logged on.\r\n\r\nThe network fields indicate where a remote logon request originated. Workstation name is not always available and may be left blank in some cases.\r\n\r\nThe impersonation level field indicates the extent to which a process in the logon session can impersonate.\r\n\r\nThe authentication information fields provide detailed information about this specific logon request.\r\n\t- Logon GUID is a unique identifier that can be used to correlate this event with a KDC event.\r\n\t- Transited services indicate which intermediate services have participated in this logon request.\r\n\t- Package name indicates which sub-protocol was used among the NTLM protocols.\r\n\t- Key length indicates the length of the generated session key. This will be 0 if no session key was requested.","Category":"Logon","Opcode":"Info","SubjectUserSid":"S-1-5-18","SubjectUserName":"DC02$","SubjectDomainName":"SEC555","SubjectLogonId":"0x3e7","TargetUserSid":"S-1-5-21-4122792944-3018364698-3069667417-1001","TargetUserName":"jhenderson","TargetDomainName":"SEC555","TargetLogonId":"0xfc6308","LogonType":"2","LogonProcessName":"User32 ","AuthenticationPackageName":"Negotiate","WorkstationName":"DC02","LogonGuid":"{3352DD39-900A-91A7-E0F5-60906BC3B818}","TransmittedServices":"-","LmPackageName":"-","KeyLength":"0","ProcessName":"C:\\Windows\\System32\\svchost.exe","IpAddress":"127.0.0.1","IpPort":"0","ImpersonationLevel":"%%1833","RestrictedAdminMode":"-","TargetOutboundUserName":"-","TargetOutboundDomainName":"-","VirtualAccount":"%%1843","TargetLinkedLogonId":"0xfc631b","ElevatedToken":"%%1842","EventReceivedTime":1496947414,"SourceModuleName":"eventlog","SourceModuleType":"im_msvistalog","@version":"1","@timestamp":"2017-06-08T18:43:34.840Z","host":"10.5.55.3","port":62092,"type":"windows","tags":["json"]}
{"EventTime":"2017-06-08 13:43:33","Hostname":"DC02.sec555.com","Keywords":-9214364837600034816,"EventType":"AUDIT_SUCCESS","SeverityValue":2,"Severity":"INFO","EventID":4624,"SourceName":"Microsoft-Windows-Security-Auditing","ProviderGuid":"{54849625-5478-4994-A5BA-3E3B0328C30D}","Version":2,"Task":12544,"OpcodeValue":0,"RecordNumber":396668,"ActivityID":"{78C8CBAF-DFA9-0000-71CC-C878A9DFD201}","ProcessID":572,"ThreadID":3292,"Channel":"Security","Message":"An account was successfully logged on.\r\n\r\nSubject:\r\n\tSecurity ID:\t\tS-1-5-18\r\n\tAccount Name:\t\tDC02$\r\n\tAccount Domain:\t\tSEC555\r\n\tLogon ID:\t\t0x3E7\r\n\r\nLogon Information:\r\n\tLogon Type:\t\t2\r\n\tRestricted Admin Mode:\t-\r\n\tVirtual Account:\t\tNo\r\n\tElevated Token:\t\tNo\r\n\r\nImpersonation Level:\t\tImpersonation\r\n\r\nNew Logon:\r\n\tSecurity ID:\t\tS-1-5-21-4122792944-3018364698-3069667417-1001\r\n\tAccount Name:\t\tjhenderson\r\n\tAccount Domain:\t\tSEC555\r\n\tLogon ID:\t\t0xFC631B\r\n\tLinked Logon ID:\t\t0xFC6308\r\n\tNetwork Account Name:\t-\r\n\tNetwork Account Domain:\t-\r\n\tLogon GUID:\t\t{00000000-0000-0000-0000-000000000000}\r\n\r\nProcess Information:\r\n\tProcess ID:\t\t0x4d8\r\n\tProcess Name:\t\tC:\\Windows\\System32\\svchost.exe\r\n\r\nNetwork Information:\r\n\tWorkstation Name:\tDC02\r\n\tSource Network Address:\t127.0.0.1\r\n\tSource Port:\t\t0\r\n\r\nDetailed Authentication Information:\r\n\tLogon Process:\t\tUser32 \r\n\tAuthentication Package:\tNegotiate\r\n\tTransited Services:\t-\r\n\tPackage Name (NTLM only):\t-\r\n\tKey Length:\t\t0\r\n\r\nThis event is generated when a logon session is created. It is generated on the computer that was accessed.\r\n\r\nThe subject fields indicate the account on the local system which requested the logon. This is most commonly a service such as the Server service, or a local process such as Winlogon.exe or Services.exe.\r\n\r\nThe logon type field indicates the kind of logon that occurred. The most common types are 2 (interactive) and 3 (network).\r\n\r\nThe New Logon fields indicate the account for whom the new logon was created, i.e. the account that was logged on.\r\n\r\nThe network fields indicate where a remote logon request originated. Workstation name is not always available and may be left blank in some cases.\r\n\r\nThe impersonation level field indicates the extent to which a process in the logon session can impersonate.\r\n\r\nThe authentication information fields provide detailed information about this specific logon request.\r\n\t- Logon GUID is a unique identifier that can be used to correlate this event with a KDC event.\r\n\t- Transited services indicate which intermediate services have participated in this logon request.\r\n\t- Package name indicates which sub-protocol was used among the NTLM protocols.\r\n\t- Key length indicates the length of the generated session key. This will be 0 if no session key was requested.","Category":"Logon","Opcode":"Info","SubjectUserSid":"S-1-5-18","SubjectUserName":"DC02$","SubjectDomainName":"SEC555","SubjectLogonId":"0x3e7","TargetUserSid":"S-1-5-21-4122792944-3018364698-3069667417-1001","TargetUserName":"jhenderson","TargetDomainName":"SEC555","TargetLogonId":"0xfc631b","LogonType":"2","LogonProcessName":"User32 ","AuthenticationPackageName":"Negotiate","WorkstationName":"DC02","LogonGuid":"{00000000-0000-0000-0000-000000000000}","TransmittedServices":"-","LmPackageName":"-","KeyLength":"0","ProcessName":"C:\\Windows\\System32\\svchost.exe","IpAddress":"127.0.0.1","IpPort":"0","ImpersonationLevel":"%%1833","RestrictedAdminMode":"-","TargetOutboundUserName":"-","TargetOutboundDomainName":"-","VirtualAccount":"%%1843","TargetLinkedLogonId":"0xfc6308","ElevatedToken":"%%1843","EventReceivedTime":1496947414,"SourceModuleName":"eventlog","SourceModuleType":"im_msvistalog","@version":"1","@timestamp":"2017-06-08T18:43:34.841Z","host":"10.5.55.3","port":62092,"type":"windows","tags":["json"]}
{"EventTime":"2017-06-08 13:43:33","Hostname":"DC02.sec555.com","Keywords":-9214364837600034816,"EventType":"AUDIT_SUCCESS","SeverityValue":2,"Severity":"INFO","EventID":4672,"SourceName":"Microsoft-Windows-Security-Auditing","ProviderGuid":"{54849625-5478-4994-A5BA-3E3B0328C30D}","Version":0,"Task":12548,"OpcodeValue":0,"RecordNumber":396669,"ActivityID":"{78C8CBAF-DFA9-0000-71CC-C878A9DFD201}","ProcessID":572,"ThreadID":3292,"Channel":"Security","Message":"Special privileges assigned to new logon.\r\n\r\nSubject:\r\n\tSecurity ID:\t\tS-1-5-21-4122792944-3018364698-3069667417-1001\r\n\tAccount Name:\t\tjhenderson\r\n\tAccount Domain:\t\tSEC555\r\n\tLogon ID:\t\t0xFC6308\r\n\r\nPrivileges:\t\tSeSecurityPrivilege\r\n\t\t\tSeTakeOwnershipPrivilege\r\n\t\t\tSeLoadDriverPrivilege\r\n\t\t\tSeBackupPrivilege\r\n\t\t\tSeRestorePrivilege\r\n\t\t\tSeDebugPrivilege\r\n\t\t\tSeSystemEnvironmentPrivilege\r\n\t\t\tSeEnableDelegationPrivilege\r\n\t\t\tSeImpersonatePrivilege\r\n\t\t\tSeDelegateSessionUserImpersonatePrivilege","Category":"Special Logon","Opcode":"Info","SubjectUserSid":"S-1-5-21-4122792944-3018364698-3069667417-1001","SubjectUserName":"jhenderson","SubjectDomainName":"SEC555","SubjectLogonId":"0xfc6308","PrivilegeList":"SeSecurityPrivilege\r\n\t\t\tSeTakeOwnershipPrivilege\r\n\t\t\tSeLoadDriverPrivilege\r\n\t\t\tSeBackupPrivilege\r\n\t\t\tSeRestorePrivilege\r\n\t\t\tSeDebugPrivilege\r\n\t\t\tSeSystemEnvironmentPrivilege\r\n\t\t\tSeEnableDelegationPrivilege\r\n\t\t\tSeImpersonatePrivilege\r\n\t\t\tSeDelegateSessionUserImpersonatePrivilege","EventReceivedTime":1496947414,"SourceModuleName":"eventlog","SourceModuleType":"im_msvistalog","@version":"1","@timestamp":"2017-06-08T18:43:34.841Z","host":"10.5.55.3","port":62092,"type":"windows","tags":["json"]}
