{"EventTime":"2017-06-08 13:40:15","Hostname":"DC01.sec555.com","Keywords":-9214364837600034816,"EventType":"AUDIT_SUCCESS","SeverityValue":2,"Severity":"INFO","EventID":4624,"SourceName":"Microsoft-Windows-Security-Auditing","ProviderGuid":"{54849625-5478-4994-A5BA-3E3B0328C30D}","Version":1,"Task":12544,"OpcodeValue":0,"RecordNumber":549654,"ProcessID":536,"ThreadID":3228,"Channel":"Security","Message":"An account was successfully logged on.\r\n\r\nSubject:\r\n\tSecurity ID:\t\tS-1-0-0\r\n\tAccount Name:\t\t-\r\n\tAccount Domain:\t\t-\r\n\tLogon ID:\t\t0x0\r\n\r\nLogon Type:\t\t\t3\r\n\r\nImpersonation Level:\t\tImpersonation\r\n\r\nNew Logon:\r\n\tSecurity ID:\t\tS-1-5-18\r\n\tAccount Name:\t\tDC01$\r\n\tAccount Domain:\t\tSEC555\r\n\tLogon ID:\t\t0xD5143C\r\n\tLogon GUID:\t\t{F2745349-6DDC-9FD6-ACEB-A0F80B1630E4}\r\n\r\nProcess Information:\r\n\tProcess ID:\t\t0x0\r\n\tProcess Name:\t\t-\r\n\r\nNetwork Information:\r\n\tWorkstation Name:\t\r\n\tSource Network Address:\t::1\r\n\tSource Port:\t\t59675\r\n\r\nDetailed Authentication Information:\r\n\tLogon Process:\t\tKerberos\r\n\tAuthentication Package:\tKerberos\r\n\tTransited Services:\t-\r\n\tPackage Name (NTLM only):\t-\r\n\tKey Length:\t\t0\r\n\r\nThis event is generated when a logon session is created. It is generated on the computer that was accessed.\r\n\r\nThe subject fields indicate the account on the local system which requested the logon. This is most commonly a service such as the Server service, or a local process such as Winlogon.exe or Services.exe.\r\n\r\nThe logon type field indicates the kind of logon that occurred. The most common types are 2 (interactive) and 3 (network).\r\n\r\nThe New Logon fields indicate the account for whom the new logon was created, i.e. the account that was logged on.\r\n\r\nThe network fields indicate where a remote logon request originated. Workstation name is not always available and may be left blank in some cases.\r\n\r\nThe impersonation level field indicates the extent to which a process in the logon session can impersonate.\r\n\r\nThe authentication information fields provide detailed information about this specific logon request.\r\n\t- Logon GUID is a unique identifier that can be used to correlate this event with a KDC event.\r\n\t- Transited services indicate which intermediate services have participated in this logon request.\r\n\t- Package name indicates which sub-protocol was used among the NTLM protocols.\r\n\t- Key length indicates the length of the generated session key. This will be 0 if no session key was requested.","Category":"Logon","Opcode":"Info","SubjectUserSid":"S-1-0-0","SubjectUserName":"-","SubjectDomainName":"-","SubjectLogonId":"0x0","TargetUserSid":"S-1-5-18","TargetUserName":"DC01$","TargetDomainName":"SEC555","TargetLogonId":"0xd5143c","LogonType":"3","LogonProcessName":"Kerberos","AuthenticationPackageName":"Kerberos","LogonGuid":"{F2745349-6DDC-9FD6-ACEB-A0F80B1630E4}","TransmittedServices":"-","LmPackageName":"-","KeyLength":"0","ProcessName":"-","IpAddress":"::1","IpPort":"59675","ImpersonationLevel":"%%1833","EventReceivedTime":1496947217,"SourceModuleName":"eventlog","SourceModuleType":"im_msvistalog","@version":"1","@timestamp":"2017-06-08T18:40:17.217Z","host":"10.5.55.2","port":59656,"type":"windows","tags":["json"]}
{"EventTime":"2017-06-08 13:40:15","Hostname":"DC01.sec555.com","Keywords":-9214364837600034816,"EventType":"AUDIT_SUCCESS","SeverityValue":2,"Severity":"INFO","EventID":4634,"SourceName":"Microsoft-Windows-Security-Auditing","ProviderGuid":"{54849625-5478-4994-A5BA-3E3B0328C30D}","Version":0,"Task":12545,"OpcodeValue":0,"RecordNumber":549655,"ProcessID":536,"ThreadID":2724,"Channel":"Security","Message":"An account was logged off.\r\n\r\nSubject:\r\n\tSecurity ID:\t\tS-1-5-18\r\n\tAccount Name:\t\tDC01$\r\n\tAccount Domain:\t\tSEC555\r\n\tLogon ID:\t\t0xD5143C\r\n\r\nLogon Type:\t\t\t3\r\n\r\nThis event is generated when a logon session is destroyed. It may be positively correlated with a logon event using the Logon ID value. Logon IDs are only unique between reboots on the same computer.","Category":"Logoff","Opcode":"Info","TargetUserSid":"S-1-5-18","TargetUserName":"DC01$","TargetDomainName":"SEC555","TargetLogonId":"0xd5143c","LogonType":"3","EventReceivedTime":1496947217,"SourceModuleName":"eventlog","SourceModuleType":"im_msvistalog","@version":"1","@timestamp":"2017-06-08T18:40:17.217Z","host":"10.5.55.2","port":59656,"type":"windows","tags":["json"]}
{"EventTime":"2017-06-08 13:40:17","Hostname":"FS01.sec555.com","Keywords":-9223372036854775808,"EventType":"INFO","SeverityValue":2,"Severity":"INFO","EventID":142,"SourceName":"Microsoft-Windows-TaskScheduler","ProviderGuid":"{DE7B24EA-73C8-4A09-985D-5BDADCFA9017}","Version":0,"Task":142,"OpcodeValue":0,"RecordNumber":3164,"ProcessID":1304,"ThreadID":260,"Channel":"Microsoft-Windows-TaskScheduler/Operational","Domain":"NT AUTHORITY","AccountName":"SYSTEM","UserID":"S-1-5-18","AccountType":"User","Message":"User \"System\"  disabled Task Scheduler task \"\\Microsoft\\Windows\\UpdateOrchestrator\\Resume On Boot\"","Category":"Task disabled","Opcode":"Info","TaskName":"\\Microsoft\\Windows\\UpdateOrchestrator\\Resume On Boot","UserName":"System","EventReceivedTime":1496947218,"SourceModuleName":"eventlog","SourceModuleType":"im_msvistalog","@version":"1","@timestamp":"2017-06-08T18:40:18.514Z","host":"10.5.55.31","port":51240,"type":"windows","tags":["json"]}
{"EventTime":"2017-06-08 13:40:22","Hostname":"FS01.sec555.com","Keywords":36028797018963968,"EventType":"INFO","SeverityValue":2,"Severity":"INFO","EventID":1001,"SourceName":"Windows Error Reporting","Task":0,"RecordNumber":2082,"ProcessID":0,"ThreadID":0,"Channel":"Application","Message":"Fault bucket , type 0\r\nEvent Name: WindowsUpdateFailure3\r\nResponse: Not available\r\nCab Id: 0\r\n\r\nProblem signature:\r\nP1: 10.0.14393.1066\r\nP2: 8024401c\r\nP3: 00000000-0000-0000-0000-000000000000\r\nP4: Scan\r\nP5: 0\r\nP6: 1\r\nP7: 0\r\nP8: UpdateOrchestrator\r\nP9: {3DA21691-E39D-4DA6-8A4B-B43877BCB1B7}\r\nP10: 0\r\n\r\nAttached files:\r\n\r\nThese files may be available here:\r\n\r\n\r\nAnalysis symbol: \r\nRechecking for solution: 0\r\nReport Id: ed319825-4c79-11e7-a2c0-000c2923454b\r\nReport Status: 262144\r\nHashed bucket: ","Opcode":"Info","EventData":"<Data></Data><Data>0</Data><Data>WindowsUpdateFailure3</Data><Data>Not available</Data><Data>0</Data><Data>10.0.14393.1066</Data><Data>8024401c</Data><Data>00000000-0000-0000-0000-000000000000</Data><Data>Scan</Data><Data>0</Data><Data>1</Data><Data>0</Data><Data>UpdateOrchestrator</Data><Data>{3DA21691-E39D-4DA6-8A4B-B43877BCB1B7}</Data><Data>0</Data><Data></Data><Data></Data><Data></Data><Data>0</Data><Data>ed319825-4c79-11e7-a2c0-000c2923454b</Data><Data>262144</Data><Data></Data>","EventReceivedTime":1496947222,"SourceModuleName":"eventlog","SourceModuleType":"im_msvistalog","@version":"1","@timestamp":"2017-06-08T18:40:22.562Z","host":"10.5.55.31","port":51240,"type":"windows","tags":["json"]}
{"EventTime":"2017-06-08 13:40:22","Hostname":"FS01.sec555.com","Keywords":36028797018963968,"EventType":"INFO","SeverityValue":2,"Severity":"INFO","EventID":1001,"SourceName":"Windows Error Reporting","Task":0,"RecordNumber":2083,"ProcessID":0,"ThreadID":0,"Channel":"Application","Message":"Fault bucket , type 0\r\nEvent Name: WindowsUpdateFailure3\r\nResponse: Not available\r\nCab Id: 0\r\n\r\nProblem signature:\r\nP1: 10.0.14393.1066\r\nP2: 8024401c\r\nP3: 00000000-0000-0000-0000-000000000000\r\nP4: Scan\r\nP5: 0\r\nP6: 1\r\nP7: 0\r\nP8: UpdateOrchestrator\r\nP9: {3DA21691-E39D-4DA6-8A4B-B43877BCB1B7}\r\nP10: 0\r\n\r\nAttached files:\r\n\r\nThese files may be available here:\r\nC:\\ProgramData\\Microsoft\\Windows\\WER\\ReportQueue\\NonCritical_10.0.14393.1066_9c44f4e85c13dc9da1c2e151178c1ce65981_00000000_051d719e\r\n\r\nAnalysis symbol: \r\nRechecking for solution: 0\r\nReport Id: ed319825-4c79-11e7-a2c0-000c2923454b\r\nReport Status: 4100\r\nHashed bucket: ","Opcode":"Info","EventData":"<Data></Data><Data>0</Data><Data>WindowsUpdateFailure3</Data><Data>Not available</Data><Data>0</Data><Data>10.0.14393.1066</Data><Data>8024401c</Data><Data>00000000-0000-0000-0000-000000000000</Data><Data>Scan</Data><Data>0</Data><Data>1</Data><Data>0</Data><Data>UpdateOrchestrator</Data><Data>{3DA21691-E39D-4DA6-8A4B-B43877BCB1B7}</Data><Data>0</Data><Data></Data><Data>C:\\ProgramData\\Microsoft\\Windows\\WER\\ReportQueue\\NonCritical_10.0.14393.1066_9c44f4e85c13dc9da1c2e151178c1ce65981_00000000_051d719e</Data><Data></Data><Data>0</Data><Data>ed319825-4c79-11e7-a2c0-000c2923454b</Data><Data>4100</Data><Data></Data>","EventReceivedTime":1496947222,"SourceModuleName":"eventlog","SourceModuleType":"im_msvistalog","@version":"1","@timestamp":"2017-06-08T18:40:22.564Z","host":"10.5.55.31","port":51240,"type":"windows","tags":["json"]}
{"EventTime":"2017-06-08 13:40:22","Hostname":"FS01.sec555.com","Keywords":36028797018963968,"EventType":"INFO","SeverityValue":2,"Severity":"INFO","EventID":1001,"SourceName":"Windows Error Reporting","Task":0,"RecordNumber":2084,"ProcessID":0,"ThreadID":0,"Channel":"Application","Message":"Fault bucket , type 0\r\nEvent Name: WindowsUpdateFailure3\r\nResponse: Not available\r\nCab Id: 0\r\n\r\nProblem signature:\r\nP1: 10.0.14393.1066\r\nP2: 8024401c\r\nP3: 00000000-0000-0000-0000-000000000000\r\nP4: Scan\r\nP5: 0\r\nP6: 1\r\nP7: 0\r\nP8: UpdateOrchestrator\r\nP9: {3DA21691-E39D-4DA6-8A4B-B43877BCB1B7}\r\nP10: 0\r\n\r\nAttached files:\r\n\\\\?\\C:\\ProgramData\\Microsoft\\Windows\\WER\\Temp\\WERE547.tmp.WERInternalMetadata.xml\r\n\r\nThese files may be available here:\r\nC:\\ProgramData\\Microsoft\\Windows\\WER\\ReportQueue\\NonCritical_10.0.14393.1066_9c44f4e85c13dc9da1c2e151178c1ce65981_00000000_cab_021de547\r\n\r\nAnalysis symbol: \r\nRechecking for solution: 0\r\nReport Id: 24e5132c-4af1-11e7-a2bf-000c2923454b\r\nReport Status: 2\r\nHashed bucket: ","Opcode":"Info","EventData":"<Data></Data><Data>0</Data><Data>WindowsUpdateFailure3</Data><Data>Not available</Data><Data>0</Data><Data>10.0.14393.1066</Data><Data>8024401c</Data><Data>00000000-0000-0000-0000-000000000000</Data><Data>Scan</Data><Data>0</Data><Data>1</Data><Data>0</Data><Data>UpdateOrchestrator</Data><Data>{3DA21691-E39D-4DA6-8A4B-B43877BCB1B7}</Data><Data>0</Data><Data>\r\n\\\\?\\C:\\ProgramData\\Microsoft\\Windows\\WER\\Temp\\WERE547.tmp.WERInternalMetadata.xml</Data><Data>C:\\ProgramData\\Microsoft\\Windows\\WER\\ReportQueue\\NonCritical_10.0.14393.1066_9c44f4e85c13dc9da1c2e151178c1ce65981_00000000_cab_021de547</Data><Data></Data><Data>0</Data><Data>24e5132c-4af1-11e7-a2bf-000c2923454b</Data><Data>2</Data><Data></Data>","EventReceivedTime":1496947222,"SourceModuleName":"eventlog","SourceModuleType":"im_msvistalog","@version":"1","@timestamp":"2017-06-08T18:40:22.565Z","host":"10.5.55.31","port":51240,"type":"windows","tags":["json"]}
{"EventTime":"2017-06-08 13:40:22","Hostname":"FS01.sec555.com","Keywords":36028797018963968,"EventType":"INFO","SeverityValue":2,"Severity":"INFO","EventID":1001,"SourceName":"Windows Error Reporting","Task":0,"RecordNumber":2085,"ProcessID":0,"ThreadID":0,"Channel":"Application","Message":"Fault bucket , type 0\r\nEvent Name: WindowsUpdateFailure3\r\nResponse: Not available\r\nCab Id: 0\r\n\r\nProblem signature:\r\nP1: 10.0.14393.1066\r\nP2: 8024401c\r\nP3: 00000000-0000-0000-0000-000000000000\r\nP4: Scan\r\nP5: 0\r\nP6: 1\r\nP7: 0\r\nP8: UpdateOrchestrator\r\nP9: {3DA21691-E39D-4DA6-8A4B-B43877BCB1B7}\r\nP10: 0\r\n\r\nAttached files:\r\n\r\nThese files may be available here:\r\nC:\\ProgramData\\Microsoft\\Windows\\WER\\ReportQueue\\NonCritical_10.0.14393.1066_9c44f4e85c13dc9da1c2e151178c1ce65981_00000000_0b49838c\r\n\r\nAnalysis symbol: \r\nRechecking for solution: 0\r\nReport Id: b23ba35b-4af1-11e7-a2bf-000c2923454b\r\nReport Status: 2\r\nHashed bucket: ","Opcode":"Info","EventData":"<Data></Data><Data>0</Data><Data>WindowsUpdateFailure3</Data><Data>Not available</Data><Data>0</Data><Data>10.0.14393.1066</Data><Data>8024401c</Data><Data>00000000-0000-0000-0000-000000000000</Data><Data>Scan</Data><Data>0</Data><Data>1</Data><Data>0</Data><Data>UpdateOrchestrator</Data><Data>{3DA21691-E39D-4DA6-8A4B-B43877BCB1B7}</Data><Data>0</Data><Data></Data><Data>C:\\ProgramData\\Microsoft\\Windows\\WER\\ReportQueue\\NonCritical_10.0.14393.1066_9c44f4e85c13dc9da1c2e151178c1ce65981_00000000_0b49838c</Data><Data></Data><Data>0</Data><Data>b23ba35b-4af1-11e7-a2bf-000c2923454b</Data><Data>2</Data><Data></Data>","EventReceivedTime":1496947222,"SourceModuleName":"eventlog","SourceModuleType":"im_msvistalog","@version":"1","@timestamp":"2017-06-08T18:40:22.565Z","host":"10.5.55.31","port":51240,"type":"windows","tags":["json"]}
{"EventTime":"2017-06-08 13:40:22","Hostname":"FS01.sec555.com","Keywords":36028797018963968,"EventType":"INFO","SeverityValue":2,"Severity":"INFO","EventID":1001,"SourceName":"Windows Error Reporting","Task":0,"RecordNumber":2086,"ProcessID":0,"ThreadID":0,"Channel":"Application","Message":"Fault bucket , type 0\r\nEvent Name: WindowsUpdateFailure3\r\nResponse: Not available\r\nCab Id: 0\r\n\r\nProblem signature:\r\nP1: 10.0.14393.1066\r\nP2: 8024401c\r\nP3: 00000000-0000-0000-0000-000000000000\r\nP4: Scan\r\nP5: 0\r\nP6: 1\r\nP7: 0\r\nP8: UpdateOrchestrator\r\nP9: {3DA21691-E39D-4DA6-8A4B-B43877BCB1B7}\r\nP10: 0\r\n\r\nAttached files:\r\n\r\nThese files may be available here:\r\nC:\\ProgramData\\Microsoft\\Windows\\WER\\ReportQueue\\NonCritical_10.0.14393.1066_9c44f4e85c13dc9da1c2e151178c1ce65981_00000000_05540200\r\n\r\nAnalysis symbol: \r\nRechecking for solution: 0\r\nReport Id: 5ed84bd4-4b9d-11e7-a2c0-000c2923454b\r\nReport Status: 2\r\nHashed bucket: ","Opcode":"Info","EventData":"<Data></Data><Data>0</Data><Data>WindowsUpdateFailure3</Data><Data>Not available</Data><Data>0</Data><Data>10.0.14393.1066</Data><Data>8024401c</Data><Data>00000000-0000-0000-0000-000000000000</Data><Data>Scan</Data><Data>0</Data><Data>1</Data><Data>0</Data><Data>UpdateOrchestrator</Data><Data>{3DA21691-E39D-4DA6-8A4B-B43877BCB1B7}</Data><Data>0</Data><Data></Data><Data>C:\\ProgramData\\Microsoft\\Windows\\WER\\ReportQueue\\NonCritical_10.0.14393.1066_9c44f4e85c13dc9da1c2e151178c1ce65981_00000000_05540200</Data><Data></Data><Data>0</Data><Data>5ed84bd4-4b9d-11e7-a2c0-000c2923454b</Data><Data>2</Data><Data></Data>","EventReceivedTime":1496947222,"SourceModuleName":"eventlog","SourceModuleType":"im_msvistalog","@version":"1","@timestamp":"2017-06-08T18:40:22.566Z","host":"10.5.55.31","port":51240,"type":"windows","tags":["json"]}
{"EventTime":"2017-06-08 13:40:22","Hostname":"FS01.sec555.com","Keywords":36028797018963968,"EventType":"INFO","SeverityValue":2,"Severity":"INFO","EventID":1001,"SourceName":"Windows Error Reporting","Task":0,"RecordNumber":2087,"ProcessID":0,"ThreadID":0,"Channel":"Application","Message":"Fault bucket , type 0\r\nEvent Name: WindowsUpdateFailure3\r\nResponse: Not available\r\nCab Id: 0\r\n\r\nProblem signature:\r\nP1: 10.0.14393.1066\r\nP2: 8024401c\r\nP3: 00000000-0000-0000-0000-000000000000\r\nP4: Scan\r\nP5: 0\r\nP6: 1\r\nP7: 0\r\nP8: <<PROCESS>>: CompatTelRunner.exe\r\nP9: {3DA21691-E39D-4DA6-8A4B-B43877BCB1B7}\r\nP10: 0\r\n\r\nAttached files:\r\n\\\\?\\C:\\ProgramData\\Microsoft\\Windows\\WER\\Temp\\WER8E3.tmp.WERInternalMetadata.xml\r\n\r\nThese files may be available here:\r\nC:\\ProgramData\\Microsoft\\Windows\\WER\\ReportQueue\\NonCritical_10.0.14393.1066_b610f77b66fd7976d5e96b0bf3b96b1de6e7fdd_00000000_cab_05ab08e3\r\n\r\nAnalysis symbol: \r\nRechecking for solution: 0\r\nReport Id: 71591647-4b9e-11e7-a2c0-000c2923454b\r\nReport Status: 2\r\nHashed bucket: ","Opcode":"Info","EventData":"<Data></Data><Data>0</Data><Data>WindowsUpdateFailure3</Data><Data>Not available</Data><Data>0</Data><Data>10.0.14393.1066</Data><Data>8024401c</Data><Data>00000000-0000-0000-0000-000000000000</Data><Data>Scan</Data><Data>0</Data><Data>1</Data><Data>0</Data><Data>&lt;&lt;PROCESS&gt;&gt;: CompatTelRunner.exe</Data><Data>{3DA21691-E39D-4DA6-8A4B-B43877BCB1B7}</Data><Data>0</Data><Data>\r\n\\\\?\\C:\\ProgramData\\Microsoft\\Windows\\WER\\Temp\\WER8E3.tmp.WERInternalMetadata.xml</Data><Data>C:\\ProgramData\\Microsoft\\Windows\\WER\\ReportQueue\\NonCritical_10.0.14393.1066_b610f77b66fd7976d5e96b0bf3b96b1de6e7fdd_00000000_cab_05ab08e3</Data><Data></Data><Data>0</Data><Data>71591647-4b9e-11e7-a2c0-000c2923454b</Data><Data>2</Data><Data></Data>","EventReceivedTime":1496947222,"SourceModuleName":"eventlog","SourceModuleType":"im_msvistalog","@version":"1","@timestamp":"2017-06-08T18:40:22.567Z","host":"10.5.55.31","port":51240,"type":"windows","tags":["json"]}
{"EventTime":"2017-06-08 13:40:22","Hostname":"FS01.sec555.com","Keywords":36028797018963968,"EventType":"INFO","SeverityValue":2,"Severity":"INFO","EventID":1001,"SourceName":"Windows Error Reporting","Task":0,"RecordNumber":2088,"ProcessID":0,"ThreadID":0,"Channel":"Application","Message":"Fault bucket , type 0\r\nEvent Name: WindowsUpdateFailure3\r\nResponse: Not available\r\nCab Id: 0\r\n\r\nProblem signature:\r\nP1: 10.0.14393.1066\r\nP2: 8024401c\r\nP3: 00000000-0000-0000-0000-000000000000\r\nP4: Scan\r\nP5: 0\r\nP6: 1\r\nP7: 0\r\nP8: UpdateOrchestrator\r\nP9: {3DA21691-E39D-4DA6-8A4B-B43877BCB1B7}\r\nP10: 0\r\n\r\nAttached files:\r\n\r\nThese files may be available here:\r\nC:\\ProgramData\\Microsoft\\Windows\\WER\\ReportQueue\\NonCritical_10.0.14393.1066_9c44f4e85c13dc9da1c2e151178c1ce65981_00000000_0ace9a6d\r\n\r\nAnalysis symbol: \r\nRechecking for solution: 0\r\nReport Id: 707dd7ca-4bc5-11e7-a2c0-000c2923454b\r\nReport Status: 2\r\nHashed bucket: ","Opcode":"Info","EventData":"<Data></Data><Data>0</Data><Data>WindowsUpdateFailure3</Data><Data>Not available</Data><Data>0</Data><Data>10.0.14393.1066</Data><Data>8024401c</Data><Data>00000000-0000-0000-0000-000000000000</Data><Data>Scan</Data><Data>0</Data><Data>1</Data><Data>0</Data><Data>UpdateOrchestrator</Data><Data>{3DA21691-E39D-4DA6-8A4B-B43877BCB1B7}</Data><Data>0</Data><Data></Data><Data>C:\\ProgramData\\Microsoft\\Windows\\WER\\ReportQueue\\NonCritical_10.0.14393.1066_9c44f4e85c13dc9da1c2e151178c1ce65981_00000000_0ace9a6d</Data><Data></Data><Data>0</Data><Data>707dd7ca-4bc5-11e7-a2c0-000c2923454b</Data><Data>2</Data><Data></Data>","EventReceivedTime":1496947222,"SourceModuleName":"eventlog","SourceModuleType":"im_msvistalog","@version":"1","@timestamp":"2017-06-08T18:40:22.568Z","host":"10.5.55.31","port":51240,"type":"windows","tags":["json"]}
{"EventTime":"2017-06-08 13:40:22","Hostname":"FS01.sec555.com","Keywords":36028797018963968,"EventType":"INFO","SeverityValue":2,"Severity":"INFO","EventID":1001,"SourceName":"Windows Error Reporting","Task":0,"RecordNumber":2089,"ProcessID":0,"ThreadID":0,"Channel":"Application","Message":"Fault bucket , type 0\r\nEvent Name: WindowsUpdateFailure3\r\nResponse: Not available\r\nCab Id: 0\r\n\r\nProblem signature:\r\nP1: 10.0.14393.1066\r\nP2: 8024401c\r\nP3: 00000000-0000-0000-0000-000000000000\r\nP4: Scan\r\nP5: 0\r\nP6: 1\r\nP7: 0\r\nP8: UpdateOrchestrator\r\nP9: {3DA21691-E39D-4DA6-8A4B-B43877BCB1B7}\r\nP10: 0\r\n\r\nAttached files:\r\n\r\nThese files may be available here:\r\nC:\\ProgramData\\Microsoft\\Windows\\WER\\ReportQueue\\NonCritical_10.0.14393.1066_9c44f4e85c13dc9da1c2e151178c1ce65981_00000000_062df67b\r\n\r\nAnalysis symbol: \r\nRechecking for solution: 0\r\nReport Id: 8f347a39-4bf5-11e7-a2c0-000c2923454b\r\nReport Status: 2\r\nHashed bucket: ","Opcode":"Info","EventData":"<Data></Data><Data>0</Data><Data>WindowsUpdateFailure3</Data><Data>Not available</Data><Data>0</Data><Data>10.0.14393.1066</Data><Data>8024401c</Data><Data>00000000-0000-0000-0000-000000000000</Data><Data>Scan</Data><Data>0</Data><Data>1</Data><Data>0</Data><Data>UpdateOrchestrator</Data><Data>{3DA21691-E39D-4DA6-8A4B-B43877BCB1B7}</Data><Data>0</Data><Data></Data><Data>C:\\ProgramData\\Microsoft\\Windows\\WER\\ReportQueue\\NonCritical_10.0.14393.1066_9c44f4e85c13dc9da1c2e151178c1ce65981_00000000_062df67b</Data><Data></Data><Data>0</Data><Data>8f347a39-4bf5-11e7-a2c0-000c2923454b</Data><Data>2</Data><Data></Data>","EventReceivedTime":1496947222,"SourceModuleName":"eventlog","SourceModuleType":"im_msvistalog","@version":"1","@timestamp":"2017-06-08T18:40:22.568Z","host":"10.5.55.31","port":51240,"type":"windows","tags":["json"]}
{"EventTime":"2017-06-08 13:40:22","Hostname":"FS01.sec555.com","Keywords":36028797018963968,"EventType":"INFO","SeverityValue":2,"Severity":"INFO","EventID":1001,"SourceName":"Windows Error Reporting","Task":0,"RecordNumber":2090,"ProcessID":0,"ThreadID":0,"Channel":"Application","Message":"Fault bucket , type 0\r\nEvent Name: WindowsUpdateFailure3\r\nResponse: Not available\r\nCab Id: 0\r\n\r\nProblem signature:\r\nP1: 10.0.14393.1066\r\nP2: 8024401c\r\nP3: 00000000-0000-0000-0000-000000000000\r\nP4: Scan\r\nP5: 0\r\nP6: 1\r\nP7: 0\r\nP8: UpdateOrchestrator\r\nP9: {3DA21691-E39D-4DA6-8A4B-B43877BCB1B7}\r\nP10: 0\r\n\r\nAttached files:\r\n\r\nThese files may be available here:\r\nC:\\ProgramData\\Microsoft\\Windows\\WER\\ReportQueue\\NonCritical_10.0.14393.1066_9c44f4e85c13dc9da1c2e151178c1ce65981_00000000_0aec028e\r\n\r\nAnalysis symbol: \r\nRechecking for solution: 0\r\nReport Id: d132ee2a-4c21-11e7-a2c0-000c2923454b\r\nReport Status: 2\r\nHashed bucket: ","Opcode":"Info","EventData":"<Data></Data><Data>0</Data><Data>WindowsUpdateFailure3</Data><Data>Not available</Data><Data>0</Data><Data>10.0.14393.1066</Data><Data>8024401c</Data><Data>00000000-0000-0000-0000-000000000000</Data><Data>Scan</Data><Data>0</Data><Data>1</Data><Data>0</Data><Data>UpdateOrchestrator</Data><Data>{3DA21691-E39D-4DA6-8A4B-B43877BCB1B7}</Data><Data>0</Data><Data></Data><Data>C:\\ProgramData\\Microsoft\\Windows\\WER\\ReportQueue\\NonCritical_10.0.14393.1066_9c44f4e85c13dc9da1c2e151178c1ce65981_00000000_0aec028e</Data><Data></Data><Data>0</Data><Data>d132ee2a-4c21-11e7-a2c0-000c2923454b</Data><Data>2</Data><Data></Data>","EventReceivedTime":1496947222,"SourceModuleName":"eventlog","SourceModuleType":"im_msvistalog","@version":"1","@timestamp":"2017-06-08T18:40:22.569Z","host":"10.5.55.31","port":51240,"type":"windows","tags":["json"]}
{"EventTime":"2017-06-08 13:40:22","Hostname":"FS01.sec555.com","Keywords":36028797018963968,"EventType":"INFO","SeverityValue":2,"Severity":"INFO","EventID":1001,"SourceName":"Windows Error Reporting","Task":0,"RecordNumber":2091,"ProcessID":0,"ThreadID":0,"Channel":"Application","Message":"Fault bucket , type 0\r\nEvent Name: WindowsUpdateFailure3\r\nResponse: Not available\r\nCab Id: 0\r\n\r\nProblem signature:\r\nP1: 10.0.14393.1066\r\nP2: 8024401c\r\nP3: 00000000-0000-0000-0000-000000000000\r\nP4: Scan\r\nP5: 0\r\nP6: 1\r\nP7: 0\r\nP8: UpdateOrchestrator\r\nP9: {3DA21691-E39D-4DA6-8A4B-B43877BCB1B7}\r\nP10: 0\r\n\r\nAttached files:\r\n\r\nThese files may be available here:\r\nC:\\ProgramData\\Microsoft\\Windows\\WER\\ReportQueue\\NonCritical_10.0.14393.1066_9c44f4e85c13dc9da1c2e151178c1ce65981_00000000_0d77b0d4\r\n\r\nAnalysis symbol: \r\nRechecking for solution: 0\r\nReport Id: 70f8f7da-4c49-11e7-a2c0-000c2923454b\r\nReport Status: 2\r\nHashed bucket: ","Opcode":"Info","EventData":"<Data></Data><Data>0</Data><Data>WindowsUpdateFailure3</Data><Data>Not available</Data><Data>0</Data><Data>10.0.14393.1066</Data><Data>8024401c</Data><Data>00000000-0000-0000-0000-000000000000</Data><Data>Scan</Data><Data>0</Data><Data>1</Data><Data>0</Data><Data>UpdateOrchestrator</Data><Data>{3DA21691-E39D-4DA6-8A4B-B43877BCB1B7}</Data><Data>0</Data><Data></Data><Data>C:\\ProgramData\\Microsoft\\Windows\\WER\\ReportQueue\\NonCritical_10.0.14393.1066_9c44f4e85c13dc9da1c2e151178c1ce65981_00000000_0d77b0d4</Data><Data></Data><Data>0</Data><Data>70f8f7da-4c49-11e7-a2c0-000c2923454b</Data><Data>2</Data><Data></Data>","EventReceivedTime":1496947223,"SourceModuleName":"eventlog","SourceModuleType":"im_msvistalog","@version":"1","@timestamp":"2017-06-08T18:40:23.560Z","host":"10.5.55.31","port":51240,"type":"windows","tags":["json"]}
{"EventTime":"2017-06-08 13:40:22","Hostname":"FS01.sec555.com","Keywords":-9223372036854775808,"EventType":"INFO","SeverityValue":2,"Severity":"INFO","EventID":129,"SourceName":"Microsoft-Windows-TaskScheduler","ProviderGuid":"{DE7B24EA-73C8-4A09-985D-5BDADCFA9017}","Version":0,"Task":129,"OpcodeValue":0,"RecordNumber":3165,"ProcessID":1304,"ThreadID":260,"Channel":"Microsoft-Windows-TaskScheduler/Operational","Domain":"NT AUTHORITY","AccountName":"SYSTEM","UserID":"S-1-5-18","AccountType":"User","Message":"Task Scheduler launch task \"\\Microsoft\\Windows\\Windows Error Reporting\\QueueReporting\" , instance \"%windir%\\system32\\wermgr.exe\"  with process ID 3724.","Category":"Created Task Process","Opcode":"Info","TaskName":"\\Microsoft\\Windows\\Windows Error Reporting\\QueueReporting","Path":"%windir%\\system32\\wermgr.exe","Priority":"16384","EventReceivedTime":1496947223,"SourceModuleName":"eventlog","SourceModuleType":"im_msvistalog","@version":"1","@timestamp":"2017-06-08T18:40:23.561Z","host":"10.5.55.31","port":51240,"type":"windows","tags":["json"]}
{"EventTime":"2017-06-08 13:40:22","Hostname":"FS01.sec555.com","Keywords":-9223372036854775807,"EventType":"INFO","SeverityValue":2,"Severity":"INFO","EventID":100,"SourceName":"Microsoft-Windows-TaskScheduler","ProviderGuid":"{DE7B24EA-73C8-4A09-985D-5BDADCFA9017}","Version":0,"Task":100,"OpcodeValue":1,"RecordNumber":3166,"ActivityID":"{758485AC-122E-47B5-8170-E99BF6AF126D}","ProcessID":1304,"ThreadID":260,"Channel":"Microsoft-Windows-TaskScheduler/Operational","Domain":"NT AUTHORITY","AccountName":"SYSTEM","UserID":"S-1-5-18","AccountType":"User","Message":"Task Scheduler started \"{758485AC-122E-47B5-8170-E99BF6AF126D}\" instance of the \"\\Microsoft\\Windows\\Windows Error Reporting\\QueueReporting\" task for user \"NT AUTHORITY\\SYSTEM\".","Category":"Task Started","Opcode":"Start","TaskName":"\\Microsoft\\Windows\\Windows Error Reporting\\QueueReporting","UserContext":"NT AUTHORITY\\SYSTEM","InstanceId":"{758485AC-122E-47B5-8170-E99BF6AF126D}","EventReceivedTime":1496947223,"SourceModuleName":"eventlog","SourceModuleType":"im_msvistalog","@version":"1","@timestamp":"2017-06-08T18:40:23.562Z","host":"10.5.55.31","port":51240,"type":"windows","tags":["json"]}
{"EventTime":"2017-06-08 13:40:22","Hostname":"FS01.sec555.com","Keywords":-9223372036854775808,"EventType":"INFO","SeverityValue":2,"Severity":"INFO","EventID":200,"SourceName":"Microsoft-Windows-TaskScheduler","ProviderGuid":"{DE7B24EA-73C8-4A09-985D-5BDADCFA9017}","Version":1,"Task":200,"OpcodeValue":1,"RecordNumber":3167,"ActivityID":"{758485AC-122E-47B5-8170-E99BF6AF126D}","ProcessID":1304,"ThreadID":260,"Channel":"Microsoft-Windows-TaskScheduler/Operational","Domain":"NT AUTHORITY","AccountName":"SYSTEM","UserID":"S-1-5-18","AccountType":"User","Message":"Task Scheduler launched action \"%windir%\\system32\\wermgr.exe\" in instance \"{758485AC-122E-47B5-8170-E99BF6AF126D}\" of task \"\\Microsoft\\Windows\\Windows Error Reporting\\QueueReporting\".","Category":"Action started","Opcode":"Start","TaskName":"\\Microsoft\\Windows\\Windows Error Reporting\\QueueReporting","ActionName":"%windir%\\system32\\wermgr.exe","TaskInstanceId":"{758485AC-122E-47B5-8170-E99BF6AF126D}","EnginePID":"3724","EventReceivedTime":1496947223,"SourceModuleName":"eventlog","SourceModuleType":"im_msvistalog","@version":"1","@timestamp":"2017-06-08T18:40:23.563Z","host":"10.5.55.31","port":51240,"type":"windows","tags":["json"]}
{"EventTime":"2017-06-08 13:40:22","Hostname":"FS01.sec555.com","Keywords":36028797018963968,"EventType":"INFO","SeverityValue":2,"Severity":"INFO","EventID":1001,"SourceName":"Windows Error Reporting","Task":0,"RecordNumber":2092,"ProcessID":0,"ThreadID":0,"Channel":"Application","Message":"Fault bucket , type 0\r\nEvent Name: WindowsUpdateFailure3\r\nResponse: Not available\r\nCab Id: 0\r\n\r\nProblem signature:\r\nP1: 10.0.14393.1066\r\nP2: 8024401c\r\nP3: 00000000-0000-0000-0000-000000000000\r\nP4: Scan\r\nP5: 0\r\nP6: 1\r\nP7: 0\r\nP8: UpdateOrchestrator\r\nP9: {3DA21691-E39D-4DA6-8A4B-B43877BCB1B7}\r\nP10: 0\r\n\r\nAttached files:\r\n\r\nThese files may be available here:\r\nC:\\ProgramData\\Microsoft\\Windows\\WER\\ReportQueue\\NonCritical_10.0.14393.1066_9c44f4e85c13dc9da1c2e151178c1ce65981_00000000_051d719e\r\n\r\nAnalysis symbol: \r\nRechecking for solution: 0\r\nReport Id: ed319825-4c79-11e7-a2c0-000c2923454b\r\nReport Status: 2\r\nHashed bucket: ","Opcode":"Info","EventData":"<Data></Data><Data>0</Data><Data>WindowsUpdateFailure3</Data><Data>Not available</Data><Data>0</Data><Data>10.0.14393.1066</Data><Data>8024401c</Data><Data>00000000-0000-0000-0000-000000000000</Data><Data>Scan</Data><Data>0</Data><Data>1</Data><Data>0</Data><Data>UpdateOrchestrator</Data><Data>{3DA21691-E39D-4DA6-8A4B-B43877BCB1B7}</Data><Data>0</Data><Data></Data><Data>C:\\ProgramData\\Microsoft\\Windows\\WER\\ReportQueue\\NonCritical_10.0.14393.1066_9c44f4e85c13dc9da1c2e151178c1ce65981_00000000_051d719e</Data><Data></Data><Data>0</Data><Data>ed319825-4c79-11e7-a2c0-000c2923454b</Data><Data>2</Data><Data></Data>","EventReceivedTime":1496947223,"SourceModuleName":"eventlog","SourceModuleType":"im_msvistalog","@version":"1","@timestamp":"2017-06-08T18:40:23.564Z","host":"10.5.55.31","port":51240,"type":"windows","tags":["json"]}
{"EventTime":"2017-06-08 13:40:22","Hostname":"FS01.sec555.com","Keywords":-9223372036854775808,"EventType":"INFO","SeverityValue":2,"Severity":"INFO","EventID":201,"SourceName":"Microsoft-Windows-TaskScheduler","ProviderGuid":"{DE7B24EA-73C8-4A09-985D-5BDADCFA9017}","Version":2,"Task":201,"OpcodeValue":2,"RecordNumber":3168,"ActivityID":"{758485AC-122E-47B5-8170-E99BF6AF126D}","ProcessID":1304,"ThreadID":260,"Channel":"Microsoft-Windows-TaskScheduler/Operational","Domain":"NT AUTHORITY","AccountName":"SYSTEM","UserID":"S-1-5-18","AccountType":"User","Message":"Task Scheduler successfully completed task \"\\Microsoft\\Windows\\Windows Error Reporting\\QueueReporting\" , instance \"{758485AC-122E-47B5-8170-E99BF6AF126D}\" , action \"%windir%\\system32\\wermgr.exe\" with return code 0.","Category":"Action completed","Opcode":"Stop","TaskName":"\\Microsoft\\Windows\\Windows Error Reporting\\QueueReporting","TaskInstanceId":"{758485AC-122E-47B5-8170-E99BF6AF126D}","ActionName":"%windir%\\system32\\wermgr.exe","ResultCode":"0","EnginePID":"3724","EventReceivedTime":1496947223,"SourceModuleName":"eventlog","SourceModuleType":"im_msvistalog","@version":"1","@timestamp":"2017-06-08T18:40:23.565Z","host":"10.5.55.31","port":51240,"type":"windows","tags":["json"]}
{"EventTime":"2017-06-08 13:40:22","Hostname":"FS01.sec555.com","Keywords":-9223372036854775807,"EventType":"INFO","SeverityValue":2,"Severity":"INFO","EventID":102,"SourceName":"Microsoft-Windows-TaskScheduler","ProviderGuid":"{DE7B24EA-73C8-4A09-985D-5BDADCFA9017}","Version":0,"Task":102,"OpcodeValue":2,"RecordNumber":3169,"ActivityID":"{758485AC-122E-47B5-8170-E99BF6AF126D}","ProcessID":1304,"ThreadID":260,"Channel":"Microsoft-Windows-TaskScheduler/Operational","Domain":"NT AUTHORITY","AccountName":"SYSTEM","UserID":"S-1-5-18","AccountType":"User","Message":"Task Scheduler successfully finished \"{758485AC-122E-47B5-8170-E99BF6AF126D}\" instance of the \"\\Microsoft\\Windows\\Windows Error Reporting\\QueueReporting\" task for user \"NT AUTHORITY\\SYSTEM\".","Category":"Task completed","Opcode":"Stop","TaskName":"\\Microsoft\\Windows\\Windows Error Reporting\\QueueReporting","UserContext":"NT AUTHORITY\\SYSTEM","InstanceId":"{758485AC-122E-47B5-8170-E99BF6AF126D}","EventReceivedTime":1496947223,"SourceModuleName":"eventlog","SourceModuleType":"im_msvistalog","@version":"1","@timestamp":"2017-06-08T18:40:23.566Z","host":"10.5.55.31","port":51240,"type":"windows","tags":["json"]}
{"EventTime":"2017-06-08 13:40:26","Hostname":"CFO.sec555.com","Keywords":4611686018427387904,"EventType":"INFO","SeverityValue":2,"Severity":"INFO","EventID":209,"SourceName":"Microsoft-Windows-Bits-Client","ProviderGuid":"{EF1CC15B-46C1-414E-BB95-E76B077BD51E}","Version":0,"Task":0,"OpcodeValue":0,"RecordNumber":389,"ProcessID":928,"ThreadID":352,"Channel":"Microsoft-Windows-Bits-Client/Operational","Domain":"NT AUTHORITY","AccountName":"SYSTEM","UserID":"S-1-5-18","AccountType":"User","Message":"High performance property for BITS job \"Push Notification Platform Job: 1\" with ID \"{8EC67A55-255C-4048-B792-8922BFB321C7}\" Enabled.","Opcode":"Info","jobName":"Push Notification Platform Job: 1","jobId":"{8EC67A55-255C-4048-B792-8922BFB321C7}","isRoaming":"1","EventReceivedTime":1496947228,"SourceModuleName":"eventlog","SourceModuleType":"im_msvistalog","@version":"1","@timestamp":"2017-06-08T18:40:28.276Z","host":"192.168.0.92","port":53107,"type":"windows","tags":["json"]}
{"EventTime":"2017-06-08 13:40:26","Hostname":"CFO.sec555.com","Keywords":4611686018427387904,"EventType":"INFO","SeverityValue":2,"Severity":"INFO","EventID":59,"SourceName":"Microsoft-Windows-Bits-Client","ProviderGuid":"{EF1CC15B-46C1-414E-BB95-E76B077BD51E}","Version":1,"Task":0,"OpcodeValue":1,"RecordNumber":390,"ActivityID":"{224F25CC-8382-4E53-9630-2DB6FE6FAC30}","ProcessID":928,"ThreadID":6116,"Channel":"Microsoft-Windows-Bits-Client/Operational","Domain":"NT AUTHORITY","AccountName":"SYSTEM","UserID":"S-1-5-18","AccountType":"User","Message":"BITS started the Push Notification Platform Job: 1 transfer job that is associated with the http://img-s-msn-com.akamaized.net/tenant/amp/entityid/BBCjGi5.img?w=100&h=100&m=6&tilesize=medium&x=1426&y=775&ms-scale=100&ms-contrast=standard URL.","Opcode":"Start","transferId":"{224F25CC-8382-4E53-9630-2DB6FE6FAC30}","name":"Push Notification Platform Job: 1","Id":"{8EC67A55-255C-4048-B792-8922BFB321C7}","url":"http://img-s-msn-com.akamaized.net/tenant/amp/entityid/BBCjGi5.img?w=100&amp;h=100&amp;m=6&amp;tilesize=medium&amp;x=1426&amp;y=775&amp;ms-scale=100&amp;ms-contrast=standard","fileTime":"1601-01-01T00:00:00.000000000Z","fileLength":"18446744073709551615","bytesTotal":"18446744073709551615","bytesTransferred":"0","bytesTransferredFromPeer":"0","EventReceivedTime":1496947228,"SourceModuleName":"eventlog","SourceModuleType":"im_msvistalog","@version":"1","@timestamp":"2017-06-08T18:40:28.278Z","host":"192.168.0.92","port":53107,"type":"windows","tags":["json"]}
{"EventTime":"2017-06-08 13:40:32","Hostname":"CFO.sec555.com","Keywords":4611686018427387904,"EventType":"INFO","SeverityValue":2,"Severity":"INFO","EventID":60,"SourceName":"Microsoft-Windows-Bits-Client","ProviderGuid":"{EF1CC15B-46C1-414E-BB95-E76B077BD51E}","Version":1,"Task":0,"OpcodeValue":2,"RecordNumber":391,"ActivityID":"{224F25CC-8382-4E53-9630-2DB6FE6FAC30}","ProcessID":928,"ThreadID":1568,"Channel":"Microsoft-Windows-Bits-Client/Operational","Domain":"NT AUTHORITY","AccountName":"SYSTEM","UserID":"S-1-5-18","AccountType":"User","Message":"BITS stopped transferring the Push Notification Platform Job: 1 transfer job that is associated with the http://img-s-msn-com.akamaized.net/tenant/amp/entityid/BBCjGi5.img?w=100&h=100&m=6&tilesize=medium&x=1426&y=775&ms-scale=100&ms-contrast=standard URL. The status code is 0x0.","Opcode":"Stop","transferId":"{224F25CC-8382-4E53-9630-2DB6FE6FAC30}","name":"Push Notification Platform Job: 1","Id":"{8EC67A55-255C-4048-B792-8922BFB321C7}","url":"http://img-s-msn-com.akamaized.net/tenant/amp/entityid/BBCjGi5.img?w=100&amp;h=100&amp;m=6&amp;tilesize=medium&amp;x=1426&amp;y=775&amp;ms-scale=100&amp;ms-contrast=standard","hr":"0","fileTime":"2017-06-08T16:40:41.000000000Z","fileLength":"3814","bytesTotal":"3814","bytesTransferred":"3814","peerProtocolFlags":"0","bytesTransferredFromPeer":"0","AdditionalInfoHr":"0","PeerContextInfo":"0","bandwidthLimit":"18446744073709551615","ignoreBandwidthLimitsOnLan":"false","EventReceivedTime":1496947233,"SourceModuleName":"eventlog","SourceModuleType":"im_msvistalog","@version":"1","@timestamp":"2017-06-08T18:40:33.321Z","host":"192.168.0.92","port":53107,"type":"windows","tags":["json"]}
{"EventTime":"2017-06-08 13:40:32","Hostname":"CFO.sec555.com","Keywords":4611686018427387904,"EventType":"INFO","SeverityValue":2,"Severity":"INFO","EventID":4,"SourceName":"Microsoft-Windows-Bits-Client","ProviderGuid":"{EF1CC15B-46C1-414E-BB95-E76B077BD51E}","Version":1,"Task":0,"OpcodeValue":0,"RecordNumber":392,"ProcessID":928,"ThreadID":1568,"Channel":"Microsoft-Windows-Bits-Client/Operational","Domain":"NT AUTHORITY","AccountName":"SYSTEM","UserID":"S-1-5-18","AccountType":"User","Message":"The transfer job is complete.\r\nUser: SEC555\\pdodson\r\nTransfer job: Push Notification Platform Job: 1\r\nJob ID: {8EC67A55-255C-4048-B792-8922BFB321C7}\r\nOwner: SEC555\\pdodson\r\nFile count: 1","Opcode":"Info","User":"SEC555\\pdodson","jobTitle":"Push Notification Platform Job: 1","jobId":"{8EC67A55-255C-4048-B792-8922BFB321C7}","jobOwner":"SEC555\\pdodson","fileCount":"1","bytesTransferred":"3814","bytesTransferredFromPeer":"0","EventReceivedTime":1496947233,"SourceModuleName":"eventlog","SourceModuleType":"im_msvistalog","@version":"1","@timestamp":"2017-06-08T18:40:33.321Z","host":"192.168.0.92","port":53107,"type":"windows","tags":["json"]}
{"EventTime":"2017-06-08 13:40:32","Hostname":"CFO.sec555.com","Keywords":4611686018427387904,"EventType":"INFO","SeverityValue":2,"Severity":"INFO","EventID":209,"SourceName":"Microsoft-Windows-Bits-Client","ProviderGuid":"{EF1CC15B-46C1-414E-BB95-E76B077BD51E}","Version":0,"Task":0,"OpcodeValue":0,"RecordNumber":394,"ProcessID":928,"ThreadID":352,"Channel":"Microsoft-Windows-Bits-Client/Operational","Domain":"NT AUTHORITY","AccountName":"SYSTEM","UserID":"S-1-5-18","AccountType":"User","Message":"High performance property for BITS job \"Push Notification Platform Job: 1\" with ID \"{613173E4-B190-4EFD-8957-59538DC01AE5}\" Enabled.","Opcode":"Info","jobName":"Push Notification Platform Job: 1","jobId":"{613173E4-B190-4EFD-8957-59538DC01AE5}","isRoaming":"1","EventReceivedTime":1496947233,"SourceModuleName":"eventlog","SourceModuleType":"im_msvistalog","@version":"1","@timestamp":"2017-06-08T18:40:33.323Z","host":"192.168.0.92","port":53107,"type":"windows","tags":["json"]}
{"EventTime":"2017-06-08 13:40:32","Hostname":"CFO.sec555.com","Keywords":4611686018427387904,"EventType":"INFO","SeverityValue":2,"Severity":"INFO","EventID":59,"SourceName":"Microsoft-Windows-Bits-Client","ProviderGuid":"{EF1CC15B-46C1-414E-BB95-E76B077BD51E}","Version":1,"Task":0,"OpcodeValue":1,"RecordNumber":395,"ActivityID":"{2C04E4D9-6583-464E-B7F9-966980542F5C}","ProcessID":928,"ThreadID":6116,"Channel":"Microsoft-Windows-Bits-Client/Operational","Domain":"NT AUTHORITY","AccountName":"SYSTEM","UserID":"S-1-5-18","AccountType":"User","Message":"BITS started the Push Notification Platform Job: 1 transfer job that is associated with the https://site-cdn.onenote.net/1683071550_Images/LiveTileImages/MediumAndLarge/Image1.png URL.","Opcode":"Start","transferId":"{2C04E4D9-6583-464E-B7F9-966980542F5C}","name":"Push Notification Platform Job: 1","Id":"{613173E4-B190-4EFD-8957-59538DC01AE5}","url":"https://site-cdn.onenote.net/1683071550_Images/LiveTileImages/MediumAndLarge/Image1.png","fileTime":"1601-01-01T00:00:00.000000000Z","fileLength":"18446744073709551615","bytesTotal":"18446744073709551615","bytesTransferred":"0","bytesTransferredFromPeer":"0","EventReceivedTime":1496947233,"SourceModuleName":"eventlog","SourceModuleType":"im_msvistalog","@version":"1","@timestamp":"2017-06-08T18:40:33.324Z","host":"192.168.0.92","port":53107,"type":"windows","tags":["json"]}
{"EventTime":"2017-06-08 13:40:33","Hostname":"IT01.sec555.com","Keywords":-9223372036854775808,"EventType":"INFO","SeverityValue":2,"Severity":"INFO","EventID":9,"SourceName":"Microsoft-Windows-Sysmon","ProviderGuid":"{5770385F-C22A-43E0-BF4C-06F5698FFBD9}","Version":2,"Task":9,"OpcodeValue":0,"RecordNumber":2178323,"ProcessID":1868,"ThreadID":1904,"Channel":"Microsoft-Windows-Sysmon/Operational","Domain":"NT AUTHORITY","AccountName":"SYSTEM","UserID":"S-1-5-18","AccountType":"User","Message":"RawAccessRead detected:\r\nUtcTime: 2017-06-08 18:40:33.067\r\nProcessGuid: {93A11FFC-9A21-5939-0000-001044B98600}\r\nProcessId: 3632\r\nImage: C:\\Windows\\System32\\msfeedssync.exe\r\nDevice: \\Device\\HarddiskVolume1","Category":"RawAccessRead detected (rule: RawAccessRead)","Opcode":"Info","UtcTime":"2017-06-08 18:40:33.067","ProcessGuid":"{93A11FFC-9A21-5939-0000-001044B98600}","Image":"C:\\Windows\\System32\\msfeedssync.exe","Device":"\\Device\\HarddiskVolume1","EventReceivedTime":1496947234,"SourceModuleName":"eventlog","SourceModuleType":"im_msvistalog","@version":"1","@timestamp":"2017-06-08T18:40:34.069Z","host":"192.168.1.52","port":49522,"type":"windows","tags":["json"]}
{"EventTime":"2017-06-08 13:40:32","Hostname":"CFO.sec555.com","Keywords":-9218868437227405312,"EventType":"AUDIT_FAILURE","SeverityValue":4,"Severity":"ERROR","EventID":4673,"SourceName":"Microsoft-Windows-Security-Auditing","ProviderGuid":"{54849625-5478-4994-A5BA-3E3B0328C30D}","Version":0,"Task":13056,"OpcodeValue":0,"RecordNumber":35108,"ProcessID":4,"ThreadID":2752,"Channel":"Security","Message":"A privileged service was called.\r\n\r\nSubject:\r\n\tSecurity ID:\t\tS-1-5-21-4122792944-3018364698-3069667417-1115\r\n\tAccount Name:\t\tpdodson\r\n\tAccount Domain:\t\tSEC555\r\n\tLogon ID:\t\t0x64F7A\r\n\r\nService:\r\n\tServer:\tSecurity\r\n\tService Name:\t-\r\n\r\nProcess:\r\n\tProcess ID:\t0x294\r\n\tProcess Name:\tC:\\Windows\\System32\\svchost.exe\r\n\r\nService Request Information:\r\n\tPrivileges:\t\tSeTcbPrivilege","Category":"Sensitive Privilege Use","Opcode":"Info","SubjectUserSid":"S-1-5-21-4122792944-3018364698-3069667417-1115","SubjectUserName":"pdodson","SubjectDomainName":"SEC555","SubjectLogonId":"0x64f7a","ObjectServer":"Security","Service":"-","PrivilegeList":"SeTcbPrivilege","ProcessName":"C:\\Windows\\System32\\svchost.exe","EventReceivedTime":1496947234,"SourceModuleName":"eventlog","SourceModuleType":"im_msvistalog","@version":"1","@timestamp":"2017-06-08T18:40:34.319Z","host":"192.168.0.92","port":53107,"type":"windows","tags":["json"]}
{"EventTime":"2017-06-08 13:40:32","Hostname":"CFO.sec555.com","Keywords":576460752303423488,"EventType":"INFO","SeverityValue":2,"Severity":"INFO","EventID":505,"SourceName":"Microsoft-Windows-Application-Experience","ProviderGuid":"{EEF54E71-0661-422D-9A98-82FD4940B820}","Version":0,"Task":0,"OpcodeValue":0,"RecordNumber":569,"ProcessID":5368,"ThreadID":1796,"Channel":"Microsoft-Windows-Application-Experience/Program-Telemetry","Domain":"SEC555","AccountName":"pdodson","UserID":"S-1-5-21-4122792944-3018364698-3069667417-1115","AccountType":"User","Message":"Compatibility fix applied to C:\\WINDOWS\\system32\\backgroundTaskHost.exe.\r\nFix information: Cortana, {8F5A098F-FE98-46EB-B2F6-859078D5E2F7}, 0x80010101.","Opcode":"Info","UserData":"<CompatibilityFixEvent xmlns='http://www.microsoft.com/Windows/Diagnosis/PCA/events'><ProcessId>5368</ProcessId><StartTime>2017-06-08T18:40:32.603162900Z</StartTime><FixID>{8F5A098F-FE98-46EB-B2F6-859078D5E2F7}</FixID><Flags>0x80010101</Flags><ExePath>C:\\WINDOWS\\system32\\backgroundTaskHost.exe</ExePath><FixName>Cortana</FixName></CompatibilityFixEvent>","EventReceivedTime":1496947234,"SourceModuleName":"eventlog","SourceModuleType":"im_msvistalog","@version":"1","@timestamp":"2017-06-08T18:40:34.322Z","host":"192.168.0.92","port":53107,"type":"windows","tags":["json"]}
{"EventTime":"2017-06-08 13:40:33","Hostname":"IT01.sec555.com","Keywords":-9223372036854775807,"EventType":"INFO","SeverityValue":2,"Severity":"INFO","EventID":100,"SourceName":"Microsoft-Windows-TaskScheduler","ProviderGuid":"{DE7B24EA-73C8-4A09-985D-5BDADCFA9017}","Version":0,"Task":100,"OpcodeValue":1,"RecordNumber":19854,"ActivityID":"{A0C23091-C7DA-433A-83A8-BC2DB218FB0A}","ProcessID":484,"ThreadID":3496,"Channel":"Microsoft-Windows-TaskScheduler/Operational","Domain":"NT AUTHORITY","AccountName":"SYSTEM","UserID":"S-1-5-18","AccountType":"User","Message":"Task Scheduler started \"{A0C23091-C7DA-433A-83A8-BC2DB218FB0A}\" instance of the \"\\User_Feed_Synchronization-{2B9CA1EC-BF06-4371-94E4-70B5B78C29D0}\" task for user \"SEC555\\fraynor\".","Category":"Task Started","Opcode":"Start","TaskName":"\\User_Feed_Synchronization-{2B9CA1EC-BF06-4371-94E4-70B5B78C29D0}","UserContext":"SEC555\\fraynor","InstanceId":"{A0C23091-C7DA-433A-83A8-BC2DB218FB0A}","EventReceivedTime":1496947235,"SourceModuleName":"eventlog","SourceModuleType":"im_msvistalog","@version":"1","@timestamp":"2017-06-08T18:40:35.098Z","host":"192.168.1.52","port":49522,"type":"windows","tags":["json"]}
{"EventTime":"2017-06-08 13:40:33","Hostname":"IT01.sec555.com","Keywords":-9223372036854775808,"EventType":"INFO","SeverityValue":2,"Severity":"INFO","EventID":200,"SourceName":"Microsoft-Windows-TaskScheduler","ProviderGuid":"{DE7B24EA-73C8-4A09-985D-5BDADCFA9017}","Version":0,"Task":200,"OpcodeValue":1,"RecordNumber":19855,"ActivityID":"{A0C23091-C7DA-433A-83A8-BC2DB218FB0A}","ProcessID":484,"ThreadID":3496,"Channel":"Microsoft-Windows-TaskScheduler/Operational","Domain":"NT AUTHORITY","AccountName":"SYSTEM","UserID":"S-1-5-18","AccountType":"User","Message":"Task Scheduler launched action \"C:\\Windows\\system32\\msfeedssync.exe\" in instance \"{A0C23091-C7DA-433A-83A8-BC2DB218FB0A}\" of task \"\\User_Feed_Synchronization-{2B9CA1EC-BF06-4371-94E4-70B5B78C29D0}\".","Category":"Action started","Opcode":"Start","TaskName":"\\User_Feed_Synchronization-{2B9CA1EC-BF06-4371-94E4-70B5B78C29D0}","ActionName":"C:\\Windows\\system32\\msfeedssync.exe","TaskInstanceId":"{A0C23091-C7DA-433A-83A8-BC2DB218FB0A}","EventReceivedTime":1496947235,"SourceModuleName":"eventlog","SourceModuleType":"im_msvistalog","@version":"1","@timestamp":"2017-06-08T18:40:35.099Z","host":"192.168.1.52","port":49522,"type":"windows","tags":["json"]}
{"EventTime":"2017-06-08 13:40:33","Hostname":"DC01.sec555.com","Keywords":-9214364837600034816,"EventType":"AUDIT_SUCCESS","SeverityValue":2,"Severity":"INFO","EventID":4672,"SourceName":"Microsoft-Windows-Security-Auditing","ProviderGuid":"{54849625-5478-4994-A5BA-3E3B0328C30D}","Version":0,"Task":12548,"OpcodeValue":0,"RecordNumber":549656,"ProcessID":536,"ThreadID":3228,"Channel":"Security","Message":"Special privileges assigned to new logon.\r\n\r\nSubject:\r\n\tSecurity ID:\t\tS-1-5-18\r\n\tAccount Name:\t\tDC01$\r\n\tAccount Domain:\t\tSEC555\r\n\tLogon ID:\t\t0xD51A41\r\n\r\nPrivileges:\t\tSeSecurityPrivilege\r\n\t\t\tSeBackupPrivilege\r\n\t\t\tSeRestorePrivilege\r\n\t\t\tSeTakeOwnershipPrivilege\r\n\t\t\tSeDebugPrivilege\r\n\t\t\tSeSystemEnvironmentPrivilege\r\n\t\t\tSeLoadDriverPrivilege\r\n\t\t\tSeImpersonatePrivilege\r\n\t\t\tSeEnableDelegationPrivilege","Category":"Special Logon","Opcode":"Info","SubjectUserSid":"S-1-5-18","SubjectUserName":"DC01$","SubjectDomainName":"SEC555","SubjectLogonId":"0xd51a41","PrivilegeList":"SeSecurityPrivilege\r\n\t\t\tSeBackupPrivilege\r\n\t\t\tSeRestorePrivilege\r\n\t\t\tSeTakeOwnershipPrivilege\r\n\t\t\tSeDebugPrivilege\r\n\t\t\tSeSystemEnvironmentPrivilege\r\n\t\t\tSeLoadDriverPrivilege\r\n\t\t\tSeImpersonatePrivilege\r\n\t\t\tSeEnableDelegationPrivilege","EventReceivedTime":1496947235,"SourceModuleName":"eventlog","SourceModuleType":"im_msvistalog","@version":"1","@timestamp":"2017-06-08T18:40:35.388Z","host":"10.5.55.2","port":59656,"type":"windows","tags":["json"]}
