{"EventTime":"2017-06-08 13:37:30","Hostname":"DC02.sec555.com","Keywords":-9223372036850581504,"EventType":"INFO","SeverityValue":2,"Severity":"INFO","EventID":1257,"SourceName":"Microsoft-Windows-PushNotifications-Platform","ProviderGuid":"{88CD9180-4491-4640-B571-E3BEE2527943}","Version":0,"Task":0,"OpcodeValue":0,"RecordNumber":12070,"ProcessID":1240,"ThreadID":3744,"Channel":"Microsoft-Windows-PushNotification-Platform/Operational","Domain":"NT AUTHORITY","AccountName":"SYSTEM","UserID":"S-1-5-18","AccountType":"User","Message":"WNP Transport Layer for Data Connection called InitializeSecurityContext and got return code 0x80090318.","Opcode":"Info","ConnectionType":"1","Error":"2148074264","EventReceivedTime":1496947051,"SourceModuleName":"eventlog","SourceModuleType":"im_msvistalog","@version":"1","@timestamp":"2017-06-08T18:37:31.503Z","host":"10.5.55.3","port":62092,"type":"windows","tags":["json"]}
{"EventTime":"2017-06-08 13:37:30","Hostname":"DC02.sec555.com","Keywords":-9223372036850581504,"EventType":"INFO","SeverityValue":2,"Severity":"INFO","EventID":1257,"SourceName":"Microsoft-Windows-PushNotifications-Platform","ProviderGuid":"{88CD9180-4491-4640-B571-E3BEE2527943}","Version":0,"Task":0,"OpcodeValue":0,"RecordNumber":12071,"ProcessID":1240,"ThreadID":3744,"Channel":"Microsoft-Windows-PushNotification-Platform/Operational","Domain":"NT AUTHORITY","AccountName":"SYSTEM","UserID":"S-1-5-18","AccountType":"User","Message":"WNP Transport Layer for Data Connection called InitializeSecurityContext and got return code 0x80090318.","Opcode":"Info","ConnectionType":"1","Error":"2148074264","EventReceivedTime":1496947051,"SourceModuleName":"eventlog","SourceModuleType":"im_msvistalog","@version":"1","@timestamp":"2017-06-08T18:37:31.503Z","host":"10.5.55.3","port":62092,"type":"windows","tags":["json"]}
{"EventTime":"2017-06-08 13:37:30","Hostname":"DC02.sec555.com","Keywords":-9223372036850581504,"EventType":"INFO","SeverityValue":2,"Severity":"INFO","EventID":1257,"SourceName":"Microsoft-Windows-PushNotifications-Platform","ProviderGuid":"{88CD9180-4491-4640-B571-E3BEE2527943}","Version":0,"Task":0,"OpcodeValue":0,"RecordNumber":12072,"ProcessID":1240,"ThreadID":3744,"Channel":"Microsoft-Windows-PushNotification-Platform/Operational","Domain":"NT AUTHORITY","AccountName":"SYSTEM","UserID":"S-1-5-18","AccountType":"User","Message":"WNP Transport Layer for Data Connection called InitializeSecurityContext and got return code 0x90312.","Opcode":"Info","ConnectionType":"1","Error":"590610","EventReceivedTime":1496947051,"SourceModuleName":"eventlog","SourceModuleType":"im_msvistalog","@version":"1","@timestamp":"2017-06-08T18:37:31.508Z","host":"10.5.55.3","port":62092,"type":"windows","tags":["json"]}
{"EventTime":"2017-06-08 13:37:30","Hostname":"DC02.sec555.com","Keywords":-9223372036850581504,"EventType":"INFO","SeverityValue":2,"Severity":"INFO","EventID":1257,"SourceName":"Microsoft-Windows-PushNotifications-Platform","ProviderGuid":"{88CD9180-4491-4640-B571-E3BEE2527943}","Version":0,"Task":0,"OpcodeValue":0,"RecordNumber":12073,"ProcessID":1240,"ThreadID":3744,"Channel":"Microsoft-Windows-PushNotification-Platform/Operational","Domain":"NT AUTHORITY","AccountName":"SYSTEM","UserID":"S-1-5-18","AccountType":"User","Message":"WNP Transport Layer for Data Connection called InitializeSecurityContext and got return code 0x0.","Opcode":"Info","ConnectionType":"1","Error":"0","EventReceivedTime":1496947051,"SourceModuleName":"eventlog","SourceModuleType":"im_msvistalog","@version":"1","@timestamp":"2017-06-08T18:37:31.509Z","host":"10.5.55.3","port":62092,"type":"windows","tags":["json"]}
{"EventTime":"2017-06-08 13:37:30","Hostname":"DC02.sec555.com","Keywords":-9223372036850483200,"EventType":"INFO","SeverityValue":2,"Severity":"INFO","EventID":1218,"SourceName":"Microsoft-Windows-PushNotifications-Platform","ProviderGuid":"{88CD9180-4491-4640-B571-E3BEE2527943}","Version":0,"Task":9,"OpcodeValue":2,"RecordNumber":12074,"ProcessID":1240,"ThreadID":3744,"Channel":"Microsoft-Windows-PushNotification-Platform/Operational","Domain":"NT AUTHORITY","AccountName":"SYSTEM","UserID":"S-1-5-18","AccountType":"User","Message":"WNP Transport Layer TLS negotiation completed for the Data Connection with code The operation completed successfully..","Opcode":"Stop","ConnectionType":"1","ErrorCode":"0","EventReceivedTime":1496947051,"SourceModuleName":"eventlog","SourceModuleType":"im_msvistalog","@version":"1","@timestamp":"2017-06-08T18:37:31.509Z","host":"10.5.55.3","port":62092,"type":"windows","tags":["json"]}
{"EventTime":"2017-06-08 13:37:30","Hostname":"DC02.sec555.com","Keywords":-9223372036749918208,"EventType":"VERBOSE","SeverityValue":1,"Severity":"DEBUG","EventID":1223,"SourceName":"Microsoft-Windows-PushNotifications-Platform","ProviderGuid":"{88CD9180-4491-4640-B571-E3BEE2527943}","Version":0,"Task":0,"OpcodeValue":0,"RecordNumber":12075,"ProcessID":1240,"ThreadID":3744,"Channel":"Microsoft-Windows-PushNotification-Platform/Operational","Domain":"NT AUTHORITY","AccountName":"SYSTEM","UserID":"S-1-5-18","AccountType":"User","Message":"WNP Transport Layer sent command for the Data Connection with Verb: CNT, Trid: 1, Namespace: CON containing 276 bytes of payload: 0x436F6E746578743A20626366333366643735396565363337360D0A4C6173742D4D73672D49643A20300D0A0D0A3C636F6E6E6563743E3C7665723E313C2F7665723E3C6167656E743E3C6F733E57696E646F77733C2F6F733E3C6F735665723E31302E302E302E302E31343339333C2F6F735665723E3C70726F633E7836343C2F70726F633E3C6C6369643E656E2D55533C2F6C6369643E3C67656F49643E3234343C2F67656F49643E3C616F61633E303C2F616F61633E3C646576696365547970653E313C2F646576696365547970653E3C6465766963654E616D653E564D77617265205669727475616C20506C6174666F726D3C2F6465766963654E616D653E3C2F6167656E743E3C2F636F6E6E6563743E.","Opcode":"Info","Verb":"CNT","TrID":"1","Namespace":"CON","Bytes":"276","Payload":"436F6E746578743A20626366333366643735396565363337360D0A4C6173742D4D73672D49643A20300D0A0D0A3C636F6E6E6563743E3C7665723E313C2F7665723E3C6167656E743E3C6F733E57696E646F77733C2F6F733E3C6F735665723E31302E302E302E302E31343339333C2F6F735665723E3C70726F633E7836343C2F70726F633E3C6C6369643E656E2D55533C2F6C6369643E3C67656F49643E3234343C2F67656F49643E3C616F61633E303C2F616F61633E3C646576696365547970653E313C2F646576696365547970653E3C6465766963654E616D653E564D77617265205669727475616C20506C6174666F726D3C2F6465766963654E616D653E3C2F6167656E743E3C2F636F6E6E6563743E","ConnectionType":"1","EventReceivedTime":1496947051,"SourceModuleName":"eventlog","SourceModuleType":"im_msvistalog","@version":"1","@timestamp":"2017-06-08T18:37:31.510Z","host":"10.5.55.3","port":62092,"type":"windows","tags":["json"]}
{"EventTime":"2017-06-08 13:37:30","Hostname":"DC02.sec555.com","Keywords":-9223372036749918208,"EventType":"VERBOSE","SeverityValue":1,"Severity":"DEBUG","EventID":1267,"SourceName":"Microsoft-Windows-PushNotifications-Platform","ProviderGuid":"{88CD9180-4491-4640-B571-E3BEE2527943}","Version":0,"Task":0,"OpcodeValue":0,"RecordNumber":12076,"ProcessID":1240,"ThreadID":3744,"Channel":"Microsoft-Windows-PushNotification-Platform/Operational","Domain":"NT AUTHORITY","AccountName":"SYSTEM","UserID":"S-1-5-18","AccountType":"User","Message":"WNP Transport Layer sent command for the Data Connection with Verb: CNT, Trid: 1, Namespace: CON containing 291 bytes of payload only. However, full payload including header is: 0x434E54203120434F4E203237360D0A436F6E746578743A20626366333366643735396565363337360D0A4C6173742D4D73672D49643A20300D0A0D0A3C636F6E6E6563743E3C7665723E313C2F7665723E3C6167656E743E3C6F733E57696E646F77733C2F6F733E3C6F735665723E31302E302E302E302E31343339333C2F6F735665723E3C70726F633E7836343C2F70726F633E3C6C6369643E656E2D55533C2F6C6369643E3C67656F49643E3234343C2F67656F49643E3C616F61633E303C2F616F61633E3C646576696365547970653E313C2F646576696365547970653E3C6465766963654E616D653E564D77617265205669727475616C20506C6174666F726D3C2F6465766963654E616D653E3C2F6167656E743E3C2F636F6E6E6563743E.","Opcode":"Info","Verb":"CNT","TrID":"1","Namespace":"CON","Bytes":"291","Payload":"434E54203120434F4E203237360D0A436F6E746578743A20626366333366643735396565363337360D0A4C6173742D4D73672D49643A20300D0A0D0A3C636F6E6E6563743E3C7665723E313C2F7665723E3C6167656E743E3C6F733E57696E646F77733C2F6F733E3C6F735665723E31302E302E302E302E31343339333C2F6F735665723E3C70726F633E7836343C2F70726F633E3C6C6369643E656E2D55533C2F6C6369643E3C67656F49643E3234343C2F67656F49643E3C616F61633E303C2F616F61633E3C646576696365547970653E313C2F646576696365547970653E3C6465766963654E616D653E564D77617265205669727475616C20506C6174666F726D3C2F6465766963654E616D653E3C2F6167656E743E3C2F636F6E6E6563743E","ConnectionType":"1","EventReceivedTime":1496947051,"SourceModuleName":"eventlog","SourceModuleType":"im_msvistalog","@version":"1","@timestamp":"2017-06-08T18:37:31.511Z","host":"10.5.55.3","port":62092,"type":"windows","tags":["json"]}
{"EventTime":"2017-06-08 13:37:30","Hostname":"DC02.sec555.com","Keywords":-9223372036749918208,"EventType":"VERBOSE","SeverityValue":1,"Severity":"DEBUG","EventID":1223,"SourceName":"Microsoft-Windows-PushNotifications-Platform","ProviderGuid":"{88CD9180-4491-4640-B571-E3BEE2527943}","Version":0,"Task":0,"OpcodeValue":0,"RecordNumber":12077,"ProcessID":1240,"ThreadID":3744,"Channel":"Microsoft-Windows-PushNotification-Platform/Operational","Domain":"NT AUTHORITY","AccountName":"SYSTEM","UserID":"S-1-5-18","AccountType":"User","Message":"WNP Transport Layer sent command for the Data Connection with Verb: ATH, Trid: 2, Namespace: CON\\DEVICE containing 1014 bytes of payload: 0x436F6E746578743A20626366333366643735396565363337360D0A0D0A3C6465766963653E3C636F6D706163742D7469636B65743E743D4577436F4175704942414155316244476664617A69446658706A4E354E36635968543177626D5141415239426E377156503154512F472F62343871784D74383849334976626E55654938417A5034755471396262644E316F714551774A63565432336344477546374167515337723532374A6C73613745585250546A6831342F6B4567616A694C584358596F634C63365156385155516D6547777534577A59743631756556313374594E6855574E414F784A6B515147772F4C3235383468344A504B70524D57714A456B6D4F39563963436634502F34326145514C4E7564486A63654C312F626C48586964784644766A582F334748584B58656B614E586F59424C444B73646266376F5138613335585671514753516367423754466A6141454F335A3158624559615261596653325A2B784A5A456973763446797352612F704664677846383561763753497541643042727667446833382B6F45476D3477526D644851304734646C43516A4D374B7745315032546B314D4366453376686C45445A6741414342335642546E6C4E436A746541454C3056526445742F532F34677163536C7A556764456C2B337873735552682F6A4E47442F545A727A48616E68636C6531792B4D7A66616273454441786D787538424D595566732B4F584E694C54556D68642F466A5167344B426E5071452F68343332645543353331322B763969583868595250664D6135506D5941772F4870435574576B7164377163522B552F48635A33304143665766517733736341456E44657444466D515454564130674C4A633778772F6F396478482F6E4D4D4438627262737131775A6756313877656B3156427350317546565267614B304A6D357A51376C6444585242777156556C674B3746707434463933716E2B6D38564873347248416E424B3865545A3759696D69793977572B6C4547736E5A635A7672344B39446854555653776C786C746A34774E704A44396A5A5139614C2F67777456746F6B73595074566A334667384F2B68475977434A36766B33646A4733786D726A66387234336A7A592F675369733566736D68782B47576F4E386D533674596A56367659362B4F594E3759316833416C484E56434B694B68704775723671527941766D526D4E6A394A49317341724E2F7754516A5733445A533774534157783163494B61384F4B7646683531496558485745697051626C324C4275663074643934746670563630513638482F66547348635A344D746B457351453D3C2F636F6D706163742D7469636B65743E3C69643E303031383030303132383337453742433C2F69643E3C2F6465766963653E.","Opcode":"Info","Verb":"ATH","TrID":"2","Namespace":"CON\\DEVICE","Bytes":"1014","Payload":"436F6E746578743A20626366333366643735396565363337360D0A0D0A3C6465766963653E3C636F6D706163742D7469636B65743E743D4577436F4175704942414155316244476664617A69446658706A4E354E36635968543177626D5141415239426E377156503154512F472F62343871784D74383849334976626E55654938417A5034755471396262644E316F714551774A63565432336344477546374167515337723532374A6C73613745585250546A6831342F6B4567616A694C584358596F634C63365156385155516D6547777534577A59743631756556313374594E6855574E414F784A6B515147772F4C3235383468344A504B70524D57714A456B6D4F39563963436634502F34326145514C4E7564486A63654C312F626C48586964784644766A582F334748584B58656B614E586F59424C444B73646266376F5138613335585671514753516367423754466A6141454F335A3158624559615261596653325A2B784A5A456973763446797352612F704664677846383561763753497541643042727667446833382B6F45476D3477526D644851304734646C43516A4D374B7745315032546B314D4366453376686C45445A6741414342335642546E6C4E436A746541454C3056526445742F532F34677163536C7A556764456C2B337873735552682F6A4E47442F545A727A48616E68636C6531792B4D7A66616273454441786D787538424D595566732B4F584E694C54556D68642F466A5167344B426E5071452F68343332645543353331322B763969583868595250664D6135506D5941772F4870435574576B7164377163522B552F48635A33304143665766517733736341456E44657444466D515454564130674C4A633778772F6F396478482F6E4D4D4438627262737131775A6756313877656B3156427350317546565267614B304A6D357A51376C6444585242777156556C674B3746707434463933716E2B6D38564873347248416E424B3865545A3759696D69793977572B6C4547736E5A635A7672344B39446854555653776C786C746A34774E704A44396A5A5139614C2F67777456746F6B73595074566A334667384F2B68475977434A36766B33646A4733786D726A66387234336A7A592F675369733566736D68782B47576F4E386D533674596A56367659362B4F594E3759316833416C484E56434B694B68704775723671527941766D526D4E6A394A49317341724E2F7754516A5733445A533774534157783163494B61384F4B7646683531496558485745697051626C324C4275663074643934746670563630513638482F66547348635A344D746B457351453D3C2F636F6D706163742D7469636B65743E3C69643E303031383030303132383337453742433C2F69643E3C2F6465766963653E","ConnectionType":"1","EventReceivedTime":1496947051,"SourceModuleName":"eventlog","SourceModuleType":"im_msvistalog","@version":"1","@timestamp":"2017-06-08T18:37:31.513Z","host":"10.5.55.3","port":62092,"type":"windows","tags":["json"]}
{"EventTime":"2017-06-08 13:37:30","Hostname":"DC02.sec555.com","Keywords":-9223372036749918208,"EventType":"VERBOSE","SeverityValue":1,"Severity":"DEBUG","EventID":1267,"SourceName":"Microsoft-Windows-PushNotifications-Platform","ProviderGuid":"{88CD9180-4491-4640-B571-E3BEE2527943}","Version":0,"Task":0,"OpcodeValue":0,"RecordNumber":12078,"ProcessID":1240,"ThreadID":3744,"Channel":"Microsoft-Windows-PushNotification-Platform/Operational","Domain":"NT AUTHORITY","AccountName":"SYSTEM","UserID":"S-1-5-18","AccountType":"User","Message":"WNP Transport Layer sent command for the Data Connection with Verb: ATH, Trid: 2, Namespace: CON\\DEVICE containing 1037 bytes of payload only. However, full payload including header is: 0x415448203220434F4E5C44455649434520313031340D0A436F6E746578743A20626366333366643735396565363337360D0A0D0A3C6465766963653E3C636F6D706163742D7469636B65743E743D4577436F4175704942414155316244476664617A69446658706A4E354E36635968543177626D5141415239426E377156503154512F472F62343871784D74383849334976626E55654938417A5034755471396262644E316F714551774A63565432336344477546374167515337723532374A6C73613745585250546A6831342F6B4567616A694C584358596F634C63365156385155516D6547777534577A59743631756556313374594E6855574E414F784A6B515147772F4C3235383468344A504B70524D57714A456B6D4F39563963436634502F34326145514C4E7564486A63654C312F626C48586964784644766A582F334748584B58656B614E586F59424C444B73646266376F5138613335585671514753516367423754466A6141454F335A3158624559615261596653325A2B784A5A456973763446797352612F704664677846383561763753497541643042727667446833382B6F45476D3477526D644851304734646C43516A4D374B7745315032546B314D4366453376686C45445A6741414342335642546E6C4E436A746541454C3056526445742F532F34677163536C7A556764456C2B337873735552682F6A4E47442F545A727A48616E68636C6531792B4D7A66616273454441786D787538424D595566732B4F584E694C54556D68642F466A5167344B426E5071452F68343332645543353331322B763969583868595250664D6135506D5941772F4870435574576B7164377163522B552F48635A33304143665766517733736341456E44657444466D515454564130674C4A633778772F6F396478482F6E4D4D4438627262737131775A6756313877656B3156427350317546565267614B304A6D357A51376C6444585242777156556C674B3746707434463933716E2B6D38564873347248416E424B3865545A3759696D69793977572B6C4547736E5A635A7672344B39446854555653776C786C746A34774E704A44396A5A5139614C2F67777456746F6B73595074566A334667384F2B68475977434A36766B33646A4733786D726A66387234336A7A592F675369733566736D68782B47576F4E386D533674596A56367659362B4F594E3759316833416C484E56434B694B68704775723671527941766D526D4E6A394A49317341724E2F7754516A5733445A533774534157783163494B61384F4B7646683531496558485745697051626C324C4275663074643934746670563630513638482F66547348635A344D746B457351453D3C2F636F6D706163742D7469636B65743E3C69643E303031383030303132383337453742433C2F69643E3C2F6465766963653E.","Opcode":"Info","Verb":"ATH","TrID":"2","Namespace":"CON\\DEVICE","Bytes":"1037","Payload":"415448203220434F4E5C44455649434520313031340D0A436F6E746578743A20626366333366643735396565363337360D0A0D0A3C6465766963653E3C636F6D706163742D7469636B65743E743D4577436F4175704942414155316244476664617A69446658706A4E354E36635968543177626D5141415239426E377156503154512F472F62343871784D74383849334976626E55654938417A5034755471396262644E316F714551774A63565432336344477546374167515337723532374A6C73613745585250546A6831342F6B4567616A694C584358596F634C63365156385155516D6547777534577A59743631756556313374594E6855574E414F784A6B515147772F4C3235383468344A504B70524D57714A456B6D4F39563963436634502F34326145514C4E7564486A63654C312F626C48586964784644766A582F334748584B58656B614E586F59424C444B73646266376F5138613335585671514753516367423754466A6141454F335A3158624559615261596653325A2B784A5A456973763446797352612F704664677846383561763753497541643042727667446833382B6F45476D3477526D644851304734646C43516A4D374B7745315032546B314D4366453376686C45445A6741414342335642546E6C4E436A746541454C3056526445742F532F34677163536C7A556764456C2B337873735552682F6A4E47442F545A727A48616E68636C6531792B4D7A66616273454441786D787538424D595566732B4F584E694C54556D68642F466A5167344B426E5071452F68343332645543353331322B763969583868595250664D6135506D5941772F4870435574576B7164377163522B552F48635A33304143665766517733736341456E44657444466D515454564130674C4A633778772F6F396478482F6E4D4D4438627262737131775A6756313877656B3156427350317546565267614B304A6D357A51376C6444585242777156556C674B3746707434463933716E2B6D38564873347248416E424B3865545A3759696D69793977572B6C4547736E5A635A7672344B39446854555653776C786C746A34774E704A44396A5A5139614C2F67777456746F6B73595074566A334667384F2B68475977434A36766B33646A4733786D726A66387234336A7A592F675369733566736D68782B47576F4E386D533674596A56367659362B4F594E3759316833416C484E56434B694B68704775723671527941766D526D4E6A394A49317341724E2F7754516A5733445A533774534157783163494B61384F4B7646683531496558485745697051626C324C4275663074643934746670563630513638482F66547348635A344D746B457351453D3C2F636F6D706163742D7469636B65743E3C69643E303031383030303132383337453742433C2F69643E3C2F6465766963653E","ConnectionType":"1","EventReceivedTime":1496947051,"SourceModuleName":"eventlog","SourceModuleType":"im_msvistalog","@version":"1","@timestamp":"2017-06-08T18:37:31.515Z","host":"10.5.55.3","port":62092,"type":"windows","tags":["json"]}
{"EventTime":"2017-06-08 13:37:30","Hostname":"DC02.sec555.com","Keywords":-9223372036749918208,"EventType":"VERBOSE","SeverityValue":1,"Severity":"DEBUG","EventID":1223,"SourceName":"Microsoft-Windows-PushNotifications-Platform","ProviderGuid":"{88CD9180-4491-4640-B571-E3BEE2527943}","Version":0,"Task":0,"OpcodeValue":0,"RecordNumber":12079,"ProcessID":1240,"ThreadID":3744,"Channel":"Microsoft-Windows-PushNotification-Platform/Operational","Domain":"NT AUTHORITY","AccountName":"SYSTEM","UserID":"S-1-5-18","AccountType":"User","Message":"WNP Transport Layer sent command for the Data Connection with Verb: BND, Trid: 3, Namespace: CON\\WNS containing 99 bytes of payload: 0x436F6E746578743A20626366333366643735396565363337360D0A0D0A3C776E733E3C7665723E313C2F7665723E3C636C69656E743E3C6E616D653E57504E3C2F6E616D653E3C7665723E312E303C2F7665723E3C2F636C69656E743E3C2F776E733E.","Opcode":"Info","Verb":"BND","TrID":"3","Namespace":"CON\\WNS","Bytes":"99","Payload":"436F6E746578743A20626366333366643735396565363337360D0A0D0A3C776E733E3C7665723E313C2F7665723E3C636C69656E743E3C6E616D653E57504E3C2F6E616D653E3C7665723E312E303C2F7665723E3C2F636C69656E743E3C2F776E733E","ConnectionType":"1","EventReceivedTime":1496947051,"SourceModuleName":"eventlog","SourceModuleType":"im_msvistalog","@version":"1","@timestamp":"2017-06-08T18:37:31.516Z","host":"10.5.55.3","port":62092,"type":"windows","tags":["json"]}
{"EventTime":"2017-06-08 13:37:30","Hostname":"DC02.sec555.com","Keywords":-9223372036749918208,"EventType":"VERBOSE","SeverityValue":1,"Severity":"DEBUG","EventID":1267,"SourceName":"Microsoft-Windows-PushNotifications-Platform","ProviderGuid":"{88CD9180-4491-4640-B571-E3BEE2527943}","Version":0,"Task":0,"OpcodeValue":0,"RecordNumber":12080,"ProcessID":1240,"ThreadID":3744,"Channel":"Microsoft-Windows-PushNotification-Platform/Operational","Domain":"NT AUTHORITY","AccountName":"SYSTEM","UserID":"S-1-5-18","AccountType":"User","Message":"WNP Transport Layer sent command for the Data Connection with Verb: BND, Trid: 3, Namespace: CON\\WNS containing 117 bytes of payload only. However, full payload including header is: 0x424E44203320434F4E5C574E532039390D0A436F6E746578743A20626366333366643735396565363337360D0A0D0A3C776E733E3C7665723E313C2F7665723E3C636C69656E743E3C6E616D653E57504E3C2F6E616D653E3C7665723E312E303C2F7665723E3C2F636C69656E743E3C2F776E733E.","Opcode":"Info","Verb":"BND","TrID":"3","Namespace":"CON\\WNS","Bytes":"117","Payload":"424E44203320434F4E5C574E532039390D0A436F6E746578743A20626366333366643735396565363337360D0A0D0A3C776E733E3C7665723E313C2F7665723E3C636C69656E743E3C6E616D653E57504E3C2F6E616D653E3C7665723E312E303C2F7665723E3C2F636C69656E743E3C2F776E733E","ConnectionType":"1","EventReceivedTime":1496947051,"SourceModuleName":"eventlog","SourceModuleType":"im_msvistalog","@version":"1","@timestamp":"2017-06-08T18:37:31.517Z","host":"10.5.55.3","port":62092,"type":"windows","tags":["json"]}
{"EventTime":"2017-06-08 13:37:31","Hostname":"DC02.sec555.com","Keywords":-9223372036749918208,"EventType":"VERBOSE","SeverityValue":1,"Severity":"DEBUG","EventID":1225,"SourceName":"Microsoft-Windows-PushNotifications-Platform","ProviderGuid":"{88CD9180-4491-4640-B571-E3BEE2527943}","Version":0,"Task":0,"OpcodeValue":0,"RecordNumber":12081,"ProcessID":1240,"ThreadID":3744,"Channel":"Microsoft-Windows-PushNotification-Platform/Operational","Domain":"NT AUTHORITY","AccountName":"SYSTEM","UserID":"S-1-5-18","AccountType":"User","Message":"WNP Transport Layer received command for the Data Connection with Verb: CNT, Trid: 1, Namespace: CON containing 207 bytes of payload: 0x436F6E746578743A20626366333366643735396565363337360D0A0D0A3C636F6E6E6563742D726573706F6E73653E3C7665723E313C2F7665723E3C73657373696F6E3E3C69643E4D7470312E34312F3235323033303138342E64316136616666632D636362322D383066372D353665312D3734323964623363363163333C2F69643E3C74696D656F75743E323030303C2F74696D656F75743E3C2F73657373696F6E3E3C716F73746573743E66616C73653C2F716F73746573743E3C2F636F6E6E6563742D726573706F6E73653E.","Opcode":"Info","Verb":"CNT","TrID":"1","Namespace":"CON","Bytes":"207","Payload":"436F6E746578743A20626366333366643735396565363337360D0A0D0A3C636F6E6E6563742D726573706F6E73653E3C7665723E313C2F7665723E3C73657373696F6E3E3C69643E4D7470312E34312F3235323033303138342E64316136616666632D636362322D383066372D353665312D3734323964623363363163333C2F69643E3C74696D656F75743E323030303C2F74696D656F75743E3C2F73657373696F6E3E3C716F73746573743E66616C73653C2F716F73746573743E3C2F636F6E6E6563742D726573706F6E73653E","ConnectionType":"1","EventReceivedTime":1496947051,"SourceModuleName":"eventlog","SourceModuleType":"im_msvistalog","@version":"1","@timestamp":"2017-06-08T18:37:31.517Z","host":"10.5.55.3","port":62092,"type":"windows","tags":["json"]}
{"EventTime":"2017-06-08 13:37:31","Hostname":"DC02.sec555.com","Keywords":-9223372036749918208,"EventType":"VERBOSE","SeverityValue":1,"Severity":"DEBUG","EventID":1268,"SourceName":"Microsoft-Windows-PushNotifications-Platform","ProviderGuid":"{88CD9180-4491-4640-B571-E3BEE2527943}","Version":0,"Task":0,"OpcodeValue":0,"RecordNumber":12082,"ProcessID":1240,"ThreadID":3744,"Channel":"Microsoft-Windows-PushNotification-Platform/Operational","Domain":"NT AUTHORITY","AccountName":"SYSTEM","UserID":"S-1-5-18","AccountType":"User","Message":"WNP Transport Layer received command for the Data Connection with Verb: CNT, Trid: 1, Namespace: CON containing 207 bytes of payload only. However, full payload including header is: 0x434E54203120434F4E003230370D0A436F6E746578743A20626366333366643735396565363337360D0A0D0A3C636F6E6E6563742D726573706F6E73653E3C7665723E313C2F7665723E3C73657373696F6E3E3C69643E4D7470312E34312F3235323033303138342E64316136616666632D636362322D383066372D353665312D3734323964623363363163333C2F69643E3C74696D656F75743E323030303C2F74696D656F75743E3C2F73657373696F6E3E3C716F73746573743E66616C73653C2F716F73746573743E3C2F636F.","Opcode":"Info","Verb":"CNT","TrID":"1","Namespace":"CON","Bytes":"207","Payload":"434E54203120434F4E003230370D0A436F6E746578743A20626366333366643735396565363337360D0A0D0A3C636F6E6E6563742D726573706F6E73653E3C7665723E313C2F7665723E3C73657373696F6E3E3C69643E4D7470312E34312F3235323033303138342E64316136616666632D636362322D383066372D353665312D3734323964623363363163333C2F69643E3C74696D656F75743E323030303C2F74696D656F75743E3C2F73657373696F6E3E3C716F73746573743E66616C73653C2F716F73746573743E3C2F636F","ConnectionType":"1","EventReceivedTime":1496947051,"SourceModuleName":"eventlog","SourceModuleType":"im_msvistalog","@version":"1","@timestamp":"2017-06-08T18:37:31.518Z","host":"10.5.55.3","port":62092,"type":"windows","tags":["json"]}
{"EventTime":"2017-06-08 13:37:31","Hostname":"DC02.sec555.com","Keywords":-9223372036749918208,"EventType":"VERBOSE","SeverityValue":1,"Severity":"DEBUG","EventID":1225,"SourceName":"Microsoft-Windows-PushNotifications-Platform","ProviderGuid":"{88CD9180-4491-4640-B571-E3BEE2527943}","Version":0,"Task":0,"OpcodeValue":0,"RecordNumber":12083,"ProcessID":1240,"ThreadID":3744,"Channel":"Microsoft-Windows-PushNotification-Platform/Operational","Domain":"NT AUTHORITY","AccountName":"SYSTEM","UserID":"S-1-5-18","AccountType":"User","Message":"WNP Transport Layer received command for the Data Connection with Verb: ATH, Trid: 2, Namespace: CON containing 29 bytes of payload: 0x436F6E746578743A20626366333366643735396565363337360D0A0D0A.","Opcode":"Info","Verb":"ATH","TrID":"2","Namespace":"CON","Bytes":"29","Payload":"436F6E746578743A20626366333366643735396565363337360D0A0D0A","ConnectionType":"1","EventReceivedTime":1496947051,"SourceModuleName":"eventlog","SourceModuleType":"im_msvistalog","@version":"1","@timestamp":"2017-06-08T18:37:31.519Z","host":"10.5.55.3","port":62092,"type":"windows","tags":["json"]}
{"EventTime":"2017-06-08 13:37:31","Hostname":"DC02.sec555.com","Keywords":-9223372036749918208,"EventType":"VERBOSE","SeverityValue":1,"Severity":"DEBUG","EventID":1268,"SourceName":"Microsoft-Windows-PushNotifications-Platform","ProviderGuid":"{88CD9180-4491-4640-B571-E3BEE2527943}","Version":0,"Task":0,"OpcodeValue":0,"RecordNumber":12084,"ProcessID":1240,"ThreadID":3744,"Channel":"Microsoft-Windows-PushNotification-Platform/Operational","Domain":"NT AUTHORITY","AccountName":"SYSTEM","UserID":"S-1-5-18","AccountType":"User","Message":"WNP Transport Layer received command for the Data Connection with Verb: ATH, Trid: 2, Namespace: CON containing 29 bytes of payload only. However, full payload including header is: 0x415448203220434F4E0032390D0A436F6E746578743A20626366333366.","Opcode":"Info","Verb":"ATH","TrID":"2","Namespace":"CON","Bytes":"29","Payload":"415448203220434F4E0032390D0A436F6E746578743A20626366333366","ConnectionType":"1","EventReceivedTime":1496947051,"SourceModuleName":"eventlog","SourceModuleType":"im_msvistalog","@version":"1","@timestamp":"2017-06-08T18:37:31.520Z","host":"10.5.55.3","port":62092,"type":"windows","tags":["json"]}
{"EventTime":"2017-06-08 13:37:31","Hostname":"DC02.sec555.com","Keywords":-9223372036749918208,"EventType":"VERBOSE","SeverityValue":1,"Severity":"DEBUG","EventID":1225,"SourceName":"Microsoft-Windows-PushNotifications-Platform","ProviderGuid":"{88CD9180-4491-4640-B571-E3BEE2527943}","Version":0,"Task":0,"OpcodeValue":0,"RecordNumber":12085,"ProcessID":1240,"ThreadID":3744,"Channel":"Microsoft-Windows-PushNotification-Platform/Operational","Domain":"NT AUTHORITY","AccountName":"SYSTEM","UserID":"S-1-5-18","AccountType":"User","Message":"WNP Transport Layer received command for the Data Connection with Verb: BND, Trid: 3, Namespace: CON containing 113 bytes of payload: 0x436F6E746578743A20626366333366643735396565363337360D0A0D0A3C776E732D726573706F6E73653E3C7665723E313C2F7665723E3C6E6F6E63653E323036373936333339343530333839313539303633333039383335353C2F6E6F6E63653E3C2F776E732D726573706F6E73653E.","Opcode":"Info","Verb":"BND","TrID":"3","Namespace":"CON","Bytes":"113","Payload":"436F6E746578743A20626366333366643735396565363337360D0A0D0A3C776E732D726573706F6E73653E3C7665723E313C2F7665723E3C6E6F6E63653E323036373936333339343530333839313539303633333039383335353C2F6E6F6E63653E3C2F776E732D726573706F6E73653E","ConnectionType":"1","EventReceivedTime":1496947051,"SourceModuleName":"eventlog","SourceModuleType":"im_msvistalog","@version":"1","@timestamp":"2017-06-08T18:37:31.521Z","host":"10.5.55.3","port":62092,"type":"windows","tags":["json"]}
{"EventTime":"2017-06-08 13:37:31","Hostname":"DC02.sec555.com","Keywords":-9223372036749918208,"EventType":"VERBOSE","SeverityValue":1,"Severity":"DEBUG","EventID":1268,"SourceName":"Microsoft-Windows-PushNotifications-Platform","ProviderGuid":"{88CD9180-4491-4640-B571-E3BEE2527943}","Version":0,"Task":0,"OpcodeValue":0,"RecordNumber":12086,"ProcessID":1240,"ThreadID":3744,"Channel":"Microsoft-Windows-PushNotification-Platform/Operational","Domain":"NT AUTHORITY","AccountName":"SYSTEM","UserID":"S-1-5-18","AccountType":"User","Message":"WNP Transport Layer received command for the Data Connection with Verb: BND, Trid: 3, Namespace: CON containing 113 bytes of payload only. However, full payload including header is: 0x424E44203320434F4E003131330D0A436F6E746578743A20626366333366643735396565363337360D0A0D0A3C776E732D726573706F6E73653E3C7665723E313C2F7665723E3C6E6F6E63653E323036373936333339343530333839313539303633333039383335353C2F6E6F6E63653E.","Opcode":"Info","Verb":"BND","TrID":"3","Namespace":"CON","Bytes":"113","Payload":"424E44203320434F4E003131330D0A436F6E746578743A20626366333366643735396565363337360D0A0D0A3C776E732D726573706F6E73653E3C7665723E313C2F7665723E3C6E6F6E63653E323036373936333339343530333839313539303633333039383335353C2F6E6F6E63653E","ConnectionType":"1","EventReceivedTime":1496947051,"SourceModuleName":"eventlog","SourceModuleType":"im_msvistalog","@version":"1","@timestamp":"2017-06-08T18:37:31.522Z","host":"10.5.55.3","port":62092,"type":"windows","tags":["json"]}
{"EventTime":"2017-06-08 13:37:31","Hostname":"DC02.sec555.com","Keywords":-9223372036745625344,"EventType":"INFO","SeverityValue":2,"Severity":"INFO","EventID":1005,"SourceName":"Microsoft-Windows-PushNotifications-Platform","ProviderGuid":"{88CD9180-4491-4640-B571-E3BEE2527943}","Version":0,"Task":9,"OpcodeValue":0,"RecordNumber":12087,"ProcessID":1240,"ThreadID":3744,"Channel":"Microsoft-Windows-PushNotification-Platform/Operational","Domain":"NT AUTHORITY","AccountName":"SYSTEM","UserID":"S-1-5-18","AccountType":"User","Message":"The Connection Provider status changed to Disconnected.","Opcode":"Info","Status":"4","EventReceivedTime":1496947051,"SourceModuleName":"eventlog","SourceModuleType":"im_msvistalog","@version":"1","@timestamp":"2017-06-08T18:37:31.522Z","host":"10.5.55.3","port":62092,"type":"windows","tags":["json"]}
{"EventTime":"2017-06-08 13:37:31","Hostname":"DC02.sec555.com","Keywords":-9223372036749918208,"EventType":"VERBOSE","SeverityValue":1,"Severity":"DEBUG","EventID":1223,"SourceName":"Microsoft-Windows-PushNotifications-Platform","ProviderGuid":"{88CD9180-4491-4640-B571-E3BEE2527943}","Version":0,"Task":0,"OpcodeValue":0,"RecordNumber":12088,"ProcessID":1240,"ThreadID":3744,"Channel":"Microsoft-Windows-PushNotification-Platform/Operational","Domain":"NT AUTHORITY","AccountName":"SYSTEM","UserID":"S-1-5-18","AccountType":"User","Message":"WNP Transport Layer sent command for the Data Connection with Verb: PUT, Trid: 4, Namespace: WNS\\CHALLENGE containing 136 bytes of payload: 0x436F6E746578743A20316137313832356139346332303233310D0A0D0A3C6368616C6C656E67653E3C61707049643E50524F443031323050572143435639403C2F61707049643E3C726573706F6E73653E34366137663935323131636366353330393233346639646333363966373563643C2F726573706F6E73653E3C2F6368616C6C656E67653E.","Opcode":"Info","Verb":"PUT","TrID":"4","Namespace":"WNS\\CHALLENGE","Bytes":"136","Payload":"436F6E746578743A20316137313832356139346332303233310D0A0D0A3C6368616C6C656E67653E3C61707049643E50524F443031323050572143435639403C2F61707049643E3C726573706F6E73653E34366137663935323131636366353330393233346639646333363966373563643C2F726573706F6E73653E3C2F6368616C6C656E67653E","ConnectionType":"1","EventReceivedTime":1496947051,"SourceModuleName":"eventlog","SourceModuleType":"im_msvistalog","@version":"1","@timestamp":"2017-06-08T18:37:31.523Z","host":"10.5.55.3","port":62092,"type":"windows","tags":["json"]}
{"EventTime":"2017-06-08 13:37:31","Hostname":"DC02.sec555.com","Keywords":-9223372036749918208,"EventType":"VERBOSE","SeverityValue":1,"Severity":"DEBUG","EventID":1267,"SourceName":"Microsoft-Windows-PushNotifications-Platform","ProviderGuid":"{88CD9180-4491-4640-B571-E3BEE2527943}","Version":0,"Task":0,"OpcodeValue":0,"RecordNumber":12089,"ProcessID":1240,"ThreadID":3744,"Channel":"Microsoft-Windows-PushNotification-Platform/Operational","Domain":"NT AUTHORITY","AccountName":"SYSTEM","UserID":"S-1-5-18","AccountType":"User","Message":"WNP Transport Layer sent command for the Data Connection with Verb: PUT, Trid: 4, Namespace: WNS\\CHALLENGE containing 161 bytes of payload only. However, full payload including header is: 0x505554203420574E535C4348414C4C454E4745203133360D0A436F6E746578743A20316137313832356139346332303233310D0A0D0A3C6368616C6C656E67653E3C61707049643E50524F443031323050572143435639403C2F61707049643E3C726573706F6E73653E34366137663935323131636366353330393233346639646333363966373563643C2F726573706F6E73653E3C2F6368616C6C656E67653E.","Opcode":"Info","Verb":"PUT","TrID":"4","Namespace":"WNS\\CHALLENGE","Bytes":"161","Payload":"505554203420574E535C4348414C4C454E4745203133360D0A436F6E746578743A20316137313832356139346332303233310D0A0D0A3C6368616C6C656E67653E3C61707049643E50524F443031323050572143435639403C2F61707049643E3C726573706F6E73653E34366137663935323131636366353330393233346639646333363966373563643C2F726573706F6E73653E3C2F6368616C6C656E67653E","ConnectionType":"1","EventReceivedTime":1496947051,"SourceModuleName":"eventlog","SourceModuleType":"im_msvistalog","@version":"1","@timestamp":"2017-06-08T18:37:31.524Z","host":"10.5.55.3","port":62092,"type":"windows","tags":["json"]}
{"EventTime":"2017-06-08 13:37:31","Hostname":"DC02.sec555.com","Keywords":-9223372036749918208,"EventType":"VERBOSE","SeverityValue":1,"Severity":"DEBUG","EventID":1225,"SourceName":"Microsoft-Windows-PushNotifications-Platform","ProviderGuid":"{88CD9180-4491-4640-B571-E3BEE2527943}","Version":0,"Task":0,"OpcodeValue":0,"RecordNumber":12090,"ProcessID":1240,"ThreadID":3744,"Channel":"Microsoft-Windows-PushNotification-Platform/Operational","Domain":"NT AUTHORITY","AccountName":"SYSTEM","UserID":"S-1-5-18","AccountType":"User","Message":"WNP Transport Layer received command for the Data Connection with Verb: PUT, Trid: 4, Namespace: WNS containing 29 bytes of payload: 0x436F6E746578743A20316137313832356139346332303233310D0A0D0A.","Opcode":"Info","Verb":"PUT","TrID":"4","Namespace":"WNS","Bytes":"29","Payload":"436F6E746578743A20316137313832356139346332303233310D0A0D0A","ConnectionType":"1","EventReceivedTime":1496947051,"SourceModuleName":"eventlog","SourceModuleType":"im_msvistalog","@version":"1","@timestamp":"2017-06-08T18:37:31.525Z","host":"10.5.55.3","port":62092,"type":"windows","tags":["json"]}
{"EventTime":"2017-06-08 13:37:31","Hostname":"DC02.sec555.com","Keywords":-9223372036749918208,"EventType":"VERBOSE","SeverityValue":1,"Severity":"DEBUG","EventID":1268,"SourceName":"Microsoft-Windows-PushNotifications-Platform","ProviderGuid":"{88CD9180-4491-4640-B571-E3BEE2527943}","Version":0,"Task":0,"OpcodeValue":0,"RecordNumber":12091,"ProcessID":1240,"ThreadID":3744,"Channel":"Microsoft-Windows-PushNotification-Platform/Operational","Domain":"NT AUTHORITY","AccountName":"SYSTEM","UserID":"S-1-5-18","AccountType":"User","Message":"WNP Transport Layer received command for the Data Connection with Verb: PUT, Trid: 4, Namespace: WNS containing 29 bytes of payload only. However, full payload including header is: 0x505554203420574E530032390D0A436F6E746578743A20316137313832.","Opcode":"Info","Verb":"PUT","TrID":"4","Namespace":"WNS","Bytes":"29","Payload":"505554203420574E530032390D0A436F6E746578743A20316137313832","ConnectionType":"1","EventReceivedTime":1496947051,"SourceModuleName":"eventlog","SourceModuleType":"im_msvistalog","@version":"1","@timestamp":"2017-06-08T18:37:31.526Z","host":"10.5.55.3","port":62092,"type":"windows","tags":["json"]}
{"EventTime":"2017-06-08 13:37:31","Hostname":"hr01.sec555.com","Keywords":-9218868437227405312,"EventType":"AUDIT_FAILURE","SeverityValue":4,"Severity":"ERROR","EventID":5157,"SourceName":"Microsoft-Windows-Security-Auditing","ProviderGuid":"{54849625-5478-4994-A5BA-3E3B0328C30D}","Version":1,"Task":12810,"OpcodeValue":0,"RecordNumber":6527,"ProcessID":4,"ThreadID":68,"Channel":"Security","Message":"The Windows Filtering Platform has blocked a connection.\r\n\r\nApplication Information:\r\n\tProcess ID:\t\t768\r\n\tApplication Name:\t\\device\\harddiskvolume1\\windows\\system32\\svchost.exe\r\n\r\nNetwork Information:\r\n\tDirection:\t\tInbound\r\n\tSource Address:\t\t255.255.255.255\r\n\tSource Port:\t\t67\r\n\tDestination Address:\t0.0.0.0\r\n\tDestination Port:\t\t68\r\n\tProtocol:\t\t0\r\n\r\nFilter Information:\r\n\tFilter Run-Time ID:\t66299\r\n\tLayer Name:\t\tReceive/Accept\r\n\tLayer Run-Time ID:\t44","Category":"Filtering Platform Connection","Opcode":"Info","Application":"\\device\\harddiskvolume1\\windows\\system32\\svchost.exe","Direction":"%%14592","SourceAddress":"255.255.255.255","SourcePort":"67","DestAddress":"0.0.0.0","DestPort":"68","Protocol":"0","FilterRTID":"66299","LayerName":"%%14610","LayerRTID":"44","RemoteUserID":"S-1-0-0","RemoteMachineID":"S-1-0-0","EventReceivedTime":1496947052,"SourceModuleName":"eventlog","SourceModuleType":"im_msvistalog","@version":"1","@timestamp":"2017-06-08T18:37:32.824Z","host":"192.168.3.50","port":49452,"type":"windows","tags":["json"]}
{"EventTime":"2017-06-08 13:37:31","Hostname":"hr01.sec555.com","Keywords":-9218868437227405312,"EventType":"AUDIT_FAILURE","SeverityValue":4,"Severity":"ERROR","EventID":4957,"SourceName":"Microsoft-Windows-Security-Auditing","ProviderGuid":"{54849625-5478-4994-A5BA-3E3B0328C30D}","Version":0,"Task":13571,"OpcodeValue":0,"RecordNumber":6528,"ProcessID":504,"ThreadID":1288,"Channel":"Security","Message":"Windows Firewall did not apply the following rule:\r\n\r\nRule Information:\r\n\tID:\tCoreNet-IPHTTPS-In\r\n\tName:\tCore Networking - IPHTTPS (TCP-In)\r\n\r\nError Information:\r\n\tReason:\tLocal Port resolved to an empty set.","Category":"MPSSVC Rule-Level Policy Change","Opcode":"Info","RuleId":"CoreNet-IPHTTPS-In","RuleName":"Core Networking - IPHTTPS (TCP-In)","RuleAttr":"Local Port","EventReceivedTime":1496947052,"SourceModuleName":"eventlog","SourceModuleType":"im_msvistalog","@version":"1","@timestamp":"2017-06-08T18:37:32.825Z","host":"192.168.3.50","port":49452,"type":"windows","tags":["json"]}
{"EventTime":"2017-06-08 13:37:31","Hostname":"hr01.sec555.com","Keywords":-9218868437227405312,"EventType":"AUDIT_FAILURE","SeverityValue":4,"Severity":"ERROR","EventID":4957,"SourceName":"Microsoft-Windows-Security-Auditing","ProviderGuid":"{54849625-5478-4994-A5BA-3E3B0328C30D}","Version":0,"Task":13571,"OpcodeValue":0,"RecordNumber":6529,"ProcessID":504,"ThreadID":1288,"Channel":"Security","Message":"Windows Firewall did not apply the following rule:\r\n\r\nRule Information:\r\n\tID:\tCoreNet-Teredo-In\r\n\tName:\tCore Networking - Teredo (UDP-In)\r\n\r\nError Information:\r\n\tReason:\tLocal Port resolved to an empty set.","Category":"MPSSVC Rule-Level Policy Change","Opcode":"Info","RuleId":"CoreNet-Teredo-In","RuleName":"Core Networking - Teredo (UDP-In)","RuleAttr":"Local Port","EventReceivedTime":1496947052,"SourceModuleName":"eventlog","SourceModuleType":"im_msvistalog","@version":"1","@timestamp":"2017-06-08T18:37:32.825Z","host":"192.168.3.50","port":49452,"type":"windows","tags":["json"]}
{"EventTime":"2017-06-08 13:37:33","Hostname":"DC01.sec555.com","Keywords":-9214364837600034816,"EventType":"AUDIT_SUCCESS","SeverityValue":2,"Severity":"INFO","EventID":4672,"SourceName":"Microsoft-Windows-Security-Auditing","ProviderGuid":"{54849625-5478-4994-A5BA-3E3B0328C30D}","Version":0,"Task":12548,"OpcodeValue":0,"RecordNumber":549641,"ProcessID":536,"ThreadID":3228,"Channel":"Security","Message":"Special privileges assigned to new logon.\r\n\r\nSubject:\r\n\tSecurity ID:\t\tS-1-5-18\r\n\tAccount Name:\t\tDC01$\r\n\tAccount Domain:\t\tSEC555\r\n\tLogon ID:\t\t0xD49CCC\r\n\r\nPrivileges:\t\tSeSecurityPrivilege\r\n\t\t\tSeBackupPrivilege\r\n\t\t\tSeRestorePrivilege\r\n\t\t\tSeTakeOwnershipPrivilege\r\n\t\t\tSeDebugPrivilege\r\n\t\t\tSeSystemEnvironmentPrivilege\r\n\t\t\tSeLoadDriverPrivilege\r\n\t\t\tSeImpersonatePrivilege\r\n\t\t\tSeEnableDelegationPrivilege","Category":"Special Logon","Opcode":"Info","SubjectUserSid":"S-1-5-18","SubjectUserName":"DC01$","SubjectDomainName":"SEC555","SubjectLogonId":"0xd49ccc","PrivilegeList":"SeSecurityPrivilege\r\n\t\t\tSeBackupPrivilege\r\n\t\t\tSeRestorePrivilege\r\n\t\t\tSeTakeOwnershipPrivilege\r\n\t\t\tSeDebugPrivilege\r\n\t\t\tSeSystemEnvironmentPrivilege\r\n\t\t\tSeLoadDriverPrivilege\r\n\t\t\tSeImpersonatePrivilege\r\n\t\t\tSeEnableDelegationPrivilege","EventReceivedTime":1496947054,"SourceModuleName":"eventlog","SourceModuleType":"im_msvistalog","@version":"1","@timestamp":"2017-06-08T18:37:34.838Z","host":"10.5.55.2","port":59656,"type":"windows","tags":["json"]}
{"EventTime":"2017-06-08 13:37:33","Hostname":"DC01.sec555.com","Keywords":-9214364837600034816,"EventType":"AUDIT_SUCCESS","SeverityValue":2,"Severity":"INFO","EventID":4624,"SourceName":"Microsoft-Windows-Security-Auditing","ProviderGuid":"{54849625-5478-4994-A5BA-3E3B0328C30D}","Version":1,"Task":12544,"OpcodeValue":0,"RecordNumber":549642,"ProcessID":536,"ThreadID":3228,"Channel":"Security","Message":"An account was successfully logged on.\r\n\r\nSubject:\r\n\tSecurity ID:\t\tS-1-0-0\r\n\tAccount Name:\t\t-\r\n\tAccount Domain:\t\t-\r\n\tLogon ID:\t\t0x0\r\n\r\nLogon Type:\t\t\t3\r\n\r\nImpersonation Level:\t\tImpersonation\r\n\r\nNew Logon:\r\n\tSecurity ID:\t\tS-1-5-18\r\n\tAccount Name:\t\tDC01$\r\n\tAccount Domain:\t\tSEC555\r\n\tLogon ID:\t\t0xD49CCC\r\n\tLogon GUID:\t\t{F2745349-6DDC-9FD6-ACEB-A0F80B1630E4}\r\n\r\nProcess Information:\r\n\tProcess ID:\t\t0x0\r\n\tProcess Name:\t\t-\r\n\r\nNetwork Information:\r\n\tWorkstation Name:\t\r\n\tSource Network Address:\t::1\r\n\tSource Port:\t\t59670\r\n\r\nDetailed Authentication Information:\r\n\tLogon Process:\t\tKerberos\r\n\tAuthentication Package:\tKerberos\r\n\tTransited Services:\t-\r\n\tPackage Name (NTLM only):\t-\r\n\tKey Length:\t\t0\r\n\r\nThis event is generated when a logon session is created. It is generated on the computer that was accessed.\r\n\r\nThe subject fields indicate the account on the local system which requested the logon. This is most commonly a service such as the Server service, or a local process such as Winlogon.exe or Services.exe.\r\n\r\nThe logon type field indicates the kind of logon that occurred. The most common types are 2 (interactive) and 3 (network).\r\n\r\nThe New Logon fields indicate the account for whom the new logon was created, i.e. the account that was logged on.\r\n\r\nThe network fields indicate where a remote logon request originated. Workstation name is not always available and may be left blank in some cases.\r\n\r\nThe impersonation level field indicates the extent to which a process in the logon session can impersonate.\r\n\r\nThe authentication information fields provide detailed information about this specific logon request.\r\n\t- Logon GUID is a unique identifier that can be used to correlate this event with a KDC event.\r\n\t- Transited services indicate which intermediate services have participated in this logon request.\r\n\t- Package name indicates which sub-protocol was used among the NTLM protocols.\r\n\t- Key length indicates the length of the generated session key. This will be 0 if no session key was requested.","Category":"Logon","Opcode":"Info","SubjectUserSid":"S-1-0-0","SubjectUserName":"-","SubjectDomainName":"-","SubjectLogonId":"0x0","TargetUserSid":"S-1-5-18","TargetUserName":"DC01$","TargetDomainName":"SEC555","TargetLogonId":"0xd49ccc","LogonType":"3","LogonProcessName":"Kerberos","AuthenticationPackageName":"Kerberos","LogonGuid":"{F2745349-6DDC-9FD6-ACEB-A0F80B1630E4}","TransmittedServices":"-","LmPackageName":"-","KeyLength":"0","ProcessName":"-","IpAddress":"::1","IpPort":"59670","ImpersonationLevel":"%%1833","EventReceivedTime":1496947054,"SourceModuleName":"eventlog","SourceModuleType":"im_msvistalog","@version":"1","@timestamp":"2017-06-08T18:37:34.838Z","host":"10.5.55.2","port":59656,"type":"windows","tags":["json"]}
{"EventTime":"2017-06-08 13:37:33","Hostname":"DC01.sec555.com","Keywords":-9214364837600034816,"EventType":"AUDIT_SUCCESS","SeverityValue":2,"Severity":"INFO","EventID":4634,"SourceName":"Microsoft-Windows-Security-Auditing","ProviderGuid":"{54849625-5478-4994-A5BA-3E3B0328C30D}","Version":0,"Task":12545,"OpcodeValue":0,"RecordNumber":549643,"ProcessID":536,"ThreadID":4264,"Channel":"Security","Message":"An account was logged off.\r\n\r\nSubject:\r\n\tSecurity ID:\t\tS-1-5-18\r\n\tAccount Name:\t\tDC01$\r\n\tAccount Domain:\t\tSEC555\r\n\tLogon ID:\t\t0xD49CCC\r\n\r\nLogon Type:\t\t\t3\r\n\r\nThis event is generated when a logon session is destroyed. It may be positively correlated with a logon event using the Logon ID value. Logon IDs are only unique between reboots on the same computer.","Category":"Logoff","Opcode":"Info","TargetUserSid":"S-1-5-18","TargetUserName":"DC01$","TargetDomainName":"SEC555","TargetLogonId":"0xd49ccc","LogonType":"3","EventReceivedTime":1496947054,"SourceModuleName":"eventlog","SourceModuleType":"im_msvistalog","@version":"1","@timestamp":"2017-06-08T18:37:34.839Z","host":"10.5.55.2","port":59656,"type":"windows","tags":["json"]}
{"EventTime":"2017-06-08 13:37:44","Hostname":"DC02.sec555.com","Keywords":-9214364837600034816,"EventType":"AUDIT_SUCCESS","SeverityValue":2,"Severity":"INFO","EventID":4672,"SourceName":"Microsoft-Windows-Security-Auditing","ProviderGuid":"{54849625-5478-4994-A5BA-3E3B0328C30D}","Version":0,"Task":12548,"OpcodeValue":0,"RecordNumber":396519,"ProcessID":572,"ThreadID":1812,"Channel":"Security","Message":"Special privileges assigned to new logon.\r\n\r\nSubject:\r\n\tSecurity ID:\t\tS-1-5-18\r\n\tAccount Name:\t\tDC02$\r\n\tAccount Domain:\t\tSEC555\r\n\tLogon ID:\t\t0xFB7CAA\r\n\r\nPrivileges:\t\tSeSecurityPrivilege\r\n\t\t\tSeBackupPrivilege\r\n\t\t\tSeRestorePrivilege\r\n\t\t\tSeTakeOwnershipPrivilege\r\n\t\t\tSeDebugPrivilege\r\n\t\t\tSeSystemEnvironmentPrivilege\r\n\t\t\tSeLoadDriverPrivilege\r\n\t\t\tSeImpersonatePrivilege\r\n\t\t\tSeDelegateSessionUserImpersonatePrivilege\r\n\t\t\tSeEnableDelegationPrivilege","Category":"Special Logon","Opcode":"Info","SubjectUserSid":"S-1-5-18","SubjectUserName":"DC02$","SubjectDomainName":"SEC555","SubjectLogonId":"0xfb7caa","PrivilegeList":"SeSecurityPrivilege\r\n\t\t\tSeBackupPrivilege\r\n\t\t\tSeRestorePrivilege\r\n\t\t\tSeTakeOwnershipPrivilege\r\n\t\t\tSeDebugPrivilege\r\n\t\t\tSeSystemEnvironmentPrivilege\r\n\t\t\tSeLoadDriverPrivilege\r\n\t\t\tSeImpersonatePrivilege\r\n\t\t\tSeDelegateSessionUserImpersonatePrivilege\r\n\t\t\tSeEnableDelegationPrivilege","EventReceivedTime":1496947065,"SourceModuleName":"eventlog","SourceModuleType":"im_msvistalog","@version":"1","@timestamp":"2017-06-08T18:37:45.635Z","host":"10.5.55.3","port":62092,"type":"windows","tags":["json"]}
