{"EventTime":"2017-06-08 13:41:07","Hostname":"CFO.sec555.com","Keywords":576460752309714944,"EventType":"INFO","SeverityValue":2,"Severity":"INFO","EventID":505,"SourceName":"Microsoft-Windows-StorPort","ProviderGuid":"{C4636A1E-7986-4646-BF10-7BC3B4A76E8E}","Version":1,"Task":201,"OpcodeValue":0,"RecordNumber":221,"ProcessID":0,"ThreadID":0,"Channel":"Microsoft-Windows-Storage-Storport/Operational","Message":"Performance summary for Storport Device (Port = 0, Path = 0, Target = 0, Lun = 0) whose Corresponding Class Disk Device Guid is {B5D979AF-4C55-11E7-82ED-806E6F6E6963}:                 \r\nFor latency buckets of 2ms, 64ms, 2048ms, 5120ms, 5120+ms, the IO counts are 21137, 704, 0, 0, 0.","Category":"Port","Opcode":"Info","PortNumber":"0","PathID":"0","TargetID":"0","LUN":"0","ClassDeviceGuid":"{B5D979AF-4C55-11E7-82ED-806E6F6E6963}","IoLatencyBuckets":"2ms, 64ms, 2048ms, 5120ms, 5120+ms","BucketIoCount1":"21137","BucketIoCount2":"704","BucketIoCount3":"0","BucketIoCount4":"0","BucketIoCount5":"0","MaxDeviceQueueCount":"160","MaxOutstandingCount":"64","IoCountArrayLength":"368","IoCountArray":"B80D000000000000441A0000000000004C1D000000000000D0090000000000005A000000000000001F0300000000000000000000000000000000000000000000A5000000000000001F0000000000000083000000000000002D000000000000009700000000000000AB0000000000000009000000000000000100000000000000000000000000000000000000000000000000000000000000000000000000000000000000000000000000000000000000000000000000000000000000000000000000000000000000000000000000000000000000000000000000000000000000000000000000000000000000000000000000000000000000000000000000000000000000000000000000000000000000000000000000000000000000000000000000000000000000000000000000000000000000000000000000000000000000000000000000000000000000000000000000000000000000000000000000000000000000000000000000000000000000","EventReceivedTime":1496947268,"SourceModuleName":"eventlog","SourceModuleType":"im_msvistalog","@version":"1","@timestamp":"2017-06-08T18:41:08.570Z","host":"192.168.0.92","port":53107,"type":"windows","tags":["json"]}
{"EventTime":"2017-06-08 13:41:14","Hostname":"IT01.sec555.com","Keywords":-9187343239835811840,"EventType":"INFO","SeverityValue":2,"Severity":"INFO","EventID":7036,"SourceName":"Service Control Manager","ProviderGuid":"{555908D1-A6D7-4695-8E1E-26931D2012F4}","Version":0,"Task":0,"OpcodeValue":0,"RecordNumber":31591,"ProcessID":484,"ThreadID":1560,"Channel":"System","Message":"The WinHTTP Web Proxy Auto-Discovery Service service entered the stopped state.","param1":"WinHTTP Web Proxy Auto-Discovery Service","param2":"stopped","EventReceivedTime":1496947276,"SourceModuleName":"eventlog","SourceModuleType":"im_msvistalog","@version":"1","@timestamp":"2017-06-08T18:41:16.676Z","host":"192.168.1.52","port":49522,"type":"windows","tags":["json"]}
{"EventTime":"2017-06-08 13:41:22","Hostname":"FS01.sec555.com","Keywords":-9187343239835811840,"EventType":"INFO","SeverityValue":2,"Severity":"INFO","EventID":7036,"SourceName":"Service Control Manager","ProviderGuid":"{555908D1-A6D7-4695-8E1E-26931D2012F4}","Version":0,"Task":0,"OpcodeValue":0,"RecordNumber":7921,"ProcessID":572,"ThreadID":1916,"Channel":"System","Message":"The Update Orchestrator Service for Windows Update service entered the stopped state.","param1":"Update Orchestrator Service for Windows Update","param2":"stopped","EventReceivedTime":1496947284,"SourceModuleName":"eventlog","SourceModuleType":"im_msvistalog","@version":"1","@timestamp":"2017-06-08T18:41:24.076Z","host":"10.5.55.31","port":51240,"type":"windows","tags":["json"]}
{"EventTime":"2017-06-08 13:41:23","Hostname":"DC01.sec555.com","Keywords":-9214364837600034816,"EventType":"AUDIT_SUCCESS","SeverityValue":2,"Severity":"INFO","EventID":4670,"SourceName":"Microsoft-Windows-Security-Auditing","ProviderGuid":"{54849625-5478-4994-A5BA-3E3B0328C30D}","Version":0,"Task":13570,"OpcodeValue":0,"RecordNumber":549659,"ProcessID":536,"ThreadID":544,"Channel":"Security","Message":"Permissions on an object were changed.\r\n\r\nSubject:\r\n\tSecurity ID:\t\tS-1-5-18\r\n\tAccount Name:\t\tDC01$\r\n\tAccount Domain:\t\tSEC555\r\n\tLogon ID:\t\t0x3E7\r\n\r\nObject:\r\n\tObject Server:\tSecurity\r\n\tObject Type:\tToken\r\n\tObject Name:\t-\r\n\tHandle ID:\t0xca0\r\n\r\nProcess:\r\n\tProcess ID:\t0x368\r\n\tProcess Name:\tC:\\Windows\\System32\\svchost.exe\r\n\r\nPermissions Change:\r\n\tOriginal Security Descriptor:\tD:(A;;GA;;;SY)(A;;GA;;;NS)\r\n\tNew Security Descriptor:\tD:(A;;GA;;;SY)(A;;RC;;;OW)(A;;GA;;;S-1-5-86-615999462-62705297-2911207457-59056572-3668589837)","Category":"Authorization Policy Change","Opcode":"Info","SubjectUserSid":"S-1-5-18","SubjectUserName":"DC01$","SubjectDomainName":"SEC555","SubjectLogonId":"0x3e7","ObjectServer":"Security","ObjectType":"Token","ObjectName":"-","HandleId":"0xca0","OldSd":"D:(A;;GA;;;SY)(A;;GA;;;NS)","NewSd":"D:(A;;GA;;;SY)(A;;RC;;;OW)(A;;GA;;;S-1-5-86-615999462-62705297-2911207457-59056572-3668589837)","ProcessName":"C:\\Windows\\System32\\svchost.exe","EventReceivedTime":1496947285,"SourceModuleName":"eventlog","SourceModuleType":"im_msvistalog","@version":"1","@timestamp":"2017-06-08T18:41:24.873Z","host":"10.5.55.2","port":59656,"type":"windows","tags":["json"]}
{"EventTime":"2017-06-08 13:41:23","Hostname":"DC01.sec555.com","Keywords":2305843009213693952,"EventType":"INFO","SeverityValue":2,"Severity":"INFO","EventID":171,"SourceName":"Microsoft-Windows-ServerManager-MultiMachine","ProviderGuid":"{D8D37081-10BD-4A89-A971-1CDA6899BDB3}","Version":0,"Task":10,"OpcodeValue":0,"RecordNumber":4762,"ProcessID":4924,"ThreadID":3800,"Channel":"Microsoft-Windows-ServerManager-MultiMachine/Operational","Domain":"SEC555","AccountName":"jhenderson","UserID":"S-1-5-21-4122792944-3018364698-3069667417-1001","AccountType":"User","Message":"Refresh session started. Source: Scheduler (None, None). Categories: Inventory. Servers: DC01.sec555.com. Id: {ECB68811-3159-4E1B-B06D-A74EAB6E9B69}","Category":"Server manager refresh task.","Opcode":"Info","RefreshTriggerSource":"Scheduler (None, None)","Machines":"DC01.sec555.com","ID":"{ECB68811-3159-4E1B-B06D-A74EAB6E9B69}","EventReceivedTime":1496947285,"SourceModuleName":"eventlog","SourceModuleType":"im_msvistalog","@version":"1","@timestamp":"2017-06-08T18:41:24.874Z","host":"10.5.55.2","port":59656,"type":"windows","tags":["json"]}
{"EventTime":"2017-06-08 13:41:23","Hostname":"DC01.sec555.com","Keywords":2305843009213693952,"EventType":"INFO","SeverityValue":2,"Severity":"INFO","EventID":214,"SourceName":"Microsoft-Windows-ServerManager-MultiMachine","ProviderGuid":"{D8D37081-10BD-4A89-A971-1CDA6899BDB3}","Version":0,"Task":17,"OpcodeValue":0,"RecordNumber":4763,"ProcessID":4924,"ThreadID":3800,"Channel":"Microsoft-Windows-ServerManager-MultiMachine/Operational","Domain":"SEC555","AccountName":"jhenderson","UserID":"S-1-5-21-4122792944-3018364698-3069667417-1001","AccountType":"User","Message":"Invoke method started. Server: localhost, Namespace: root\\microsoft\\windows\\servermanager, Class: MSFT_ServerManagerTasks, Method: GetServerInventory","Category":"Node access.","Opcode":"Info","serverName":"localhost","namespaceName":"root\\microsoft\\windows\\servermanager","wmiClassName":"MSFT_ServerManagerTasks","methodName":"GetServerInventory","protocol":"DCOM","EventReceivedTime":1496947285,"SourceModuleName":"eventlog","SourceModuleType":"im_msvistalog","@version":"1","@timestamp":"2017-06-08T18:41:24.875Z","host":"10.5.55.2","port":59656,"type":"windows","tags":["json"]}
{"EventTime":"2017-06-08 13:41:23","Hostname":"DC01.sec555.com","Keywords":2305843009213693952,"EventType":"INFO","SeverityValue":2,"Severity":"INFO","EventID":209,"SourceName":"Microsoft-Windows-ServerManager-MultiMachine","ProviderGuid":"{D8D37081-10BD-4A89-A971-1CDA6899BDB3}","Version":0,"Task":17,"OpcodeValue":0,"RecordNumber":4764,"ProcessID":4924,"ThreadID":3800,"Channel":"Microsoft-Windows-ServerManager-MultiMachine/Operational","Domain":"SEC555","AccountName":"jhenderson","UserID":"S-1-5-21-4122792944-3018364698-3069667417-1001","AccountType":"User","Message":"Creating new session. Server: localhost, Protocol: DCOM, User: null","Category":"Node access.","Opcode":"Info","serverName":"localhost","protocol":"DCOM","userName":"null","EventReceivedTime":1496947285,"SourceModuleName":"eventlog","SourceModuleType":"im_msvistalog","@version":"1","@timestamp":"2017-06-08T18:41:24.875Z","host":"10.5.55.2","port":59656,"type":"windows","tags":["json"]}
{"EventTime":"2017-06-08 13:41:23","Hostname":"DC01.sec555.com","Keywords":4611686018427387904,"EventType":"INFO","SeverityValue":2,"Severity":"INFO","EventID":5857,"SourceName":"Microsoft-Windows-WMI-Activity","ProviderGuid":"{1418EF04-B0B4-4623-BF7E-D74AB47BBDAA}","Version":0,"Task":0,"OpcodeValue":0,"RecordNumber":3419,"ProcessID":900,"ThreadID":4240,"Channel":"Microsoft-Windows-WMI-Activity/Operational","Domain":"NT AUTHORITY","AccountName":"NETWORK SERVICE","UserID":"S-1-5-20","AccountType":"Well Known Group","Message":"mgmtprovider provider started with result code 0x0. HostProcess = wmiprvse.exe; ProcessID = 900; ProviderPath = %systemroot%\\system32\\wbem\\mgmtprovider.dll","Opcode":"Info","UserData":"<Operation_StartedOperational xmlns='http://manifests.microsoft.com/win/2006/windows/WMI'><ProviderName>mgmtprovider</ProviderName><Code>0x0</Code><HostProcess>wmiprvse.exe</HostProcess><ProcessID>900</ProcessID><ProviderPath>%systemroot%\\system32\\wbem\\mgmtprovider.dll</ProviderPath></Operation_StartedOperational>","EventReceivedTime":1496947285,"SourceModuleName":"eventlog","SourceModuleType":"im_msvistalog","@version":"1","@timestamp":"2017-06-08T18:41:24.877Z","host":"10.5.55.2","port":59656,"type":"windows","tags":["json"]}
{"EventTime":"2017-06-08 13:41:23","Hostname":"DC01.sec555.com","Keywords":-9223372036854775808,"EventType":"INFO","SeverityValue":2,"Severity":"INFO","EventID":41,"SourceName":"Microsoft-Windows-ServerManager-ManagementProvider","ProviderGuid":"{C2E6D0D9-5DF8-4C77-A82B-C96C84579543}","Version":0,"Task":13,"OpcodeValue":0,"RecordNumber":2060,"ActivityID":"{FC94F9B6-ADFC-42C6-B5B2-0D3703D51451}","ProcessID":900,"ThreadID":4240,"Channel":"Microsoft-Windows-ServerManager-MgmtProvider/Operational","Domain":"SEC555","AccountName":"jhenderson","UserID":"S-1-5-21-4122792944-3018364698-3069667417-1001","AccountType":"User","Message":"Get server inventory task started.","Category":"Get server inventory task","Opcode":"Info","EventData":"","EventReceivedTime":1496947285,"SourceModuleName":"eventlog","SourceModuleType":"im_msvistalog","@version":"1","@timestamp":"2017-06-08T18:41:24.877Z","host":"10.5.55.2","port":59656,"type":"windows","tags":["json"]}
{"EventTime":"2017-06-08 13:41:23","Hostname":"DC01.sec555.com","Keywords":4611686018427387904,"EventType":"INFO","SeverityValue":2,"Severity":"INFO","EventID":5857,"SourceName":"Microsoft-Windows-WMI-Activity","ProviderGuid":"{1418EF04-B0B4-4623-BF7E-D74AB47BBDAA}","Version":0,"Task":0,"OpcodeValue":0,"RecordNumber":3420,"ProcessID":900,"ThreadID":1328,"Channel":"Microsoft-Windows-WMI-Activity/Operational","Domain":"NT AUTHORITY","AccountName":"NETWORK SERVICE","UserID":"S-1-5-20","AccountType":"Well Known Group","Message":"CIMWin32 provider started with result code 0x0. HostProcess = wmiprvse.exe; ProcessID = 900; ProviderPath = %systemroot%\\system32\\wbem\\cimwin32.dll","Opcode":"Info","UserData":"<Operation_StartedOperational xmlns='http://manifests.microsoft.com/win/2006/windows/WMI'><ProviderName>CIMWin32</ProviderName><Code>0x0</Code><HostProcess>wmiprvse.exe</HostProcess><ProcessID>900</ProcessID><ProviderPath>%systemroot%\\system32\\wbem\\cimwin32.dll</ProviderPath></Operation_StartedOperational>","EventReceivedTime":1496947285,"SourceModuleName":"eventlog","SourceModuleType":"im_msvistalog","@version":"1","@timestamp":"2017-06-08T18:41:24.878Z","host":"10.5.55.2","port":59656,"type":"windows","tags":["json"]}
{"EventTime":"2017-06-08 13:41:23","Hostname":"DC01.sec555.com","Keywords":-9214364837600034816,"EventType":"AUDIT_SUCCESS","SeverityValue":2,"Severity":"INFO","EventID":4670,"SourceName":"Microsoft-Windows-Security-Auditing","ProviderGuid":"{54849625-5478-4994-A5BA-3E3B0328C30D}","Version":0,"Task":13570,"OpcodeValue":0,"RecordNumber":549661,"ProcessID":536,"ThreadID":544,"Channel":"Security","Message":"Permissions on an object were changed.\r\n\r\nSubject:\r\n\tSecurity ID:\t\tS-1-5-18\r\n\tAccount Name:\t\tDC01$\r\n\tAccount Domain:\t\tSEC555\r\n\tLogon ID:\t\t0x3E7\r\n\r\nObject:\r\n\tObject Server:\tSecurity\r\n\tObject Type:\tToken\r\n\tObject Name:\t-\r\n\tHandle ID:\t0x1be0\r\n\r\nProcess:\r\n\tProcess ID:\t0x368\r\n\tProcess Name:\tC:\\Windows\\System32\\svchost.exe\r\n\r\nPermissions Change:\r\n\tOriginal Security Descriptor:\tD:(A;;GA;;;SY)(A;;GA;;;NS)\r\n\tNew Security Descriptor:\tD:(A;;GA;;;SY)(A;;RC;;;OW)(A;;GA;;;S-1-5-86-615999462-62705297-2911207457-59056572-3668589837)","Category":"Authorization Policy Change","Opcode":"Info","SubjectUserSid":"S-1-5-18","SubjectUserName":"DC01$","SubjectDomainName":"SEC555","SubjectLogonId":"0x3e7","ObjectServer":"Security","ObjectType":"Token","ObjectName":"-","HandleId":"0x1be0","OldSd":"D:(A;;GA;;;SY)(A;;GA;;;NS)","NewSd":"D:(A;;GA;;;SY)(A;;RC;;;OW)(A;;GA;;;S-1-5-86-615999462-62705297-2911207457-59056572-3668589837)","ProcessName":"C:\\Windows\\System32\\svchost.exe","EventReceivedTime":1496947285,"SourceModuleName":"eventlog","SourceModuleType":"im_msvistalog","@version":"1","@timestamp":"2017-06-08T18:41:24.879Z","host":"10.5.55.2","port":59656,"type":"windows","tags":["json"]}
{"EventTime":"2017-06-08 13:41:24","Hostname":"DC01.sec555.com","Keywords":2305843009213693952,"EventType":"INFO","SeverityValue":2,"Severity":"INFO","EventID":217,"SourceName":"Microsoft-Windows-ServerManager-MultiMachine","ProviderGuid":"{D8D37081-10BD-4A89-A971-1CDA6899BDB3}","Version":0,"Task":17,"OpcodeValue":0,"RecordNumber":4765,"ProcessID":4924,"ThreadID":4400,"Channel":"Microsoft-Windows-ServerManager-MultiMachine/Operational","Domain":"SEC555","AccountName":"jhenderson","UserID":"S-1-5-21-4122792944-3018364698-3069667417-1001","AccountType":"User","Message":"Invoke method data received. Server: localhost, Namespace: root\\microsoft\\windows\\servermanager, Class: MSFT_ServerManagerTasks, Method: GetServerInventory","Category":"Node access.","Opcode":"Info","serverName":"localhost","namespaceName":"root\\microsoft\\windows\\servermanager","wmiClassName":"MSFT_ServerManagerTasks","methodName":"GetServerInventory","protocol":"DCOM","EventReceivedTime":1496947285,"SourceModuleName":"eventlog","SourceModuleType":"im_msvistalog","@version":"1","@timestamp":"2017-06-08T18:41:24.883Z","host":"10.5.55.2","port":59656,"type":"windows","tags":["json"]}
{"EventTime":"2017-06-08 13:41:25","Hostname":"DC01.sec555.com","Keywords":-9223372036854775808,"EventType":"WARNING","SeverityValue":3,"Severity":"WARNING","EventID":45,"SourceName":"Microsoft-Windows-ServerManager-ManagementProvider","ProviderGuid":"{C2E6D0D9-5DF8-4C77-A82B-C96C84579543}","Version":0,"Task":13,"OpcodeValue":0,"RecordNumber":2061,"ActivityID":"{FC94F9B6-ADFC-42C6-B5B2-0D3703D51451}","ProcessID":900,"ThreadID":4240,"Channel":"Microsoft-Windows-ServerManager-MgmtProvider/Operational","Domain":"SEC555","AccountName":"jhenderson","UserID":"S-1-5-21-4122792944-3018364698-3069667417-1001","AccountType":"User","Message":"Failure opening metadata of the owning provider for channel: Microsoft-Windows-SPB-HIDI2C/Analytic [hResult = Function failed during execution., hLastResult = The system cannot find the file specified.].","Category":"Get server inventory task","Opcode":"Info","Name":"Microsoft-Windows-SPB-HIDI2C/Analytic","hResult":"0x8007065b","hLastError":"0x80070002","EventReceivedTime":1496947287,"SourceModuleName":"eventlog","SourceModuleType":"im_msvistalog","@version":"1","@timestamp":"2017-06-08T18:41:26.905Z","host":"10.5.55.2","port":59656,"type":"windows","tags":["json"]}
{"EventTime":"2017-06-08 13:41:25","Hostname":"DC01.sec555.com","Keywords":-9214364837600034816,"EventType":"AUDIT_SUCCESS","SeverityValue":2,"Severity":"INFO","EventID":4776,"SourceName":"Microsoft-Windows-Security-Auditing","ProviderGuid":"{54849625-5478-4994-A5BA-3E3B0328C30D}","Version":0,"Task":14336,"OpcodeValue":0,"RecordNumber":549674,"ProcessID":536,"ThreadID":3228,"Channel":"Security","Message":"The computer attempted to validate the credentials for an account.\r\n\r\nAuthentication Package:\tMICROSOFT_AUTHENTICATION_PACKAGE_V1_0\r\nLogon Account:\tpdodson\r\nSource Workstation:\tCFO\r\nError Code:\t0x0","Category":"Credential Validation","Opcode":"Info","PackageName":"MICROSOFT_AUTHENTICATION_PACKAGE_V1_0","TargetUserName":"pdodson","Workstation":"CFO","Status":"0x0","EventReceivedTime":1496947287,"SourceModuleName":"eventlog","SourceModuleType":"im_msvistalog","@version":"1","@timestamp":"2017-06-08T18:41:26.905Z","host":"10.5.55.2","port":59656,"type":"windows","tags":["json"]}
{"EventTime":"2017-06-08 13:41:25","Hostname":"DC01.sec555.com","Keywords":-9214364837600034816,"EventType":"AUDIT_SUCCESS","SeverityValue":2,"Severity":"INFO","EventID":4624,"SourceName":"Microsoft-Windows-Security-Auditing","ProviderGuid":"{54849625-5478-4994-A5BA-3E3B0328C30D}","Version":1,"Task":12544,"OpcodeValue":0,"RecordNumber":549675,"ProcessID":536,"ThreadID":3228,"Channel":"Security","Message":"An account was successfully logged on.\r\n\r\nSubject:\r\n\tSecurity ID:\t\tS-1-0-0\r\n\tAccount Name:\t\t-\r\n\tAccount Domain:\t\t-\r\n\tLogon ID:\t\t0x0\r\n\r\nLogon Type:\t\t\t3\r\n\r\nImpersonation Level:\t\tImpersonation\r\n\r\nNew Logon:\r\n\tSecurity ID:\t\tS-1-5-21-4122792944-3018364698-3069667417-1115\r\n\tAccount Name:\t\tpdodson\r\n\tAccount Domain:\t\tSEC555\r\n\tLogon ID:\t\t0xD56E9F\r\n\tLogon GUID:\t\t{00000000-0000-0000-0000-000000000000}\r\n\r\nProcess Information:\r\n\tProcess ID:\t\t0x0\r\n\tProcess Name:\t\t-\r\n\r\nNetwork Information:\r\n\tWorkstation Name:\tCFO\r\n\tSource Network Address:\t192.168.0.92\r\n\tSource Port:\t\t53122\r\n\r\nDetailed Authentication Information:\r\n\tLogon Process:\t\tNtLmSsp \r\n\tAuthentication Package:\tNTLM\r\n\tTransited Services:\t-\r\n\tPackage Name (NTLM only):\tNTLM V2\r\n\tKey Length:\t\t128\r\n\r\nThis event is generated when a logon session is created. It is generated on the computer that was accessed.\r\n\r\nThe subject fields indicate the account on the local system which requested the logon. This is most commonly a service such as the Server service, or a local process such as Winlogon.exe or Services.exe.\r\n\r\nThe logon type field indicates the kind of logon that occurred. The most common types are 2 (interactive) and 3 (network).\r\n\r\nThe New Logon fields indicate the account for whom the new logon was created, i.e. the account that was logged on.\r\n\r\nThe network fields indicate where a remote logon request originated. Workstation name is not always available and may be left blank in some cases.\r\n\r\nThe impersonation level field indicates the extent to which a process in the logon session can impersonate.\r\n\r\nThe authentication information fields provide detailed information about this specific logon request.\r\n\t- Logon GUID is a unique identifier that can be used to correlate this event with a KDC event.\r\n\t- Transited services indicate which intermediate services have participated in this logon request.\r\n\t- Package name indicates which sub-protocol was used among the NTLM protocols.\r\n\t- Key length indicates the length of the generated session key. This will be 0 if no session key was requested.","Category":"Logon","Opcode":"Info","SubjectUserSid":"S-1-0-0","SubjectUserName":"-","SubjectDomainName":"-","SubjectLogonId":"0x0","TargetUserSid":"S-1-5-21-4122792944-3018364698-3069667417-1115","TargetUserName":"pdodson","TargetDomainName":"SEC555","TargetLogonId":"0xd56e9f","LogonType":"3","LogonProcessName":"NtLmSsp ","AuthenticationPackageName":"NTLM","WorkstationName":"CFO","LogonGuid":"{00000000-0000-0000-0000-000000000000}","TransmittedServices":"-","LmPackageName":"NTLM V2","KeyLength":"128","ProcessName":"-","IpAddress":"192.168.0.92","IpPort":"53122","ImpersonationLevel":"%%1833","EventReceivedTime":1496947287,"SourceModuleName":"eventlog","SourceModuleType":"im_msvistalog","@version":"1","@timestamp":"2017-06-08T18:41:26.906Z","host":"10.5.55.2","port":59656,"type":"windows","tags":["json"]}
{"EventTime":"2017-06-08 13:41:25","Hostname":"DC01.sec555.com","Keywords":2305843009213693952,"EventType":"INFO","SeverityValue":2,"Severity":"INFO","EventID":217,"SourceName":"Microsoft-Windows-ServerManager-MultiMachine","ProviderGuid":"{D8D37081-10BD-4A89-A971-1CDA6899BDB3}","Version":0,"Task":17,"OpcodeValue":0,"RecordNumber":4766,"ProcessID":4924,"ThreadID":4400,"Channel":"Microsoft-Windows-ServerManager-MultiMachine/Operational","Domain":"SEC555","AccountName":"jhenderson","UserID":"S-1-5-21-4122792944-3018364698-3069667417-1001","AccountType":"User","Message":"Invoke method data received. Server: localhost, Namespace: root\\microsoft\\windows\\servermanager, Class: MSFT_ServerManagerTasks, Method: GetServerInventory","Category":"Node access.","Opcode":"Info","serverName":"localhost","namespaceName":"root\\microsoft\\windows\\servermanager","wmiClassName":"MSFT_ServerManagerTasks","methodName":"GetServerInventory","protocol":"DCOM","EventReceivedTime":1496947287,"SourceModuleName":"eventlog","SourceModuleType":"im_msvistalog","@version":"1","@timestamp":"2017-06-08T18:41:26.906Z","host":"10.5.55.2","port":59656,"type":"windows","tags":["json"]}
{"EventTime":"2017-06-08 13:41:25","Hostname":"DC01.sec555.com","Keywords":-9223372036854775808,"EventType":"INFO","SeverityValue":2,"Severity":"INFO","EventID":42,"SourceName":"Microsoft-Windows-ServerManager-ManagementProvider","ProviderGuid":"{C2E6D0D9-5DF8-4C77-A82B-C96C84579543}","Version":0,"Task":13,"OpcodeValue":0,"RecordNumber":2062,"ActivityID":"{FC94F9B6-ADFC-42C6-B5B2-0D3703D51451}","ProcessID":900,"ThreadID":4240,"Channel":"Microsoft-Windows-ServerManager-MgmtProvider/Operational","Domain":"SEC555","AccountName":"jhenderson","UserID":"S-1-5-21-4122792944-3018364698-3069667417-1001","AccountType":"User","Message":"Get server inventory task complete.","Category":"Get server inventory task","Opcode":"Info","EventData":"","EventReceivedTime":1496947287,"SourceModuleName":"eventlog","SourceModuleType":"im_msvistalog","@version":"1","@timestamp":"2017-06-08T18:41:26.907Z","host":"10.5.55.2","port":59656,"type":"windows","tags":["json"]}
{"EventTime":"2017-06-08 13:41:25","Hostname":"DC01.sec555.com","Keywords":2305843009213693952,"EventType":"INFO","SeverityValue":2,"Severity":"INFO","EventID":217,"SourceName":"Microsoft-Windows-ServerManager-MultiMachine","ProviderGuid":"{D8D37081-10BD-4A89-A971-1CDA6899BDB3}","Version":0,"Task":17,"OpcodeValue":0,"RecordNumber":4767,"ProcessID":4924,"ThreadID":3248,"Channel":"Microsoft-Windows-ServerManager-MultiMachine/Operational","Domain":"SEC555","AccountName":"jhenderson","UserID":"S-1-5-21-4122792944-3018364698-3069667417-1001","AccountType":"User","Message":"Invoke method data received. Server: localhost, Namespace: root\\microsoft\\windows\\servermanager, Class: MSFT_ServerManagerTasks, Method: GetServerInventory","Category":"Node access.","Opcode":"Info","serverName":"localhost","namespaceName":"root\\microsoft\\windows\\servermanager","wmiClassName":"MSFT_ServerManagerTasks","methodName":"GetServerInventory","protocol":"DCOM","EventReceivedTime":1496947287,"SourceModuleName":"eventlog","SourceModuleType":"im_msvistalog","@version":"1","@timestamp":"2017-06-08T18:41:26.907Z","host":"10.5.55.2","port":59656,"type":"windows","tags":["json"]}
{"EventTime":"2017-06-08 13:41:25","Hostname":"DC01.sec555.com","Keywords":2305843009213693952,"EventType":"INFO","SeverityValue":2,"Severity":"INFO","EventID":215,"SourceName":"Microsoft-Windows-ServerManager-MultiMachine","ProviderGuid":"{D8D37081-10BD-4A89-A971-1CDA6899BDB3}","Version":0,"Task":17,"OpcodeValue":0,"RecordNumber":4768,"ProcessID":4924,"ThreadID":3248,"Channel":"Microsoft-Windows-ServerManager-MultiMachine/Operational","Domain":"SEC555","AccountName":"jhenderson","UserID":"S-1-5-21-4122792944-3018364698-3069667417-1001","AccountType":"User","Message":"Invoke method completed. Server: localhost, Namespace: root\\microsoft\\windows\\servermanager, Class: MSFT_ServerManagerTasks, Method: GetServerInventory","Category":"Node access.","Opcode":"Info","serverName":"localhost","namespaceName":"root\\microsoft\\windows\\servermanager","wmiClassName":"MSFT_ServerManagerTasks","methodName":"GetServerInventory","protocol":"DCOM","EventReceivedTime":1496947287,"SourceModuleName":"eventlog","SourceModuleType":"im_msvistalog","@version":"1","@timestamp":"2017-06-08T18:41:26.908Z","host":"10.5.55.2","port":59656,"type":"windows","tags":["json"]}
{"EventTime":"2017-06-08 13:41:25","Hostname":"DC01.sec555.com","Keywords":2305843009213693952,"EventType":"INFO","SeverityValue":2,"Severity":"INFO","EventID":214,"SourceName":"Microsoft-Windows-ServerManager-MultiMachine","ProviderGuid":"{D8D37081-10BD-4A89-A971-1CDA6899BDB3}","Version":0,"Task":17,"OpcodeValue":0,"RecordNumber":4769,"ProcessID":4924,"ThreadID":3248,"Channel":"Microsoft-Windows-ServerManager-MultiMachine/Operational","Domain":"SEC555","AccountName":"jhenderson","UserID":"S-1-5-21-4122792944-3018364698-3069667417-1001","AccountType":"User","Message":"Invoke method started. Server: localhost, Namespace: root\\microsoft\\windows\\servermanager, Class: MSFT_ServerManagerTasks, Method: GetServerFeature","Category":"Node access.","Opcode":"Info","serverName":"localhost","namespaceName":"root\\microsoft\\windows\\servermanager","wmiClassName":"MSFT_ServerManagerTasks","methodName":"GetServerFeature","protocol":"DCOM","EventReceivedTime":1496947287,"SourceModuleName":"eventlog","SourceModuleType":"im_msvistalog","@version":"1","@timestamp":"2017-06-08T18:41:26.909Z","host":"10.5.55.2","port":59656,"type":"windows","tags":["json"]}
{"EventTime":"2017-06-08 13:41:25","Hostname":"DC01.sec555.com","Keywords":2305843009213693952,"EventType":"INFO","SeverityValue":2,"Severity":"INFO","EventID":209,"SourceName":"Microsoft-Windows-ServerManager-MultiMachine","ProviderGuid":"{D8D37081-10BD-4A89-A971-1CDA6899BDB3}","Version":0,"Task":17,"OpcodeValue":0,"RecordNumber":4770,"ProcessID":4924,"ThreadID":3248,"Channel":"Microsoft-Windows-ServerManager-MultiMachine/Operational","Domain":"SEC555","AccountName":"jhenderson","UserID":"S-1-5-21-4122792944-3018364698-3069667417-1001","AccountType":"User","Message":"Creating new session. Server: localhost, Protocol: DCOM, User: null","Category":"Node access.","Opcode":"Info","serverName":"localhost","protocol":"DCOM","userName":"null","EventReceivedTime":1496947287,"SourceModuleName":"eventlog","SourceModuleType":"im_msvistalog","@version":"1","@timestamp":"2017-06-08T18:41:26.909Z","host":"10.5.55.2","port":59656,"type":"windows","tags":["json"]}
{"EventTime":"2017-06-08 13:41:25","Hostname":"DC01.sec555.com","Keywords":2305843009213693952,"EventType":"INFO","SeverityValue":2,"Severity":"INFO","EventID":214,"SourceName":"Microsoft-Windows-ServerManager-MultiMachine","ProviderGuid":"{D8D37081-10BD-4A89-A971-1CDA6899BDB3}","Version":0,"Task":17,"OpcodeValue":0,"RecordNumber":4771,"ProcessID":4924,"ThreadID":3248,"Channel":"Microsoft-Windows-ServerManager-MultiMachine/Operational","Domain":"SEC555","AccountName":"jhenderson","UserID":"S-1-5-21-4122792944-3018364698-3069667417-1001","AccountType":"User","Message":"Invoke method started. Server: localhost, Namespace: root\\microsoft\\windows\\servermanager, Class: MSFT_ServerManagerTasks, Method: GetServerServiceDetail","Category":"Node access.","Opcode":"Info","serverName":"localhost","namespaceName":"root\\microsoft\\windows\\servermanager","wmiClassName":"MSFT_ServerManagerTasks","methodName":"GetServerServiceDetail","protocol":"DCOM","EventReceivedTime":1496947287,"SourceModuleName":"eventlog","SourceModuleType":"im_msvistalog","@version":"1","@timestamp":"2017-06-08T18:41:26.910Z","host":"10.5.55.2","port":59656,"type":"windows","tags":["json"]}
{"EventTime":"2017-06-08 13:41:25","Hostname":"DC01.sec555.com","Keywords":2305843009213693952,"EventType":"INFO","SeverityValue":2,"Severity":"INFO","EventID":209,"SourceName":"Microsoft-Windows-ServerManager-MultiMachine","ProviderGuid":"{D8D37081-10BD-4A89-A971-1CDA6899BDB3}","Version":0,"Task":17,"OpcodeValue":0,"RecordNumber":4772,"ProcessID":4924,"ThreadID":3248,"Channel":"Microsoft-Windows-ServerManager-MultiMachine/Operational","Domain":"SEC555","AccountName":"jhenderson","UserID":"S-1-5-21-4122792944-3018364698-3069667417-1001","AccountType":"User","Message":"Creating new session. Server: localhost, Protocol: DCOM, User: null","Category":"Node access.","Opcode":"Info","serverName":"localhost","protocol":"DCOM","userName":"null","EventReceivedTime":1496947287,"SourceModuleName":"eventlog","SourceModuleType":"im_msvistalog","@version":"1","@timestamp":"2017-06-08T18:41:26.910Z","host":"10.5.55.2","port":59656,"type":"windows","tags":["json"]}
{"EventTime":"2017-06-08 13:41:25","Hostname":"DC01.sec555.com","Keywords":2305843009213693952,"EventType":"INFO","SeverityValue":2,"Severity":"INFO","EventID":214,"SourceName":"Microsoft-Windows-ServerManager-MultiMachine","ProviderGuid":"{D8D37081-10BD-4A89-A971-1CDA6899BDB3}","Version":0,"Task":17,"OpcodeValue":0,"RecordNumber":4773,"ProcessID":4924,"ThreadID":3248,"Channel":"Microsoft-Windows-ServerManager-MultiMachine/Operational","Domain":"SEC555","AccountName":"jhenderson","UserID":"S-1-5-21-4122792944-3018364698-3069667417-1001","AccountType":"User","Message":"Invoke method started. Server: localhost, Namespace: root\\microsoft\\windows\\servermanager, Class: MSFT_ServerManagerTasks, Method: GetPerformanceCollectorState","Category":"Node access.","Opcode":"Info","serverName":"localhost","namespaceName":"root\\microsoft\\windows\\servermanager","wmiClassName":"MSFT_ServerManagerTasks","methodName":"GetPerformanceCollectorState","protocol":"DCOM","EventReceivedTime":1496947287,"SourceModuleName":"eventlog","SourceModuleType":"im_msvistalog","@version":"1","@timestamp":"2017-06-08T18:41:26.911Z","host":"10.5.55.2","port":59656,"type":"windows","tags":["json"]}
{"EventTime":"2017-06-08 13:41:25","Hostname":"DC01.sec555.com","Keywords":2305843009213693952,"EventType":"INFO","SeverityValue":2,"Severity":"INFO","EventID":209,"SourceName":"Microsoft-Windows-ServerManager-MultiMachine","ProviderGuid":"{D8D37081-10BD-4A89-A971-1CDA6899BDB3}","Version":0,"Task":17,"OpcodeValue":0,"RecordNumber":4774,"ProcessID":4924,"ThreadID":3248,"Channel":"Microsoft-Windows-ServerManager-MultiMachine/Operational","Domain":"SEC555","AccountName":"jhenderson","UserID":"S-1-5-21-4122792944-3018364698-3069667417-1001","AccountType":"User","Message":"Creating new session. Server: localhost, Protocol: DCOM, User: null","Category":"Node access.","Opcode":"Info","serverName":"localhost","protocol":"DCOM","userName":"null","EventReceivedTime":1496947287,"SourceModuleName":"eventlog","SourceModuleType":"im_msvistalog","@version":"1","@timestamp":"2017-06-08T18:41:26.911Z","host":"10.5.55.2","port":59656,"type":"windows","tags":["json"]}
{"EventTime":"2017-06-08 13:41:25","Hostname":"DC01.sec555.com","Keywords":-9223372036854775808,"EventType":"INFO","SeverityValue":2,"Severity":"INFO","EventID":47,"SourceName":"Microsoft-Windows-ServerManager-ManagementProvider","ProviderGuid":"{C2E6D0D9-5DF8-4C77-A82B-C96C84579543}","Version":0,"Task":14,"OpcodeValue":0,"RecordNumber":2063,"ActivityID":"{7427A25F-2AE3-461C-805A-C0C268766A91}","ProcessID":900,"ThreadID":4240,"Channel":"Microsoft-Windows-ServerManager-MgmtProvider/Operational","Domain":"SEC555","AccountName":"jhenderson","UserID":"S-1-5-21-4122792944-3018364698-3069667417-1001","AccountType":"User","Message":"Get server feature task started, flags: 2.","Category":"Get server feature task","Opcode":"Info","uValue":"2","EventReceivedTime":1496947287,"SourceModuleName":"eventlog","SourceModuleType":"im_msvistalog","@version":"1","@timestamp":"2017-06-08T18:41:26.912Z","host":"10.5.55.2","port":59656,"type":"windows","tags":["json"]}
{"EventTime":"2017-06-08 13:41:25","Hostname":"DC01.sec555.com","Keywords":-9223372036854775808,"EventType":"INFO","SeverityValue":2,"Severity":"INFO","EventID":14,"SourceName":"Microsoft-Windows-ServerManager-ManagementProvider","ProviderGuid":"{C2E6D0D9-5DF8-4C77-A82B-C96C84579543}","Version":0,"Task":6,"OpcodeValue":1,"RecordNumber":2064,"ActivityID":"{D21D42A0-F237-49BB-8A90-88A2EE335E5D}","ProcessID":900,"ThreadID":1272,"Channel":"Microsoft-Windows-ServerManager-MgmtProvider/Operational","Domain":"SEC555","AccountName":"jhenderson","UserID":"S-1-5-21-4122792944-3018364698-3069667417-1001","AccountType":"User","Message":"Get performance collector state task start.","Category":"Get performance collector state task","Opcode":"Start","EventData":"","EventReceivedTime":1496947287,"SourceModuleName":"eventlog","SourceModuleType":"im_msvistalog","@version":"1","@timestamp":"2017-06-08T18:41:26.912Z","host":"10.5.55.2","port":59656,"type":"windows","tags":["json"]}
{"EventTime":"2017-06-08 13:41:25","Hostname":"DC01.sec555.com","Keywords":-9223372036854775808,"EventType":"INFO","SeverityValue":2,"Severity":"INFO","EventID":111,"SourceName":"Microsoft-Windows-ServerManager-DeploymentProvider","ProviderGuid":"{66AF9A38-2D94-11E0-A076-8534E0D72085}","Version":0,"Task":2,"OpcodeValue":0,"RecordNumber":632,"ActivityID":"{49F89777-3BC4-4A31-872E-6F582E38963D}","ProcessID":1356,"ThreadID":476,"Channel":"Microsoft-Windows-ServerManager-DeploymentProvider/Operational","Domain":"NT AUTHORITY","AccountName":"SYSTEM","UserID":"S-1-5-18","AccountType":"User","Message":"Starting a GetServerComponent request.","Category":"GetServerComponent request on a separate thread.","Opcode":"Info","requestGuid":"{AC5C7C33-7757-440C-B2FA-8F675F57785C}","EventReceivedTime":1496947287,"SourceModuleName":"eventlog","SourceModuleType":"im_msvistalog","@version":"1","@timestamp":"2017-06-08T18:41:26.921Z","host":"10.5.55.2","port":59656,"type":"windows","tags":["json"]}
{"EventTime":"2017-06-08 13:41:25","Hostname":"DC01.sec555.com","Keywords":4611686018427387904,"EventType":"INFO","SeverityValue":2,"Severity":"INFO","EventID":5857,"SourceName":"Microsoft-Windows-WMI-Activity","ProviderGuid":"{1418EF04-B0B4-4623-BF7E-D74AB47BBDAA}","Version":0,"Task":0,"OpcodeValue":0,"RecordNumber":3421,"ProcessID":1356,"ThreadID":476,"Channel":"Microsoft-Windows-WMI-Activity/Operational","Domain":"NT AUTHORITY","AccountName":"SYSTEM","UserID":"S-1-5-18","AccountType":"User","Message":"deploymentprovider provider started with result code 0x0. HostProcess = wmiprvse.exe; ProcessID = 1356; ProviderPath = %systemroot%\\system32\\wbem\\ServerManager.DeploymentProvider.dll","Opcode":"Info","UserData":"<Operation_StartedOperational xmlns='http://manifests.microsoft.com/win/2006/windows/WMI'><ProviderName>deploymentprovider</ProviderName><Code>0x0</Code><HostProcess>wmiprvse.exe</HostProcess><ProcessID>1356</ProcessID><ProviderPath>%systemroot%\\system32\\wbem\\ServerManager.DeploymentProvider.dll</ProviderPath></Operation_StartedOperational>","EventReceivedTime":1496947287,"SourceModuleName":"eventlog","SourceModuleType":"im_msvistalog","@version":"1","@timestamp":"2017-06-08T18:41:26.921Z","host":"10.5.55.2","port":59656,"type":"windows","tags":["json"]}
{"EventTime":"2017-06-08 13:41:25","Hostname":"DC01.sec555.com","Keywords":-9223372036854775808,"EventType":"INFO","SeverityValue":2,"Severity":"INFO","EventID":1300,"SourceName":"Microsoft-Windows-ServerManager-DeploymentProvider","ProviderGuid":"{66AF9A38-2D94-11E0-A076-8534E0D72085}","Version":0,"Task":2,"OpcodeValue":0,"RecordNumber":633,"ActivityID":"{49F89777-3BC4-4A31-872E-6F582E38963D}","ProcessID":1356,"ThreadID":476,"Channel":"Microsoft-Windows-ServerManager-DeploymentProvider/Operational","Domain":"NT AUTHORITY","AccountName":"SYSTEM","UserID":"S-1-5-18","AccountType":"User","Message":"Component cache read from registry. Count: 267","Category":"GetServerComponent request on a separate thread.","Opcode":"Info","value":"267","EventReceivedTime":1496947287,"SourceModuleName":"eventlog","SourceModuleType":"im_msvistalog","@version":"1","@timestamp":"2017-06-08T18:41:26.921Z","host":"10.5.55.2","port":59656,"type":"windows","tags":["json"]}
{"EventTime":"2017-06-08 13:41:25","Hostname":"DC01.sec555.com","Keywords":-9223372036854775808,"EventType":"INFO","SeverityValue":2,"Severity":"INFO","EventID":15,"SourceName":"Microsoft-Windows-ServerManager-ManagementProvider","ProviderGuid":"{C2E6D0D9-5DF8-4C77-A82B-C96C84579543}","Version":0,"Task":6,"OpcodeValue":2,"RecordNumber":2065,"ActivityID":"{D21D42A0-F237-49BB-8A90-88A2EE335E5D}","ProcessID":900,"ThreadID":1272,"Channel":"Microsoft-Windows-ServerManager-MgmtProvider/Operational","Domain":"SEC555","AccountName":"jhenderson","UserID":"S-1-5-21-4122792944-3018364698-3069667417-1001","AccountType":"User","Message":"Get performance collector state task complete.","Category":"Get performance collector state task","Opcode":"Stop","EventData":"","EventReceivedTime":1496947287,"SourceModuleName":"eventlog","SourceModuleType":"im_msvistalog","@version":"1","@timestamp":"2017-06-08T18:41:26.921Z","host":"10.5.55.2","port":59656,"type":"windows","tags":["json"]}
{"EventTime":"2017-06-08 13:41:25","Hostname":"DC01.sec555.com","Keywords":2305843009213693952,"EventType":"INFO","SeverityValue":2,"Severity":"INFO","EventID":217,"SourceName":"Microsoft-Windows-ServerManager-MultiMachine","ProviderGuid":"{D8D37081-10BD-4A89-A971-1CDA6899BDB3}","Version":0,"Task":17,"OpcodeValue":0,"RecordNumber":4775,"ProcessID":4924,"ThreadID":3048,"Channel":"Microsoft-Windows-ServerManager-MultiMachine/Operational","Domain":"SEC555","AccountName":"jhenderson","UserID":"S-1-5-21-4122792944-3018364698-3069667417-1001","AccountType":"User","Message":"Invoke method data received. Server: localhost, Namespace: root\\microsoft\\windows\\servermanager, Class: MSFT_ServerManagerTasks, Method: GetPerformanceCollectorState","Category":"Node access.","Opcode":"Info","serverName":"localhost","namespaceName":"root\\microsoft\\windows\\servermanager","wmiClassName":"MSFT_ServerManagerTasks","methodName":"GetPerformanceCollectorState","protocol":"DCOM","EventReceivedTime":1496947287,"SourceModuleName":"eventlog","SourceModuleType":"im_msvistalog","@version":"1","@timestamp":"2017-06-08T18:41:26.921Z","host":"10.5.55.2","port":59656,"type":"windows","tags":["json"]}
{"EventTime":"2017-06-08 13:41:25","Hostname":"DC01.sec555.com","Keywords":2305843009213693952,"EventType":"INFO","SeverityValue":2,"Severity":"INFO","EventID":215,"SourceName":"Microsoft-Windows-ServerManager-MultiMachine","ProviderGuid":"{D8D37081-10BD-4A89-A971-1CDA6899BDB3}","Version":0,"Task":17,"OpcodeValue":0,"RecordNumber":4776,"ProcessID":4924,"ThreadID":3048,"Channel":"Microsoft-Windows-ServerManager-MultiMachine/Operational","Domain":"SEC555","AccountName":"jhenderson","UserID":"S-1-5-21-4122792944-3018364698-3069667417-1001","AccountType":"User","Message":"Invoke method completed. Server: localhost, Namespace: root\\microsoft\\windows\\servermanager, Class: MSFT_ServerManagerTasks, Method: GetPerformanceCollectorState","Category":"Node access.","Opcode":"Info","serverName":"localhost","namespaceName":"root\\microsoft\\windows\\servermanager","wmiClassName":"MSFT_ServerManagerTasks","methodName":"GetPerformanceCollectorState","protocol":"DCOM","EventReceivedTime":1496947287,"SourceModuleName":"eventlog","SourceModuleType":"im_msvistalog","@version":"1","@timestamp":"2017-06-08T18:41:26.922Z","host":"10.5.55.2","port":59656,"type":"windows","tags":["json"]}
{"EventTime":"2017-06-08 13:41:25","Hostname":"DC01.sec555.com","Keywords":-9223372036854775808,"EventType":"INFO","SeverityValue":2,"Severity":"INFO","EventID":69,"SourceName":"Microsoft-Windows-ServerManager-ManagementProvider","ProviderGuid":"{C2E6D0D9-5DF8-4C77-A82B-C96C84579543}","Version":0,"Task":18,"OpcodeValue":0,"RecordNumber":2066,"ActivityID":"{F2A58008-23DC-4735-B107-E7F25B4DA5AF}","ProcessID":900,"ThreadID":1272,"Channel":"Microsoft-Windows-ServerManager-MgmtProvider/Operational","Domain":"SEC555","AccountName":"jhenderson","UserID":"S-1-5-21-4122792944-3018364698-3069667417-1001","AccountType":"User","Message":"Get server service detail task start. Number of service requested: 0","Category":"Get server service detail task","Opcode":"Info","uValue":"0","EventReceivedTime":1496947287,"SourceModuleName":"eventlog","SourceModuleType":"im_msvistalog","@version":"1","@timestamp":"2017-06-08T18:41:26.922Z","host":"10.5.55.2","port":59656,"type":"windows","tags":["json"]}
{"EventTime":"2017-06-08 13:41:25","Hostname":"DC01.sec555.com","Keywords":-9223372036854775808,"EventType":"INFO","SeverityValue":2,"Severity":"INFO","EventID":70,"SourceName":"Microsoft-Windows-ServerManager-ManagementProvider","ProviderGuid":"{C2E6D0D9-5DF8-4C77-A82B-C96C84579543}","Version":0,"Task":18,"OpcodeValue":0,"RecordNumber":2067,"ActivityID":"{F2A58008-23DC-4735-B107-E7F25B4DA5AF}","ProcessID":900,"ThreadID":1272,"Channel":"Microsoft-Windows-ServerManager-MgmtProvider/Operational","Domain":"SEC555","AccountName":"jhenderson","UserID":"S-1-5-21-4122792944-3018364698-3069667417-1001","AccountType":"User","Message":"Get server service detail task complete. Number of services returned: 0","Category":"Get server service detail task","Opcode":"Info","uValue":"0","EventReceivedTime":1496947287,"SourceModuleName":"eventlog","SourceModuleType":"im_msvistalog","@version":"1","@timestamp":"2017-06-08T18:41:26.923Z","host":"10.5.55.2","port":59656,"type":"windows","tags":["json"]}
{"EventTime":"2017-06-08 13:41:25","Hostname":"DC01.sec555.com","Keywords":2305843009213693952,"EventType":"INFO","SeverityValue":2,"Severity":"INFO","EventID":217,"SourceName":"Microsoft-Windows-ServerManager-MultiMachine","ProviderGuid":"{D8D37081-10BD-4A89-A971-1CDA6899BDB3}","Version":0,"Task":17,"OpcodeValue":0,"RecordNumber":4777,"ProcessID":4924,"ThreadID":3248,"Channel":"Microsoft-Windows-ServerManager-MultiMachine/Operational","Domain":"SEC555","AccountName":"jhenderson","UserID":"S-1-5-21-4122792944-3018364698-3069667417-1001","AccountType":"User","Message":"Invoke method data received. Server: localhost, Namespace: root\\microsoft\\windows\\servermanager, Class: MSFT_ServerManagerTasks, Method: GetServerServiceDetail","Category":"Node access.","Opcode":"Info","serverName":"localhost","namespaceName":"root\\microsoft\\windows\\servermanager","wmiClassName":"MSFT_ServerManagerTasks","methodName":"GetServerServiceDetail","protocol":"DCOM","EventReceivedTime":1496947287,"SourceModuleName":"eventlog","SourceModuleType":"im_msvistalog","@version":"1","@timestamp":"2017-06-08T18:41:26.923Z","host":"10.5.55.2","port":59656,"type":"windows","tags":["json"]}
{"EventTime":"2017-06-08 13:41:25","Hostname":"DC01.sec555.com","Keywords":2305843009213693952,"EventType":"INFO","SeverityValue":2,"Severity":"INFO","EventID":217,"SourceName":"Microsoft-Windows-ServerManager-MultiMachine","ProviderGuid":"{D8D37081-10BD-4A89-A971-1CDA6899BDB3}","Version":0,"Task":17,"OpcodeValue":0,"RecordNumber":4778,"ProcessID":4924,"ThreadID":3248,"Channel":"Microsoft-Windows-ServerManager-MultiMachine/Operational","Domain":"SEC555","AccountName":"jhenderson","UserID":"S-1-5-21-4122792944-3018364698-3069667417-1001","AccountType":"User","Message":"Invoke method data received. Server: localhost, Namespace: root\\microsoft\\windows\\servermanager, Class: MSFT_ServerManagerTasks, Method: GetServerServiceDetail","Category":"Node access.","Opcode":"Info","serverName":"localhost","namespaceName":"root\\microsoft\\windows\\servermanager","wmiClassName":"MSFT_ServerManagerTasks","methodName":"GetServerServiceDetail","protocol":"DCOM","EventReceivedTime":1496947287,"SourceModuleName":"eventlog","SourceModuleType":"im_msvistalog","@version":"1","@timestamp":"2017-06-08T18:41:26.923Z","host":"10.5.55.2","port":59656,"type":"windows","tags":["json"]}
{"EventTime":"2017-06-08 13:41:25","Hostname":"DC01.sec555.com","Keywords":2305843009213693952,"EventType":"INFO","SeverityValue":2,"Severity":"INFO","EventID":215,"SourceName":"Microsoft-Windows-ServerManager-MultiMachine","ProviderGuid":"{D8D37081-10BD-4A89-A971-1CDA6899BDB3}","Version":0,"Task":17,"OpcodeValue":0,"RecordNumber":4779,"ProcessID":4924,"ThreadID":3248,"Channel":"Microsoft-Windows-ServerManager-MultiMachine/Operational","Domain":"SEC555","AccountName":"jhenderson","UserID":"S-1-5-21-4122792944-3018364698-3069667417-1001","AccountType":"User","Message":"Invoke method completed. Server: localhost, Namespace: root\\microsoft\\windows\\servermanager, Class: MSFT_ServerManagerTasks, Method: GetServerServiceDetail","Category":"Node access.","Opcode":"Info","serverName":"localhost","namespaceName":"root\\microsoft\\windows\\servermanager","wmiClassName":"MSFT_ServerManagerTasks","methodName":"GetServerServiceDetail","protocol":"DCOM","EventReceivedTime":1496947287,"SourceModuleName":"eventlog","SourceModuleType":"im_msvistalog","@version":"1","@timestamp":"2017-06-08T18:41:26.923Z","host":"10.5.55.2","port":59656,"type":"windows","tags":["json"]}
{"EventTime":"2017-06-08 13:41:25","Hostname":"DC01.sec555.com","Keywords":-9223372036854775808,"EventType":"INFO","SeverityValue":2,"Severity":"INFO","EventID":112,"SourceName":"Microsoft-Windows-ServerManager-DeploymentProvider","ProviderGuid":"{66AF9A38-2D94-11E0-A076-8534E0D72085}","Version":0,"Task":2,"OpcodeValue":0,"RecordNumber":634,"ActivityID":"{49F89777-3BC4-4A31-872E-6F582E38963D}","ProcessID":1356,"ThreadID":476,"Channel":"Microsoft-Windows-ServerManager-DeploymentProvider/Operational","Domain":"NT AUTHORITY","AccountName":"SYSTEM","UserID":"S-1-5-18","AccountType":"User","Message":"Completed processing the GetServerComponent request.  Restart required: false","Category":"GetServerComponent request on a separate thread.","Opcode":"Info","restartRequired":"false","requestGuid":"{AC5C7C33-7757-440C-B2FA-8F675F57785C}","EventReceivedTime":1496947287,"SourceModuleName":"eventlog","SourceModuleType":"im_msvistalog","@version":"1","@timestamp":"2017-06-08T18:41:26.926Z","host":"10.5.55.2","port":59656,"type":"windows","tags":["json"]}
{"EventTime":"2017-06-08 13:41:25","Hostname":"DC01.sec555.com","Keywords":-9223372036854775808,"EventType":"INFO","SeverityValue":2,"Severity":"INFO","EventID":48,"SourceName":"Microsoft-Windows-ServerManager-ManagementProvider","ProviderGuid":"{C2E6D0D9-5DF8-4C77-A82B-C96C84579543}","Version":0,"Task":14,"OpcodeValue":0,"RecordNumber":2068,"ActivityID":"{7427A25F-2AE3-461C-805A-C0C268766A91}","ProcessID":900,"ThreadID":4240,"Channel":"Microsoft-Windows-ServerManager-MgmtProvider/Operational","Domain":"SEC555","AccountName":"jhenderson","UserID":"S-1-5-21-4122792944-3018364698-3069667417-1001","AccountType":"User","Message":"Get server feature task complete, total features returned: 27.","Category":"Get server feature task","Opcode":"Info","uValue":"27","EventReceivedTime":1496947287,"SourceModuleName":"eventlog","SourceModuleType":"im_msvistalog","@version":"1","@timestamp":"2017-06-08T18:41:26.926Z","host":"10.5.55.2","port":59656,"type":"windows","tags":["json"]}
{"EventTime":"2017-06-08 13:41:25","Hostname":"DC01.sec555.com","Keywords":-9223372036854775808,"EventType":"INFO","SeverityValue":2,"Severity":"INFO","EventID":52,"SourceName":"Microsoft-Windows-ServerManager-ManagementProvider","ProviderGuid":"{C2E6D0D9-5DF8-4C77-A82B-C96C84579543}","Version":0,"Task":15,"OpcodeValue":0,"RecordNumber":2069,"ActivityID":"{7B8BC92E-BC90-4B26-A05E-04CFD0239E58}","ProcessID":900,"ThreadID":4240,"Channel":"Microsoft-Windows-ServerManager-MgmtProvider/Operational","Domain":"SEC555","AccountName":"jhenderson","UserID":"S-1-5-21-4122792944-3018364698-3069667417-1001","AccountType":"User","Message":"Get server event detail task started, number of logs: 6.","Category":"Get server event detail task","Opcode":"Info","uValue":"6","EventReceivedTime":1496947287,"SourceModuleName":"eventlog","SourceModuleType":"im_msvistalog","@version":"1","@timestamp":"2017-06-08T18:41:26.927Z","host":"10.5.55.2","port":59656,"type":"windows","tags":["json"]}
{"EventTime":"2017-06-08 13:41:25","Hostname":"DC01.sec555.com","Keywords":2305843009213693952,"EventType":"INFO","SeverityValue":2,"Severity":"INFO","EventID":217,"SourceName":"Microsoft-Windows-ServerManager-MultiMachine","ProviderGuid":"{D8D37081-10BD-4A89-A971-1CDA6899BDB3}","Version":0,"Task":17,"OpcodeValue":0,"RecordNumber":4780,"ProcessID":4924,"ThreadID":3248,"Channel":"Microsoft-Windows-ServerManager-MultiMachine/Operational","Domain":"SEC555","AccountName":"jhenderson","UserID":"S-1-5-21-4122792944-3018364698-3069667417-1001","AccountType":"User","Message":"Invoke method data received. Server: localhost, Namespace: root\\microsoft\\windows\\servermanager, Class: MSFT_ServerManagerTasks, Method: GetServerFeature","Category":"Node access.","Opcode":"Info","serverName":"localhost","namespaceName":"root\\microsoft\\windows\\servermanager","wmiClassName":"MSFT_ServerManagerTasks","methodName":"GetServerFeature","protocol":"DCOM","EventReceivedTime":1496947287,"SourceModuleName":"eventlog","SourceModuleType":"im_msvistalog","@version":"1","@timestamp":"2017-06-08T18:41:26.928Z","host":"10.5.55.2","port":59656,"type":"windows","tags":["json"]}
