{"EventTime":"2017-06-08 13:36:33","Hostname":"CFO.sec555.com","Keywords":-9214364837600034816,"EventType":"AUDIT_SUCCESS","SeverityValue":2,"Severity":"INFO","EventID":4663,"SourceName":"Microsoft-Windows-Security-Auditing","ProviderGuid":"{54849625-5478-4994-A5BA-3E3B0328C30D}","Version":1,"Task":12812,"OpcodeValue":0,"RecordNumber":35028,"ProcessID":4,"ThreadID":4052,"Channel":"Security","Message":"An attempt was made to access an object.\r\n\r\nSubject:\r\n\tSecurity ID:\t\tS-1-5-21-4122792944-3018364698-3069667417-1115\r\n\tAccount Name:\t\tpdodson\r\n\tAccount Domain:\t\tSEC555\r\n\tLogon ID:\t\t0x64F7A\r\n\r\nObject:\r\n\tObject Server:\t\tSecurity\r\n\tObject Type:\t\tFile\r\n\tObject Name:\t\tC:\\a\r\n\tHandle ID:\t\t0x1e08\r\n\tResource Attributes:\tS:AI\r\n\r\nProcess Information:\r\n\tProcess ID:\t\t0xd88\r\n\tProcess Name:\t\tC:\\Windows\\explorer.exe\r\n\r\nAccess Request Information:\r\n\tAccesses:\t\tReadAttributes\r\n\t\t\t\t\r\n\tAccess Mask:\t\t0x80","Category":"Removable Storage","Opcode":"Info","SubjectUserSid":"S-1-5-21-4122792944-3018364698-3069667417-1115","SubjectUserName":"pdodson","SubjectDomainName":"SEC555","SubjectLogonId":"0x64f7a","ObjectServer":"Security","ObjectType":"File","ObjectName":"C:\\a","HandleId":"0x1e08","AccessList":"%%4423\r\n\t\t\t\t","AccessMask":"0x80","ProcessName":"C:\\Windows\\explorer.exe","ResourceAttributes":"S:AI","EventReceivedTime":1496946994,"SourceModuleName":"eventlog","SourceModuleType":"im_msvistalog","@version":"1","@timestamp":"2017-06-08T18:36:34.498Z","host":"192.168.0.92","port":53107,"type":"windows","tags":["json"]}
{"EventTime":"2017-06-08 13:36:33","Hostname":"CFO.sec555.com","Keywords":-9214364837600034816,"EventType":"AUDIT_SUCCESS","SeverityValue":2,"Severity":"INFO","EventID":4663,"SourceName":"Microsoft-Windows-Security-Auditing","ProviderGuid":"{54849625-5478-4994-A5BA-3E3B0328C30D}","Version":1,"Task":12812,"OpcodeValue":0,"RecordNumber":35029,"ProcessID":4,"ThreadID":4052,"Channel":"Security","Message":"An attempt was made to access an object.\r\n\r\nSubject:\r\n\tSecurity ID:\t\tS-1-5-21-4122792944-3018364698-3069667417-1115\r\n\tAccount Name:\t\tpdodson\r\n\tAccount Domain:\t\tSEC555\r\n\tLogon ID:\t\t0x64F7A\r\n\r\nObject:\r\n\tObject Server:\t\tSecurity\r\n\tObject Type:\t\tFile\r\n\tObject Name:\t\tC:\\a\r\n\tHandle ID:\t\t0x1e08\r\n\tResource Attributes:\tS:AI\r\n\r\nProcess Information:\r\n\tProcess ID:\t\t0xd88\r\n\tProcess Name:\t\tC:\\Windows\\explorer.exe\r\n\r\nAccess Request Information:\r\n\tAccesses:\t\tReadData (or ListDirectory)\r\n\t\t\t\t\r\n\tAccess Mask:\t\t0x1","Category":"Removable Storage","Opcode":"Info","SubjectUserSid":"S-1-5-21-4122792944-3018364698-3069667417-1115","SubjectUserName":"pdodson","SubjectDomainName":"SEC555","SubjectLogonId":"0x64f7a","ObjectServer":"Security","ObjectType":"File","ObjectName":"C:\\a","HandleId":"0x1e08","AccessList":"%%4416\r\n\t\t\t\t","AccessMask":"0x1","ProcessName":"C:\\Windows\\explorer.exe","ResourceAttributes":"S:AI","EventReceivedTime":1496946994,"SourceModuleName":"eventlog","SourceModuleType":"im_msvistalog","@version":"1","@timestamp":"2017-06-08T18:36:34.501Z","host":"192.168.0.92","port":53107,"type":"windows","tags":["json"]}
{"EventTime":"2017-06-08 13:36:33","Hostname":"CFO.sec555.com","Keywords":-9214364837600034816,"EventType":"AUDIT_SUCCESS","SeverityValue":2,"Severity":"INFO","EventID":4663,"SourceName":"Microsoft-Windows-Security-Auditing","ProviderGuid":"{54849625-5478-4994-A5BA-3E3B0328C30D}","Version":1,"Task":12812,"OpcodeValue":0,"RecordNumber":35030,"ProcessID":4,"ThreadID":4052,"Channel":"Security","Message":"An attempt was made to access an object.\r\n\r\nSubject:\r\n\tSecurity ID:\t\tS-1-5-21-4122792944-3018364698-3069667417-1115\r\n\tAccount Name:\t\tpdodson\r\n\tAccount Domain:\t\tSEC555\r\n\tLogon ID:\t\t0x64F7A\r\n\r\nObject:\r\n\tObject Server:\t\tSecurity\r\n\tObject Type:\t\tFile\r\n\tObject Name:\t\tC:\\a\r\n\tHandle ID:\t\t0x13bc\r\n\tResource Attributes:\tS:AI\r\n\r\nProcess Information:\r\n\tProcess ID:\t\t0xd88\r\n\tProcess Name:\t\tC:\\Windows\\explorer.exe\r\n\r\nAccess Request Information:\r\n\tAccesses:\t\tReadData (or ListDirectory)\r\n\t\t\t\t\r\n\tAccess Mask:\t\t0x1","Category":"Removable Storage","Opcode":"Info","SubjectUserSid":"S-1-5-21-4122792944-3018364698-3069667417-1115","SubjectUserName":"pdodson","SubjectDomainName":"SEC555","SubjectLogonId":"0x64f7a","ObjectServer":"Security","ObjectType":"File","ObjectName":"C:\\a","HandleId":"0x13bc","AccessList":"%%4416\r\n\t\t\t\t","AccessMask":"0x1","ProcessName":"C:\\Windows\\explorer.exe","ResourceAttributes":"S:AI","EventReceivedTime":1496946994,"SourceModuleName":"eventlog","SourceModuleType":"im_msvistalog","@version":"1","@timestamp":"2017-06-08T18:36:34.503Z","host":"192.168.0.92","port":53107,"type":"windows","tags":["json"]}
{"EventTime":"2017-06-08 13:36:33","Hostname":"CFO.sec555.com","Keywords":-9214364837600034816,"EventType":"AUDIT_SUCCESS","SeverityValue":2,"Severity":"INFO","EventID":4663,"SourceName":"Microsoft-Windows-Security-Auditing","ProviderGuid":"{54849625-5478-4994-A5BA-3E3B0328C30D}","Version":1,"Task":12812,"OpcodeValue":0,"RecordNumber":35031,"ProcessID":4,"ThreadID":4052,"Channel":"Security","Message":"An attempt was made to access an object.\r\n\r\nSubject:\r\n\tSecurity ID:\t\tS-1-5-21-4122792944-3018364698-3069667417-1115\r\n\tAccount Name:\t\tpdodson\r\n\tAccount Domain:\t\tSEC555\r\n\tLogon ID:\t\t0x64F7A\r\n\r\nObject:\r\n\tObject Server:\t\tSecurity\r\n\tObject Type:\t\tFile\r\n\tObject Name:\t\tC:\\a\r\n\tHandle ID:\t\t0x22e0\r\n\tResource Attributes:\tS:AI\r\n\r\nProcess Information:\r\n\tProcess ID:\t\t0xd88\r\n\tProcess Name:\t\tC:\\Windows\\explorer.exe\r\n\r\nAccess Request Information:\r\n\tAccesses:\t\tREAD_CONTROL\r\n\t\t\t\t\r\n\tAccess Mask:\t\t0x20000","Category":"Removable Storage","Opcode":"Info","SubjectUserSid":"S-1-5-21-4122792944-3018364698-3069667417-1115","SubjectUserName":"pdodson","SubjectDomainName":"SEC555","SubjectLogonId":"0x64f7a","ObjectServer":"Security","ObjectType":"File","ObjectName":"C:\\a","HandleId":"0x22e0","AccessList":"%%1538\r\n\t\t\t\t","AccessMask":"0x20000","ProcessName":"C:\\Windows\\explorer.exe","ResourceAttributes":"S:AI","EventReceivedTime":1496946994,"SourceModuleName":"eventlog","SourceModuleType":"im_msvistalog","@version":"1","@timestamp":"2017-06-08T18:36:34.505Z","host":"192.168.0.92","port":53107,"type":"windows","tags":["json"]}
{"EventTime":"2017-06-08 13:36:33","Hostname":"CFO.sec555.com","Keywords":-9214364837600034816,"EventType":"AUDIT_SUCCESS","SeverityValue":2,"Severity":"INFO","EventID":4663,"SourceName":"Microsoft-Windows-Security-Auditing","ProviderGuid":"{54849625-5478-4994-A5BA-3E3B0328C30D}","Version":1,"Task":12812,"OpcodeValue":0,"RecordNumber":35032,"ProcessID":4,"ThreadID":4052,"Channel":"Security","Message":"An attempt was made to access an object.\r\n\r\nSubject:\r\n\tSecurity ID:\t\tS-1-5-21-4122792944-3018364698-3069667417-1115\r\n\tAccount Name:\t\tpdodson\r\n\tAccount Domain:\t\tSEC555\r\n\tLogon ID:\t\t0x64F7A\r\n\r\nObject:\r\n\tObject Server:\t\tSecurity\r\n\tObject Type:\t\tFile\r\n\tObject Name:\t\tC:\\a\r\n\tHandle ID:\t\t0x22e0\r\n\tResource Attributes:\tS:AI\r\n\r\nProcess Information:\r\n\tProcess ID:\t\t0xd88\r\n\tProcess Name:\t\tC:\\Windows\\explorer.exe\r\n\r\nAccess Request Information:\r\n\tAccesses:\t\tREAD_CONTROL\r\n\t\t\t\t\r\n\tAccess Mask:\t\t0x20000","Category":"Removable Storage","Opcode":"Info","SubjectUserSid":"S-1-5-21-4122792944-3018364698-3069667417-1115","SubjectUserName":"pdodson","SubjectDomainName":"SEC555","SubjectLogonId":"0x64f7a","ObjectServer":"Security","ObjectType":"File","ObjectName":"C:\\a","HandleId":"0x22e0","AccessList":"%%1538\r\n\t\t\t\t","AccessMask":"0x20000","ProcessName":"C:\\Windows\\explorer.exe","ResourceAttributes":"S:AI","EventReceivedTime":1496946994,"SourceModuleName":"eventlog","SourceModuleType":"im_msvistalog","@version":"1","@timestamp":"2017-06-08T18:36:34.507Z","host":"192.168.0.92","port":53107,"type":"windows","tags":["json"]}
{"EventTime":"2017-06-08 13:36:33","Hostname":"CFO.sec555.com","Keywords":-9214364837600034816,"EventType":"AUDIT_SUCCESS","SeverityValue":2,"Severity":"INFO","EventID":4663,"SourceName":"Microsoft-Windows-Security-Auditing","ProviderGuid":"{54849625-5478-4994-A5BA-3E3B0328C30D}","Version":1,"Task":12812,"OpcodeValue":0,"RecordNumber":35033,"ProcessID":4,"ThreadID":4052,"Channel":"Security","Message":"An attempt was made to access an object.\r\n\r\nSubject:\r\n\tSecurity ID:\t\tS-1-5-21-4122792944-3018364698-3069667417-1115\r\n\tAccount Name:\t\tpdodson\r\n\tAccount Domain:\t\tSEC555\r\n\tLogon ID:\t\t0x64F7A\r\n\r\nObject:\r\n\tObject Server:\t\tSecurity\r\n\tObject Type:\t\tFile\r\n\tObject Name:\t\tC:\\a\r\n\tHandle ID:\t\t0x22e0\r\n\tResource Attributes:\tS:AI\r\n\r\nProcess Information:\r\n\tProcess ID:\t\t0xd88\r\n\tProcess Name:\t\tC:\\Windows\\explorer.exe\r\n\r\nAccess Request Information:\r\n\tAccesses:\t\tREAD_CONTROL\r\n\t\t\t\t\r\n\tAccess Mask:\t\t0x20000","Category":"Removable Storage","Opcode":"Info","SubjectUserSid":"S-1-5-21-4122792944-3018364698-3069667417-1115","SubjectUserName":"pdodson","SubjectDomainName":"SEC555","SubjectLogonId":"0x64f7a","ObjectServer":"Security","ObjectType":"File","ObjectName":"C:\\a","HandleId":"0x22e0","AccessList":"%%1538\r\n\t\t\t\t","AccessMask":"0x20000","ProcessName":"C:\\Windows\\explorer.exe","ResourceAttributes":"S:AI","EventReceivedTime":1496946994,"SourceModuleName":"eventlog","SourceModuleType":"im_msvistalog","@version":"1","@timestamp":"2017-06-08T18:36:34.509Z","host":"192.168.0.92","port":53107,"type":"windows","tags":["json"]}
{"EventTime":"2017-06-08 13:36:33","Hostname":"CFO.sec555.com","Keywords":-9214364837600034816,"EventType":"AUDIT_SUCCESS","SeverityValue":2,"Severity":"INFO","EventID":4663,"SourceName":"Microsoft-Windows-Security-Auditing","ProviderGuid":"{54849625-5478-4994-A5BA-3E3B0328C30D}","Version":1,"Task":12812,"OpcodeValue":0,"RecordNumber":35034,"ProcessID":4,"ThreadID":4052,"Channel":"Security","Message":"An attempt was made to access an object.\r\n\r\nSubject:\r\n\tSecurity ID:\t\tS-1-5-21-4122792944-3018364698-3069667417-1115\r\n\tAccount Name:\t\tpdodson\r\n\tAccount Domain:\t\tSEC555\r\n\tLogon ID:\t\t0x64F7A\r\n\r\nObject:\r\n\tObject Server:\t\tSecurity\r\n\tObject Type:\t\tFile\r\n\tObject Name:\t\tC:\\a\r\n\tHandle ID:\t\t0x22e0\r\n\tResource Attributes:\tS:AI\r\n\r\nProcess Information:\r\n\tProcess ID:\t\t0xd88\r\n\tProcess Name:\t\tC:\\Windows\\explorer.exe\r\n\r\nAccess Request Information:\r\n\tAccesses:\t\tREAD_CONTROL\r\n\t\t\t\t\r\n\tAccess Mask:\t\t0x20000","Category":"Removable Storage","Opcode":"Info","SubjectUserSid":"S-1-5-21-4122792944-3018364698-3069667417-1115","SubjectUserName":"pdodson","SubjectDomainName":"SEC555","SubjectLogonId":"0x64f7a","ObjectServer":"Security","ObjectType":"File","ObjectName":"C:\\a","HandleId":"0x22e0","AccessList":"%%1538\r\n\t\t\t\t","AccessMask":"0x20000","ProcessName":"C:\\Windows\\explorer.exe","ResourceAttributes":"S:AI","EventReceivedTime":1496946994,"SourceModuleName":"eventlog","SourceModuleType":"im_msvistalog","@version":"1","@timestamp":"2017-06-08T18:36:34.510Z","host":"192.168.0.92","port":53107,"type":"windows","tags":["json"]}
{"EventTime":"2017-06-08 13:36:33","Hostname":"CFO.sec555.com","Keywords":-9214364837600034816,"EventType":"AUDIT_SUCCESS","SeverityValue":2,"Severity":"INFO","EventID":4663,"SourceName":"Microsoft-Windows-Security-Auditing","ProviderGuid":"{54849625-5478-4994-A5BA-3E3B0328C30D}","Version":1,"Task":12812,"OpcodeValue":0,"RecordNumber":35035,"ProcessID":4,"ThreadID":4052,"Channel":"Security","Message":"An attempt was made to access an object.\r\n\r\nSubject:\r\n\tSecurity ID:\t\tS-1-5-21-4122792944-3018364698-3069667417-1115\r\n\tAccount Name:\t\tpdodson\r\n\tAccount Domain:\t\tSEC555\r\n\tLogon ID:\t\t0x64F7A\r\n\r\nObject:\r\n\tObject Server:\t\tSecurity\r\n\tObject Type:\t\tFile\r\n\tObject Name:\t\tC:\\a\r\n\tHandle ID:\t\t0x22e0\r\n\tResource Attributes:\tS:AI\r\n\r\nProcess Information:\r\n\tProcess ID:\t\t0xd88\r\n\tProcess Name:\t\tC:\\Windows\\explorer.exe\r\n\r\nAccess Request Information:\r\n\tAccesses:\t\tREAD_CONTROL\r\n\t\t\t\t\r\n\tAccess Mask:\t\t0x20000","Category":"Removable Storage","Opcode":"Info","SubjectUserSid":"S-1-5-21-4122792944-3018364698-3069667417-1115","SubjectUserName":"pdodson","SubjectDomainName":"SEC555","SubjectLogonId":"0x64f7a","ObjectServer":"Security","ObjectType":"File","ObjectName":"C:\\a","HandleId":"0x22e0","AccessList":"%%1538\r\n\t\t\t\t","AccessMask":"0x20000","ProcessName":"C:\\Windows\\explorer.exe","ResourceAttributes":"S:AI","EventReceivedTime":1496946994,"SourceModuleName":"eventlog","SourceModuleType":"im_msvistalog","@version":"1","@timestamp":"2017-06-08T18:36:34.511Z","host":"192.168.0.92","port":53107,"type":"windows","tags":["json"]}
{"EventTime":"2017-06-08 13:36:33","Hostname":"CFO.sec555.com","Keywords":-9214364837600034816,"EventType":"AUDIT_SUCCESS","SeverityValue":2,"Severity":"INFO","EventID":4663,"SourceName":"Microsoft-Windows-Security-Auditing","ProviderGuid":"{54849625-5478-4994-A5BA-3E3B0328C30D}","Version":1,"Task":12812,"OpcodeValue":0,"RecordNumber":35036,"ProcessID":4,"ThreadID":4052,"Channel":"Security","Message":"An attempt was made to access an object.\r\n\r\nSubject:\r\n\tSecurity ID:\t\tS-1-5-21-4122792944-3018364698-3069667417-1115\r\n\tAccount Name:\t\tpdodson\r\n\tAccount Domain:\t\tSEC555\r\n\tLogon ID:\t\t0x64F7A\r\n\r\nObject:\r\n\tObject Server:\t\tSecurity\r\n\tObject Type:\t\tFile\r\n\tObject Name:\t\tC:\\a\r\n\tHandle ID:\t\t0x22e0\r\n\tResource Attributes:\tS:AI\r\n\r\nProcess Information:\r\n\tProcess ID:\t\t0xd88\r\n\tProcess Name:\t\tC:\\Windows\\explorer.exe\r\n\r\nAccess Request Information:\r\n\tAccesses:\t\tREAD_CONTROL\r\n\t\t\t\t\r\n\tAccess Mask:\t\t0x20000","Category":"Removable Storage","Opcode":"Info","SubjectUserSid":"S-1-5-21-4122792944-3018364698-3069667417-1115","SubjectUserName":"pdodson","SubjectDomainName":"SEC555","SubjectLogonId":"0x64f7a","ObjectServer":"Security","ObjectType":"File","ObjectName":"C:\\a","HandleId":"0x22e0","AccessList":"%%1538\r\n\t\t\t\t","AccessMask":"0x20000","ProcessName":"C:\\Windows\\explorer.exe","ResourceAttributes":"S:AI","EventReceivedTime":1496946994,"SourceModuleName":"eventlog","SourceModuleType":"im_msvistalog","@version":"1","@timestamp":"2017-06-08T18:36:34.513Z","host":"192.168.0.92","port":53107,"type":"windows","tags":["json"]}
{"EventTime":"2017-06-08 13:36:33","Hostname":"CFO.sec555.com","Keywords":-9214364837600034816,"EventType":"AUDIT_SUCCESS","SeverityValue":2,"Severity":"INFO","EventID":4663,"SourceName":"Microsoft-Windows-Security-Auditing","ProviderGuid":"{54849625-5478-4994-A5BA-3E3B0328C30D}","Version":1,"Task":12812,"OpcodeValue":0,"RecordNumber":35037,"ProcessID":4,"ThreadID":4052,"Channel":"Security","Message":"An attempt was made to access an object.\r\n\r\nSubject:\r\n\tSecurity ID:\t\tS-1-5-21-4122792944-3018364698-3069667417-1115\r\n\tAccount Name:\t\tpdodson\r\n\tAccount Domain:\t\tSEC555\r\n\tLogon ID:\t\t0x64F7A\r\n\r\nObject:\r\n\tObject Server:\t\tSecurity\r\n\tObject Type:\t\tFile\r\n\tObject Name:\t\tC:\\a\r\n\tHandle ID:\t\t0x1f4c\r\n\tResource Attributes:\tS:AI\r\n\r\nProcess Information:\r\n\tProcess ID:\t\t0xd88\r\n\tProcess Name:\t\tC:\\Windows\\explorer.exe\r\n\r\nAccess Request Information:\r\n\tAccesses:\t\tREAD_CONTROL\r\n\t\t\t\t\r\n\tAccess Mask:\t\t0x20000","Category":"Removable Storage","Opcode":"Info","SubjectUserSid":"S-1-5-21-4122792944-3018364698-3069667417-1115","SubjectUserName":"pdodson","SubjectDomainName":"SEC555","SubjectLogonId":"0x64f7a","ObjectServer":"Security","ObjectType":"File","ObjectName":"C:\\a","HandleId":"0x1f4c","AccessList":"%%1538\r\n\t\t\t\t","AccessMask":"0x20000","ProcessName":"C:\\Windows\\explorer.exe","ResourceAttributes":"S:AI","EventReceivedTime":1496946994,"SourceModuleName":"eventlog","SourceModuleType":"im_msvistalog","@version":"1","@timestamp":"2017-06-08T18:36:34.514Z","host":"192.168.0.92","port":53107,"type":"windows","tags":["json"]}
{"EventTime":"2017-06-08 13:36:33","Hostname":"CFO.sec555.com","Keywords":-9214364837600034816,"EventType":"AUDIT_SUCCESS","SeverityValue":2,"Severity":"INFO","EventID":4663,"SourceName":"Microsoft-Windows-Security-Auditing","ProviderGuid":"{54849625-5478-4994-A5BA-3E3B0328C30D}","Version":1,"Task":12812,"OpcodeValue":0,"RecordNumber":35038,"ProcessID":4,"ThreadID":4052,"Channel":"Security","Message":"An attempt was made to access an object.\r\n\r\nSubject:\r\n\tSecurity ID:\t\tS-1-5-21-4122792944-3018364698-3069667417-1115\r\n\tAccount Name:\t\tpdodson\r\n\tAccount Domain:\t\tSEC555\r\n\tLogon ID:\t\t0x64F7A\r\n\r\nObject:\r\n\tObject Server:\t\tSecurity\r\n\tObject Type:\t\tFile\r\n\tObject Name:\t\tC:\\a\r\n\tHandle ID:\t\t0x1f4c\r\n\tResource Attributes:\tS:AI\r\n\r\nProcess Information:\r\n\tProcess ID:\t\t0xd88\r\n\tProcess Name:\t\tC:\\Windows\\explorer.exe\r\n\r\nAccess Request Information:\r\n\tAccesses:\t\tREAD_CONTROL\r\n\t\t\t\t\r\n\tAccess Mask:\t\t0x20000","Category":"Removable Storage","Opcode":"Info","SubjectUserSid":"S-1-5-21-4122792944-3018364698-3069667417-1115","SubjectUserName":"pdodson","SubjectDomainName":"SEC555","SubjectLogonId":"0x64f7a","ObjectServer":"Security","ObjectType":"File","ObjectName":"C:\\a","HandleId":"0x1f4c","AccessList":"%%1538\r\n\t\t\t\t","AccessMask":"0x20000","ProcessName":"C:\\Windows\\explorer.exe","ResourceAttributes":"S:AI","EventReceivedTime":1496946994,"SourceModuleName":"eventlog","SourceModuleType":"im_msvistalog","@version":"1","@timestamp":"2017-06-08T18:36:34.516Z","host":"192.168.0.92","port":53107,"type":"windows","tags":["json"]}
{"EventTime":"2017-06-08 13:36:33","Hostname":"CFO.sec555.com","Keywords":-9214364837600034816,"EventType":"AUDIT_SUCCESS","SeverityValue":2,"Severity":"INFO","EventID":4663,"SourceName":"Microsoft-Windows-Security-Auditing","ProviderGuid":"{54849625-5478-4994-A5BA-3E3B0328C30D}","Version":1,"Task":12812,"OpcodeValue":0,"RecordNumber":35039,"ProcessID":4,"ThreadID":4052,"Channel":"Security","Message":"An attempt was made to access an object.\r\n\r\nSubject:\r\n\tSecurity ID:\t\tS-1-5-21-4122792944-3018364698-3069667417-1115\r\n\tAccount Name:\t\tpdodson\r\n\tAccount Domain:\t\tSEC555\r\n\tLogon ID:\t\t0x64F7A\r\n\r\nObject:\r\n\tObject Server:\t\tSecurity\r\n\tObject Type:\t\tFile\r\n\tObject Name:\t\tC:\\a\r\n\tHandle ID:\t\t0x1f4c\r\n\tResource Attributes:\tS:AI\r\n\r\nProcess Information:\r\n\tProcess ID:\t\t0xd88\r\n\tProcess Name:\t\tC:\\Windows\\explorer.exe\r\n\r\nAccess Request Information:\r\n\tAccesses:\t\tREAD_CONTROL\r\n\t\t\t\t\r\n\tAccess Mask:\t\t0x20000","Category":"Removable Storage","Opcode":"Info","SubjectUserSid":"S-1-5-21-4122792944-3018364698-3069667417-1115","SubjectUserName":"pdodson","SubjectDomainName":"SEC555","SubjectLogonId":"0x64f7a","ObjectServer":"Security","ObjectType":"File","ObjectName":"C:\\a","HandleId":"0x1f4c","AccessList":"%%1538\r\n\t\t\t\t","AccessMask":"0x20000","ProcessName":"C:\\Windows\\explorer.exe","ResourceAttributes":"S:AI","EventReceivedTime":1496946994,"SourceModuleName":"eventlog","SourceModuleType":"im_msvistalog","@version":"1","@timestamp":"2017-06-08T18:36:34.517Z","host":"192.168.0.92","port":53107,"type":"windows","tags":["json"]}
{"EventTime":"2017-06-08 13:36:33","Hostname":"CFO.sec555.com","Keywords":-9214364837600034816,"EventType":"AUDIT_SUCCESS","SeverityValue":2,"Severity":"INFO","EventID":4663,"SourceName":"Microsoft-Windows-Security-Auditing","ProviderGuid":"{54849625-5478-4994-A5BA-3E3B0328C30D}","Version":1,"Task":12812,"OpcodeValue":0,"RecordNumber":35040,"ProcessID":4,"ThreadID":4052,"Channel":"Security","Message":"An attempt was made to access an object.\r\n\r\nSubject:\r\n\tSecurity ID:\t\tS-1-5-21-4122792944-3018364698-3069667417-1115\r\n\tAccount Name:\t\tpdodson\r\n\tAccount Domain:\t\tSEC555\r\n\tLogon ID:\t\t0x64F7A\r\n\r\nObject:\r\n\tObject Server:\t\tSecurity\r\n\tObject Type:\t\tFile\r\n\tObject Name:\t\tC:\\a\r\n\tHandle ID:\t\t0x2cc\r\n\tResource Attributes:\tS:AI\r\n\r\nProcess Information:\r\n\tProcess ID:\t\t0xd88\r\n\tProcess Name:\t\tC:\\Windows\\explorer.exe\r\n\r\nAccess Request Information:\r\n\tAccesses:\t\tREAD_CONTROL\r\n\t\t\t\t\r\n\tAccess Mask:\t\t0x20000","Category":"Removable Storage","Opcode":"Info","SubjectUserSid":"S-1-5-21-4122792944-3018364698-3069667417-1115","SubjectUserName":"pdodson","SubjectDomainName":"SEC555","SubjectLogonId":"0x64f7a","ObjectServer":"Security","ObjectType":"File","ObjectName":"C:\\a","HandleId":"0x2cc","AccessList":"%%1538\r\n\t\t\t\t","AccessMask":"0x20000","ProcessName":"C:\\Windows\\explorer.exe","ResourceAttributes":"S:AI","EventReceivedTime":1496946994,"SourceModuleName":"eventlog","SourceModuleType":"im_msvistalog","@version":"1","@timestamp":"2017-06-08T18:36:34.519Z","host":"192.168.0.92","port":53107,"type":"windows","tags":["json"]}
{"EventTime":"2017-06-08 13:36:33","Hostname":"CFO.sec555.com","Keywords":-9214364837600034816,"EventType":"AUDIT_SUCCESS","SeverityValue":2,"Severity":"INFO","EventID":4663,"SourceName":"Microsoft-Windows-Security-Auditing","ProviderGuid":"{54849625-5478-4994-A5BA-3E3B0328C30D}","Version":1,"Task":12812,"OpcodeValue":0,"RecordNumber":35041,"ProcessID":4,"ThreadID":4052,"Channel":"Security","Message":"An attempt was made to access an object.\r\n\r\nSubject:\r\n\tSecurity ID:\t\tS-1-5-21-4122792944-3018364698-3069667417-1115\r\n\tAccount Name:\t\tpdodson\r\n\tAccount Domain:\t\tSEC555\r\n\tLogon ID:\t\t0x64F7A\r\n\r\nObject:\r\n\tObject Server:\t\tSecurity\r\n\tObject Type:\t\tFile\r\n\tObject Name:\t\tC:\\a\r\n\tHandle ID:\t\t0x2cc\r\n\tResource Attributes:\tS:AI\r\n\r\nProcess Information:\r\n\tProcess ID:\t\t0xd88\r\n\tProcess Name:\t\tC:\\Windows\\explorer.exe\r\n\r\nAccess Request Information:\r\n\tAccesses:\t\tREAD_CONTROL\r\n\t\t\t\t\r\n\tAccess Mask:\t\t0x20000","Category":"Removable Storage","Opcode":"Info","SubjectUserSid":"S-1-5-21-4122792944-3018364698-3069667417-1115","SubjectUserName":"pdodson","SubjectDomainName":"SEC555","SubjectLogonId":"0x64f7a","ObjectServer":"Security","ObjectType":"File","ObjectName":"C:\\a","HandleId":"0x2cc","AccessList":"%%1538\r\n\t\t\t\t","AccessMask":"0x20000","ProcessName":"C:\\Windows\\explorer.exe","ResourceAttributes":"S:AI","EventReceivedTime":1496946994,"SourceModuleName":"eventlog","SourceModuleType":"im_msvistalog","@version":"1","@timestamp":"2017-06-08T18:36:34.520Z","host":"192.168.0.92","port":53107,"type":"windows","tags":["json"]}
{"EventTime":"2017-06-08 13:36:33","Hostname":"CFO.sec555.com","Keywords":-9214364837600034816,"EventType":"AUDIT_SUCCESS","SeverityValue":2,"Severity":"INFO","EventID":4663,"SourceName":"Microsoft-Windows-Security-Auditing","ProviderGuid":"{54849625-5478-4994-A5BA-3E3B0328C30D}","Version":1,"Task":12812,"OpcodeValue":0,"RecordNumber":35042,"ProcessID":4,"ThreadID":4052,"Channel":"Security","Message":"An attempt was made to access an object.\r\n\r\nSubject:\r\n\tSecurity ID:\t\tS-1-5-21-4122792944-3018364698-3069667417-1115\r\n\tAccount Name:\t\tpdodson\r\n\tAccount Domain:\t\tSEC555\r\n\tLogon ID:\t\t0x64F7A\r\n\r\nObject:\r\n\tObject Server:\t\tSecurity\r\n\tObject Type:\t\tFile\r\n\tObject Name:\t\tC:\\a\r\n\tHandle ID:\t\t0x2cc\r\n\tResource Attributes:\tS:AI\r\n\r\nProcess Information:\r\n\tProcess ID:\t\t0xd88\r\n\tProcess Name:\t\tC:\\Windows\\explorer.exe\r\n\r\nAccess Request Information:\r\n\tAccesses:\t\tREAD_CONTROL\r\n\t\t\t\t\r\n\tAccess Mask:\t\t0x20000","Category":"Removable Storage","Opcode":"Info","SubjectUserSid":"S-1-5-21-4122792944-3018364698-3069667417-1115","SubjectUserName":"pdodson","SubjectDomainName":"SEC555","SubjectLogonId":"0x64f7a","ObjectServer":"Security","ObjectType":"File","ObjectName":"C:\\a","HandleId":"0x2cc","AccessList":"%%1538\r\n\t\t\t\t","AccessMask":"0x20000","ProcessName":"C:\\Windows\\explorer.exe","ResourceAttributes":"S:AI","EventReceivedTime":1496946994,"SourceModuleName":"eventlog","SourceModuleType":"im_msvistalog","@version":"1","@timestamp":"2017-06-08T18:36:34.521Z","host":"192.168.0.92","port":53107,"type":"windows","tags":["json"]}
{"EventTime":"2017-06-08 13:36:33","Hostname":"DC01.sec555.com","Keywords":-9214364837600034816,"EventType":"AUDIT_SUCCESS","SeverityValue":2,"Severity":"INFO","EventID":4672,"SourceName":"Microsoft-Windows-Security-Auditing","ProviderGuid":"{54849625-5478-4994-A5BA-3E3B0328C30D}","Version":0,"Task":12548,"OpcodeValue":0,"RecordNumber":549582,"ProcessID":536,"ThreadID":3228,"Channel":"Security","Message":"Special privileges assigned to new logon.\r\n\r\nSubject:\r\n\tSecurity ID:\t\tS-1-5-18\r\n\tAccount Name:\t\tDC01$\r\n\tAccount Domain:\t\tSEC555\r\n\tLogon ID:\t\t0xD4325B\r\n\r\nPrivileges:\t\tSeSecurityPrivilege\r\n\t\t\tSeBackupPrivilege\r\n\t\t\tSeRestorePrivilege\r\n\t\t\tSeTakeOwnershipPrivilege\r\n\t\t\tSeDebugPrivilege\r\n\t\t\tSeSystemEnvironmentPrivilege\r\n\t\t\tSeLoadDriverPrivilege\r\n\t\t\tSeImpersonatePrivilege\r\n\t\t\tSeEnableDelegationPrivilege","Category":"Special Logon","Opcode":"Info","SubjectUserSid":"S-1-5-18","SubjectUserName":"DC01$","SubjectDomainName":"SEC555","SubjectLogonId":"0xd4325b","PrivilegeList":"SeSecurityPrivilege\r\n\t\t\tSeBackupPrivilege\r\n\t\t\tSeRestorePrivilege\r\n\t\t\tSeTakeOwnershipPrivilege\r\n\t\t\tSeDebugPrivilege\r\n\t\t\tSeSystemEnvironmentPrivilege\r\n\t\t\tSeLoadDriverPrivilege\r\n\t\t\tSeImpersonatePrivilege\r\n\t\t\tSeEnableDelegationPrivilege","EventReceivedTime":1496946995,"SourceModuleName":"eventlog","SourceModuleType":"im_msvistalog","@version":"1","@timestamp":"2017-06-08T18:36:35.229Z","host":"10.5.55.2","port":59656,"type":"windows","tags":["json"]}
{"EventTime":"2017-06-08 13:36:33","Hostname":"DC01.sec555.com","Keywords":-9214364837600034816,"EventType":"AUDIT_SUCCESS","SeverityValue":2,"Severity":"INFO","EventID":4624,"SourceName":"Microsoft-Windows-Security-Auditing","ProviderGuid":"{54849625-5478-4994-A5BA-3E3B0328C30D}","Version":1,"Task":12544,"OpcodeValue":0,"RecordNumber":549583,"ProcessID":536,"ThreadID":3228,"Channel":"Security","Message":"An account was successfully logged on.\r\n\r\nSubject:\r\n\tSecurity ID:\t\tS-1-0-0\r\n\tAccount Name:\t\t-\r\n\tAccount Domain:\t\t-\r\n\tLogon ID:\t\t0x0\r\n\r\nLogon Type:\t\t\t3\r\n\r\nImpersonation Level:\t\tImpersonation\r\n\r\nNew Logon:\r\n\tSecurity ID:\t\tS-1-5-18\r\n\tAccount Name:\t\tDC01$\r\n\tAccount Domain:\t\tSEC555\r\n\tLogon ID:\t\t0xD4325B\r\n\tLogon GUID:\t\t{F2745349-6DDC-9FD6-ACEB-A0F80B1630E4}\r\n\r\nProcess Information:\r\n\tProcess ID:\t\t0x0\r\n\tProcess Name:\t\t-\r\n\r\nNetwork Information:\r\n\tWorkstation Name:\t\r\n\tSource Network Address:\t::1\r\n\tSource Port:\t\t59657\r\n\r\nDetailed Authentication Information:\r\n\tLogon Process:\t\tKerberos\r\n\tAuthentication Package:\tKerberos\r\n\tTransited Services:\t-\r\n\tPackage Name (NTLM only):\t-\r\n\tKey Length:\t\t0\r\n\r\nThis event is generated when a logon session is created. It is generated on the computer that was accessed.\r\n\r\nThe subject fields indicate the account on the local system which requested the logon. This is most commonly a service such as the Server service, or a local process such as Winlogon.exe or Services.exe.\r\n\r\nThe logon type field indicates the kind of logon that occurred. The most common types are 2 (interactive) and 3 (network).\r\n\r\nThe New Logon fields indicate the account for whom the new logon was created, i.e. the account that was logged on.\r\n\r\nThe network fields indicate where a remote logon request originated. Workstation name is not always available and may be left blank in some cases.\r\n\r\nThe impersonation level field indicates the extent to which a process in the logon session can impersonate.\r\n\r\nThe authentication information fields provide detailed information about this specific logon request.\r\n\t- Logon GUID is a unique identifier that can be used to correlate this event with a KDC event.\r\n\t- Transited services indicate which intermediate services have participated in this logon request.\r\n\t- Package name indicates which sub-protocol was used among the NTLM protocols.\r\n\t- Key length indicates the length of the generated session key. This will be 0 if no session key was requested.","Category":"Logon","Opcode":"Info","SubjectUserSid":"S-1-0-0","SubjectUserName":"-","SubjectDomainName":"-","SubjectLogonId":"0x0","TargetUserSid":"S-1-5-18","TargetUserName":"DC01$","TargetDomainName":"SEC555","TargetLogonId":"0xd4325b","LogonType":"3","LogonProcessName":"Kerberos","AuthenticationPackageName":"Kerberos","LogonGuid":"{F2745349-6DDC-9FD6-ACEB-A0F80B1630E4}","TransmittedServices":"-","LmPackageName":"-","KeyLength":"0","ProcessName":"-","IpAddress":"::1","IpPort":"59657","ImpersonationLevel":"%%1833","EventReceivedTime":1496946995,"SourceModuleName":"eventlog","SourceModuleType":"im_msvistalog","@version":"1","@timestamp":"2017-06-08T18:36:35.230Z","host":"10.5.55.2","port":59656,"type":"windows","tags":["json"]}
{"EventTime":"2017-06-08 13:36:33","Hostname":"DC01.sec555.com","Keywords":-9214364837600034816,"EventType":"AUDIT_SUCCESS","SeverityValue":2,"Severity":"INFO","EventID":4634,"SourceName":"Microsoft-Windows-Security-Auditing","ProviderGuid":"{54849625-5478-4994-A5BA-3E3B0328C30D}","Version":0,"Task":12545,"OpcodeValue":0,"RecordNumber":549584,"ProcessID":536,"ThreadID":3432,"Channel":"Security","Message":"An account was logged off.\r\n\r\nSubject:\r\n\tSecurity ID:\t\tS-1-5-18\r\n\tAccount Name:\t\tDC01$\r\n\tAccount Domain:\t\tSEC555\r\n\tLogon ID:\t\t0xD4325B\r\n\r\nLogon Type:\t\t\t3\r\n\r\nThis event is generated when a logon session is destroyed. It may be positively correlated with a logon event using the Logon ID value. Logon IDs are only unique between reboots on the same computer.","Category":"Logoff","Opcode":"Info","TargetUserSid":"S-1-5-18","TargetUserName":"DC01$","TargetDomainName":"SEC555","TargetLogonId":"0xd4325b","LogonType":"3","EventReceivedTime":1496946995,"SourceModuleName":"eventlog","SourceModuleType":"im_msvistalog","@version":"1","@timestamp":"2017-06-08T18:36:35.231Z","host":"10.5.55.2","port":59656,"type":"windows","tags":["json"]}
{"EventTime":"2017-06-08 13:36:35","Hostname":"assistant01.sec555.com","Keywords":-9218868437227405312,"EventType":"AUDIT_FAILURE","SeverityValue":4,"Severity":"ERROR","EventID":5157,"SourceName":"Microsoft-Windows-Security-Auditing","ProviderGuid":"{54849625-5478-4994-A5BA-3E3B0328C30D}","Version":1,"Task":12810,"OpcodeValue":0,"RecordNumber":7778,"ProcessID":4,"ThreadID":56,"Channel":"Security","Message":"The Windows Filtering Platform has blocked a connection.\r\n\r\nApplication Information:\r\n\tProcess ID:\t\t764\r\n\tApplication Name:\t\\device\\harddiskvolume1\\windows\\system32\\svchost.exe\r\n\r\nNetwork Information:\r\n\tDirection:\t\tInbound\r\n\tSource Address:\t\t255.255.255.255\r\n\tSource Port:\t\t67\r\n\tDestination Address:\t0.0.0.0\r\n\tDestination Port:\t\t68\r\n\tProtocol:\t\t0\r\n\r\nFilter Information:\r\n\tFilter Run-Time ID:\t67666\r\n\tLayer Name:\t\tReceive/Accept\r\n\tLayer Run-Time ID:\t44","Category":"Filtering Platform Connection","Opcode":"Info","Application":"\\device\\harddiskvolume1\\windows\\system32\\svchost.exe","Direction":"%%14592","SourceAddress":"255.255.255.255","SourcePort":"67","DestAddress":"0.0.0.0","DestPort":"68","Protocol":"0","FilterRTID":"67666","LayerName":"%%14610","LayerRTID":"44","RemoteUserID":"S-1-0-0","RemoteMachineID":"S-1-0-0","EventReceivedTime":1496946997,"SourceModuleName":"eventlog","SourceModuleType":"im_msvistalog","@version":"1","@timestamp":"2017-06-08T18:36:37.367Z","host":"192.168.2.52","port":49975,"type":"windows","tags":["json"]}
{"EventTime":"2017-06-08 13:36:37","Hostname":"CFO.sec555.com","Keywords":-9214364837600034816,"EventType":"AUDIT_SUCCESS","SeverityValue":2,"Severity":"INFO","EventID":4663,"SourceName":"Microsoft-Windows-Security-Auditing","ProviderGuid":"{54849625-5478-4994-A5BA-3E3B0328C30D}","Version":1,"Task":12812,"OpcodeValue":0,"RecordNumber":35043,"ProcessID":4,"ThreadID":4052,"Channel":"Security","Message":"An attempt was made to access an object.\r\n\r\nSubject:\r\n\tSecurity ID:\t\tS-1-5-21-4122792944-3018364698-3069667417-1115\r\n\tAccount Name:\t\tpdodson\r\n\tAccount Domain:\t\tSEC555\r\n\tLogon ID:\t\t0x64F7A\r\n\r\nObject:\r\n\tObject Server:\t\tSecurity\r\n\tObject Type:\t\tFile\r\n\tObject Name:\t\tC:\\a\r\n\tHandle ID:\t\t0x1f90\r\n\tResource Attributes:\tS:AI\r\n\r\nProcess Information:\r\n\tProcess ID:\t\t0xd88\r\n\tProcess Name:\t\tC:\\Windows\\explorer.exe\r\n\r\nAccess Request Information:\r\n\tAccesses:\t\tREAD_CONTROL\r\n\t\t\t\t\r\n\tAccess Mask:\t\t0x20000","Category":"Removable Storage","Opcode":"Info","SubjectUserSid":"S-1-5-21-4122792944-3018364698-3069667417-1115","SubjectUserName":"pdodson","SubjectDomainName":"SEC555","SubjectLogonId":"0x64f7a","ObjectServer":"Security","ObjectType":"File","ObjectName":"C:\\a","HandleId":"0x1f90","AccessList":"%%1538\r\n\t\t\t\t","AccessMask":"0x20000","ProcessName":"C:\\Windows\\explorer.exe","ResourceAttributes":"S:AI","EventReceivedTime":1496946998,"SourceModuleName":"eventlog","SourceModuleType":"im_msvistalog","@version":"1","@timestamp":"2017-06-08T18:36:38.536Z","host":"192.168.0.92","port":53107,"type":"windows","tags":["json"]}
{"EventTime":"2017-06-08 13:36:37","Hostname":"CFO.sec555.com","Keywords":-9214364837600034816,"EventType":"AUDIT_SUCCESS","SeverityValue":2,"Severity":"INFO","EventID":4663,"SourceName":"Microsoft-Windows-Security-Auditing","ProviderGuid":"{54849625-5478-4994-A5BA-3E3B0328C30D}","Version":1,"Task":12812,"OpcodeValue":0,"RecordNumber":35044,"ProcessID":4,"ThreadID":4052,"Channel":"Security","Message":"An attempt was made to access an object.\r\n\r\nSubject:\r\n\tSecurity ID:\t\tS-1-5-21-4122792944-3018364698-3069667417-1115\r\n\tAccount Name:\t\tpdodson\r\n\tAccount Domain:\t\tSEC555\r\n\tLogon ID:\t\t0x64F7A\r\n\r\nObject:\r\n\tObject Server:\t\tSecurity\r\n\tObject Type:\t\tFile\r\n\tObject Name:\t\tC:\\a\r\n\tHandle ID:\t\t0x1f90\r\n\tResource Attributes:\tS:AI\r\n\r\nProcess Information:\r\n\tProcess ID:\t\t0xd88\r\n\tProcess Name:\t\tC:\\Windows\\explorer.exe\r\n\r\nAccess Request Information:\r\n\tAccesses:\t\tREAD_CONTROL\r\n\t\t\t\t\r\n\tAccess Mask:\t\t0x20000","Category":"Removable Storage","Opcode":"Info","SubjectUserSid":"S-1-5-21-4122792944-3018364698-3069667417-1115","SubjectUserName":"pdodson","SubjectDomainName":"SEC555","SubjectLogonId":"0x64f7a","ObjectServer":"Security","ObjectType":"File","ObjectName":"C:\\a","HandleId":"0x1f90","AccessList":"%%1538\r\n\t\t\t\t","AccessMask":"0x20000","ProcessName":"C:\\Windows\\explorer.exe","ResourceAttributes":"S:AI","EventReceivedTime":1496946998,"SourceModuleName":"eventlog","SourceModuleType":"im_msvistalog","@version":"1","@timestamp":"2017-06-08T18:36:38.536Z","host":"192.168.0.92","port":53107,"type":"windows","tags":["json"]}
{"EventTime":"2017-06-08 13:36:37","Hostname":"CFO.sec555.com","Keywords":-9214364837600034816,"EventType":"AUDIT_SUCCESS","SeverityValue":2,"Severity":"INFO","EventID":4663,"SourceName":"Microsoft-Windows-Security-Auditing","ProviderGuid":"{54849625-5478-4994-A5BA-3E3B0328C30D}","Version":1,"Task":12812,"OpcodeValue":0,"RecordNumber":35045,"ProcessID":4,"ThreadID":4052,"Channel":"Security","Message":"An attempt was made to access an object.\r\n\r\nSubject:\r\n\tSecurity ID:\t\tS-1-5-21-4122792944-3018364698-3069667417-1115\r\n\tAccount Name:\t\tpdodson\r\n\tAccount Domain:\t\tSEC555\r\n\tLogon ID:\t\t0x64F7A\r\n\r\nObject:\r\n\tObject Server:\t\tSecurity\r\n\tObject Type:\t\tFile\r\n\tObject Name:\t\tC:\\a\r\n\tHandle ID:\t\t0x1f90\r\n\tResource Attributes:\tS:AI\r\n\r\nProcess Information:\r\n\tProcess ID:\t\t0xd88\r\n\tProcess Name:\t\tC:\\Windows\\explorer.exe\r\n\r\nAccess Request Information:\r\n\tAccesses:\t\tREAD_CONTROL\r\n\t\t\t\t\r\n\tAccess Mask:\t\t0x20000","Category":"Removable Storage","Opcode":"Info","SubjectUserSid":"S-1-5-21-4122792944-3018364698-3069667417-1115","SubjectUserName":"pdodson","SubjectDomainName":"SEC555","SubjectLogonId":"0x64f7a","ObjectServer":"Security","ObjectType":"File","ObjectName":"C:\\a","HandleId":"0x1f90","AccessList":"%%1538\r\n\t\t\t\t","AccessMask":"0x20000","ProcessName":"C:\\Windows\\explorer.exe","ResourceAttributes":"S:AI","EventReceivedTime":1496946998,"SourceModuleName":"eventlog","SourceModuleType":"im_msvistalog","@version":"1","@timestamp":"2017-06-08T18:36:38.537Z","host":"192.168.0.92","port":53107,"type":"windows","tags":["json"]}
{"EventTime":"2017-06-08 13:36:37","Hostname":"CFO.sec555.com","Keywords":-9214364837600034816,"EventType":"AUDIT_SUCCESS","SeverityValue":2,"Severity":"INFO","EventID":4663,"SourceName":"Microsoft-Windows-Security-Auditing","ProviderGuid":"{54849625-5478-4994-A5BA-3E3B0328C30D}","Version":1,"Task":12812,"OpcodeValue":0,"RecordNumber":35046,"ProcessID":4,"ThreadID":4052,"Channel":"Security","Message":"An attempt was made to access an object.\r\n\r\nSubject:\r\n\tSecurity ID:\t\tS-1-5-21-4122792944-3018364698-3069667417-1115\r\n\tAccount Name:\t\tpdodson\r\n\tAccount Domain:\t\tSEC555\r\n\tLogon ID:\t\t0x64F7A\r\n\r\nObject:\r\n\tObject Server:\t\tSecurity\r\n\tObject Type:\t\tFile\r\n\tObject Name:\t\tC:\\a\r\n\tHandle ID:\t\t0x1c28\r\n\tResource Attributes:\tS:AI\r\n\r\nProcess Information:\r\n\tProcess ID:\t\t0xd88\r\n\tProcess Name:\t\tC:\\Windows\\explorer.exe\r\n\r\nAccess Request Information:\r\n\tAccesses:\t\tREAD_CONTROL\r\n\t\t\t\t\r\n\tAccess Mask:\t\t0x20000","Category":"Removable Storage","Opcode":"Info","SubjectUserSid":"S-1-5-21-4122792944-3018364698-3069667417-1115","SubjectUserName":"pdodson","SubjectDomainName":"SEC555","SubjectLogonId":"0x64f7a","ObjectServer":"Security","ObjectType":"File","ObjectName":"C:\\a","HandleId":"0x1c28","AccessList":"%%1538\r\n\t\t\t\t","AccessMask":"0x20000","ProcessName":"C:\\Windows\\explorer.exe","ResourceAttributes":"S:AI","EventReceivedTime":1496946998,"SourceModuleName":"eventlog","SourceModuleType":"im_msvistalog","@version":"1","@timestamp":"2017-06-08T18:36:38.538Z","host":"192.168.0.92","port":53107,"type":"windows","tags":["json"]}
{"EventTime":"2017-06-08 13:36:37","Hostname":"CFO.sec555.com","Keywords":-9214364837600034816,"EventType":"AUDIT_SUCCESS","SeverityValue":2,"Severity":"INFO","EventID":4663,"SourceName":"Microsoft-Windows-Security-Auditing","ProviderGuid":"{54849625-5478-4994-A5BA-3E3B0328C30D}","Version":1,"Task":12812,"OpcodeValue":0,"RecordNumber":35047,"ProcessID":4,"ThreadID":4052,"Channel":"Security","Message":"An attempt was made to access an object.\r\n\r\nSubject:\r\n\tSecurity ID:\t\tS-1-5-21-4122792944-3018364698-3069667417-1115\r\n\tAccount Name:\t\tpdodson\r\n\tAccount Domain:\t\tSEC555\r\n\tLogon ID:\t\t0x64F7A\r\n\r\nObject:\r\n\tObject Server:\t\tSecurity\r\n\tObject Type:\t\tFile\r\n\tObject Name:\t\tC:\\a\r\n\tHandle ID:\t\t0x1c28\r\n\tResource Attributes:\tS:AI\r\n\r\nProcess Information:\r\n\tProcess ID:\t\t0xd88\r\n\tProcess Name:\t\tC:\\Windows\\explorer.exe\r\n\r\nAccess Request Information:\r\n\tAccesses:\t\tREAD_CONTROL\r\n\t\t\t\t\r\n\tAccess Mask:\t\t0x20000","Category":"Removable Storage","Opcode":"Info","SubjectUserSid":"S-1-5-21-4122792944-3018364698-3069667417-1115","SubjectUserName":"pdodson","SubjectDomainName":"SEC555","SubjectLogonId":"0x64f7a","ObjectServer":"Security","ObjectType":"File","ObjectName":"C:\\a","HandleId":"0x1c28","AccessList":"%%1538\r\n\t\t\t\t","AccessMask":"0x20000","ProcessName":"C:\\Windows\\explorer.exe","ResourceAttributes":"S:AI","EventReceivedTime":1496946998,"SourceModuleName":"eventlog","SourceModuleType":"im_msvistalog","@version":"1","@timestamp":"2017-06-08T18:36:38.539Z","host":"192.168.0.92","port":53107,"type":"windows","tags":["json"]}
{"EventTime":"2017-06-08 13:36:37","Hostname":"CFO.sec555.com","Keywords":-9214364837600034816,"EventType":"AUDIT_SUCCESS","SeverityValue":2,"Severity":"INFO","EventID":4663,"SourceName":"Microsoft-Windows-Security-Auditing","ProviderGuid":"{54849625-5478-4994-A5BA-3E3B0328C30D}","Version":1,"Task":12812,"OpcodeValue":0,"RecordNumber":35048,"ProcessID":4,"ThreadID":4052,"Channel":"Security","Message":"An attempt was made to access an object.\r\n\r\nSubject:\r\n\tSecurity ID:\t\tS-1-5-21-4122792944-3018364698-3069667417-1115\r\n\tAccount Name:\t\tpdodson\r\n\tAccount Domain:\t\tSEC555\r\n\tLogon ID:\t\t0x64F7A\r\n\r\nObject:\r\n\tObject Server:\t\tSecurity\r\n\tObject Type:\t\tFile\r\n\tObject Name:\t\tC:\\a\r\n\tHandle ID:\t\t0x1c28\r\n\tResource Attributes:\tS:AI\r\n\r\nProcess Information:\r\n\tProcess ID:\t\t0xd88\r\n\tProcess Name:\t\tC:\\Windows\\explorer.exe\r\n\r\nAccess Request Information:\r\n\tAccesses:\t\tREAD_CONTROL\r\n\t\t\t\t\r\n\tAccess Mask:\t\t0x20000","Category":"Removable Storage","Opcode":"Info","SubjectUserSid":"S-1-5-21-4122792944-3018364698-3069667417-1115","SubjectUserName":"pdodson","SubjectDomainName":"SEC555","SubjectLogonId":"0x64f7a","ObjectServer":"Security","ObjectType":"File","ObjectName":"C:\\a","HandleId":"0x1c28","AccessList":"%%1538\r\n\t\t\t\t","AccessMask":"0x20000","ProcessName":"C:\\Windows\\explorer.exe","ResourceAttributes":"S:AI","EventReceivedTime":1496946998,"SourceModuleName":"eventlog","SourceModuleType":"im_msvistalog","@version":"1","@timestamp":"2017-06-08T18:36:38.540Z","host":"192.168.0.92","port":53107,"type":"windows","tags":["json"]}
{"EventTime":"2017-06-08 13:36:37","Hostname":"CFO.sec555.com","Keywords":-9214364837600034816,"EventType":"AUDIT_SUCCESS","SeverityValue":2,"Severity":"INFO","EventID":4663,"SourceName":"Microsoft-Windows-Security-Auditing","ProviderGuid":"{54849625-5478-4994-A5BA-3E3B0328C30D}","Version":1,"Task":12812,"OpcodeValue":0,"RecordNumber":35049,"ProcessID":4,"ThreadID":6128,"Channel":"Security","Message":"An attempt was made to access an object.\r\n\r\nSubject:\r\n\tSecurity ID:\t\tS-1-5-21-4122792944-3018364698-3069667417-1115\r\n\tAccount Name:\t\tpdodson\r\n\tAccount Domain:\t\tSEC555\r\n\tLogon ID:\t\t0x64F7A\r\n\r\nObject:\r\n\tObject Server:\t\tSecurity\r\n\tObject Type:\t\tFile\r\n\tObject Name:\t\tC:\\a\\passwords.txt\r\n\tHandle ID:\t\t0x2598\r\n\tResource Attributes:\tS:AI\r\n\r\nProcess Information:\r\n\tProcess ID:\t\t0xd88\r\n\tProcess Name:\t\tC:\\Windows\\explorer.exe\r\n\r\nAccess Request Information:\r\n\tAccesses:\t\tREAD_CONTROL\r\n\t\t\t\t\r\n\tAccess Mask:\t\t0x20000","Category":"Removable Storage","Opcode":"Info","SubjectUserSid":"S-1-5-21-4122792944-3018364698-3069667417-1115","SubjectUserName":"pdodson","SubjectDomainName":"SEC555","SubjectLogonId":"0x64f7a","ObjectServer":"Security","ObjectType":"File","ObjectName":"C:\\a\\passwords.txt","HandleId":"0x2598","AccessList":"%%1538\r\n\t\t\t\t","AccessMask":"0x20000","ProcessName":"C:\\Windows\\explorer.exe","ResourceAttributes":"S:AI","EventReceivedTime":1496946998,"SourceModuleName":"eventlog","SourceModuleType":"im_msvistalog","@version":"1","@timestamp":"2017-06-08T18:36:38.541Z","host":"192.168.0.92","port":53107,"type":"windows","tags":["json"]}
{"EventTime":"2017-06-08 13:36:37","Hostname":"CFO.sec555.com","Keywords":-9214364837600034816,"EventType":"AUDIT_SUCCESS","SeverityValue":2,"Severity":"INFO","EventID":4663,"SourceName":"Microsoft-Windows-Security-Auditing","ProviderGuid":"{54849625-5478-4994-A5BA-3E3B0328C30D}","Version":1,"Task":12812,"OpcodeValue":0,"RecordNumber":35051,"ProcessID":4,"ThreadID":6128,"Channel":"Security","Message":"An attempt was made to access an object.\r\n\r\nSubject:\r\n\tSecurity ID:\t\tS-1-5-21-4122792944-3018364698-3069667417-1115\r\n\tAccount Name:\t\tpdodson\r\n\tAccount Domain:\t\tSEC555\r\n\tLogon ID:\t\t0x64F7A\r\n\r\nObject:\r\n\tObject Server:\t\tSecurity\r\n\tObject Type:\t\tFile\r\n\tObject Name:\t\tC:\\a\\passwords.txt\r\n\tHandle ID:\t\t0x1158\r\n\tResource Attributes:\tS:AI\r\n\r\nProcess Information:\r\n\tProcess ID:\t\t0xd88\r\n\tProcess Name:\t\tC:\\Windows\\explorer.exe\r\n\r\nAccess Request Information:\r\n\tAccesses:\t\tReadAttributes\r\n\t\t\t\t\r\n\tAccess Mask:\t\t0x80","Category":"Removable Storage","Opcode":"Info","SubjectUserSid":"S-1-5-21-4122792944-3018364698-3069667417-1115","SubjectUserName":"pdodson","SubjectDomainName":"SEC555","SubjectLogonId":"0x64f7a","ObjectServer":"Security","ObjectType":"File","ObjectName":"C:\\a\\passwords.txt","HandleId":"0x1158","AccessList":"%%4423\r\n\t\t\t\t","AccessMask":"0x80","ProcessName":"C:\\Windows\\explorer.exe","ResourceAttributes":"S:AI","EventReceivedTime":1496946998,"SourceModuleName":"eventlog","SourceModuleType":"im_msvistalog","@version":"1","@timestamp":"2017-06-08T18:36:38.542Z","host":"192.168.0.92","port":53107,"type":"windows","tags":["json"]}
{"EventTime":"2017-06-08 13:36:37","Hostname":"CFO.sec555.com","Keywords":-9214364837600034816,"EventType":"AUDIT_SUCCESS","SeverityValue":2,"Severity":"INFO","EventID":4663,"SourceName":"Microsoft-Windows-Security-Auditing","ProviderGuid":"{54849625-5478-4994-A5BA-3E3B0328C30D}","Version":1,"Task":12812,"OpcodeValue":0,"RecordNumber":35052,"ProcessID":4,"ThreadID":6128,"Channel":"Security","Message":"An attempt was made to access an object.\r\n\r\nSubject:\r\n\tSecurity ID:\t\tS-1-5-21-4122792944-3018364698-3069667417-1115\r\n\tAccount Name:\t\tpdodson\r\n\tAccount Domain:\t\tSEC555\r\n\tLogon ID:\t\t0x64F7A\r\n\r\nObject:\r\n\tObject Server:\t\tSecurity\r\n\tObject Type:\t\tFile\r\n\tObject Name:\t\tC:\\a\r\n\tHandle ID:\t\t0x1db0\r\n\tResource Attributes:\tS:AI\r\n\r\nProcess Information:\r\n\tProcess ID:\t\t0xd88\r\n\tProcess Name:\t\tC:\\Windows\\explorer.exe\r\n\r\nAccess Request Information:\r\n\tAccesses:\t\tReadData (or ListDirectory)\r\n\t\t\t\t\r\n\tAccess Mask:\t\t0x1","Category":"Removable Storage","Opcode":"Info","SubjectUserSid":"S-1-5-21-4122792944-3018364698-3069667417-1115","SubjectUserName":"pdodson","SubjectDomainName":"SEC555","SubjectLogonId":"0x64f7a","ObjectServer":"Security","ObjectType":"File","ObjectName":"C:\\a","HandleId":"0x1db0","AccessList":"%%4416\r\n\t\t\t\t","AccessMask":"0x1","ProcessName":"C:\\Windows\\explorer.exe","ResourceAttributes":"S:AI","EventReceivedTime":1496946998,"SourceModuleName":"eventlog","SourceModuleType":"im_msvistalog","@version":"1","@timestamp":"2017-06-08T18:36:38.542Z","host":"192.168.0.92","port":53107,"type":"windows","tags":["json"]}
{"EventTime":"2017-06-08 13:36:37","Hostname":"CFO.sec555.com","Keywords":-9214364837600034816,"EventType":"AUDIT_SUCCESS","SeverityValue":2,"Severity":"INFO","EventID":4663,"SourceName":"Microsoft-Windows-Security-Auditing","ProviderGuid":"{54849625-5478-4994-A5BA-3E3B0328C30D}","Version":1,"Task":12812,"OpcodeValue":0,"RecordNumber":35053,"ProcessID":4,"ThreadID":6128,"Channel":"Security","Message":"An attempt was made to access an object.\r\n\r\nSubject:\r\n\tSecurity ID:\t\tS-1-5-21-4122792944-3018364698-3069667417-1115\r\n\tAccount Name:\t\tpdodson\r\n\tAccount Domain:\t\tSEC555\r\n\tLogon ID:\t\t0x64F7A\r\n\r\nObject:\r\n\tObject Server:\t\tSecurity\r\n\tObject Type:\t\tFile\r\n\tObject Name:\t\tC:\\a\r\n\tHandle ID:\t\t0xc5c\r\n\tResource Attributes:\tS:AI\r\n\r\nProcess Information:\r\n\tProcess ID:\t\t0xd88\r\n\tProcess Name:\t\tC:\\Windows\\explorer.exe\r\n\r\nAccess Request Information:\r\n\tAccesses:\t\tReadData (or ListDirectory)\r\n\t\t\t\t\r\n\tAccess Mask:\t\t0x1","Category":"Removable Storage","Opcode":"Info","SubjectUserSid":"S-1-5-21-4122792944-3018364698-3069667417-1115","SubjectUserName":"pdodson","SubjectDomainName":"SEC555","SubjectLogonId":"0x64f7a","ObjectServer":"Security","ObjectType":"File","ObjectName":"C:\\a","HandleId":"0xc5c","AccessList":"%%4416\r\n\t\t\t\t","AccessMask":"0x1","ProcessName":"C:\\Windows\\explorer.exe","ResourceAttributes":"S:AI","EventReceivedTime":1496946998,"SourceModuleName":"eventlog","SourceModuleType":"im_msvistalog","@version":"1","@timestamp":"2017-06-08T18:36:38.545Z","host":"192.168.0.92","port":53107,"type":"windows","tags":["json"]}
{"EventTime":"2017-06-08 13:36:37","Hostname":"CFO.sec555.com","Keywords":-9214364837600034816,"EventType":"AUDIT_SUCCESS","SeverityValue":2,"Severity":"INFO","EventID":4663,"SourceName":"Microsoft-Windows-Security-Auditing","ProviderGuid":"{54849625-5478-4994-A5BA-3E3B0328C30D}","Version":1,"Task":12812,"OpcodeValue":0,"RecordNumber":35054,"ProcessID":4,"ThreadID":6128,"Channel":"Security","Message":"An attempt was made to access an object.\r\n\r\nSubject:\r\n\tSecurity ID:\t\tS-1-5-21-4122792944-3018364698-3069667417-1115\r\n\tAccount Name:\t\tpdodson\r\n\tAccount Domain:\t\tSEC555\r\n\tLogon ID:\t\t0x64F7A\r\n\r\nObject:\r\n\tObject Server:\t\tSecurity\r\n\tObject Type:\t\tFile\r\n\tObject Name:\t\tC:\\a\\passwords.txt\r\n\tHandle ID:\t\t0x1158\r\n\tResource Attributes:\tS:AI\r\n\r\nProcess Information:\r\n\tProcess ID:\t\t0xd88\r\n\tProcess Name:\t\tC:\\Windows\\explorer.exe\r\n\r\nAccess Request Information:\r\n\tAccesses:\t\tReadAttributes\r\n\t\t\t\t\r\n\tAccess Mask:\t\t0x80","Category":"Removable Storage","Opcode":"Info","SubjectUserSid":"S-1-5-21-4122792944-3018364698-3069667417-1115","SubjectUserName":"pdodson","SubjectDomainName":"SEC555","SubjectLogonId":"0x64f7a","ObjectServer":"Security","ObjectType":"File","ObjectName":"C:\\a\\passwords.txt","HandleId":"0x1158","AccessList":"%%4423\r\n\t\t\t\t","AccessMask":"0x80","ProcessName":"C:\\Windows\\explorer.exe","ResourceAttributes":"S:AI","EventReceivedTime":1496946998,"SourceModuleName":"eventlog","SourceModuleType":"im_msvistalog","@version":"1","@timestamp":"2017-06-08T18:36:38.545Z","host":"192.168.0.92","port":53107,"type":"windows","tags":["json"]}
