{"EventTime":"2017-06-08 13:35:44","Hostname":"DC02.sec555.com","Keywords":-9214364837600034816,"EventType":"AUDIT_SUCCESS","SeverityValue":2,"Severity":"INFO","EventID":4624,"SourceName":"Microsoft-Windows-Security-Auditing","ProviderGuid":"{54849625-5478-4994-A5BA-3E3B0328C30D}","Version":2,"Task":12544,"OpcodeValue":0,"RecordNumber":396502,"ProcessID":572,"ThreadID":1812,"Channel":"Security","Message":"An account was successfully logged on.\r\n\r\nSubject:\r\n\tSecurity ID:\t\tS-1-0-0\r\n\tAccount Name:\t\t-\r\n\tAccount Domain:\t\t-\r\n\tLogon ID:\t\t0x0\r\n\r\nLogon Information:\r\n\tLogon Type:\t\t3\r\n\tRestricted Admin Mode:\t-\r\n\tVirtual Account:\t\tNo\r\n\tElevated Token:\t\tYes\r\n\r\nImpersonation Level:\t\tImpersonation\r\n\r\nNew Logon:\r\n\tSecurity ID:\t\tS-1-5-18\r\n\tAccount Name:\t\tDC02$\r\n\tAccount Domain:\t\tSEC555.COM\r\n\tLogon ID:\t\t0xFB2935\r\n\tLinked Logon ID:\t\t0x0\r\n\tNetwork Account Name:\t-\r\n\tNetwork Account Domain:\t-\r\n\tLogon GUID:\t\t{6B3C4A7A-9DB7-5429-B063-384820A4FAA7}\r\n\r\nProcess Information:\r\n\tProcess ID:\t\t0x0\r\n\tProcess Name:\t\t-\r\n\r\nNetwork Information:\r\n\tWorkstation Name:\t\r\n\tSource Network Address:\t::1\r\n\tSource Port:\t\t62101\r\n\r\nDetailed Authentication Information:\r\n\tLogon Process:\t\tKerberos\r\n\tAuthentication Package:\tKerberos\r\n\tTransited Services:\t-\r\n\tPackage Name (NTLM only):\t-\r\n\tKey Length:\t\t0\r\n\r\nThis event is generated when a logon session is created. It is generated on the computer that was accessed.\r\n\r\nThe subject fields indicate the account on the local system which requested the logon. This is most commonly a service such as the Server service, or a local process such as Winlogon.exe or Services.exe.\r\n\r\nThe logon type field indicates the kind of logon that occurred. The most common types are 2 (interactive) and 3 (network).\r\n\r\nThe New Logon fields indicate the account for whom the new logon was created, i.e. the account that was logged on.\r\n\r\nThe network fields indicate where a remote logon request originated. Workstation name is not always available and may be left blank in some cases.\r\n\r\nThe impersonation level field indicates the extent to which a process in the logon session can impersonate.\r\n\r\nThe authentication information fields provide detailed information about this specific logon request.\r\n\t- Logon GUID is a unique identifier that can be used to correlate this event with a KDC event.\r\n\t- Transited services indicate which intermediate services have participated in this logon request.\r\n\t- Package name indicates which sub-protocol was used among the NTLM protocols.\r\n\t- Key length indicates the length of the generated session key. This will be 0 if no session key was requested.","Category":"Logon","Opcode":"Info","SubjectUserSid":"S-1-0-0","SubjectUserName":"-","SubjectDomainName":"-","SubjectLogonId":"0x0","TargetUserSid":"S-1-5-18","TargetUserName":"DC02$","TargetDomainName":"SEC555.COM","TargetLogonId":"0xfb2935","LogonType":"3","LogonProcessName":"Kerberos","AuthenticationPackageName":"Kerberos","LogonGuid":"{6B3C4A7A-9DB7-5429-B063-384820A4FAA7}","TransmittedServices":"-","LmPackageName":"-","KeyLength":"0","ProcessName":"-","IpAddress":"::1","IpPort":"62101","ImpersonationLevel":"%%1833","RestrictedAdminMode":"-","TargetOutboundUserName":"-","TargetOutboundDomainName":"-","VirtualAccount":"%%1843","TargetLinkedLogonId":"0x0","ElevatedToken":"%%1842","EventReceivedTime":1496946945,"SourceModuleName":"eventlog","SourceModuleType":"im_msvistalog","@version":"1","@timestamp":"2017-06-08T18:35:45.574Z","host":"10.5.55.3","port":62092,"type":"windows","tags":["json"]}
{"EventTime":"2017-06-08 13:35:44","Hostname":"DC02.sec555.com","Keywords":-9214364837600034816,"EventType":"AUDIT_SUCCESS","SeverityValue":2,"Severity":"INFO","EventID":4634,"SourceName":"Microsoft-Windows-Security-Auditing","ProviderGuid":"{54849625-5478-4994-A5BA-3E3B0328C30D}","Version":0,"Task":12545,"OpcodeValue":0,"RecordNumber":396503,"ProcessID":572,"ThreadID":3308,"Channel":"Security","Message":"An account was logged off.\r\n\r\nSubject:\r\n\tSecurity ID:\t\tS-1-5-18\r\n\tAccount Name:\t\tDC02$\r\n\tAccount Domain:\t\tSEC555\r\n\tLogon ID:\t\t0xFB2935\r\n\r\nLogon Type:\t\t\t3\r\n\r\nThis event is generated when a logon session is destroyed. It may be positively correlated with a logon event using the Logon ID value. Logon IDs are only unique between reboots on the same computer.","Category":"Logoff","Opcode":"Info","TargetUserSid":"S-1-5-18","TargetUserName":"DC02$","TargetDomainName":"SEC555","TargetLogonId":"0xfb2935","LogonType":"3","EventReceivedTime":1496946945,"SourceModuleName":"eventlog","SourceModuleType":"im_msvistalog","@version":"1","@timestamp":"2017-06-08T18:35:45.575Z","host":"10.5.55.3","port":62092,"type":"windows","tags":["json"]}
{"EventTime":"2017-06-08 13:35:46","Hostname":"hr01.sec555.com","Keywords":-9218868437227405312,"EventType":"AUDIT_FAILURE","SeverityValue":4,"Severity":"ERROR","EventID":4957,"SourceName":"Microsoft-Windows-Security-Auditing","ProviderGuid":"{54849625-5478-4994-A5BA-3E3B0328C30D}","Version":0,"Task":13571,"OpcodeValue":0,"RecordNumber":6521,"ProcessID":504,"ThreadID":1288,"Channel":"Security","Message":"Windows Firewall did not apply the following rule:\r\n\r\nRule Information:\r\n\tID:\tCoreNet-IPHTTPS-In\r\n\tName:\tCore Networking - IPHTTPS (TCP-In)\r\n\r\nError Information:\r\n\tReason:\tLocal Port resolved to an empty set.","Category":"MPSSVC Rule-Level Policy Change","Opcode":"Info","RuleId":"CoreNet-IPHTTPS-In","RuleName":"Core Networking - IPHTTPS (TCP-In)","RuleAttr":"Local Port","EventReceivedTime":1496946946,"SourceModuleName":"eventlog","SourceModuleType":"im_msvistalog","@version":"1","@timestamp":"2017-06-08T18:35:46.354Z","host":"192.168.3.50","port":49452,"type":"windows","tags":["json"]}
{"EventTime":"2017-06-08 13:35:46","Hostname":"hr01.sec555.com","Keywords":-9218868437227405312,"EventType":"AUDIT_FAILURE","SeverityValue":4,"Severity":"ERROR","EventID":4957,"SourceName":"Microsoft-Windows-Security-Auditing","ProviderGuid":"{54849625-5478-4994-A5BA-3E3B0328C30D}","Version":0,"Task":13571,"OpcodeValue":0,"RecordNumber":6522,"ProcessID":504,"ThreadID":1288,"Channel":"Security","Message":"Windows Firewall did not apply the following rule:\r\n\r\nRule Information:\r\n\tID:\tCoreNet-Teredo-In\r\n\tName:\tCore Networking - Teredo (UDP-In)\r\n\r\nError Information:\r\n\tReason:\tLocal Port resolved to an empty set.","Category":"MPSSVC Rule-Level Policy Change","Opcode":"Info","RuleId":"CoreNet-Teredo-In","RuleName":"Core Networking - Teredo (UDP-In)","RuleAttr":"Local Port","EventReceivedTime":1496946946,"SourceModuleName":"eventlog","SourceModuleType":"im_msvistalog","@version":"1","@timestamp":"2017-06-08T18:35:46.354Z","host":"192.168.3.50","port":49452,"type":"windows","tags":["json"]}
{"EventTime":"2017-06-08 13:36:02","Hostname":"DC01.sec555.com","Keywords":-9187343239835811840,"EventType":"INFO","SeverityValue":2,"Severity":"INFO","EventID":7036,"SourceName":"Service Control Manager","ProviderGuid":"{555908D1-A6D7-4695-8E1E-26931D2012F4}","Version":0,"Task":0,"OpcodeValue":0,"RecordNumber":20033,"ProcessID":528,"ThreadID":3452,"Channel":"System","Message":"The nxlog service entered the stopped state.","param1":"nxlog","param2":"stopped","EventReceivedTime":1496946964,"SourceModuleName":"eventlog","SourceModuleType":"im_msvistalog","@version":"1","@timestamp":"2017-06-08T18:36:03.967Z","host":"10.5.55.2","port":59656,"type":"windows","tags":["json"]}
{"EventTime":"2017-06-08 13:36:02","Hostname":"DC01.sec555.com","Keywords":-9187343239835811840,"EventType":"INFO","SeverityValue":2,"Severity":"INFO","EventID":7036,"SourceName":"Service Control Manager","ProviderGuid":"{555908D1-A6D7-4695-8E1E-26931D2012F4}","Version":0,"Task":0,"OpcodeValue":0,"RecordNumber":20034,"ProcessID":528,"ThreadID":3792,"Channel":"System","Message":"The nxlog service entered the running state.","param1":"nxlog","param2":"running","EventReceivedTime":1496946964,"SourceModuleName":"eventlog","SourceModuleType":"im_msvistalog","@version":"1","@timestamp":"2017-06-08T18:36:03.970Z","host":"10.5.55.2","port":59656,"type":"windows","tags":["json"]}
{"EventTime":"2017-06-08 13:35:42","Hostname":"IT01.sec555.com","Keywords":-9223372036854775808,"EventType":"INFO","SeverityValue":2,"Severity":"INFO","EventID":9,"SourceName":"Microsoft-Windows-Sysmon","ProviderGuid":"{5770385F-C22A-43E0-BF4C-06F5698FFBD9}","Version":2,"Task":9,"OpcodeValue":0,"RecordNumber":2178307,"ProcessID":1868,"ThreadID":1904,"Channel":"Microsoft-Windows-Sysmon/Operational","Domain":"NT AUTHORITY","AccountName":"SYSTEM","UserID":"S-1-5-18","AccountType":"User","Message":"RawAccessRead detected:\r\nUtcTime: 2017-06-08 18:35:42.286\r\nProcessGuid: {93A11FFC-98FE-5939-0000-00100D0B8500}\r\nProcessId: 2888\r\nImage: C:\\Windows\\System32\\audiodg.exe\r\nDevice: \\Device\\HarddiskVolume1","Category":"RawAccessRead detected (rule: RawAccessRead)","Opcode":"Info","UtcTime":"2017-06-08 18:35:42.286","ProcessGuid":"{93A11FFC-98FE-5939-0000-00100D0B8500}","Image":"C:\\Windows\\System32\\audiodg.exe","Device":"\\Device\\HarddiskVolume1","EventReceivedTime":1496946943,"SourceModuleName":"eventlog","SourceModuleType":"im_msvistalog","@version":"1","@timestamp":"2017-06-08T18:36:06.189Z","host":"192.168.1.52","port":49522,"type":"windows","tags":["json"]}
{"EventTime":"2017-06-08 13:35:42","Hostname":"IT01.sec555.com","Keywords":-9187343239835811840,"EventType":"INFO","SeverityValue":2,"Severity":"INFO","EventID":7036,"SourceName":"Service Control Manager","ProviderGuid":"{555908D1-A6D7-4695-8E1E-26931D2012F4}","Version":0,"Task":0,"OpcodeValue":0,"RecordNumber":31587,"ProcessID":484,"ThreadID":2404,"Channel":"System","Message":"The Multimedia Class Scheduler service entered the running state.","param1":"Multimedia Class Scheduler","param2":"running","EventReceivedTime":1496946944,"SourceModuleName":"eventlog","SourceModuleType":"im_msvistalog","@version":"1","@timestamp":"2017-06-08T18:36:06.189Z","host":"192.168.1.52","port":49522,"type":"windows","tags":["json"]}
{"EventTime":"2017-06-08 13:35:46","Hostname":"IT01.sec555.com","Keywords":-9214364837600034816,"EventType":"AUDIT_SUCCESS","SeverityValue":2,"Severity":"INFO","EventID":4611,"SourceName":"Microsoft-Windows-Security-Auditing","ProviderGuid":"{54849625-5478-4994-A5BA-3E3B0328C30D}","Version":0,"Task":12289,"OpcodeValue":0,"RecordNumber":13819556,"ProcessID":500,"ThreadID":3132,"Channel":"Security","Message":"A trusted logon process has been registered with the Local Security Authority.\r\nThis logon process will be trusted to submit logon requests.\r\n\r\nSubject:\r\n\tSecurity ID:\t\tS-1-5-18\r\n\tAccount Name:\t\tIT01$\r\n\tAccount Domain:\t\tSEC555\r\n\tLogon ID:\t\t0x3e7\r\n\r\nLogon Process Name:\t\tConsentUI","Category":"Security System Extension","Opcode":"Info","SubjectUserSid":"S-1-5-18","SubjectUserName":"IT01$","SubjectDomainName":"SEC555","SubjectLogonId":"0x3e7","LogonProcessName":"ConsentUI","EventReceivedTime":1496946946,"SourceModuleName":"eventlog","SourceModuleType":"im_msvistalog","@version":"1","@timestamp":"2017-06-08T18:36:06.190Z","host":"192.168.1.52","port":49522,"type":"windows","tags":["json"]}
{"EventTime":"2017-06-08 13:35:46","Hostname":"IT01.sec555.com","Keywords":-9214364837600034816,"EventType":"AUDIT_SUCCESS","SeverityValue":2,"Severity":"INFO","EventID":4673,"SourceName":"Microsoft-Windows-Security-Auditing","ProviderGuid":"{54849625-5478-4994-A5BA-3E3B0328C30D}","Version":0,"Task":13056,"OpcodeValue":0,"RecordNumber":13819557,"ProcessID":500,"ThreadID":520,"Channel":"Security","Message":"A privileged service was called.\r\n\r\nSubject:\r\n\tSecurity ID:\t\tS-1-5-18\r\n\tAccount Name:\t\tIT01$\r\n\tAccount Domain:\t\tSEC555\r\n\tLogon ID:\t\t0x3e7\r\n\r\nService:\r\n\tServer:\tNT Local Security Authority / Authentication Service\r\n\tService Name:\tLsaRegisterLogonProcess()\r\n\r\nProcess:\r\n\tProcess ID:\t0x1f4\r\n\tProcess Name:\tC:\\Windows\\System32\\lsass.exe\r\n\r\nService Request Information:\r\n\tPrivileges:\t\tSeTcbPrivilege","Category":"Sensitive Privilege Use","Opcode":"Info","SubjectUserSid":"S-1-5-18","SubjectUserName":"IT01$","SubjectDomainName":"SEC555","SubjectLogonId":"0x3e7","ObjectServer":"NT Local Security Authority / Authentication Service","Service":"LsaRegisterLogonProcess()","PrivilegeList":"SeTcbPrivilege","ProcessName":"C:\\Windows\\System32\\lsass.exe","EventReceivedTime":1496946946,"SourceModuleName":"eventlog","SourceModuleType":"im_msvistalog","@version":"1","@timestamp":"2017-06-08T18:36:06.191Z","host":"192.168.1.52","port":49522,"type":"windows","tags":["json"]}
{"EventTime":"2017-06-08 13:35:46","Hostname":"IT01.sec555.com","Keywords":-9223372036854775808,"EventType":"INFO","SeverityValue":2,"Severity":"INFO","EventID":9,"SourceName":"Microsoft-Windows-Sysmon","ProviderGuid":"{5770385F-C22A-43E0-BF4C-06F5698FFBD9}","Version":2,"Task":9,"OpcodeValue":0,"RecordNumber":2178309,"ProcessID":1868,"ThreadID":1904,"Channel":"Microsoft-Windows-Sysmon/Operational","Domain":"NT AUTHORITY","AccountName":"SYSTEM","UserID":"S-1-5-18","AccountType":"User","Message":"RawAccessRead detected:\r\nUtcTime: 2017-06-08 18:35:46.277\r\nProcessGuid: {93A11FFC-9902-5939-0000-00101B328500}\r\nProcessId: 2132\r\nImage: C:\\Windows\\System32\\mmc.exe\r\nDevice: \\Device\\HarddiskVolume1","Category":"RawAccessRead detected (rule: RawAccessRead)","Opcode":"Info","UtcTime":"2017-06-08 18:35:46.277","ProcessGuid":"{93A11FFC-9902-5939-0000-00101B328500}","Image":"C:\\Windows\\System32\\mmc.exe","Device":"\\Device\\HarddiskVolume1","EventReceivedTime":1496946947,"SourceModuleName":"eventlog","SourceModuleType":"im_msvistalog","@version":"1","@timestamp":"2017-06-08T18:36:06.191Z","host":"192.168.1.52","port":49522,"type":"windows","tags":["json"]}
{"EventTime":"2017-06-08 13:35:46","Hostname":"IT01.sec555.com","Keywords":-9223372036854775808,"EventType":"INFO","SeverityValue":2,"Severity":"INFO","EventID":9,"SourceName":"Microsoft-Windows-Sysmon","ProviderGuid":"{5770385F-C22A-43E0-BF4C-06F5698FFBD9}","Version":2,"Task":9,"OpcodeValue":0,"RecordNumber":2178311,"ProcessID":1868,"ThreadID":1904,"Channel":"Microsoft-Windows-Sysmon/Operational","Domain":"NT AUTHORITY","AccountName":"SYSTEM","UserID":"S-1-5-18","AccountType":"User","Message":"RawAccessRead detected:\r\nUtcTime: 2017-06-08 18:35:46.324\r\nProcessGuid: {93A11FFC-9902-5939-0000-001045348500}\r\nProcessId: 3756\r\nImage: C:\\Windows\\System32\\consent.exe\r\nDevice: \\Device\\HarddiskVolume1","Category":"RawAccessRead detected (rule: RawAccessRead)","Opcode":"Info","UtcTime":"2017-06-08 18:35:46.324","ProcessGuid":"{93A11FFC-9902-5939-0000-001045348500}","Image":"C:\\Windows\\System32\\consent.exe","Device":"\\Device\\HarddiskVolume1","EventReceivedTime":1496946947,"SourceModuleName":"eventlog","SourceModuleType":"im_msvistalog","@version":"1","@timestamp":"2017-06-08T18:36:06.192Z","host":"192.168.1.52","port":49522,"type":"windows","tags":["json"]}
{"EventTime":"2017-06-08 13:35:46","Hostname":"IT01.sec555.com","Keywords":-9223372036854775808,"EventType":"INFO","SeverityValue":2,"Severity":"INFO","EventID":9,"SourceName":"Microsoft-Windows-Sysmon","ProviderGuid":"{5770385F-C22A-43E0-BF4C-06F5698FFBD9}","Version":2,"Task":9,"OpcodeValue":0,"RecordNumber":2178313,"ProcessID":1868,"ThreadID":1904,"Channel":"Microsoft-Windows-Sysmon/Operational","Domain":"NT AUTHORITY","AccountName":"SYSTEM","UserID":"S-1-5-18","AccountType":"User","Message":"RawAccessRead detected:\r\nUtcTime: 2017-06-08 18:35:46.511\r\nProcessGuid: {93A11FFC-9902-5939-0000-00102D468500}\r\nProcessId: 2980\r\nImage: C:\\Windows\\System32\\dllhost.exe\r\nDevice: \\Device\\HarddiskVolume1","Category":"RawAccessRead detected (rule: RawAccessRead)","Opcode":"Info","UtcTime":"2017-06-08 18:35:46.511","ProcessGuid":"{93A11FFC-9902-5939-0000-00102D468500}","Image":"C:\\Windows\\System32\\dllhost.exe","Device":"\\Device\\HarddiskVolume1","EventReceivedTime":1496946947,"SourceModuleName":"eventlog","SourceModuleType":"im_msvistalog","@version":"1","@timestamp":"2017-06-08T18:36:06.193Z","host":"192.168.1.52","port":49522,"type":"windows","tags":["json"]}
{"EventTime":"2017-06-08 13:35:46","Hostname":"IT01.sec555.com","Keywords":-9223372036854775808,"EventType":"INFO","SeverityValue":2,"Severity":"INFO","EventID":9,"SourceName":"Microsoft-Windows-Sysmon","ProviderGuid":"{5770385F-C22A-43E0-BF4C-06F5698FFBD9}","Version":2,"Task":9,"OpcodeValue":0,"RecordNumber":2178315,"ProcessID":1868,"ThreadID":1904,"Channel":"Microsoft-Windows-Sysmon/Operational","Domain":"NT AUTHORITY","AccountName":"SYSTEM","UserID":"S-1-5-18","AccountType":"User","Message":"RawAccessRead detected:\r\nUtcTime: 2017-06-08 18:35:46.526\r\nProcessGuid: {93A11FFC-9902-5939-0000-0010144A8500}\r\nProcessId: 2616\r\nImage: C:\\Windows\\System32\\dllhost.exe\r\nDevice: \\Device\\HarddiskVolume1","Category":"RawAccessRead detected (rule: RawAccessRead)","Opcode":"Info","UtcTime":"2017-06-08 18:35:46.526","ProcessGuid":"{93A11FFC-9902-5939-0000-0010144A8500}","Image":"C:\\Windows\\System32\\dllhost.exe","Device":"\\Device\\HarddiskVolume1","EventReceivedTime":1496946947,"SourceModuleName":"eventlog","SourceModuleType":"im_msvistalog","@version":"1","@timestamp":"2017-06-08T18:36:06.194Z","host":"192.168.1.52","port":49522,"type":"windows","tags":["json"]}
{"EventTime":"2017-06-08 13:35:46","Hostname":"IT01.sec555.com","Keywords":-9223372036854775808,"EventType":"INFO","SeverityValue":2,"Severity":"INFO","EventID":9,"SourceName":"Microsoft-Windows-Sysmon","ProviderGuid":"{5770385F-C22A-43E0-BF4C-06F5698FFBD9}","Version":2,"Task":9,"OpcodeValue":0,"RecordNumber":2178317,"ProcessID":1868,"ThreadID":1904,"Channel":"Microsoft-Windows-Sysmon/Operational","Domain":"NT AUTHORITY","AccountName":"SYSTEM","UserID":"S-1-5-18","AccountType":"User","Message":"RawAccessRead detected:\r\nUtcTime: 2017-06-08 18:35:46.558\r\nProcessGuid: {93A11FFC-9902-5939-0000-0010714E8500}\r\nProcessId: 2592\r\nImage: C:\\Windows\\System32\\mmc.exe\r\nDevice: \\Device\\HarddiskVolume1","Category":"RawAccessRead detected (rule: RawAccessRead)","Opcode":"Info","UtcTime":"2017-06-08 18:35:46.558","ProcessGuid":"{93A11FFC-9902-5939-0000-0010714E8500}","Image":"C:\\Windows\\System32\\mmc.exe","Device":"\\Device\\HarddiskVolume1","EventReceivedTime":1496946947,"SourceModuleName":"eventlog","SourceModuleType":"im_msvistalog","@version":"1","@timestamp":"2017-06-08T18:36:06.194Z","host":"192.168.1.52","port":49522,"type":"windows","tags":["json"]}
{"EventTime":"2017-06-08 13:35:46","Hostname":"IT01.sec555.com","Keywords":-9218868437227405312,"EventType":"AUDIT_FAILURE","SeverityValue":4,"Severity":"ERROR","EventID":4656,"SourceName":"Microsoft-Windows-Security-Auditing","ProviderGuid":"{54849625-5478-4994-A5BA-3E3B0328C30D}","Version":1,"Task":12800,"OpcodeValue":0,"RecordNumber":13819558,"ProcessID":500,"ThreadID":520,"Channel":"Security","Message":"A handle to an object was requested.\r\n\r\nSubject:\r\n\tSecurity ID:\t\tS-1-5-21-4122792944-3018364698-3069667417-1117\r\n\tAccount Name:\t\tfraynor\r\n\tAccount Domain:\t\tSEC555\r\n\tLogon ID:\t\t0x1ef38\r\n\r\nObject:\r\n\tObject Server:\t\tSecurity\r\n\tObject Type:\t\tFile\r\n\tObject Name:\t\tC:\\Windows\\System32\\services.msc\r\n\tHandle ID:\t\t0x0\r\n\r\nProcess Information:\r\n\tProcess ID:\t\t0xeac\r\n\tProcess Name:\t\tC:\\Windows\\System32\\consent.exe\r\n\r\nAccess Request Information:\r\n\tTransaction ID:\t\t{00000000-0000-0000-0000-000000000000}\r\n\tAccesses:\t\tREAD_CONTROL\r\n\t\t\t\tSYNCHRONIZE\r\n\t\t\t\tReadData (or ListDirectory)\r\n\t\t\t\tReadEA\r\n\t\t\t\tReadAttributes\r\n\t\t\t\tWriteAttributes\r\n\t\t\t\t\r\n\tAccess Reasons:\t\tREAD_CONTROL:\tGranted by\tD:(A;;0x1200a9;;;BU)\r\n\t\t\t\tSYNCHRONIZE:\tGranted by\tD:(A;;0x1200a9;;;BU)\r\n\t\t\t\tReadData (or ListDirectory):\tGranted by\tD:(A;;0x1200a9;;;BU)\r\n\t\t\t\tReadEA:\tGranted by\tD:(A;;0x1200a9;;;BU)\r\n\t\t\t\tReadAttributes:\tGranted by ACE on parent folder\tD:(A;;0x1200a9;;;BU)\r\n\t\t\t\tWriteAttributes:\tNot granted\r\n\t\t\t\t\r\n\tAccess Mask:\t\t0x120189\r\n\tPrivileges Used for Access Check:\t-\r\n\tRestricted SID Count:\t0","Category":"File System","Opcode":"Info","SubjectUserSid":"S-1-5-21-4122792944-3018364698-3069667417-1117","SubjectUserName":"fraynor","SubjectDomainName":"SEC555","SubjectLogonId":"0x1ef38","ObjectServer":"Security","ObjectType":"File","ObjectName":"C:\\Windows\\System32\\services.msc","HandleId":"0x0","TransactionId":"{00000000-0000-0000-0000-000000000000}","AccessList":"%%1538\r\n\t\t\t\t%%1541\r\n\t\t\t\t%%4416\r\n\t\t\t\t%%4419\r\n\t\t\t\t%%4423\r\n\t\t\t\t%%4424\r\n\t\t\t\t","AccessReason":"%%1538:\t%%1801\tD:(A;;0x1200a9;;;BU)\r\n\t\t\t\t%%1541:\t%%1801\tD:(A;;0x1200a9;;;BU)\r\n\t\t\t\t%%4416:\t%%1801\tD:(A;;0x1200a9;;;BU)\r\n\t\t\t\t%%4419:\t%%1801\tD:(A;;0x1200a9;;;BU)\r\n\t\t\t\t%%4423:\t%%1811\tD:(A;;0x1200a9;;;BU)\r\n\t\t\t\t%%4424:\t%%1805\r\n\t\t\t\t","AccessMask":"0x120189","PrivilegeList":"-","RestrictedSidCount":"0","ProcessName":"C:\\Windows\\System32\\consent.exe","EventReceivedTime":1496946948,"SourceModuleName":"eventlog","SourceModuleType":"im_msvistalog","@version":"1","@timestamp":"2017-06-08T18:36:06.194Z","host":"192.168.1.52","port":49522,"type":"windows","tags":["json"]}
{"EventTime":"2017-06-08 13:35:46","Hostname":"IT01.sec555.com","Keywords":-9218868437227405312,"EventType":"AUDIT_FAILURE","SeverityValue":4,"Severity":"ERROR","EventID":4656,"SourceName":"Microsoft-Windows-Security-Auditing","ProviderGuid":"{54849625-5478-4994-A5BA-3E3B0328C30D}","Version":1,"Task":12800,"OpcodeValue":0,"RecordNumber":13819559,"ProcessID":500,"ThreadID":520,"Channel":"Security","Message":"A handle to an object was requested.\r\n\r\nSubject:\r\n\tSecurity ID:\t\tS-1-5-21-4122792944-3018364698-3069667417-1117\r\n\tAccount Name:\t\tfraynor\r\n\tAccount Domain:\t\tSEC555\r\n\tLogon ID:\t\t0x1ef38\r\n\r\nObject:\r\n\tObject Server:\t\tSecurity\r\n\tObject Type:\t\tFile\r\n\tObject Name:\t\tC:\\Windows\\System32\\services.msc\r\n\tHandle ID:\t\t0x0\r\n\r\nProcess Information:\r\n\tProcess ID:\t\t0xeac\r\n\tProcess Name:\t\tC:\\Windows\\System32\\consent.exe\r\n\r\nAccess Request Information:\r\n\tTransaction ID:\t\t{00000000-0000-0000-0000-000000000000}\r\n\tAccesses:\t\tREAD_CONTROL\r\n\t\t\t\tSYNCHRONIZE\r\n\t\t\t\tReadData (or ListDirectory)\r\n\t\t\t\tReadEA\r\n\t\t\t\tReadAttributes\r\n\t\t\t\tWriteAttributes\r\n\t\t\t\t\r\n\tAccess Reasons:\t\tREAD_CONTROL:\tGranted by\tD:(A;;0x1200a9;;;BU)\r\n\t\t\t\tSYNCHRONIZE:\tGranted by\tD:(A;;0x1200a9;;;BU)\r\n\t\t\t\tReadData (or ListDirectory):\tGranted by\tD:(A;;0x1200a9;;;BU)\r\n\t\t\t\tReadEA:\tGranted by\tD:(A;;0x1200a9;;;BU)\r\n\t\t\t\tReadAttributes:\tGranted by ACE on parent folder\tD:(A;;0x1200a9;;;BU)\r\n\t\t\t\tWriteAttributes:\tNot granted\r\n\t\t\t\t\r\n\tAccess Mask:\t\t0x120189\r\n\tPrivileges Used for Access Check:\t-\r\n\tRestricted SID Count:\t0","Category":"File System","Opcode":"Info","SubjectUserSid":"S-1-5-21-4122792944-3018364698-3069667417-1117","SubjectUserName":"fraynor","SubjectDomainName":"SEC555","SubjectLogonId":"0x1ef38","ObjectServer":"Security","ObjectType":"File","ObjectName":"C:\\Windows\\System32\\services.msc","HandleId":"0x0","TransactionId":"{00000000-0000-0000-0000-000000000000}","AccessList":"%%1538\r\n\t\t\t\t%%1541\r\n\t\t\t\t%%4416\r\n\t\t\t\t%%4419\r\n\t\t\t\t%%4423\r\n\t\t\t\t%%4424\r\n\t\t\t\t","AccessReason":"%%1538:\t%%1801\tD:(A;;0x1200a9;;;BU)\r\n\t\t\t\t%%1541:\t%%1801\tD:(A;;0x1200a9;;;BU)\r\n\t\t\t\t%%4416:\t%%1801\tD:(A;;0x1200a9;;;BU)\r\n\t\t\t\t%%4419:\t%%1801\tD:(A;;0x1200a9;;;BU)\r\n\t\t\t\t%%4423:\t%%1811\tD:(A;;0x1200a9;;;BU)\r\n\t\t\t\t%%4424:\t%%1805\r\n\t\t\t\t","AccessMask":"0x120189","PrivilegeList":"-","RestrictedSidCount":"0","ProcessName":"C:\\Windows\\System32\\consent.exe","EventReceivedTime":1496946948,"SourceModuleName":"eventlog","SourceModuleType":"im_msvistalog","@version":"1","@timestamp":"2017-06-08T18:36:06.195Z","host":"192.168.1.52","port":49522,"type":"windows","tags":["json"]}
{"EventTime":"2017-06-08 13:35:46","Hostname":"IT01.sec555.com","Keywords":-9218868437227405312,"EventType":"AUDIT_FAILURE","SeverityValue":4,"Severity":"ERROR","EventID":4656,"SourceName":"Microsoft-Windows-Security-Auditing","ProviderGuid":"{54849625-5478-4994-A5BA-3E3B0328C30D}","Version":1,"Task":12800,"OpcodeValue":0,"RecordNumber":13819560,"ProcessID":500,"ThreadID":520,"Channel":"Security","Message":"A handle to an object was requested.\r\n\r\nSubject:\r\n\tSecurity ID:\t\tS-1-5-21-4122792944-3018364698-3069667417-1117\r\n\tAccount Name:\t\tfraynor\r\n\tAccount Domain:\t\tSEC555\r\n\tLogon ID:\t\t0x1ef38\r\n\r\nObject:\r\n\tObject Server:\t\tSecurity\r\n\tObject Type:\t\tFile\r\n\tObject Name:\t\tC:\\Windows\\System32\\services.msc\r\n\tHandle ID:\t\t0x0\r\n\r\nProcess Information:\r\n\tProcess ID:\t\t0xeac\r\n\tProcess Name:\t\tC:\\Windows\\System32\\consent.exe\r\n\r\nAccess Request Information:\r\n\tTransaction ID:\t\t{00000000-0000-0000-0000-000000000000}\r\n\tAccesses:\t\tREAD_CONTROL\r\n\t\t\t\tSYNCHRONIZE\r\n\t\t\t\tReadData (or ListDirectory)\r\n\t\t\t\tReadEA\r\n\t\t\t\tReadAttributes\r\n\t\t\t\tWriteAttributes\r\n\t\t\t\t\r\n\tAccess Reasons:\t\tREAD_CONTROL:\tGranted by\tD:(A;;0x1200a9;;;BU)\r\n\t\t\t\tSYNCHRONIZE:\tGranted by\tD:(A;;0x1200a9;;;BU)\r\n\t\t\t\tReadData (or ListDirectory):\tGranted by\tD:(A;;0x1200a9;;;BU)\r\n\t\t\t\tReadEA:\tGranted by\tD:(A;;0x1200a9;;;BU)\r\n\t\t\t\tReadAttributes:\tGranted by ACE on parent folder\tD:(A;;0x1200a9;;;BU)\r\n\t\t\t\tWriteAttributes:\tNot granted\r\n\t\t\t\t\r\n\tAccess Mask:\t\t0x120189\r\n\tPrivileges Used for Access Check:\t-\r\n\tRestricted SID Count:\t0","Category":"File System","Opcode":"Info","SubjectUserSid":"S-1-5-21-4122792944-3018364698-3069667417-1117","SubjectUserName":"fraynor","SubjectDomainName":"SEC555","SubjectLogonId":"0x1ef38","ObjectServer":"Security","ObjectType":"File","ObjectName":"C:\\Windows\\System32\\services.msc","HandleId":"0x0","TransactionId":"{00000000-0000-0000-0000-000000000000}","AccessList":"%%1538\r\n\t\t\t\t%%1541\r\n\t\t\t\t%%4416\r\n\t\t\t\t%%4419\r\n\t\t\t\t%%4423\r\n\t\t\t\t%%4424\r\n\t\t\t\t","AccessReason":"%%1538:\t%%1801\tD:(A;;0x1200a9;;;BU)\r\n\t\t\t\t%%1541:\t%%1801\tD:(A;;0x1200a9;;;BU)\r\n\t\t\t\t%%4416:\t%%1801\tD:(A;;0x1200a9;;;BU)\r\n\t\t\t\t%%4419:\t%%1801\tD:(A;;0x1200a9;;;BU)\r\n\t\t\t\t%%4423:\t%%1811\tD:(A;;0x1200a9;;;BU)\r\n\t\t\t\t%%4424:\t%%1805\r\n\t\t\t\t","AccessMask":"0x120189","PrivilegeList":"-","RestrictedSidCount":"0","ProcessName":"C:\\Windows\\System32\\consent.exe","EventReceivedTime":1496946948,"SourceModuleName":"eventlog","SourceModuleType":"im_msvistalog","@version":"1","@timestamp":"2017-06-08T18:36:06.195Z","host":"192.168.1.52","port":49522,"type":"windows","tags":["json"]}
{"EventTime":"2017-06-08 13:35:46","Hostname":"IT01.sec555.com","Keywords":-9214364837600034816,"EventType":"AUDIT_SUCCESS","SeverityValue":2,"Severity":"INFO","EventID":4611,"SourceName":"Microsoft-Windows-Security-Auditing","ProviderGuid":"{54849625-5478-4994-A5BA-3E3B0328C30D}","Version":0,"Task":12289,"OpcodeValue":0,"RecordNumber":13819562,"ProcessID":500,"ThreadID":1352,"Channel":"Security","Message":"A trusted logon process has been registered with the Local Security Authority.\r\nThis logon process will be trusted to submit logon requests.\r\n\r\nSubject:\r\n\tSecurity ID:\t\tS-1-5-18\r\n\tAccount Name:\t\tIT01$\r\n\tAccount Domain:\t\tSEC555\r\n\tLogon ID:\t\t0x3e7\r\n\r\nLogon Process Name:\t\tConsentUI","Category":"Security System Extension","Opcode":"Info","SubjectUserSid":"S-1-5-18","SubjectUserName":"IT01$","SubjectDomainName":"SEC555","SubjectLogonId":"0x3e7","LogonProcessName":"ConsentUI","EventReceivedTime":1496946948,"SourceModuleName":"eventlog","SourceModuleType":"im_msvistalog","@version":"1","@timestamp":"2017-06-08T18:36:06.196Z","host":"192.168.1.52","port":49522,"type":"windows","tags":["json"]}
{"EventTime":"2017-06-08 13:35:46","Hostname":"IT01.sec555.com","Keywords":-9214364837600034816,"EventType":"AUDIT_SUCCESS","SeverityValue":2,"Severity":"INFO","EventID":4673,"SourceName":"Microsoft-Windows-Security-Auditing","ProviderGuid":"{54849625-5478-4994-A5BA-3E3B0328C30D}","Version":0,"Task":13056,"OpcodeValue":0,"RecordNumber":13819563,"ProcessID":500,"ThreadID":520,"Channel":"Security","Message":"A privileged service was called.\r\n\r\nSubject:\r\n\tSecurity ID:\t\tS-1-5-18\r\n\tAccount Name:\t\tIT01$\r\n\tAccount Domain:\t\tSEC555\r\n\tLogon ID:\t\t0x3e7\r\n\r\nService:\r\n\tServer:\tNT Local Security Authority / Authentication Service\r\n\tService Name:\tLsaRegisterLogonProcess()\r\n\r\nProcess:\r\n\tProcess ID:\t0x1f4\r\n\tProcess Name:\tC:\\Windows\\System32\\lsass.exe\r\n\r\nService Request Information:\r\n\tPrivileges:\t\tSeTcbPrivilege","Category":"Sensitive Privilege Use","Opcode":"Info","SubjectUserSid":"S-1-5-18","SubjectUserName":"IT01$","SubjectDomainName":"SEC555","SubjectLogonId":"0x3e7","ObjectServer":"NT Local Security Authority / Authentication Service","Service":"LsaRegisterLogonProcess()","PrivilegeList":"SeTcbPrivilege","ProcessName":"C:\\Windows\\System32\\lsass.exe","EventReceivedTime":1496946948,"SourceModuleName":"eventlog","SourceModuleType":"im_msvistalog","@version":"1","@timestamp":"2017-06-08T18:36:06.196Z","host":"192.168.1.52","port":49522,"type":"windows","tags":["json"]}
{"EventTime":"2017-06-08 13:35:46","Hostname":"IT01.sec555.com","Keywords":-9218868437227405312,"EventType":"AUDIT_FAILURE","SeverityValue":4,"Severity":"ERROR","EventID":4656,"SourceName":"Microsoft-Windows-Security-Auditing","ProviderGuid":"{54849625-5478-4994-A5BA-3E3B0328C30D}","Version":1,"Task":12800,"OpcodeValue":0,"RecordNumber":13819567,"ProcessID":500,"ThreadID":520,"Channel":"Security","Message":"A handle to an object was requested.\r\n\r\nSubject:\r\n\tSecurity ID:\t\tS-1-5-21-4122792944-3018364698-3069667417-1117\r\n\tAccount Name:\t\tfraynor\r\n\tAccount Domain:\t\tSEC555\r\n\tLogon ID:\t\t0x19a7f\r\n\r\nObject:\r\n\tObject Server:\t\tSecurity\r\n\tObject Type:\t\tFile\r\n\tObject Name:\t\tC:\\Windows\\System32\\services.msc\r\n\tHandle ID:\t\t0x0\r\n\r\nProcess Information:\r\n\tProcess ID:\t\t0xa20\r\n\tProcess Name:\t\tC:\\Windows\\System32\\mmc.exe\r\n\r\nAccess Request Information:\r\n\tTransaction ID:\t\t{00000000-0000-0000-0000-000000000000}\r\n\tAccesses:\t\tREAD_CONTROL\r\n\t\t\t\tSYNCHRONIZE\r\n\t\t\t\tWriteData (or AddFile)\r\n\t\t\t\tAppendData (or AddSubdirectory or CreatePipeInstance)\r\n\t\t\t\tWriteEA\r\n\t\t\t\tReadAttributes\r\n\t\t\t\tWriteAttributes\r\n\t\t\t\t\r\n\tAccess Reasons:\t\tREAD_CONTROL:\tGranted by\tD:(A;;0x1200a9;;;BA)\r\n\t\t\t\tSYNCHRONIZE:\tGranted by\tD:(A;;0x1200a9;;;BA)\r\n\t\t\t\tWriteData (or AddFile):\tNot granted\r\n\t\t\t\tAppendData (or AddSubdirectory or CreatePipeInstance):\tNot granted\r\n\t\t\t\tWriteEA:\tNot granted\r\n\t\t\t\tReadAttributes:\tGranted by ACE on parent folder\tD:(A;;0x1301bf;;;BA)\r\n\t\t\t\tWriteAttributes:\tNot granted\r\n\t\t\t\t\r\n\tAccess Mask:\t\t0x120196\r\n\tPrivileges Used for Access Check:\t-\r\n\tRestricted SID Count:\t0","Category":"File System","Opcode":"Info","SubjectUserSid":"S-1-5-21-4122792944-3018364698-3069667417-1117","SubjectUserName":"fraynor","SubjectDomainName":"SEC555","SubjectLogonId":"0x19a7f","ObjectServer":"Security","ObjectType":"File","ObjectName":"C:\\Windows\\System32\\services.msc","HandleId":"0x0","TransactionId":"{00000000-0000-0000-0000-000000000000}","AccessList":"%%1538\r\n\t\t\t\t%%1541\r\n\t\t\t\t%%4417\r\n\t\t\t\t%%4418\r\n\t\t\t\t%%4420\r\n\t\t\t\t%%4423\r\n\t\t\t\t%%4424\r\n\t\t\t\t","AccessReason":"%%1538:\t%%1801\tD:(A;;0x1200a9;;;BA)\r\n\t\t\t\t%%1541:\t%%1801\tD:(A;;0x1200a9;;;BA)\r\n\t\t\t\t%%4417:\t%%1805\r\n\t\t\t\t%%4418:\t%%1805\r\n\t\t\t\t%%4420:\t%%1805\r\n\t\t\t\t%%4423:\t%%1811\tD:(A;;0x1301bf;;;BA)\r\n\t\t\t\t%%4424:\t%%1805\r\n\t\t\t\t","AccessMask":"0x120196","PrivilegeList":"-","RestrictedSidCount":"0","ProcessName":"C:\\Windows\\System32\\mmc.exe","EventReceivedTime":1496946948,"SourceModuleName":"eventlog","SourceModuleType":"im_msvistalog","@version":"1","@timestamp":"2017-06-08T18:36:06.197Z","host":"192.168.1.52","port":49522,"type":"windows","tags":["json"]}
{"EventTime":"2017-06-08 13:36:05","Hostname":"IT01.sec555.com","Keywords":-9187343239835811840,"EventType":"INFO","SeverityValue":2,"Severity":"INFO","EventID":7036,"SourceName":"Service Control Manager","ProviderGuid":"{555908D1-A6D7-4695-8E1E-26931D2012F4}","Version":0,"Task":0,"OpcodeValue":0,"RecordNumber":31588,"ProcessID":484,"ThreadID":3684,"Channel":"System","Message":"The nxlog service entered the stopped state.","param1":"nxlog","param2":"stopped","EventReceivedTime":1496946967,"SourceModuleName":"eventlog","SourceModuleType":"im_msvistalog","@version":"1","@timestamp":"2017-06-08T18:36:07.358Z","host":"192.168.1.52","port":49522,"type":"windows","tags":["json"]}
{"EventTime":"2017-06-08 13:36:06","Hostname":"IT01.sec555.com","Keywords":-9187343239835811840,"EventType":"INFO","SeverityValue":2,"Severity":"INFO","EventID":7036,"SourceName":"Service Control Manager","ProviderGuid":"{555908D1-A6D7-4695-8E1E-26931D2012F4}","Version":0,"Task":0,"OpcodeValue":0,"RecordNumber":31589,"ProcessID":484,"ThreadID":2404,"Channel":"System","Message":"The nxlog service entered the running state.","param1":"nxlog","param2":"running","EventReceivedTime":1496946967,"SourceModuleName":"eventlog","SourceModuleType":"im_msvistalog","@version":"1","@timestamp":"2017-06-08T18:36:07.395Z","host":"192.168.1.52","port":49522,"type":"windows","tags":["json"]}
{"EventTime":"2017-06-08 13:36:14","Hostname":"DC02.sec555.com","Keywords":-9214364837600034816,"EventType":"AUDIT_SUCCESS","SeverityValue":2,"Severity":"INFO","EventID":4624,"SourceName":"Microsoft-Windows-Security-Auditing","ProviderGuid":"{54849625-5478-4994-A5BA-3E3B0328C30D}","Version":2,"Task":12544,"OpcodeValue":0,"RecordNumber":396504,"ActivityID":"{78C8CBAF-DFA9-0000-71CC-C878A9DFD201}","ProcessID":572,"ThreadID":1288,"Channel":"Security","Message":"An account was successfully logged on.\r\n\r\nSubject:\r\n\tSecurity ID:\t\tS-1-0-0\r\n\tAccount Name:\t\t-\r\n\tAccount Domain:\t\t-\r\n\tLogon ID:\t\t0x0\r\n\r\nLogon Information:\r\n\tLogon Type:\t\t3\r\n\tRestricted Admin Mode:\t-\r\n\tVirtual Account:\t\tNo\r\n\tElevated Token:\t\tYes\r\n\r\nImpersonation Level:\t\tDelegation\r\n\r\nNew Logon:\r\n\tSecurity ID:\t\tS-1-5-21-4122792944-3018364698-3069667417-1605\r\n\tAccount Name:\t\tCFO$\r\n\tAccount Domain:\t\tSEC555.COM\r\n\tLogon ID:\t\t0xFB353D\r\n\tLinked Logon ID:\t\t0x0\r\n\tNetwork Account Name:\t-\r\n\tNetwork Account Domain:\t-\r\n\tLogon GUID:\t\t{C54AF10D-3B5E-FE0F-3974-0CDCB345B5AF}\r\n\r\nProcess Information:\r\n\tProcess ID:\t\t0x0\r\n\tProcess Name:\t\t-\r\n\r\nNetwork Information:\r\n\tWorkstation Name:\t\r\n\tSource Network Address:\t192.168.0.92\r\n\tSource Port:\t\t53108\r\n\r\nDetailed Authentication Information:\r\n\tLogon Process:\t\tKerberos\r\n\tAuthentication Package:\tKerberos\r\n\tTransited Services:\t-\r\n\tPackage Name (NTLM only):\t-\r\n\tKey Length:\t\t0\r\n\r\nThis event is generated when a logon session is created. It is generated on the computer that was accessed.\r\n\r\nThe subject fields indicate the account on the local system which requested the logon. This is most commonly a service such as the Server service, or a local process such as Winlogon.exe or Services.exe.\r\n\r\nThe logon type field indicates the kind of logon that occurred. The most common types are 2 (interactive) and 3 (network).\r\n\r\nThe New Logon fields indicate the account for whom the new logon was created, i.e. the account that was logged on.\r\n\r\nThe network fields indicate where a remote logon request originated. Workstation name is not always available and may be left blank in some cases.\r\n\r\nThe impersonation level field indicates the extent to which a process in the logon session can impersonate.\r\n\r\nThe authentication information fields provide detailed information about this specific logon request.\r\n\t- Logon GUID is a unique identifier that can be used to correlate this event with a KDC event.\r\n\t- Transited services indicate which intermediate services have participated in this logon request.\r\n\t- Package name indicates which sub-protocol was used among the NTLM protocols.\r\n\t- Key length indicates the length of the generated session key. This will be 0 if no session key was requested.","Category":"Logon","Opcode":"Info","SubjectUserSid":"S-1-0-0","SubjectUserName":"-","SubjectDomainName":"-","SubjectLogonId":"0x0","TargetUserSid":"S-1-5-21-4122792944-3018364698-3069667417-1605","TargetUserName":"CFO$","TargetDomainName":"SEC555.COM","TargetLogonId":"0xfb353d","LogonType":"3","LogonProcessName":"Kerberos","AuthenticationPackageName":"Kerberos","LogonGuid":"{C54AF10D-3B5E-FE0F-3974-0CDCB345B5AF}","TransmittedServices":"-","LmPackageName":"-","KeyLength":"0","ProcessName":"-","IpAddress":"192.168.0.92","IpPort":"53108","ImpersonationLevel":"%%1840","RestrictedAdminMode":"-","TargetOutboundUserName":"-","TargetOutboundDomainName":"-","VirtualAccount":"%%1843","TargetLinkedLogonId":"0x0","ElevatedToken":"%%1842","EventReceivedTime":1496946975,"SourceModuleName":"eventlog","SourceModuleType":"im_msvistalog","@version":"1","@timestamp":"2017-06-08T18:36:15.838Z","host":"10.5.55.3","port":62092,"type":"windows","tags":["json"]}
{"EventTime":"2017-06-08 13:36:14","Hostname":"DC02.sec555.com","Keywords":-9214364837600034816,"EventType":"AUDIT_SUCCESS","SeverityValue":2,"Severity":"INFO","EventID":5140,"SourceName":"Microsoft-Windows-Security-Auditing","ProviderGuid":"{54849625-5478-4994-A5BA-3E3B0328C30D}","Version":1,"Task":12808,"OpcodeValue":0,"RecordNumber":396505,"ProcessID":4,"ThreadID":452,"Channel":"Security","Message":"A network share object was accessed.\r\n\t\r\nSubject:\r\n\tSecurity ID:\t\tS-1-5-21-4122792944-3018364698-3069667417-1605\r\n\tAccount Name:\t\tCFO$\r\n\tAccount Domain:\t\tSEC555\r\n\tLogon ID:\t\t0xFB353D\r\n\r\nNetwork Information:\t\r\n\tObject Type:\t\tFile\r\n\tSource Address:\t\t192.168.0.92\r\n\tSource Port:\t\t53108\r\n\t\r\nShare Information:\r\n\tShare Name:\t\t\\\\*\\IPC$\r\n\tShare Path:\t\t\r\n\r\nAccess Request Information:\r\n\tAccess Mask:\t\t0x1\r\n\tAccesses:\t\tReadData (or ListDirectory)\r\n\t\t\t\t\r\n","Category":"File Share","Opcode":"Info","SubjectUserSid":"S-1-5-21-4122792944-3018364698-3069667417-1605","SubjectUserName":"CFO$","SubjectDomainName":"SEC555","SubjectLogonId":"0xfb353d","ObjectType":"File","IpAddress":"192.168.0.92","IpPort":"53108","ShareName":"\\\\*\\IPC$","AccessMask":"0x1","AccessList":"%%4416\r\n\t\t\t\t","EventReceivedTime":1496946975,"SourceModuleName":"eventlog","SourceModuleType":"im_msvistalog","@version":"1","@timestamp":"2017-06-08T18:36:15.838Z","host":"10.5.55.3","port":62092,"type":"windows","tags":["json"]}
{"EventTime":"2017-06-08 13:36:16","Hostname":"IT03.sec555.com","Keywords":-9223372036854775808,"EventType":"INFO","SeverityValue":2,"Severity":"INFO","EventID":10,"SourceName":"Microsoft-Windows-Sysmon","ProviderGuid":"{5770385F-C22A-43E0-BF4C-06F5698FFBD9}","Version":3,"Task":10,"OpcodeValue":0,"RecordNumber":2080334,"ProcessID":1956,"ThreadID":1992,"Channel":"Microsoft-Windows-Sysmon/Operational","Domain":"NT AUTHORITY","AccountName":"SYSTEM","UserID":"S-1-5-18","AccountType":"User","Message":"Process accessed:\r\nUtcTime: 2017-06-08 18:36:16.867\r\nSourceProcessGUID: {93A11FFC-5B56-5939-0000-0010395E0100}\r\nSourceProcessId: 840\r\nSourceThreadId: 1952\r\nSourceImage: C:\\Windows\\System32\\svchost.exe\r\nTargetProcessGUID: {93A11FFC-5B55-5939-0000-00109ACD0000}\r\nTargetProcessId: 500\r\nTargetImage: C:\\Windows\\system32\\lsass.exe\r\nGrantedAccess: 0x1400\r\nCallTrace: C:\\Windows\\SYSTEM32\\ntdll.dll+4595c|C:\\Windows\\system32\\KERNELBASE.dll+7f1b|c:\\windows\\system32\\sysmain.dll+38e16|c:\\windows\\system32\\sysmain.dll+38f17|c:\\windows\\system32\\sysmain.dll+599a0|c:\\windows\\system32\\sysmain.dll+4220a|c:\\windows\\system32\\sysmain.dll+5b38|c:\\windows\\system32\\sysmain.dll+6d76|c:\\windows\\system32\\sysmain.dll+71cb|c:\\windows\\system32\\sysmain.dll+1c15|c:\\windows\\system32\\sysmain.dll+231bc|c:\\windows\\system32\\sysmain.dll+2311c|C:\\Windows\\System32\\svchost.exe+1499|C:\\Windows\\SYSTEM32\\sechost.dll+75a8|C:\\Windows\\system32\\kernel32.dll+4ef1c|C:\\Windows\\SYSTEM32\\ntdll.dll+6367a","Category":"Process accessed (rule: ProcessAccess)","Opcode":"Info","UtcTime":"2017-06-08 18:36:16.867","SourceProcessGUID":"{93A11FFC-5B56-5939-0000-0010395E0100}","SourceProcessId":"840","SourceThreadId":"1952","SourceImage":"C:\\Windows\\System32\\svchost.exe","TargetProcessGUID":"{93A11FFC-5B55-5939-0000-00109ACD0000}","TargetProcessId":"500","TargetImage":"C:\\Windows\\system32\\lsass.exe","GrantedAccess":"0x1400","CallTrace":"C:\\Windows\\SYSTEM32\\ntdll.dll+4595c|C:\\Windows\\system32\\KERNELBASE.dll+7f1b|c:\\windows\\system32\\sysmain.dll+38e16|c:\\windows\\system32\\sysmain.dll+38f17|c:\\windows\\system32\\sysmain.dll+599a0|c:\\windows\\system32\\sysmain.dll+4220a|c:\\windows\\system32\\sysmain.dll+5b38|c:\\windows\\system32\\sysmain.dll+6d76|c:\\windows\\system32\\sysmain.dll+71cb|c:\\windows\\system32\\sysmain.dll+1c15|c:\\windows\\system32\\sysmain.dll+231bc|c:\\windows\\system32\\sysmain.dll+2311c|C:\\Windows\\System32\\svchost.exe+1499|C:\\Windows\\SYSTEM32\\sechost.dll+75a8|C:\\Windows\\system32\\kernel32.dll+4ef1c|C:\\Windows\\SYSTEM32\\ntdll.dll+6367a","EventReceivedTime":1496946978,"SourceModuleName":"eventlog","SourceModuleType":"im_msvistalog","@version":"1","@timestamp":"2017-06-08T18:36:18.186Z","host":"192.168.1.51","port":49974,"type":"windows","tags":["json"]}
{"EventTime":"2017-06-08 13:36:16","Hostname":"IT03.sec555.com","Keywords":-9223372036854775808,"EventType":"INFO","SeverityValue":2,"Severity":"INFO","EventID":10,"SourceName":"Microsoft-Windows-Sysmon","ProviderGuid":"{5770385F-C22A-43E0-BF4C-06F5698FFBD9}","Version":3,"Task":10,"OpcodeValue":0,"RecordNumber":2080335,"ProcessID":1956,"ThreadID":1992,"Channel":"Microsoft-Windows-Sysmon/Operational","Domain":"NT AUTHORITY","AccountName":"SYSTEM","UserID":"S-1-5-18","AccountType":"User","Message":"Process accessed:\r\nUtcTime: 2017-06-08 18:36:16.869\r\nSourceProcessGUID: {93A11FFC-5B56-5939-0000-0010395E0100}\r\nSourceProcessId: 840\r\nSourceThreadId: 1952\r\nSourceImage: C:\\Windows\\System32\\svchost.exe\r\nTargetProcessGUID: {93A11FFC-5B55-5939-0000-00105AC30000}\r\nTargetProcessId: 440\r\nTargetImage: C:\\Windows\\system32\\winlogon.exe\r\nGrantedAccess: 0x1400\r\nCallTrace: C:\\Windows\\SYSTEM32\\ntdll.dll+4595c|C:\\Windows\\system32\\KERNELBASE.dll+7f1b|c:\\windows\\system32\\sysmain.dll+38e16|c:\\windows\\system32\\sysmain.dll+38f17|c:\\windows\\system32\\sysmain.dll+599a0|c:\\windows\\system32\\sysmain.dll+4220a|c:\\windows\\system32\\sysmain.dll+5b38|c:\\windows\\system32\\sysmain.dll+6d76|c:\\windows\\system32\\sysmain.dll+71cb|c:\\windows\\system32\\sysmain.dll+1c15|c:\\windows\\system32\\sysmain.dll+231bc|c:\\windows\\system32\\sysmain.dll+2311c|C:\\Windows\\System32\\svchost.exe+1499|C:\\Windows\\SYSTEM32\\sechost.dll+75a8|C:\\Windows\\system32\\kernel32.dll+4ef1c|C:\\Windows\\SYSTEM32\\ntdll.dll+6367a","Category":"Process accessed (rule: ProcessAccess)","Opcode":"Info","UtcTime":"2017-06-08 18:36:16.869","SourceProcessGUID":"{93A11FFC-5B56-5939-0000-0010395E0100}","SourceProcessId":"840","SourceThreadId":"1952","SourceImage":"C:\\Windows\\System32\\svchost.exe","TargetProcessGUID":"{93A11FFC-5B55-5939-0000-00105AC30000}","TargetProcessId":"440","TargetImage":"C:\\Windows\\system32\\winlogon.exe","GrantedAccess":"0x1400","CallTrace":"C:\\Windows\\SYSTEM32\\ntdll.dll+4595c|C:\\Windows\\system32\\KERNELBASE.dll+7f1b|c:\\windows\\system32\\sysmain.dll+38e16|c:\\windows\\system32\\sysmain.dll+38f17|c:\\windows\\system32\\sysmain.dll+599a0|c:\\windows\\system32\\sysmain.dll+4220a|c:\\windows\\system32\\sysmain.dll+5b38|c:\\windows\\system32\\sysmain.dll+6d76|c:\\windows\\system32\\sysmain.dll+71cb|c:\\windows\\system32\\sysmain.dll+1c15|c:\\windows\\system32\\sysmain.dll+231bc|c:\\windows\\system32\\sysmain.dll+2311c|C:\\Windows\\System32\\svchost.exe+1499|C:\\Windows\\SYSTEM32\\sechost.dll+75a8|C:\\Windows\\system32\\kernel32.dll+4ef1c|C:\\Windows\\SYSTEM32\\ntdll.dll+6367a","EventReceivedTime":1496946978,"SourceModuleName":"eventlog","SourceModuleType":"im_msvistalog","@version":"1","@timestamp":"2017-06-08T18:36:18.186Z","host":"192.168.1.51","port":49974,"type":"windows","tags":["json"]}
{"EventTime":"2017-06-08 13:36:17","Hostname":"IT03.sec555.com","Keywords":-9223372036854775808,"EventType":"INFO","SeverityValue":2,"Severity":"INFO","EventID":10,"SourceName":"Microsoft-Windows-Sysmon","ProviderGuid":"{5770385F-C22A-43E0-BF4C-06F5698FFBD9}","Version":3,"Task":10,"OpcodeValue":0,"RecordNumber":2080336,"ProcessID":1956,"ThreadID":1992,"Channel":"Microsoft-Windows-Sysmon/Operational","Domain":"NT AUTHORITY","AccountName":"SYSTEM","UserID":"S-1-5-18","AccountType":"User","Message":"Process accessed:\r\nUtcTime: 2017-06-08 18:36:17.098\r\nSourceProcessGUID: {93A11FFC-5B56-5939-0000-0010395E0100}\r\nSourceProcessId: 840\r\nSourceThreadId: 1952\r\nSourceImage: C:\\Windows\\System32\\svchost.exe\r\nTargetProcessGUID: {93A11FFC-5B55-5939-0000-00105AC30000}\r\nTargetProcessId: 440\r\nTargetImage: C:\\Windows\\system32\\winlogon.exe\r\nGrantedAccess: 0x1400\r\nCallTrace: C:\\Windows\\SYSTEM32\\ntdll.dll+4595c|C:\\Windows\\system32\\KERNELBASE.dll+7f1b|c:\\windows\\system32\\sysmain.dll+5ef27|c:\\windows\\system32\\sysmain.dll+4362c|c:\\windows\\system32\\sysmain.dll+14d3e|c:\\windows\\system32\\sysmain.dll+148ea|c:\\windows\\system32\\sysmain.dll+58f38|c:\\windows\\system32\\sysmain.dll+420be|c:\\windows\\system32\\sysmain.dll+2836|c:\\windows\\system32\\sysmain.dll+24b6|c:\\windows\\system32\\sysmain.dll+1c75|c:\\windows\\system32\\sysmain.dll+231bc|c:\\windows\\system32\\sysmain.dll+2311c|C:\\Windows\\System32\\svchost.exe+1499|C:\\Windows\\SYSTEM32\\sechost.dll+75a8|C:\\Windows\\system32\\kernel32.dll+4ef1c","Category":"Process accessed (rule: ProcessAccess)","Opcode":"Info","UtcTime":"2017-06-08 18:36:17.098","SourceProcessGUID":"{93A11FFC-5B56-5939-0000-0010395E0100}","SourceProcessId":"840","SourceThreadId":"1952","SourceImage":"C:\\Windows\\System32\\svchost.exe","TargetProcessGUID":"{93A11FFC-5B55-5939-0000-00105AC30000}","TargetProcessId":"440","TargetImage":"C:\\Windows\\system32\\winlogon.exe","GrantedAccess":"0x1400","CallTrace":"C:\\Windows\\SYSTEM32\\ntdll.dll+4595c|C:\\Windows\\system32\\KERNELBASE.dll+7f1b|c:\\windows\\system32\\sysmain.dll+5ef27|c:\\windows\\system32\\sysmain.dll+4362c|c:\\windows\\system32\\sysmain.dll+14d3e|c:\\windows\\system32\\sysmain.dll+148ea|c:\\windows\\system32\\sysmain.dll+58f38|c:\\windows\\system32\\sysmain.dll+420be|c:\\windows\\system32\\sysmain.dll+2836|c:\\windows\\system32\\sysmain.dll+24b6|c:\\windows\\system32\\sysmain.dll+1c75|c:\\windows\\system32\\sysmain.dll+231bc|c:\\windows\\system32\\sysmain.dll+2311c|C:\\Windows\\System32\\svchost.exe+1499|C:\\Windows\\SYSTEM32\\sechost.dll+75a8|C:\\Windows\\system32\\kernel32.dll+4ef1c","EventReceivedTime":1496946978,"SourceModuleName":"eventlog","SourceModuleType":"im_msvistalog","@version":"1","@timestamp":"2017-06-08T18:36:18.187Z","host":"192.168.1.51","port":49974,"type":"windows","tags":["json"]}
{"EventTime":"2017-06-08 13:36:16","Hostname":"hr01.sec555.com","Keywords":-9218868437227405312,"EventType":"AUDIT_FAILURE","SeverityValue":4,"Severity":"ERROR","EventID":4957,"SourceName":"Microsoft-Windows-Security-Auditing","ProviderGuid":"{54849625-5478-4994-A5BA-3E3B0328C30D}","Version":0,"Task":13571,"OpcodeValue":0,"RecordNumber":6523,"ProcessID":504,"ThreadID":1288,"Channel":"Security","Message":"Windows Firewall did not apply the following rule:\r\n\r\nRule Information:\r\n\tID:\tCoreNet-IPHTTPS-In\r\n\tName:\tCore Networking - IPHTTPS (TCP-In)\r\n\r\nError Information:\r\n\tReason:\tLocal Port resolved to an empty set.","Category":"MPSSVC Rule-Level Policy Change","Opcode":"Info","RuleId":"CoreNet-IPHTTPS-In","RuleName":"Core Networking - IPHTTPS (TCP-In)","RuleAttr":"Local Port","EventReceivedTime":1496946978,"SourceModuleName":"eventlog","SourceModuleType":"im_msvistalog","@version":"1","@timestamp":"2017-06-08T18:36:18.801Z","host":"192.168.3.50","port":49452,"type":"windows","tags":["json"]}
{"EventTime":"2017-06-08 13:36:16","Hostname":"hr01.sec555.com","Keywords":-9218868437227405312,"EventType":"AUDIT_FAILURE","SeverityValue":4,"Severity":"ERROR","EventID":4957,"SourceName":"Microsoft-Windows-Security-Auditing","ProviderGuid":"{54849625-5478-4994-A5BA-3E3B0328C30D}","Version":0,"Task":13571,"OpcodeValue":0,"RecordNumber":6524,"ProcessID":504,"ThreadID":1288,"Channel":"Security","Message":"Windows Firewall did not apply the following rule:\r\n\r\nRule Information:\r\n\tID:\tCoreNet-Teredo-In\r\n\tName:\tCore Networking - Teredo (UDP-In)\r\n\r\nError Information:\r\n\tReason:\tLocal Port resolved to an empty set.","Category":"MPSSVC Rule-Level Policy Change","Opcode":"Info","RuleId":"CoreNet-Teredo-In","RuleName":"Core Networking - Teredo (UDP-In)","RuleAttr":"Local Port","EventReceivedTime":1496946978,"SourceModuleName":"eventlog","SourceModuleType":"im_msvistalog","@version":"1","@timestamp":"2017-06-08T18:36:18.802Z","host":"192.168.3.50","port":49452,"type":"windows","tags":["json"]}
