{"EventTime":"2017-06-08 13:43:35","Hostname":"DC02.sec555.com","Keywords":4611686018427387904,"EventType":"ERROR","SeverityValue":4,"Severity":"ERROR","EventID":6065,"SourceName":"Microsoft-Windows-SettingSync","ProviderGuid":"{83D6E83B-900B-48A3-9835-57656B6F6474}","Version":0,"Task":0,"OpcodeValue":0,"RecordNumber":13328,"ProcessID":1692,"ThreadID":4124,"Channel":"Microsoft-Windows-SettingSync/Debug","Domain":"SEC555","AccountName":"jhenderson","UserID":"S-1-5-21-4122792944-3018364698-3069667417-1001","AccountType":"User","Message":"onecoreuap\\shell\\roaming\\common\\tokenbrokerutils.cpp(418)\\settingsynccore.dll!00007FF8ADC32B88: (caller: 00007FF8ADBFF891) ReturnHr(12) tid(101c) D0020017 ","Opcode":"Info","EventReceivedTime":1496947416,"SourceModuleName":"eventlog","SourceModuleType":"im_msvistalog","@version":"1","@timestamp":"2017-06-08T18:43:36.027Z","host":"10.5.55.3","port":62092,"type":"windows","tags":["json"]}
{"EventTime":"2017-06-08 13:43:35","Hostname":"DC02.sec555.com","Keywords":4611686018427387904,"EventType":"ERROR","SeverityValue":4,"Severity":"ERROR","EventID":6065,"SourceName":"Microsoft-Windows-SettingSync","ProviderGuid":"{83D6E83B-900B-48A3-9835-57656B6F6474}","Version":0,"Task":0,"OpcodeValue":0,"RecordNumber":13329,"ProcessID":1692,"ThreadID":4124,"Channel":"Microsoft-Windows-SettingSync/Debug","Domain":"SEC555","AccountName":"jhenderson","UserID":"S-1-5-21-4122792944-3018364698-3069667417-1001","AccountType":"User","Message":"onecoreuap\\shell\\roaming\\common\\tokenbrokerutils.cpp(273)\\settingsynccore.dll!00007FF8ADC392F2: (caller: 00007FF8ADC1F30F) ReturnHr(13) tid(101c) D0020017 ","Opcode":"Info","EventReceivedTime":1496947416,"SourceModuleName":"eventlog","SourceModuleType":"im_msvistalog","@version":"1","@timestamp":"2017-06-08T18:43:36.027Z","host":"10.5.55.3","port":62092,"type":"windows","tags":["json"]}
{"EventTime":"2017-06-08 13:43:35","Hostname":"DC02.sec555.com","Keywords":4611686018427387904,"EventType":"ERROR","SeverityValue":4,"Severity":"ERROR","EventID":6065,"SourceName":"Microsoft-Windows-SettingSync","ProviderGuid":"{83D6E83B-900B-48A3-9835-57656B6F6474}","Version":0,"Task":0,"OpcodeValue":0,"RecordNumber":13330,"ProcessID":1692,"ThreadID":4124,"Channel":"Microsoft-Windows-SettingSync/Debug","Domain":"SEC555","AccountName":"jhenderson","UserID":"S-1-5-21-4122792944-3018364698-3069667417-1001","AccountType":"User","Message":"onecoreuap\\shell\\roaming\\common\\tokenbrokerutils.cpp(282)\\settingsynccore.dll!00007FF8ADC39376: (caller: 00007FF8ADC2C03A) ReturnHr(14) tid(101c) D0020017 ","Opcode":"Info","EventReceivedTime":1496947416,"SourceModuleName":"eventlog","SourceModuleType":"im_msvistalog","@version":"1","@timestamp":"2017-06-08T18:43:36.027Z","host":"10.5.55.3","port":62092,"type":"windows","tags":["json"]}
{"EventTime":"2017-06-08 13:43:35","Hostname":"DC02.sec555.com","Keywords":4611686018427387904,"EventType":"ERROR","SeverityValue":4,"Severity":"ERROR","EventID":6065,"SourceName":"Microsoft-Windows-SettingSync","ProviderGuid":"{83D6E83B-900B-48A3-9835-57656B6F6474}","Version":0,"Task":0,"OpcodeValue":0,"RecordNumber":13331,"ProcessID":1692,"ThreadID":4124,"Channel":"Microsoft-Windows-SettingSync/Debug","Domain":"SEC555","AccountName":"jhenderson","UserID":"S-1-5-21-4122792944-3018364698-3069667417-1001","AccountType":"User","Message":"onecoreuap\\shell\\roaming\\common\\tokenbrokerutils.cpp(499)\\settingsynccore.dll!00007FF8ADC2C069: (caller: 00007FF8ADBFC624) ReturnHr(15) tid(101c) D0020017 ","Opcode":"Info","EventReceivedTime":1496947416,"SourceModuleName":"eventlog","SourceModuleType":"im_msvistalog","@version":"1","@timestamp":"2017-06-08T18:43:36.028Z","host":"10.5.55.3","port":62092,"type":"windows","tags":["json"]}
{"EventTime":"2017-06-08 13:43:35","Hostname":"DC02.sec555.com","Keywords":4611686018427387904,"EventType":"ERROR","SeverityValue":4,"Severity":"ERROR","EventID":6065,"SourceName":"Microsoft-Windows-SettingSync","ProviderGuid":"{83D6E83B-900B-48A3-9835-57656B6F6474}","Version":0,"Task":0,"OpcodeValue":0,"RecordNumber":13332,"ProcessID":1692,"ThreadID":4124,"Channel":"Microsoft-Windows-SettingSync/Debug","Domain":"SEC555","AccountName":"jhenderson","UserID":"S-1-5-21-4122792944-3018364698-3069667417-1001","AccountType":"User","Message":"CAS::_EnsureInitialized CLSID initialized hit an error 0xd0020017 for guid {00000000-0000-0000-0000-000000000000}File onecoreuap\\shell\\roaming\\settingsynccore\\settingsyncinfo\\connectedaccountservices.cpp line 255","Opcode":"Info","EventReceivedTime":1496947416,"SourceModuleName":"eventlog","SourceModuleType":"im_msvistalog","@version":"1","@timestamp":"2017-06-08T18:43:36.030Z","host":"10.5.55.3","port":62092,"type":"windows","tags":["json"]}
{"EventTime":"2017-06-08 13:43:35","Hostname":"DC02.sec555.com","Keywords":4611686018427387904,"EventType":"ERROR","SeverityValue":4,"Severity":"ERROR","EventID":6065,"SourceName":"Microsoft-Windows-SettingSync","ProviderGuid":"{83D6E83B-900B-48A3-9835-57656B6F6474}","Version":0,"Task":0,"OpcodeValue":0,"RecordNumber":13333,"ProcessID":1692,"ThreadID":4124,"Channel":"Microsoft-Windows-SettingSync/Debug","Domain":"SEC555","AccountName":"jhenderson","UserID":"S-1-5-21-4122792944-3018364698-3069667417-1001","AccountType":"User","Message":"onecoreuap\\shell\\roaming\\settingsynccore\\settingsyncinfo\\connectedaccountservices.cpp(258)\\settingsynccore.dll!00007FF8ADC2BE6C: (caller: 00007FF8ADBFC0ED) ReturnHr(16) tid(101c) D0020017 ","Opcode":"Info","EventReceivedTime":1496947416,"SourceModuleName":"eventlog","SourceModuleType":"im_msvistalog","@version":"1","@timestamp":"2017-06-08T18:43:36.030Z","host":"10.5.55.3","port":62092,"type":"windows","tags":["json"]}
{"EventTime":"2017-06-08 13:43:35","Hostname":"DC02.sec555.com","Keywords":4611686018427387904,"EventType":"ERROR","SeverityValue":4,"Severity":"ERROR","EventID":6065,"SourceName":"Microsoft-Windows-SettingSync","ProviderGuid":"{83D6E83B-900B-48A3-9835-57656B6F6474}","Version":0,"Task":0,"OpcodeValue":0,"RecordNumber":13334,"ProcessID":1692,"ThreadID":4124,"Channel":"Microsoft-Windows-SettingSync/Debug","Domain":"SEC555","AccountName":"jhenderson","UserID":"S-1-5-21-4122792944-3018364698-3069667417-1001","AccountType":"User","Message":"onecoreuap\\shell\\roaming\\settingsynccore\\settingsyncinfo\\connectedaccountservices.cpp(307)\\settingsynccore.dll!00007FF8ADC31DC2: (caller: 00007FF8ADBFC9B2) ReturnHr(17) tid(101c) D0020017 ","Opcode":"Info","EventReceivedTime":1496947416,"SourceModuleName":"eventlog","SourceModuleType":"im_msvistalog","@version":"1","@timestamp":"2017-06-08T18:43:36.031Z","host":"10.5.55.3","port":62092,"type":"windows","tags":["json"]}
{"EventTime":"2017-06-08 13:43:35","Hostname":"DC02.sec555.com","Keywords":4611686018427387904,"EventType":"ERROR","SeverityValue":4,"Severity":"ERROR","EventID":6065,"SourceName":"Microsoft-Windows-SettingSync","ProviderGuid":"{83D6E83B-900B-48A3-9835-57656B6F6474}","Version":0,"Task":0,"OpcodeValue":0,"RecordNumber":13335,"ProcessID":1692,"ThreadID":4124,"Channel":"Microsoft-Windows-SettingSync/Debug","Domain":"SEC555","AccountName":"jhenderson","UserID":"S-1-5-21-4122792944-3018364698-3069667417-1001","AccountType":"User","Message":"onecoreuap\\shell\\roaming\\settingsynccore\\settingsyncinfo\\connectedaccountservices.cpp(129)\\settingsynccore.dll!00007FF8ADC31E01: (caller: 00007FF8ADBF0676) ReturnHr(18) tid(101c) D0020017 ","Opcode":"Info","EventReceivedTime":1496947416,"SourceModuleName":"eventlog","SourceModuleType":"im_msvistalog","@version":"1","@timestamp":"2017-06-08T18:43:36.031Z","host":"10.5.55.3","port":62092,"type":"windows","tags":["json"]}
{"EventTime":"2017-06-08 13:43:35","Hostname":"DC02.sec555.com","Keywords":4611686018427387904,"EventType":"ERROR","SeverityValue":4,"Severity":"ERROR","EventID":6509,"SourceName":"Microsoft-Windows-SettingSync-Desktop","ProviderGuid":"{579402A2-883C-45D8-B70A-9BC856407751}","Version":0,"Task":0,"OpcodeValue":0,"RecordNumber":13336,"ProcessID":1692,"ThreadID":4124,"Channel":"Microsoft-Windows-SettingSync/Debug","Domain":"SEC555","AccountName":"jhenderson","UserID":"S-1-5-21-4122792944-3018364698-3069667417-1001","AccountType":"User","Message":"shell\\lib\\connectedidhelpers_lightweight.cpp(53)\\settingsyncpolicy.dll!00007FF8AE5DCCB1: (caller: 00007FF8AE5DCB15) ReturnHr(3) tid(101c) D0020017 ","Opcode":"Info","EventReceivedTime":1496947416,"SourceModuleName":"eventlog","SourceModuleType":"im_msvistalog","@version":"1","@timestamp":"2017-06-08T18:43:36.035Z","host":"10.5.55.3","port":62092,"type":"windows","tags":["json"]}
{"EventTime":"2017-06-08 13:43:35","Hostname":"DC02.sec555.com","Keywords":4611686018427387904,"EventType":"ERROR","SeverityValue":4,"Severity":"ERROR","EventID":6509,"SourceName":"Microsoft-Windows-SettingSync-Desktop","ProviderGuid":"{579402A2-883C-45D8-B70A-9BC856407751}","Version":0,"Task":0,"OpcodeValue":0,"RecordNumber":13337,"ProcessID":1692,"ThreadID":4124,"Channel":"Microsoft-Windows-SettingSync/Debug","Domain":"SEC555","AccountName":"jhenderson","UserID":"S-1-5-21-4122792944-3018364698-3069667417-1001","AccountType":"User","Message":"shell\\lib\\connectedidhelpers_lightweight.cpp(129)\\settingsyncpolicy.dll!00007FF8AE5DCB85: (caller: 00007FF8AE5D4689) ReturnHr(4) tid(101c) D0020017 ","Opcode":"Info","EventReceivedTime":1496947416,"SourceModuleName":"eventlog","SourceModuleType":"im_msvistalog","@version":"1","@timestamp":"2017-06-08T18:43:36.035Z","host":"10.5.55.3","port":62092,"type":"windows","tags":["json"]}
{"EventTime":"2017-06-08 13:43:35","Hostname":"DC02.sec555.com","Keywords":4611686018427387904,"EventType":"ERROR","SeverityValue":4,"Severity":"ERROR","EventID":6065,"SourceName":"Microsoft-Windows-SettingSync","ProviderGuid":"{83D6E83B-900B-48A3-9835-57656B6F6474}","Version":0,"Task":0,"OpcodeValue":0,"RecordNumber":13338,"ProcessID":1692,"ThreadID":4124,"Channel":"Microsoft-Windows-SettingSync/Debug","Domain":"SEC555","AccountName":"jhenderson","UserID":"S-1-5-21-4122792944-3018364698-3069667417-1001","AccountType":"User","Message":"onecoreuap\\shell\\roaming\\common\\tokenbrokerutils.cpp(273)\\settingsynccore.dll!00007FF8ADC392F2: (caller: 00007FF8ADC1F30F) ReturnHr(19) tid(101c) D0020017 ","Opcode":"Info","EventReceivedTime":1496947416,"SourceModuleName":"eventlog","SourceModuleType":"im_msvistalog","@version":"1","@timestamp":"2017-06-08T18:43:36.038Z","host":"10.5.55.3","port":62092,"type":"windows","tags":["json"]}
{"EventTime":"2017-06-08 13:43:35","Hostname":"DC02.sec555.com","Keywords":4611686018427387904,"EventType":"ERROR","SeverityValue":4,"Severity":"ERROR","EventID":6065,"SourceName":"Microsoft-Windows-SettingSync","ProviderGuid":"{83D6E83B-900B-48A3-9835-57656B6F6474}","Version":0,"Task":0,"OpcodeValue":0,"RecordNumber":13339,"ProcessID":1692,"ThreadID":4124,"Channel":"Microsoft-Windows-SettingSync/Debug","Domain":"SEC555","AccountName":"jhenderson","UserID":"S-1-5-21-4122792944-3018364698-3069667417-1001","AccountType":"User","Message":"onecoreuap\\shell\\roaming\\common\\tokenbrokerutils.cpp(282)\\settingsynccore.dll!00007FF8ADC39376: (caller: 00007FF8ADBFFBC1) ReturnHr(20) tid(101c) D0020017 ","Opcode":"Info","EventReceivedTime":1496947416,"SourceModuleName":"eventlog","SourceModuleType":"im_msvistalog","@version":"1","@timestamp":"2017-06-08T18:43:36.040Z","host":"10.5.55.3","port":62092,"type":"windows","tags":["json"]}
{"EventTime":"2017-06-08 13:43:35","Hostname":"DC02.sec555.com","Keywords":4611686018427387904,"EventType":"ERROR","SeverityValue":4,"Severity":"ERROR","EventID":6065,"SourceName":"Microsoft-Windows-SettingSync","ProviderGuid":"{83D6E83B-900B-48A3-9835-57656B6F6474}","Version":0,"Task":0,"OpcodeValue":0,"RecordNumber":13340,"ProcessID":1692,"ThreadID":4124,"Channel":"Microsoft-Windows-SettingSync/Debug","Domain":"SEC555","AccountName":"jhenderson","UserID":"S-1-5-21-4122792944-3018364698-3069667417-1001","AccountType":"User","Message":"onecoreuap\\shell\\roaming\\common\\tokenbrokerutils.cpp(418)\\settingsynccore.dll!00007FF8ADC32B88: (caller: 00007FF8ADBFF891) ReturnHr(21) tid(101c) D0020017 ","Opcode":"Info","EventReceivedTime":1496947416,"SourceModuleName":"eventlog","SourceModuleType":"im_msvistalog","@version":"1","@timestamp":"2017-06-08T18:43:36.069Z","host":"10.5.55.3","port":62092,"type":"windows","tags":["json"]}
{"EventTime":"2017-06-08 13:43:35","Hostname":"DC02.sec555.com","Keywords":4611686018427387904,"EventType":"ERROR","SeverityValue":4,"Severity":"ERROR","EventID":6065,"SourceName":"Microsoft-Windows-SettingSync","ProviderGuid":"{83D6E83B-900B-48A3-9835-57656B6F6474}","Version":0,"Task":0,"OpcodeValue":0,"RecordNumber":13341,"ProcessID":1692,"ThreadID":4124,"Channel":"Microsoft-Windows-SettingSync/Debug","Domain":"SEC555","AccountName":"jhenderson","UserID":"S-1-5-21-4122792944-3018364698-3069667417-1001","AccountType":"User","Message":"onecoreuap\\shell\\roaming\\common\\tokenbrokerutils.cpp(273)\\settingsynccore.dll!00007FF8ADC392F2: (caller: 00007FF8ADC1F30F) ReturnHr(22) tid(101c) D0020017 ","Opcode":"Info","EventReceivedTime":1496947416,"SourceModuleName":"eventlog","SourceModuleType":"im_msvistalog","@version":"1","@timestamp":"2017-06-08T18:43:36.069Z","host":"10.5.55.3","port":62092,"type":"windows","tags":["json"]}
{"EventTime":"2017-06-08 13:43:35","Hostname":"DC02.sec555.com","Keywords":4611686018427387904,"EventType":"ERROR","SeverityValue":4,"Severity":"ERROR","EventID":6065,"SourceName":"Microsoft-Windows-SettingSync","ProviderGuid":"{83D6E83B-900B-48A3-9835-57656B6F6474}","Version":0,"Task":0,"OpcodeValue":0,"RecordNumber":13342,"ProcessID":1692,"ThreadID":4124,"Channel":"Microsoft-Windows-SettingSync/Debug","Domain":"SEC555","AccountName":"jhenderson","UserID":"S-1-5-21-4122792944-3018364698-3069667417-1001","AccountType":"User","Message":"onecoreuap\\shell\\roaming\\common\\tokenbrokerutils.cpp(282)\\settingsynccore.dll!00007FF8ADC39376: (caller: 00007FF8ADC2C03A) ReturnHr(23) tid(101c) D0020017 ","Opcode":"Info","EventReceivedTime":1496947416,"SourceModuleName":"eventlog","SourceModuleType":"im_msvistalog","@version":"1","@timestamp":"2017-06-08T18:43:36.091Z","host":"10.5.55.3","port":62092,"type":"windows","tags":["json"]}
{"EventTime":"2017-06-08 13:43:35","Hostname":"DC02.sec555.com","Keywords":4611686018427387904,"EventType":"ERROR","SeverityValue":4,"Severity":"ERROR","EventID":6065,"SourceName":"Microsoft-Windows-SettingSync","ProviderGuid":"{83D6E83B-900B-48A3-9835-57656B6F6474}","Version":0,"Task":0,"OpcodeValue":0,"RecordNumber":13343,"ProcessID":1692,"ThreadID":4124,"Channel":"Microsoft-Windows-SettingSync/Debug","Domain":"SEC555","AccountName":"jhenderson","UserID":"S-1-5-21-4122792944-3018364698-3069667417-1001","AccountType":"User","Message":"onecoreuap\\shell\\roaming\\common\\tokenbrokerutils.cpp(499)\\settingsynccore.dll!00007FF8ADC2C069: (caller: 00007FF8ADBFC624) ReturnHr(24) tid(101c) D0020017 ","Opcode":"Info","EventReceivedTime":1496947416,"SourceModuleName":"eventlog","SourceModuleType":"im_msvistalog","@version":"1","@timestamp":"2017-06-08T18:43:36.091Z","host":"10.5.55.3","port":62092,"type":"windows","tags":["json"]}
{"EventTime":"2017-06-08 13:43:35","Hostname":"DC02.sec555.com","Keywords":4611686018427387904,"EventType":"ERROR","SeverityValue":4,"Severity":"ERROR","EventID":6065,"SourceName":"Microsoft-Windows-SettingSync","ProviderGuid":"{83D6E83B-900B-48A3-9835-57656B6F6474}","Version":0,"Task":0,"OpcodeValue":0,"RecordNumber":13344,"ProcessID":1692,"ThreadID":4124,"Channel":"Microsoft-Windows-SettingSync/Debug","Domain":"SEC555","AccountName":"jhenderson","UserID":"S-1-5-21-4122792944-3018364698-3069667417-1001","AccountType":"User","Message":"CAS::_EnsureInitialized CLSID initialized hit an error 0xd0020017 for guid {00000000-0000-0000-0000-000000000000}File onecoreuap\\shell\\roaming\\settingsynccore\\settingsyncinfo\\connectedaccountservices.cpp line 255","Opcode":"Info","EventReceivedTime":1496947416,"SourceModuleName":"eventlog","SourceModuleType":"im_msvistalog","@version":"1","@timestamp":"2017-06-08T18:43:36.095Z","host":"10.5.55.3","port":62092,"type":"windows","tags":["json"]}
{"EventTime":"2017-06-08 13:43:35","Hostname":"DC02.sec555.com","Keywords":4611686018427387904,"EventType":"ERROR","SeverityValue":4,"Severity":"ERROR","EventID":6065,"SourceName":"Microsoft-Windows-SettingSync","ProviderGuid":"{83D6E83B-900B-48A3-9835-57656B6F6474}","Version":0,"Task":0,"OpcodeValue":0,"RecordNumber":13345,"ProcessID":1692,"ThreadID":4124,"Channel":"Microsoft-Windows-SettingSync/Debug","Domain":"SEC555","AccountName":"jhenderson","UserID":"S-1-5-21-4122792944-3018364698-3069667417-1001","AccountType":"User","Message":"onecoreuap\\shell\\roaming\\settingsynccore\\settingsyncinfo\\connectedaccountservices.cpp(258)\\settingsynccore.dll!00007FF8ADC2BE6C: (caller: 00007FF8ADBFC0ED) ReturnHr(25) tid(101c) D0020017 ","Opcode":"Info","EventReceivedTime":1496947416,"SourceModuleName":"eventlog","SourceModuleType":"im_msvistalog","@version":"1","@timestamp":"2017-06-08T18:43:36.095Z","host":"10.5.55.3","port":62092,"type":"windows","tags":["json"]}
{"EventTime":"2017-06-08 13:43:35","Hostname":"DC02.sec555.com","Keywords":4611686018427387904,"EventType":"ERROR","SeverityValue":4,"Severity":"ERROR","EventID":6065,"SourceName":"Microsoft-Windows-SettingSync","ProviderGuid":"{83D6E83B-900B-48A3-9835-57656B6F6474}","Version":0,"Task":0,"OpcodeValue":0,"RecordNumber":13346,"ProcessID":1692,"ThreadID":4124,"Channel":"Microsoft-Windows-SettingSync/Debug","Domain":"SEC555","AccountName":"jhenderson","UserID":"S-1-5-21-4122792944-3018364698-3069667417-1001","AccountType":"User","Message":"onecoreuap\\shell\\roaming\\settingsynccore\\settingsyncinfo\\connectedaccountservices.cpp(307)\\settingsynccore.dll!00007FF8ADC31DC2: (caller: 00007FF8ADBFC9B2) ReturnHr(26) tid(101c) D0020017 ","Opcode":"Info","EventReceivedTime":1496947416,"SourceModuleName":"eventlog","SourceModuleType":"im_msvistalog","@version":"1","@timestamp":"2017-06-08T18:43:36.095Z","host":"10.5.55.3","port":62092,"type":"windows","tags":["json"]}
{"EventTime":"2017-06-08 13:43:35","Hostname":"DC02.sec555.com","Keywords":4611686018427387904,"EventType":"ERROR","SeverityValue":4,"Severity":"ERROR","EventID":6065,"SourceName":"Microsoft-Windows-SettingSync","ProviderGuid":"{83D6E83B-900B-48A3-9835-57656B6F6474}","Version":0,"Task":0,"OpcodeValue":0,"RecordNumber":13347,"ProcessID":1692,"ThreadID":4124,"Channel":"Microsoft-Windows-SettingSync/Debug","Domain":"SEC555","AccountName":"jhenderson","UserID":"S-1-5-21-4122792944-3018364698-3069667417-1001","AccountType":"User","Message":"onecoreuap\\shell\\roaming\\settingsynccore\\settingsyncinfo\\connectedaccountservices.cpp(129)\\settingsynccore.dll!00007FF8ADC31E01: (caller: 00007FF8ADBF0676) ReturnHr(27) tid(101c) D0020017 ","Opcode":"Info","EventReceivedTime":1496947416,"SourceModuleName":"eventlog","SourceModuleType":"im_msvistalog","@version":"1","@timestamp":"2017-06-08T18:43:36.096Z","host":"10.5.55.3","port":62092,"type":"windows","tags":["json"]}
{"EventTime":"2017-06-08 13:43:35","Hostname":"DC02.sec555.com","Keywords":2306124492780339200,"EventType":"INFO","SeverityValue":2,"Severity":"INFO","EventID":62171,"SourceName":"Microsoft-Windows-Shell-Core","ProviderGuid":"{30336ED4-E327-447C-9DE0-51B652C86108}","Version":0,"Task":62170,"OpcodeValue":2,"RecordNumber":1758,"ProcessID":1692,"ThreadID":4252,"Channel":"Microsoft-Windows-Shell-Core/Operational","Domain":"SEC555","AccountName":"jhenderson","UserID":"S-1-5-21-4122792944-3018364698-3069667417-1001","AccountType":"User","Message":"Logon task 'RoamingBootstrapAndPayload1' finished with flags 8.","Opcode":"Stop","LogonType":"8","TaskName":"RoamingBootstrapAndPayload1","EventReceivedTime":1496947416,"SourceModuleName":"eventlog","SourceModuleType":"im_msvistalog","@version":"1","@timestamp":"2017-06-08T18:43:36.096Z","host":"10.5.55.3","port":62092,"type":"windows","tags":["json"]}
{"EventTime":"2017-06-08 13:43:35","Hostname":"DC02.sec555.com","Keywords":2306124492780339200,"EventType":"INFO","SeverityValue":2,"Severity":"INFO","EventID":62170,"SourceName":"Microsoft-Windows-Shell-Core","ProviderGuid":"{30336ED4-E327-447C-9DE0-51B652C86108}","Version":0,"Task":62170,"OpcodeValue":1,"RecordNumber":1759,"ProcessID":1692,"ThreadID":4252,"Channel":"Microsoft-Windows-Shell-Core/Operational","Domain":"SEC555","AccountName":"jhenderson","UserID":"S-1-5-21-4122792944-3018364698-3069667417-1001","AccountType":"User","Message":"Logon task 'StartLayoutInit' started with flags 8.","Opcode":"Start","LogonType":"8","TaskName":"StartLayoutInit","EventReceivedTime":1496947416,"SourceModuleName":"eventlog","SourceModuleType":"im_msvistalog","@version":"1","@timestamp":"2017-06-08T18:43:36.096Z","host":"10.5.55.3","port":62092,"type":"windows","tags":["json"]}
{"EventTime":"2017-06-08 13:43:35","Hostname":"DC02.sec555.com","Keywords":2306124492780339200,"EventType":"INFO","SeverityValue":2,"Severity":"INFO","EventID":62171,"SourceName":"Microsoft-Windows-Shell-Core","ProviderGuid":"{30336ED4-E327-447C-9DE0-51B652C86108}","Version":0,"Task":62170,"OpcodeValue":2,"RecordNumber":1760,"ProcessID":1692,"ThreadID":4252,"Channel":"Microsoft-Windows-Shell-Core/Operational","Domain":"SEC555","AccountName":"jhenderson","UserID":"S-1-5-21-4122792944-3018364698-3069667417-1001","AccountType":"User","Message":"Logon task 'AppReadinessPreShellGroup' finished with flags 8.","Opcode":"Stop","LogonType":"8","TaskName":"AppReadinessPreShellGroup","EventReceivedTime":1496947416,"SourceModuleName":"eventlog","SourceModuleType":"im_msvistalog","@version":"1","@timestamp":"2017-06-08T18:43:36.096Z","host":"10.5.55.3","port":62092,"type":"windows","tags":["json"]}
{"EventTime":"2017-06-08 13:43:35","Hostname":"DC02.sec555.com","Keywords":2306124492780339200,"EventType":"INFO","SeverityValue":2,"Severity":"INFO","EventID":62171,"SourceName":"Microsoft-Windows-Shell-Core","ProviderGuid":"{30336ED4-E327-447C-9DE0-51B652C86108}","Version":0,"Task":62170,"OpcodeValue":2,"RecordNumber":1761,"ProcessID":1692,"ThreadID":4252,"Channel":"Microsoft-Windows-Shell-Core/Operational","Domain":"SEC555","AccountName":"jhenderson","UserID":"S-1-5-21-4122792944-3018364698-3069667417-1001","AccountType":"User","Message":"Logon task 'AppResolver' finished with flags 8.","Opcode":"Stop","LogonType":"8","TaskName":"AppResolver","EventReceivedTime":1496947416,"SourceModuleName":"eventlog","SourceModuleType":"im_msvistalog","@version":"1","@timestamp":"2017-06-08T18:43:36.096Z","host":"10.5.55.3","port":62092,"type":"windows","tags":["json"]}
{"EventTime":"2017-06-08 13:43:35","Hostname":"DC02.sec555.com","Keywords":2306124492780339200,"EventType":"INFO","SeverityValue":2,"Severity":"INFO","EventID":62171,"SourceName":"Microsoft-Windows-Shell-Core","ProviderGuid":"{30336ED4-E327-447C-9DE0-51B652C86108}","Version":0,"Task":62170,"OpcodeValue":2,"RecordNumber":1762,"ProcessID":1692,"ThreadID":4252,"Channel":"Microsoft-Windows-Shell-Core/Operational","Domain":"SEC555","AccountName":"jhenderson","UserID":"S-1-5-21-4122792944-3018364698-3069667417-1001","AccountType":"User","Message":"Logon task 'PreShellTasks' finished with flags 8.","Opcode":"Stop","LogonType":"8","TaskName":"PreShellTasks","EventReceivedTime":1496947416,"SourceModuleName":"eventlog","SourceModuleType":"im_msvistalog","@version":"1","@timestamp":"2017-06-08T18:43:36.098Z","host":"10.5.55.3","port":62092,"type":"windows","tags":["json"]}
{"EventTime":"2017-06-08 13:43:35","Hostname":"DC02.sec555.com","Keywords":2306124492780339200,"EventType":"INFO","SeverityValue":2,"Severity":"INFO","EventID":62170,"SourceName":"Microsoft-Windows-Shell-Core","ProviderGuid":"{30336ED4-E327-447C-9DE0-51B652C86108}","Version":0,"Task":62170,"OpcodeValue":1,"RecordNumber":1763,"ProcessID":1692,"ThreadID":2880,"Channel":"Microsoft-Windows-Shell-Core/Operational","Domain":"SEC555","AccountName":"jhenderson","UserID":"S-1-5-21-4122792944-3018364698-3069667417-1001","AccountType":"User","Message":"Logon task 'ShellInitTasks' started with flags 8.","Opcode":"Start","LogonType":"8","TaskName":"ShellInitTasks","EventReceivedTime":1496947416,"SourceModuleName":"eventlog","SourceModuleType":"im_msvistalog","@version":"1","@timestamp":"2017-06-08T18:43:36.098Z","host":"10.5.55.3","port":62092,"type":"windows","tags":["json"]}
{"EventTime":"2017-06-08 13:43:35","Hostname":"DC02.sec555.com","Keywords":2306124492780339200,"EventType":"INFO","SeverityValue":2,"Severity":"INFO","EventID":62170,"SourceName":"Microsoft-Windows-Shell-Core","ProviderGuid":"{30336ED4-E327-447C-9DE0-51B652C86108}","Version":0,"Task":62170,"OpcodeValue":1,"RecordNumber":1764,"ProcessID":1692,"ThreadID":2880,"Channel":"Microsoft-Windows-Shell-Core/Operational","Domain":"SEC555","AccountName":"jhenderson","UserID":"S-1-5-21-4122792944-3018364698-3069667417-1001","AccountType":"User","Message":"Logon task 'RoamingPayload2' started with flags 8.","Opcode":"Start","LogonType":"8","TaskName":"RoamingPayload2","EventReceivedTime":1496947416,"SourceModuleName":"eventlog","SourceModuleType":"im_msvistalog","@version":"1","@timestamp":"2017-06-08T18:43:36.099Z","host":"10.5.55.3","port":62092,"type":"windows","tags":["json"]}
{"EventTime":"2017-06-08 13:43:35","Hostname":"DC02.sec555.com","Keywords":2306124492780339200,"EventType":"INFO","SeverityValue":2,"Severity":"INFO","EventID":62170,"SourceName":"Microsoft-Windows-Shell-Core","ProviderGuid":"{30336ED4-E327-447C-9DE0-51B652C86108}","Version":0,"Task":62170,"OpcodeValue":1,"RecordNumber":1765,"ProcessID":1692,"ThreadID":2880,"Channel":"Microsoft-Windows-Shell-Core/Operational","Domain":"SEC555","AccountName":"jhenderson","UserID":"S-1-5-21-4122792944-3018364698-3069667417-1001","AccountType":"User","Message":"Logon task 'AppReadinessLogonGroup' started with flags 8.","Opcode":"Start","LogonType":"8","TaskName":"AppReadinessLogonGroup","EventReceivedTime":1496947416,"SourceModuleName":"eventlog","SourceModuleType":"im_msvistalog","@version":"1","@timestamp":"2017-06-08T18:43:36.100Z","host":"10.5.55.3","port":62092,"type":"windows","tags":["json"]}
{"EventTime":"2017-06-08 13:43:35","Hostname":"DC02.sec555.com","Keywords":2306124492780339200,"EventType":"INFO","SeverityValue":2,"Severity":"INFO","EventID":62170,"SourceName":"Microsoft-Windows-Shell-Core","ProviderGuid":"{30336ED4-E327-447C-9DE0-51B652C86108}","Version":0,"Task":62170,"OpcodeValue":1,"RecordNumber":1766,"ProcessID":1692,"ThreadID":2880,"Channel":"Microsoft-Windows-Shell-Core/Operational","Domain":"SEC555","AccountName":"jhenderson","UserID":"S-1-5-21-4122792944-3018364698-3069667417-1001","AccountType":"User","Message":"Logon task 'UpdatePCSettingsShellInit' started with flags 8.","Opcode":"Start","LogonType":"8","TaskName":"UpdatePCSettingsShellInit","EventReceivedTime":1496947416,"SourceModuleName":"eventlog","SourceModuleType":"im_msvistalog","@version":"1","@timestamp":"2017-06-08T18:43:36.102Z","host":"10.5.55.3","port":62092,"type":"windows","tags":["json"]}
{"EventTime":"2017-06-08 13:43:35","Hostname":"DC02.sec555.com","Keywords":2306124492780339200,"EventType":"INFO","SeverityValue":2,"Severity":"INFO","EventID":62171,"SourceName":"Microsoft-Windows-Shell-Core","ProviderGuid":"{30336ED4-E327-447C-9DE0-51B652C86108}","Version":0,"Task":62170,"OpcodeValue":2,"RecordNumber":1767,"ProcessID":1692,"ThreadID":2880,"Channel":"Microsoft-Windows-Shell-Core/Operational","Domain":"SEC555","AccountName":"jhenderson","UserID":"S-1-5-21-4122792944-3018364698-3069667417-1001","AccountType":"User","Message":"Logon task 'UpdatePCSettingsShellInit' finished with flags 8.","Opcode":"Stop","LogonType":"8","TaskName":"UpdatePCSettingsShellInit","EventReceivedTime":1496947416,"SourceModuleName":"eventlog","SourceModuleType":"im_msvistalog","@version":"1","@timestamp":"2017-06-08T18:43:36.103Z","host":"10.5.55.3","port":62092,"type":"windows","tags":["json"]}
{"EventTime":"2017-06-08 13:43:35","Hostname":"DC02.sec555.com","Keywords":2306124492780339200,"EventType":"INFO","SeverityValue":2,"Severity":"INFO","EventID":62170,"SourceName":"Microsoft-Windows-Shell-Core","ProviderGuid":"{30336ED4-E327-447C-9DE0-51B652C86108}","Version":0,"Task":62170,"OpcodeValue":1,"RecordNumber":1768,"ProcessID":1692,"ThreadID":2376,"Channel":"Microsoft-Windows-Shell-Core/Operational","Domain":"SEC555","AccountName":"jhenderson","UserID":"S-1-5-21-4122792944-3018364698-3069667417-1001","AccountType":"User","Message":"Logon task 'DefaultAssociations' started with flags 8.","Opcode":"Start","LogonType":"8","TaskName":"DefaultAssociations","EventReceivedTime":1496947416,"SourceModuleName":"eventlog","SourceModuleType":"im_msvistalog","@version":"1","@timestamp":"2017-06-08T18:43:36.114Z","host":"10.5.55.3","port":62092,"type":"windows","tags":["json"]}
{"EventTime":"2017-06-08 13:43:35","Hostname":"DC02.sec555.com","Keywords":2306124492780339200,"EventType":"INFO","SeverityValue":2,"Severity":"INFO","EventID":62171,"SourceName":"Microsoft-Windows-Shell-Core","ProviderGuid":"{30336ED4-E327-447C-9DE0-51B652C86108}","Version":0,"Task":62170,"OpcodeValue":2,"RecordNumber":1769,"ProcessID":1692,"ThreadID":2880,"Channel":"Microsoft-Windows-Shell-Core/Operational","Domain":"SEC555","AccountName":"jhenderson","UserID":"S-1-5-21-4122792944-3018364698-3069667417-1001","AccountType":"User","Message":"Logon task 'ShellInitTasks' finished with flags 8.","Opcode":"Stop","LogonType":"8","TaskName":"ShellInitTasks","EventReceivedTime":1496947416,"SourceModuleName":"eventlog","SourceModuleType":"im_msvistalog","@version":"1","@timestamp":"2017-06-08T18:43:36.114Z","host":"10.5.55.3","port":62092,"type":"windows","tags":["json"]}
{"EventTime":"2017-06-08 13:43:35","Hostname":"DC02.sec555.com","Keywords":2306124492780339200,"EventType":"INFO","SeverityValue":2,"Severity":"INFO","EventID":62171,"SourceName":"Microsoft-Windows-Shell-Core","ProviderGuid":"{30336ED4-E327-447C-9DE0-51B652C86108}","Version":0,"Task":62170,"OpcodeValue":2,"RecordNumber":1770,"ProcessID":1692,"ThreadID":2376,"Channel":"Microsoft-Windows-Shell-Core/Operational","Domain":"SEC555","AccountName":"jhenderson","UserID":"S-1-5-21-4122792944-3018364698-3069667417-1001","AccountType":"User","Message":"Logon task 'DefaultAssociations' finished with flags 8.","Opcode":"Stop","LogonType":"8","TaskName":"DefaultAssociations","EventReceivedTime":1496947416,"SourceModuleName":"eventlog","SourceModuleType":"im_msvistalog","@version":"1","@timestamp":"2017-06-08T18:43:36.116Z","host":"10.5.55.3","port":62092,"type":"windows","tags":["json"]}
{"EventTime":"2017-06-08 13:43:35","Hostname":"DC02.sec555.com","Keywords":-9223372036812828672,"EventType":"INFO","SeverityValue":2,"Severity":"INFO","EventID":37,"SourceName":"Microsoft-Windows-PushNotifications-Platform","ProviderGuid":"{88CD9180-4491-4640-B571-E3BEE2527943}","Version":0,"Task":0,"OpcodeValue":0,"RecordNumber":12093,"ProcessID":1692,"ThreadID":4068,"Channel":"Microsoft-Windows-PushNotification-Platform/Operational","Domain":"SEC555","AccountName":"jhenderson","UserID":"S-1-5-21-4122792944-3018364698-3069667417-1001","AccountType":"User","Message":"The Windows Push Notification Platform is required to connect on startup, ValidChannelsExist : true.","Opcode":"Info","ChannelsExist":"true","EventReceivedTime":1496947417,"SourceModuleName":"eventlog","SourceModuleType":"im_msvistalog","@version":"1","@timestamp":"2017-06-08T18:43:37.133Z","host":"10.5.55.3","port":62092,"type":"windows","tags":["json"]}
{"EventTime":"2017-06-08 13:43:35","Hostname":"DC02.sec555.com","Keywords":-9223372036745723648,"EventType":"INFO","SeverityValue":2,"Severity":"INFO","EventID":1022,"SourceName":"Microsoft-Windows-PushNotifications-Platform","ProviderGuid":"{88CD9180-4491-4640-B571-E3BEE2527943}","Version":0,"Task":0,"OpcodeValue":0,"RecordNumber":12094,"ProcessID":1692,"ThreadID":3428,"Channel":"Microsoft-Windows-PushNotification-Platform/Operational","Domain":"SEC555","AccountName":"jhenderson","UserID":"S-1-5-21-4122792944-3018364698-3069667417-1001","AccountType":"User","Message":"ConnectWork is requesting ConnectionManager to connect.","Opcode":"Info","EventData":"","EventReceivedTime":1496947417,"SourceModuleName":"eventlog","SourceModuleType":"im_msvistalog","@version":"1","@timestamp":"2017-06-08T18:43:37.133Z","host":"10.5.55.3","port":62092,"type":"windows","tags":["json"]}
{"EventTime":"2017-06-08 13:43:35","Hostname":"DC02.sec555.com","Keywords":-9223372036854775808,"EventType":"INFO","SeverityValue":2,"Severity":"INFO","EventID":3144,"SourceName":"Microsoft-Windows-PushNotifications-Platform","ProviderGuid":"{88CD9180-4491-4640-B571-E3BEE2527943}","Version":0,"Task":0,"OpcodeValue":2,"RecordNumber":12095,"ProcessID":1692,"ThreadID":4068,"Channel":"Microsoft-Windows-PushNotification-Platform/Operational","Domain":"SEC555","AccountName":"jhenderson","UserID":"S-1-5-21-4122792944-3018364698-3069667417-1001","AccountType":"User","Message":"Received WNF_CDP_CDPUSERSVC_READY","Opcode":"Stop","EventData":"","EventReceivedTime":1496947417,"SourceModuleName":"eventlog","SourceModuleType":"im_msvistalog","@version":"1","@timestamp":"2017-06-08T18:43:37.136Z","host":"10.5.55.3","port":62092,"type":"windows","tags":["json"]}
{"EventTime":"2017-06-08 13:43:35","Hostname":"DC02.sec555.com","Keywords":-9223372036854775808,"EventType":"INFO","SeverityValue":2,"Severity":"INFO","EventID":3144,"SourceName":"Microsoft-Windows-PushNotifications-Platform","ProviderGuid":"{88CD9180-4491-4640-B571-E3BEE2527943}","Version":0,"Task":0,"OpcodeValue":2,"RecordNumber":12096,"ProcessID":1692,"ThreadID":3140,"Channel":"Microsoft-Windows-PushNotification-Platform/Operational","Domain":"SEC555","AccountName":"jhenderson","UserID":"S-1-5-21-4122792944-3018364698-3069667417-1001","AccountType":"User","Message":"Received WNF_CDP_CDPUSERSVC_READY","Opcode":"Stop","EventData":"","EventReceivedTime":1496947417,"SourceModuleName":"eventlog","SourceModuleType":"im_msvistalog","@version":"1","@timestamp":"2017-06-08T18:43:37.137Z","host":"10.5.55.3","port":62092,"type":"windows","tags":["json"]}
{"EventTime":"2017-06-08 13:43:35","Hostname":"DC02.sec555.com","Keywords":-9223372036854773760,"EventType":"INFO","SeverityValue":2,"Severity":"INFO","EventID":3006,"SourceName":"Microsoft-Windows-PushNotifications-Platform","ProviderGuid":"{88CD9180-4491-4640-B571-E3BEE2527943}","Version":0,"Task":4,"OpcodeValue":1,"RecordNumber":12097,"ProcessID":1692,"ThreadID":3004,"Channel":"Microsoft-Windows-PushNotification-Platform/Operational","Domain":"SEC555","AccountName":"jhenderson","UserID":"S-1-5-21-4122792944-3018364698-3069667417-1001","AccountType":"User","Message":"Toast session creation is requested for C:\\Windows\\explorer.exe from endpoint 0x3785250.","Opcode":"Start","Object":"0x3785250","ProcessName":"C:\\Windows\\explorer.exe","EventReceivedTime":1496947417,"SourceModuleName":"eventlog","SourceModuleType":"im_msvistalog","@version":"1","@timestamp":"2017-06-08T18:43:37.139Z","host":"10.5.55.3","port":62092,"type":"windows","tags":["json"]}
{"EventTime":"2017-06-08 13:43:35","Hostname":"DC02.sec555.com","Keywords":-9223372036854773760,"EventType":"INFO","SeverityValue":2,"Severity":"INFO","EventID":3007,"SourceName":"Microsoft-Windows-PushNotifications-Platform","ProviderGuid":"{88CD9180-4491-4640-B571-E3BEE2527943}","Version":0,"Task":4,"OpcodeValue":2,"RecordNumber":12098,"ProcessID":1692,"ThreadID":3004,"Channel":"Microsoft-Windows-PushNotification-Platform/Operational","Domain":"SEC555","AccountName":"jhenderson","UserID":"S-1-5-21-4122792944-3018364698-3069667417-1001","AccountType":"User","Message":"Toast session creation is finished for C:\\Windows\\explorer.exe from endpoint 0x3785250 with result The operation completed successfully., and 1 is assigned as session id.","Opcode":"Stop","Endpoint":"0x3785250","SessionId":"1","Error":"0","ProcessName":"C:\\Windows\\explorer.exe","EventReceivedTime":1496947417,"SourceModuleName":"eventlog","SourceModuleType":"im_msvistalog","@version":"1","@timestamp":"2017-06-08T18:43:37.140Z","host":"10.5.55.3","port":62092,"type":"windows","tags":["json"]}
{"EventTime":"2017-06-08 13:43:35","Hostname":"DC02.sec555.com","Keywords":2305843009213759488,"EventType":"INFO","SeverityValue":2,"Severity":"INFO","EventID":28125,"SourceName":"Microsoft-Windows-Shell-Core","ProviderGuid":"{30336ED4-E327-447C-9DE0-51B652C86108}","Version":0,"Task":28137,"OpcodeValue":0,"RecordNumber":1771,"ProcessID":1692,"ThreadID":2632,"Channel":"Microsoft-Windows-Shell-Core/Operational","Domain":"SEC555","AccountName":"jhenderson","UserID":"S-1-5-21-4122792944-3018364698-3069667417-1001","AccountType":"User","Message":"Starting to refresh app resolver cache for scenario 1 with flags 2316.","Opcode":"Info","Scenario":"1","Flags":"2316","EventReceivedTime":1496947417,"SourceModuleName":"eventlog","SourceModuleType":"im_msvistalog","@version":"1","@timestamp":"2017-06-08T18:43:37.140Z","host":"10.5.55.3","port":62092,"type":"windows","tags":["json"]}
{"EventTime":"2017-06-08 13:43:35","Hostname":"DC02.sec555.com","Keywords":2306124492780339200,"EventType":"INFO","SeverityValue":2,"Severity":"INFO","EventID":62170,"SourceName":"Microsoft-Windows-Shell-Core","ProviderGuid":"{30336ED4-E327-447C-9DE0-51B652C86108}","Version":0,"Task":62170,"OpcodeValue":1,"RecordNumber":1772,"ProcessID":1692,"ThreadID":2880,"Channel":"Microsoft-Windows-Shell-Core/Operational","Domain":"SEC555","AccountName":"jhenderson","UserID":"S-1-5-21-4122792944-3018364698-3069667417-1001","AccountType":"User","Message":"Logon task 'PreStartTasks' started with flags 8.","Opcode":"Start","LogonType":"8","TaskName":"PreStartTasks","EventReceivedTime":1496947417,"SourceModuleName":"eventlog","SourceModuleType":"im_msvistalog","@version":"1","@timestamp":"2017-06-08T18:43:37.141Z","host":"10.5.55.3","port":62092,"type":"windows","tags":["json"]}
{"EventTime":"2017-06-08 13:43:35","Hostname":"DC02.sec555.com","Keywords":2306124492780339200,"EventType":"INFO","SeverityValue":2,"Severity":"INFO","EventID":62170,"SourceName":"Microsoft-Windows-Shell-Core","ProviderGuid":"{30336ED4-E327-447C-9DE0-51B652C86108}","Version":0,"Task":62170,"OpcodeValue":1,"RecordNumber":1773,"ProcessID":1692,"ThreadID":2880,"Channel":"Microsoft-Windows-Shell-Core/Operational","Domain":"SEC555","AccountName":"jhenderson","UserID":"S-1-5-21-4122792944-3018364698-3069667417-1001","AccountType":"User","Message":"Logon task 'LaunchExperienceHost' started with flags 8.","Opcode":"Start","LogonType":"8","TaskName":"LaunchExperienceHost","EventReceivedTime":1496947417,"SourceModuleName":"eventlog","SourceModuleType":"im_msvistalog","@version":"1","@timestamp":"2017-06-08T18:43:37.142Z","host":"10.5.55.3","port":62092,"type":"windows","tags":["json"]}
{"EventTime":"2017-06-08 13:43:35","Hostname":"DC02.sec555.com","Keywords":-9187343239835811840,"EventType":"INFO","SeverityValue":2,"Severity":"INFO","EventID":7036,"SourceName":"Service Control Manager","ProviderGuid":"{555908D1-A6D7-4695-8E1E-26931D2012F4}","Version":0,"Task":0,"OpcodeValue":0,"RecordNumber":15684,"ProcessID":564,"ThreadID":764,"Channel":"System","Message":"The Microsoft Account Sign-in Assistant service entered the running state.","param1":"Microsoft Account Sign-in Assistant","param2":"running","EventReceivedTime":1496947417,"SourceModuleName":"eventlog","SourceModuleType":"im_msvistalog","@version":"1","@timestamp":"2017-06-08T18:43:37.143Z","host":"10.5.55.3","port":62092,"type":"windows","tags":["json"]}
{"EventTime":"2017-06-08 13:43:35","Hostname":"DC02.sec555.com","Keywords":2306124492780339200,"EventType":"INFO","SeverityValue":2,"Severity":"INFO","EventID":62170,"SourceName":"Microsoft-Windows-Shell-Core","ProviderGuid":"{30336ED4-E327-447C-9DE0-51B652C86108}","Version":0,"Task":62170,"OpcodeValue":1,"RecordNumber":1774,"ProcessID":1692,"ThreadID":2880,"Channel":"Microsoft-Windows-Shell-Core/Operational","Domain":"SEC555","AccountName":"jhenderson","UserID":"S-1-5-21-4122792944-3018364698-3069667417-1001","AccountType":"User","Message":"Logon task 'RoamingPayload2PreStart' started with flags 8.","Opcode":"Start","LogonType":"8","TaskName":"RoamingPayload2PreStart","EventReceivedTime":1496947417,"SourceModuleName":"eventlog","SourceModuleType":"im_msvistalog","@version":"1","@timestamp":"2017-06-08T18:43:37.149Z","host":"10.5.55.3","port":62092,"type":"windows","tags":["json"]}
{"EventTime":"2017-06-08 13:43:35","Hostname":"DC02.sec555.com","Keywords":2306124492780339200,"EventType":"INFO","SeverityValue":2,"Severity":"INFO","EventID":62171,"SourceName":"Microsoft-Windows-Shell-Core","ProviderGuid":"{30336ED4-E327-447C-9DE0-51B652C86108}","Version":0,"Task":62170,"OpcodeValue":2,"RecordNumber":1775,"ProcessID":1692,"ThreadID":2880,"Channel":"Microsoft-Windows-Shell-Core/Operational","Domain":"SEC555","AccountName":"jhenderson","UserID":"S-1-5-21-4122792944-3018364698-3069667417-1001","AccountType":"User","Message":"Logon task 'RoamingPayload2PreStart' finished with flags 8.","Opcode":"Stop","LogonType":"8","TaskName":"RoamingPayload2PreStart","EventReceivedTime":1496947417,"SourceModuleName":"eventlog","SourceModuleType":"im_msvistalog","@version":"1","@timestamp":"2017-06-08T18:43:37.150Z","host":"10.5.55.3","port":62092,"type":"windows","tags":["json"]}
{"EventTime":"2017-06-08 13:43:35","Hostname":"DC02.sec555.com","Keywords":2306124492780339200,"EventType":"INFO","SeverityValue":2,"Severity":"INFO","EventID":62170,"SourceName":"Microsoft-Windows-Shell-Core","ProviderGuid":"{30336ED4-E327-447C-9DE0-51B652C86108}","Version":0,"Task":62170,"OpcodeValue":1,"RecordNumber":1776,"ProcessID":1692,"ThreadID":2880,"Channel":"Microsoft-Windows-Shell-Core/Operational","Domain":"SEC555","AccountName":"jhenderson","UserID":"S-1-5-21-4122792944-3018364698-3069667417-1001","AccountType":"User","Message":"Logon task 'AppReadinessLogonGroupPreStart' started with flags 8.","Opcode":"Start","LogonType":"8","TaskName":"AppReadinessLogonGroupPreStart","EventReceivedTime":1496947417,"SourceModuleName":"eventlog","SourceModuleType":"im_msvistalog","@version":"1","@timestamp":"2017-06-08T18:43:37.151Z","host":"10.5.55.3","port":62092,"type":"windows","tags":["json"]}
{"EventTime":"2017-06-08 13:43:35","Hostname":"DC02.sec555.com","Keywords":2306124492780339200,"EventType":"INFO","SeverityValue":2,"Severity":"INFO","EventID":62171,"SourceName":"Microsoft-Windows-Shell-Core","ProviderGuid":"{30336ED4-E327-447C-9DE0-51B652C86108}","Version":0,"Task":62170,"OpcodeValue":2,"RecordNumber":1777,"ProcessID":1692,"ThreadID":2880,"Channel":"Microsoft-Windows-Shell-Core/Operational","Domain":"SEC555","AccountName":"jhenderson","UserID":"S-1-5-21-4122792944-3018364698-3069667417-1001","AccountType":"User","Message":"Logon task 'AppReadinessLogonGroupPreStart' finished with flags 8.","Opcode":"Stop","LogonType":"8","TaskName":"AppReadinessLogonGroupPreStart","EventReceivedTime":1496947417,"SourceModuleName":"eventlog","SourceModuleType":"im_msvistalog","@version":"1","@timestamp":"2017-06-08T18:43:37.151Z","host":"10.5.55.3","port":62092,"type":"windows","tags":["json"]}
{"EventTime":"2017-06-08 13:43:35","Hostname":"DC02.sec555.com","Keywords":2306124492780339200,"EventType":"INFO","SeverityValue":2,"Severity":"INFO","EventID":62170,"SourceName":"Microsoft-Windows-Shell-Core","ProviderGuid":"{30336ED4-E327-447C-9DE0-51B652C86108}","Version":0,"Task":62170,"OpcodeValue":1,"RecordNumber":1778,"ProcessID":1692,"ThreadID":2880,"Channel":"Microsoft-Windows-Shell-Core/Operational","Domain":"SEC555","AccountName":"jhenderson","UserID":"S-1-5-21-4122792944-3018364698-3069667417-1001","AccountType":"User","Message":"Logon task 'UpdatePCSettingsPreStart' started with flags 8.","Opcode":"Start","LogonType":"8","TaskName":"UpdatePCSettingsPreStart","EventReceivedTime":1496947417,"SourceModuleName":"eventlog","SourceModuleType":"im_msvistalog","@version":"1","@timestamp":"2017-06-08T18:43:37.156Z","host":"10.5.55.3","port":62092,"type":"windows","tags":["json"]}
{"EventTime":"2017-06-08 13:43:35","Hostname":"DC02.sec555.com","Keywords":2306124492780339200,"EventType":"INFO","SeverityValue":2,"Severity":"INFO","EventID":62171,"SourceName":"Microsoft-Windows-Shell-Core","ProviderGuid":"{30336ED4-E327-447C-9DE0-51B652C86108}","Version":0,"Task":62170,"OpcodeValue":2,"RecordNumber":1779,"ProcessID":1692,"ThreadID":2880,"Channel":"Microsoft-Windows-Shell-Core/Operational","Domain":"SEC555","AccountName":"jhenderson","UserID":"S-1-5-21-4122792944-3018364698-3069667417-1001","AccountType":"User","Message":"Logon task 'UpdatePCSettingsPreStart' finished with flags 8.","Opcode":"Stop","LogonType":"8","TaskName":"UpdatePCSettingsPreStart","EventReceivedTime":1496947417,"SourceModuleName":"eventlog","SourceModuleType":"im_msvistalog","@version":"1","@timestamp":"2017-06-08T18:43:37.157Z","host":"10.5.55.3","port":62092,"type":"windows","tags":["json"]}
{"EventTime":"2017-06-08 13:43:35","Hostname":"DC02.sec555.com","Keywords":2306124492780339200,"EventType":"INFO","SeverityValue":2,"Severity":"INFO","EventID":62170,"SourceName":"Microsoft-Windows-Shell-Core","ProviderGuid":"{30336ED4-E327-447C-9DE0-51B652C86108}","Version":0,"Task":62170,"OpcodeValue":1,"RecordNumber":1780,"ProcessID":1692,"ThreadID":2880,"Channel":"Microsoft-Windows-Shell-Core/Operational","Domain":"SEC555","AccountName":"jhenderson","UserID":"S-1-5-21-4122792944-3018364698-3069667417-1001","AccountType":"User","Message":"Logon task 'EnterpriseProvisioning' started with flags 8.","Opcode":"Start","LogonType":"8","TaskName":"EnterpriseProvisioning","EventReceivedTime":1496947417,"SourceModuleName":"eventlog","SourceModuleType":"im_msvistalog","@version":"1","@timestamp":"2017-06-08T18:43:37.157Z","host":"10.5.55.3","port":62092,"type":"windows","tags":["json"]}
{"EventTime":"2017-06-08 13:43:35","Hostname":"DC02.sec555.com","Keywords":2306124492780339200,"EventType":"INFO","SeverityValue":2,"Severity":"INFO","EventID":62171,"SourceName":"Microsoft-Windows-Shell-Core","ProviderGuid":"{30336ED4-E327-447C-9DE0-51B652C86108}","Version":0,"Task":62170,"OpcodeValue":2,"RecordNumber":1781,"ProcessID":1692,"ThreadID":2880,"Channel":"Microsoft-Windows-Shell-Core/Operational","Domain":"SEC555","AccountName":"jhenderson","UserID":"S-1-5-21-4122792944-3018364698-3069667417-1001","AccountType":"User","Message":"Logon task 'EnterpriseProvisioning' finished with flags 8.","Opcode":"Stop","LogonType":"8","TaskName":"EnterpriseProvisioning","EventReceivedTime":1496947417,"SourceModuleName":"eventlog","SourceModuleType":"im_msvistalog","@version":"1","@timestamp":"2017-06-08T18:43:37.157Z","host":"10.5.55.3","port":62092,"type":"windows","tags":["json"]}
{"EventTime":"2017-06-08 13:43:35","Hostname":"DC02.sec555.com","Keywords":2306124492780339200,"EventType":"INFO","SeverityValue":2,"Severity":"INFO","EventID":62170,"SourceName":"Microsoft-Windows-Shell-Core","ProviderGuid":"{30336ED4-E327-447C-9DE0-51B652C86108}","Version":0,"Task":62170,"OpcodeValue":1,"RecordNumber":1782,"ProcessID":1692,"ThreadID":2880,"Channel":"Microsoft-Windows-Shell-Core/Operational","Domain":"SEC555","AccountName":"jhenderson","UserID":"S-1-5-21-4122792944-3018364698-3069667417-1001","AccountType":"User","Message":"Logon task 'PerUserSetup' started with flags 8.","Opcode":"Start","LogonType":"8","TaskName":"PerUserSetup","EventReceivedTime":1496947417,"SourceModuleName":"eventlog","SourceModuleType":"im_msvistalog","@version":"1","@timestamp":"2017-06-08T18:43:37.157Z","host":"10.5.55.3","port":62092,"type":"windows","tags":["json"]}
{"EventTime":"2017-06-08 13:43:35","Hostname":"DC02.sec555.com","Keywords":2306124492780339200,"EventType":"INFO","SeverityValue":2,"Severity":"INFO","EventID":62171,"SourceName":"Microsoft-Windows-Shell-Core","ProviderGuid":"{30336ED4-E327-447C-9DE0-51B652C86108}","Version":0,"Task":62170,"OpcodeValue":2,"RecordNumber":1783,"ProcessID":1692,"ThreadID":2880,"Channel":"Microsoft-Windows-Shell-Core/Operational","Domain":"SEC555","AccountName":"jhenderson","UserID":"S-1-5-21-4122792944-3018364698-3069667417-1001","AccountType":"User","Message":"Logon task 'StartLayoutInit' finished with flags 8.","Opcode":"Stop","LogonType":"8","TaskName":"StartLayoutInit","EventReceivedTime":1496947417,"SourceModuleName":"eventlog","SourceModuleType":"im_msvistalog","@version":"1","@timestamp":"2017-06-08T18:43:37.157Z","host":"10.5.55.3","port":62092,"type":"windows","tags":["json"]}
{"EventTime":"2017-06-08 13:43:35","Hostname":"DC02.sec555.com","Keywords":2306124492780339200,"EventType":"INFO","SeverityValue":2,"Severity":"INFO","EventID":62171,"SourceName":"Microsoft-Windows-Shell-Core","ProviderGuid":"{30336ED4-E327-447C-9DE0-51B652C86108}","Version":0,"Task":62170,"OpcodeValue":2,"RecordNumber":1784,"ProcessID":1692,"ThreadID":2880,"Channel":"Microsoft-Windows-Shell-Core/Operational","Domain":"SEC555","AccountName":"jhenderson","UserID":"S-1-5-21-4122792944-3018364698-3069667417-1001","AccountType":"User","Message":"Logon task 'RoamingPayload2' finished with flags 8.","Opcode":"Stop","LogonType":"8","TaskName":"RoamingPayload2","EventReceivedTime":1496947417,"SourceModuleName":"eventlog","SourceModuleType":"im_msvistalog","@version":"1","@timestamp":"2017-06-08T18:43:37.157Z","host":"10.5.55.3","port":62092,"type":"windows","tags":["json"]}
