{"EventTime":"2017-06-08 13:43:35","Hostname":"DC02.sec555.com","Keywords":2306124492780339200,"EventType":"INFO","SeverityValue":2,"Severity":"INFO","EventID":62171,"SourceName":"Microsoft-Windows-Shell-Core","ProviderGuid":"{30336ED4-E327-447C-9DE0-51B652C86108}","Version":0,"Task":62170,"OpcodeValue":2,"RecordNumber":1785,"ProcessID":1692,"ThreadID":2880,"Channel":"Microsoft-Windows-Shell-Core/Operational","Domain":"SEC555","AccountName":"jhenderson","UserID":"S-1-5-21-4122792944-3018364698-3069667417-1001","AccountType":"User","Message":"Logon task 'AppReadinessLogonGroup' finished with flags 8.","Opcode":"Stop","LogonType":"8","TaskName":"AppReadinessLogonGroup","EventReceivedTime":1496947417,"SourceModuleName":"eventlog","SourceModuleType":"im_msvistalog","@version":"1","@timestamp":"2017-06-08T18:43:37.157Z","host":"10.5.55.3","port":62092,"type":"windows","tags":["json"]}
{"EventTime":"2017-06-08 13:43:35","Hostname":"DC02.sec555.com","Keywords":4611686018427387920,"EventType":"INFO","SeverityValue":2,"Severity":"INFO","EventID":2024,"SourceName":"Microsoft-Windows-LiveId","ProviderGuid":"{05F02597-FE85-4E67-8542-69567AB8FD4F}","Version":0,"Task":101,"OpcodeValue":0,"RecordNumber":1179,"ProcessID":1240,"ThreadID":1336,"Channel":"Microsoft-Windows-LiveId/Operational","Domain":"NT AUTHORITY","AccountName":"SYSTEM","UserID":"S-1-5-18","AccountType":"User","Message":"Operation: Service started\r\nDetails: The service will auto stop if no requests received for some period of time.\r\nStatus: 0x0\r\n","Category":"WLID Service Operation","Opcode":"Info","Operation":"Service started","Details":"The service will auto stop if no requests received for some period of time.","Status":"0x0","EventReceivedTime":1496947417,"SourceModuleName":"eventlog","SourceModuleType":"im_msvistalog","@version":"1","@timestamp":"2017-06-08T18:43:37.160Z","host":"10.5.55.3","port":62092,"type":"windows","tags":["json"]}
{"EventTime":"2017-06-08 13:43:35","Hostname":"DC02.sec555.com","Keywords":4611686018429487104,"EventType":"INFO","SeverityValue":2,"Severity":"INFO","EventID":6115,"SourceName":"Microsoft-Windows-LiveId","ProviderGuid":"{05F02597-FE85-4E67-8542-69567AB8FD4F}","Version":0,"Task":0,"OpcodeValue":0,"RecordNumber":1180,"ProcessID":1240,"ThreadID":4140,"Channel":"Microsoft-Windows-LiveId/Operational","Domain":"SEC555","AccountName":"jhenderson","UserID":"S-1-5-21-4122792944-3018364698-3069667417-1001","AccountType":"User","Message":"## SOAP Request: <s:Envelope><s:Header><wsa:Action s:mustUnderstand=\"1\">*</wsa:Action><wsa:To s:mustUnderstand=\"1\">*</wsa:To><wsa:MessageID>*</wsa:MessageID><ps:AuthInfo Id=\"PPAuthInfo\"><ps:HostingApp>*</ps:HostingApp><ps:BinaryVersion>*</ps:BinaryVersion><ps:UIVersion>*</ps:UIVersion><ps:InlineUX>*</ps:InlineUX><ps:IsAdmin>*</ps:IsAdmin><ps:Cookies></ps:Cookies><ps:RequestParams>*</ps:RequestParams><ps:WindowsClientString>*</ps:WindowsClientString></ps:AuthInfo><wsse:Security><EncryptedData xmlns=\"http://www.w3.org/2001/04/xmlenc#\" Id=\"devicesoftware\" Type=\"http://www.w3.org/2001/04/xmlenc#Element\"><EncryptionMethod Algorithm=\"http://www.w3.org/2001/04/xmlenc#tripledes-cbc\"></EncryptionMethod><ds:KeyInfo><ds:KeyName>*</ds:KeyName></ds:KeyInfo><CipherData><CipherValue>*</CipherValue></CipherData></EncryptedData><wssc:DerivedKeyToken wsu:Id=\"SignKey\" Algorithm=\"urn:liveid:SP800108_CTR_HMAC_SHA256_DOUBLEDERIVED\"><wsse:RequestedTokenReference><wsse:KeyIdentifier ValueType=\"http://docs.oasis-open.org/wss/2004/XX/oasis-2004XX-wss-saml-token-profile-1.0#SAMLAssertionID\"/><wsse:Reference URI=\"\"/></wsse:RequestedTokenReference><wssc:Nonce>*</wssc:Nonce></wssc:DerivedKeyToken><wsu:Timestamp wsu:Id=\"Timestamp\"><wsu:Created>2017-06-08T18:43:34Z</wsu:Created><wsu:Expires>2017-06-08T18:48:34Z</wsu:Expires></wsu:Timestamp><Signature xmlns=\"http://www.w3.org/2000/09/xmldsig#\"><SignedInfo><CanonicalizationMethod Algorithm=\"http://www.w3.org/2001/10/xml-exc-c14n#\"></CanonicalizationMethod><SignatureMethod Algorithm=\"http://www.w3.org/2001/04/xmldsig-more#hmac-sha256\"></SignatureMethod><Reference URI=\"#RST0\"><Transforms><Transform Algorithm=\"http://www.w3.org/2001/10/xml-exc-c14n#\"></Transform></Transforms><DigestMethod Algorithm=\"http://www.w3.org/2001/04/xmlenc#sha256\"></DigestMethod><DigestValue>*</DigestValue></Reference><Reference URI=\"#Timestamp\"><Transforms><Transform Algorithm=\"http://www.w3.org/2001/10/xml-exc-c14n#\"></Transform></Transforms><DigestMethod Algorithm=\"http://www.w3.org/2001/04/xmlenc#sha256\"></DigestMethod><DigestValue>*</DigestValue></Reference><Reference URI=\"#PPAuthInfo\"><Transforms><Transform Algorithm=\"http://www.w3.org/2001/10/xml-exc-c14n#\"></Transform></Transforms><DigestMethod Algorithm=\"http://www.w3.org/2001/04/xmlenc#sha256\"></DigestMethod><DigestValue>*</DigestValue></Reference></SignedInfo><SignatureValue>*</SignatureValue><KeyInfo><wsse:SecurityTokenReference><wsse:Reference URI=\"#SignKey\"/></wsse:SecurityTokenReference></KeyInfo></Signature></wsse:Security></s:Header><s:Body><wst:RequestSecurityToken Id=\"RST0\"><wst:RequestType>*</wst:RequestType><wsp:AppliesTo><wsa:EndpointReference><wsa:Address>wns.windows.com</wsa:Address></wsa:EndpointReference></wsp:AppliesTo><wsp:PolicyReference URI=\"MBI_SSL\"></wsp:PolicyReference></wst:RequestSecurityToken></s:Body></s:Envelope>","Opcode":"Info","Value":"&lt;s:Envelope&gt;&lt;s:Header&gt;&lt;wsa:Action s:mustUnderstand=\"1\"&gt;*&lt;/wsa:Action&gt;&lt;wsa:To s:mustUnderstand=\"1\"&gt;*&lt;/wsa:To&gt;&lt;wsa:MessageID&gt;*&lt;/wsa:MessageID&gt;&lt;ps:AuthInfo Id=\"PPAuthInfo\"&gt;&lt;ps:HostingApp&gt;*&lt;/ps:HostingApp&gt;&lt;ps:BinaryVersion&gt;*&lt;/ps:BinaryVersion&gt;&lt;ps:UIVersion&gt;*&lt;/ps:UIVersion&gt;&lt;ps:InlineUX&gt;*&lt;/ps:InlineUX&gt;&lt;ps:IsAdmin&gt;*&lt;/ps:IsAdmin&gt;&lt;ps:Cookies&gt;&lt;/ps:Cookies&gt;&lt;ps:RequestParams&gt;*&lt;/ps:RequestParams&gt;&lt;ps:WindowsClientString&gt;*&lt;/ps:WindowsClientString&gt;&lt;/ps:AuthInfo&gt;&lt;wsse:Security&gt;&lt;EncryptedData xmlns=\"http://www.w3.org/2001/04/xmlenc#\" Id=\"devicesoftware\" Type=\"http://www.w3.org/2001/04/xmlenc#Element\"&gt;&lt;EncryptionMethod Algorithm=\"http://www.w3.org/2001/04/xmlenc#tripledes-cbc\"&gt;&lt;/EncryptionMethod&gt;&lt;ds:KeyInfo&gt;&lt;ds:KeyName&gt;*&lt;/ds:KeyName&gt;&lt;/ds:KeyInfo&gt;&lt;CipherData&gt;&lt;CipherValue&gt;*&lt;/CipherValue&gt;&lt;/CipherData&gt;&lt;/EncryptedData&gt;&lt;wssc:DerivedKeyToken wsu:Id=\"SignKey\" Algorithm=\"urn:liveid:SP800108_CTR_HMAC_SHA256_DOUBLEDERIVED\"&gt;&lt;wsse:RequestedTokenReference&gt;&lt;wsse:KeyIdentifier ValueType=\"http://docs.oasis-open.org/wss/2004/XX/oasis-2004XX-wss-saml-token-profile-1.0#SAMLAssertionID\"/&gt;&lt;wsse:Reference URI=\"\"/&gt;&lt;/wsse:RequestedTokenReference&gt;&lt;wssc:Nonce&gt;*&lt;/wssc:Nonce&gt;&lt;/wssc:DerivedKeyToken&gt;&lt;wsu:Timestamp wsu:Id=\"Timestamp\"&gt;&lt;wsu:Created&gt;2017-06-08T18:43:34Z&lt;/wsu:Created&gt;&lt;wsu:Expires&gt;2017-06-08T18:48:34Z&lt;/wsu:Expires&gt;&lt;/wsu:Timestamp&gt;&lt;Signature xmlns=\"http://www.w3.org/2000/09/xmldsig#\"&gt;&lt;SignedInfo&gt;&lt;CanonicalizationMethod Algorithm=\"http://www.w3.org/2001/10/xml-exc-c14n#\"&gt;&lt;/CanonicalizationMethod&gt;&lt;SignatureMethod Algorithm=\"http://www.w3.org/2001/04/xmldsig-more#hmac-sha256\"&gt;&lt;/SignatureMethod&gt;&lt;Reference URI=\"#RST0\"&gt;&lt;Transforms&gt;&lt;Transform Algorithm=\"http://www.w3.org/2001/10/xml-exc-c14n#\"&gt;&lt;/Transform&gt;&lt;/Transforms&gt;&lt;DigestMethod Algorithm=\"http://www.w3.org/2001/04/xmlenc#sha256\"&gt;&lt;/DigestMethod&gt;&lt;DigestValue&gt;*&lt;/DigestValue&gt;&lt;/Reference&gt;&lt;Reference URI=\"#Timestamp\"&gt;&lt;Transforms&gt;&lt;Transform Algorithm=\"http://www.w3.org/2001/10/xml-exc-c14n#\"&gt;&lt;/Transform&gt;&lt;/Transforms&gt;&lt;DigestMethod Algorithm=\"http://www.w3.org/2001/04/xmlenc#sha256\"&gt;&lt;/DigestMethod&gt;&lt;DigestValue&gt;*&lt;/DigestValue&gt;&lt;/Reference&gt;&lt;Reference URI=\"#PPAuthInfo\"&gt;&lt;Transforms&gt;&lt;Transform Algorithm=\"http://www.w3.org/2001/10/xml-exc-c14n#\"&gt;&lt;/Transform&gt;&lt;/Transforms&gt;&lt;DigestMethod Algorithm=\"http://www.w3.org/2001/04/xmlenc#sha256\"&gt;&lt;/DigestMethod&gt;&lt;DigestValue&gt;*&lt;/DigestValue&gt;&lt;/Reference&gt;&lt;/SignedInfo&gt;&lt;SignatureValue&gt;*&lt;/SignatureValue&gt;&lt;KeyInfo&gt;&lt;wsse:SecurityTokenReference&gt;&lt;wsse:Reference URI=\"#SignKey\"/&gt;&lt;/wsse:SecurityTokenReference&gt;&lt;/KeyInfo&gt;&lt;/Signature&gt;&lt;/wsse:Security&gt;&lt;/s:Header&gt;&lt;s:Body&gt;&lt;wst:RequestSecurityToken Id=\"RST0\"&gt;&lt;wst:RequestType&gt;*&lt;/wst:RequestType&gt;&lt;wsp:AppliesTo&gt;&lt;wsa:EndpointReference&gt;&lt;wsa:Address&gt;wns.windows.com&lt;/wsa:Address&gt;&lt;/wsa:EndpointReference&gt;&lt;/wsp:AppliesTo&gt;&lt;wsp:PolicyReference URI=\"MBI_SSL\"&gt;&lt;/wsp:PolicyReference&gt;&lt;/wst:RequestSecurityToken&gt;&lt;/s:Body&gt;&lt;/s:Envelope&gt;","EventReceivedTime":1496947417,"SourceModuleName":"eventlog","SourceModuleType":"im_msvistalog","@version":"1","@timestamp":"2017-06-08T18:43:37.160Z","host":"10.5.55.3","port":62092,"type":"windows","tags":["json"]}
{"EventTime":"2017-06-08 13:43:35","Hostname":"DC02.sec555.com","Keywords":-9223354444668731392,"EventType":"INFO","SeverityValue":2,"Severity":"INFO","EventID":8000,"SourceName":"Microsoft-Windows-Store","ProviderGuid":"{9C2A37F3-E5FD-5CAE-BCD1-43DAFEEE1FF0}","Version":0,"Task":8000,"OpcodeValue":0,"RecordNumber":1008,"ActivityID":"{78C8CBAF-DFA9-0001-839C-C978A9DFD201}","ProcessID":4360,"ThreadID":2608,"Channel":"Microsoft-Windows-Store/Operational","Domain":"SEC555","AccountName":"jhenderson","UserID":"S-1-5-21-4122792944-3018364698-3069667417-1001","AccountType":"User","Message":"Process Name: C:\\Windows\\system32\\sihost.exe\r\nModule Name: C:\\Windows\\SYSTEM32\\licensemanagerapi.dll\r\nBuild: 14393.1066.amd64fre.rs1_release_sec.170327-1835\r\n","Category":"LM Module Loaded","Opcode":"Info","Process Name":"C:\\Windows\\system32\\sihost.exe","Module Name":"C:\\Windows\\SYSTEM32\\licensemanagerapi.dll","Build Name":"14393.1066.amd64fre.rs1_release_sec.170327-1835","EventReceivedTime":1496947417,"SourceModuleName":"eventlog","SourceModuleType":"im_msvistalog","@version":"1","@timestamp":"2017-06-08T18:43:37.164Z","host":"10.5.55.3","port":62092,"type":"windows","tags":["json"]}
{"EventTime":"2017-06-08 13:43:35","Hostname":"DC02.sec555.com","Keywords":-9223354444668731392,"EventType":"INFO","SeverityValue":2,"Severity":"INFO","EventID":8000,"SourceName":"Microsoft-Windows-Store","ProviderGuid":"{9C2A37F3-E5FD-5CAE-BCD1-43DAFEEE1FF0}","Version":0,"Task":8000,"OpcodeValue":0,"RecordNumber":1009,"ProcessID":740,"ThreadID":3276,"Channel":"Microsoft-Windows-Store/Operational","Domain":"SEC555","AccountName":"jhenderson","UserID":"S-1-5-21-4122792944-3018364698-3069667417-1001","AccountType":"User","Message":"Process Name: C:\\Windows\\system32\\svchost.exe\r\nModule Name: C:\\Windows\\SYSTEM32\\licensemanagerapi.dll\r\nBuild: 14393.1066.amd64fre.rs1_release_sec.170327-1835\r\n","Category":"LM Module Loaded","Opcode":"Info","Process Name":"C:\\Windows\\system32\\svchost.exe","Module Name":"C:\\Windows\\SYSTEM32\\licensemanagerapi.dll","Build Name":"14393.1066.amd64fre.rs1_release_sec.170327-1835","EventReceivedTime":1496947417,"SourceModuleName":"eventlog","SourceModuleType":"im_msvistalog","@version":"1","@timestamp":"2017-06-08T18:43:37.164Z","host":"10.5.55.3","port":62092,"type":"windows","tags":["json"]}
{"EventTime":"2017-06-08 13:43:35","Hostname":"DC02.sec555.com","Keywords":-9218868437227405312,"EventType":"AUDIT_FAILURE","SeverityValue":4,"Severity":"ERROR","EventID":4673,"SourceName":"Microsoft-Windows-Security-Auditing","ProviderGuid":"{54849625-5478-4994-A5BA-3E3B0328C30D}","Version":0,"Task":13056,"OpcodeValue":0,"RecordNumber":396706,"ProcessID":4,"ThreadID":3952,"Channel":"Security","Message":"A privileged service was called.\r\n\r\nSubject:\r\n\tSecurity ID:\t\tS-1-5-21-4122792944-3018364698-3069667417-1001\r\n\tAccount Name:\t\tjhenderson\r\n\tAccount Domain:\t\tSEC555\r\n\tLogon ID:\t\t0xFC631B\r\n\r\nService:\r\n\tServer:\tSecurity\r\n\tService Name:\t-\r\n\r\nProcess:\r\n\tProcess ID:\t0x2e4\r\n\tProcess Name:\tC:\\Windows\\System32\\svchost.exe\r\n\r\nService Request Information:\r\n\tPrivileges:\t\tSeTcbPrivilege","Category":"Sensitive Privilege Use","Opcode":"Info","SubjectUserSid":"S-1-5-21-4122792944-3018364698-3069667417-1001","SubjectUserName":"jhenderson","SubjectDomainName":"SEC555","SubjectLogonId":"0xfc631b","ObjectServer":"Security","Service":"-","PrivilegeList":"SeTcbPrivilege","ProcessName":"C:\\Windows\\System32\\svchost.exe","EventReceivedTime":1496947417,"SourceModuleName":"eventlog","SourceModuleType":"im_msvistalog","@version":"1","@timestamp":"2017-06-08T18:43:37.165Z","host":"10.5.55.3","port":62092,"type":"windows","tags":["json"]}
{"EventTime":"2017-06-08 13:43:35","Hostname":"DC02.sec555.com","Keywords":-9218868437227405312,"EventType":"AUDIT_FAILURE","SeverityValue":4,"Severity":"ERROR","EventID":4673,"SourceName":"Microsoft-Windows-Security-Auditing","ProviderGuid":"{54849625-5478-4994-A5BA-3E3B0328C30D}","Version":0,"Task":13056,"OpcodeValue":0,"RecordNumber":396708,"ProcessID":4,"ThreadID":452,"Channel":"Security","Message":"A privileged service was called.\r\n\r\nSubject:\r\n\tSecurity ID:\t\tS-1-5-21-4122792944-3018364698-3069667417-1001\r\n\tAccount Name:\t\tjhenderson\r\n\tAccount Domain:\t\tSEC555\r\n\tLogon ID:\t\t0xFC631B\r\n\r\nService:\r\n\tServer:\tSecurity\r\n\tService Name:\t-\r\n\r\nProcess:\r\n\tProcess ID:\t0x2e4\r\n\tProcess Name:\tC:\\Windows\\System32\\svchost.exe\r\n\r\nService Request Information:\r\n\tPrivileges:\t\tSeTcbPrivilege","Category":"Sensitive Privilege Use","Opcode":"Info","SubjectUserSid":"S-1-5-21-4122792944-3018364698-3069667417-1001","SubjectUserName":"jhenderson","SubjectDomainName":"SEC555","SubjectLogonId":"0xfc631b","ObjectServer":"Security","Service":"-","PrivilegeList":"SeTcbPrivilege","ProcessName":"C:\\Windows\\System32\\svchost.exe","EventReceivedTime":1496947417,"SourceModuleName":"eventlog","SourceModuleType":"im_msvistalog","@version":"1","@timestamp":"2017-06-08T18:43:37.165Z","host":"10.5.55.3","port":62092,"type":"windows","tags":["json"]}
{"EventTime":"2017-06-08 13:43:36","Hostname":"DC02.sec555.com","Keywords":576460752303423488,"EventType":"INFO","SeverityValue":2,"Severity":"INFO","EventID":505,"SourceName":"Microsoft-Windows-Application-Experience","ProviderGuid":"{EEF54E71-0661-422D-9A98-82FD4940B820}","Version":0,"Task":0,"OpcodeValue":0,"RecordNumber":60,"ProcessID":1092,"ThreadID":2024,"Channel":"Microsoft-Windows-Application-Experience/Program-Telemetry","Domain":"SEC555","AccountName":"jhenderson","UserID":"S-1-5-21-4122792944-3018364698-3069667417-1001","AccountType":"User","Message":"Compatibility fix applied to C:\\Windows\\SystemApps\\Microsoft.Windows.Cortana_cw5n1h2txyewy\\SearchUI.exe.\r\nFix information: Cortana, {8F5A098F-FE98-46EB-B2F6-859078D5E2F7}, 0x80010101.","Opcode":"Info","UserData":"<CompatibilityFixEvent xmlns='http://www.microsoft.com/Windows/Diagnosis/PCA/events'><ProcessId>1092</ProcessId><StartTime>2017-06-08T18:43:36.012248400Z</StartTime><FixID>{8F5A098F-FE98-46EB-B2F6-859078D5E2F7}</FixID><Flags>0x80010101</Flags><ExePath>C:\\Windows\\SystemApps\\Microsoft.Windows.Cortana_cw5n1h2txyewy\\SearchUI.exe</ExePath><FixName>Cortana</FixName></CompatibilityFixEvent>","EventReceivedTime":1496947417,"SourceModuleName":"eventlog","SourceModuleType":"im_msvistalog","@version":"1","@timestamp":"2017-06-08T18:43:37.165Z","host":"10.5.55.3","port":62092,"type":"windows","tags":["json"]}
{"EventTime":"2017-06-08 13:43:36","Hostname":"DC02.sec555.com","Keywords":-9223372036854773760,"EventType":"INFO","SeverityValue":2,"Severity":"INFO","EventID":3000,"SourceName":"Microsoft-Windows-PushNotifications-Platform","ProviderGuid":"{88CD9180-4491-4640-B571-E3BEE2527943}","Version":0,"Task":1,"OpcodeValue":1,"RecordNumber":12099,"ProcessID":1692,"ThreadID":4264,"Channel":"Microsoft-Windows-PushNotification-Platform/Operational","Domain":"SEC555","AccountName":"jhenderson","UserID":"S-1-5-21-4122792944-3018364698-3069667417-1001","AccountType":"User","Message":"Tile session creation is requested for C:\\Windows\\SystemApps\\ShellExperienceHost_cw5n1h2txyewy\\ShellExperienceHost.exe endpoint 0x3784b90.","Opcode":"Start","Object":"0x3784b90","ProcessName":"C:\\Windows\\SystemApps\\ShellExperienceHost_cw5n1h2txyewy\\ShellExperienceHost.exe","EventReceivedTime":1496947417,"SourceModuleName":"eventlog","SourceModuleType":"im_msvistalog","@version":"1","@timestamp":"2017-06-08T18:43:37.169Z","host":"10.5.55.3","port":62092,"type":"windows","tags":["json"]}
{"EventTime":"2017-06-08 13:43:36","Hostname":"DC02.sec555.com","Keywords":-9223372036854773760,"EventType":"INFO","SeverityValue":2,"Severity":"INFO","EventID":3001,"SourceName":"Microsoft-Windows-PushNotifications-Platform","ProviderGuid":"{88CD9180-4491-4640-B571-E3BEE2527943}","Version":0,"Task":1,"OpcodeValue":2,"RecordNumber":12100,"ProcessID":1692,"ThreadID":4264,"Channel":"Microsoft-Windows-PushNotification-Platform/Operational","Domain":"SEC555","AccountName":"jhenderson","UserID":"S-1-5-21-4122792944-3018364698-3069667417-1001","AccountType":"User","Message":"Tile session creation is finished for C:\\Windows\\SystemApps\\ShellExperienceHost_cw5n1h2txyewy\\ShellExperienceHost.exe from endpoint 0x3784b90 with result The operation completed successfully., and 2 is assigned as session id. Queued Closes = 0, Queued Cleanups = 0","Opcode":"Stop","Endpoint":"0x3784b90","SessionId":"2","Error":"0","ProcessName":"C:\\Windows\\SystemApps\\ShellExperienceHost_cw5n1h2txyewy\\ShellExperienceHost.exe","QueuedTileCloses":"0","QueuedTileCleanups":"0","EventReceivedTime":1496947417,"SourceModuleName":"eventlog","SourceModuleType":"im_msvistalog","@version":"1","@timestamp":"2017-06-08T18:43:37.170Z","host":"10.5.55.3","port":62092,"type":"windows","tags":["json"]}
{"EventTime":"2017-06-08 13:43:36","Hostname":"DC02.sec555.com","Keywords":-9223372036854773760,"EventType":"INFO","SeverityValue":2,"Severity":"INFO","EventID":3049,"SourceName":"Microsoft-Windows-PushNotifications-Platform","ProviderGuid":"{88CD9180-4491-4640-B571-E3BEE2527943}","Version":0,"Task":0,"OpcodeValue":0,"RecordNumber":12101,"ProcessID":1692,"ThreadID":3020,"Channel":"Microsoft-Windows-PushNotification-Platform/Operational","Domain":"SEC555","AccountName":"jhenderson","UserID":"S-1-5-21-4122792944-3018364698-3069667417-1001","AccountType":"User","Message":"Endpoint 0x3784b90 is being cleanedup","Opcode":"Info","Object":"0x3784b90","EventReceivedTime":1496947417,"SourceModuleName":"eventlog","SourceModuleType":"im_msvistalog","@version":"1","@timestamp":"2017-06-08T18:43:37.170Z","host":"10.5.55.3","port":62092,"type":"windows","tags":["json"]}
{"EventTime":"2017-06-08 13:43:36","Hostname":"DC02.sec555.com","Keywords":-9223372036854773760,"EventType":"INFO","SeverityValue":2,"Severity":"INFO","EventID":3000,"SourceName":"Microsoft-Windows-PushNotifications-Platform","ProviderGuid":"{88CD9180-4491-4640-B571-E3BEE2527943}","Version":0,"Task":1,"OpcodeValue":1,"RecordNumber":12102,"ProcessID":1692,"ThreadID":4264,"Channel":"Microsoft-Windows-PushNotification-Platform/Operational","Domain":"SEC555","AccountName":"jhenderson","UserID":"S-1-5-21-4122792944-3018364698-3069667417-1001","AccountType":"User","Message":"Tile session creation is requested for C:\\Windows\\SystemApps\\ShellExperienceHost_cw5n1h2txyewy\\ShellExperienceHost.exe endpoint 0x3785d00.","Opcode":"Start","Object":"0x3785d00","ProcessName":"C:\\Windows\\SystemApps\\ShellExperienceHost_cw5n1h2txyewy\\ShellExperienceHost.exe","EventReceivedTime":1496947417,"SourceModuleName":"eventlog","SourceModuleType":"im_msvistalog","@version":"1","@timestamp":"2017-06-08T18:43:37.170Z","host":"10.5.55.3","port":62092,"type":"windows","tags":["json"]}
{"EventTime":"2017-06-08 13:43:36","Hostname":"DC02.sec555.com","Keywords":-9223372036854773760,"EventType":"INFO","SeverityValue":2,"Severity":"INFO","EventID":3001,"SourceName":"Microsoft-Windows-PushNotifications-Platform","ProviderGuid":"{88CD9180-4491-4640-B571-E3BEE2527943}","Version":0,"Task":1,"OpcodeValue":2,"RecordNumber":12103,"ProcessID":1692,"ThreadID":4264,"Channel":"Microsoft-Windows-PushNotification-Platform/Operational","Domain":"SEC555","AccountName":"jhenderson","UserID":"S-1-5-21-4122792944-3018364698-3069667417-1001","AccountType":"User","Message":"Tile session creation is finished for C:\\Windows\\SystemApps\\ShellExperienceHost_cw5n1h2txyewy\\ShellExperienceHost.exe from endpoint 0x3785d00 with result The operation completed successfully., and 3 is assigned as session id. Queued Closes = 0, Queued Cleanups = 0","Opcode":"Stop","Endpoint":"0x3785d00","SessionId":"3","Error":"0","ProcessName":"C:\\Windows\\SystemApps\\ShellExperienceHost_cw5n1h2txyewy\\ShellExperienceHost.exe","QueuedTileCloses":"0","QueuedTileCleanups":"0","EventReceivedTime":1496947417,"SourceModuleName":"eventlog","SourceModuleType":"im_msvistalog","@version":"1","@timestamp":"2017-06-08T18:43:37.171Z","host":"10.5.55.3","port":62092,"type":"windows","tags":["json"]}
{"EventTime":"2017-06-08 13:43:36","Hostname":"DC02.sec555.com","Keywords":2306124492780339200,"EventType":"INFO","SeverityValue":2,"Severity":"INFO","EventID":62171,"SourceName":"Microsoft-Windows-Shell-Core","ProviderGuid":"{30336ED4-E327-447C-9DE0-51B652C86108}","Version":0,"Task":62170,"OpcodeValue":2,"RecordNumber":1786,"ProcessID":1692,"ThreadID":2880,"Channel":"Microsoft-Windows-Shell-Core/Operational","Domain":"SEC555","AccountName":"jhenderson","UserID":"S-1-5-21-4122792944-3018364698-3069667417-1001","AccountType":"User","Message":"Logon task 'LaunchExperienceHost' finished with flags 8.","Opcode":"Stop","LogonType":"8","TaskName":"LaunchExperienceHost","EventReceivedTime":1496947417,"SourceModuleName":"eventlog","SourceModuleType":"im_msvistalog","@version":"1","@timestamp":"2017-06-08T18:43:37.172Z","host":"10.5.55.3","port":62092,"type":"windows","tags":["json"]}
{"EventTime":"2017-06-08 13:43:36","Hostname":"DC02.sec555.com","Keywords":2306124492780339200,"EventType":"INFO","SeverityValue":2,"Severity":"INFO","EventID":62171,"SourceName":"Microsoft-Windows-Shell-Core","ProviderGuid":"{30336ED4-E327-447C-9DE0-51B652C86108}","Version":0,"Task":62170,"OpcodeValue":2,"RecordNumber":1787,"ProcessID":1692,"ThreadID":2880,"Channel":"Microsoft-Windows-Shell-Core/Operational","Domain":"SEC555","AccountName":"jhenderson","UserID":"S-1-5-21-4122792944-3018364698-3069667417-1001","AccountType":"User","Message":"Logon task 'PerUserSetup' finished with flags 8.","Opcode":"Stop","LogonType":"8","TaskName":"PerUserSetup","EventReceivedTime":1496947417,"SourceModuleName":"eventlog","SourceModuleType":"im_msvistalog","@version":"1","@timestamp":"2017-06-08T18:43:37.173Z","host":"10.5.55.3","port":62092,"type":"windows","tags":["json"]}
{"EventTime":"2017-06-08 13:43:36","Hostname":"DC02.sec555.com","Keywords":2306124492780339200,"EventType":"INFO","SeverityValue":2,"Severity":"INFO","EventID":62171,"SourceName":"Microsoft-Windows-Shell-Core","ProviderGuid":"{30336ED4-E327-447C-9DE0-51B652C86108}","Version":0,"Task":62170,"OpcodeValue":2,"RecordNumber":1788,"ProcessID":1692,"ThreadID":2880,"Channel":"Microsoft-Windows-Shell-Core/Operational","Domain":"SEC555","AccountName":"jhenderson","UserID":"S-1-5-21-4122792944-3018364698-3069667417-1001","AccountType":"User","Message":"Logon task 'PreStartTasks' finished with flags 8.","Opcode":"Stop","LogonType":"8","TaskName":"PreStartTasks","EventReceivedTime":1496947417,"SourceModuleName":"eventlog","SourceModuleType":"im_msvistalog","@version":"1","@timestamp":"2017-06-08T18:43:37.174Z","host":"10.5.55.3","port":62092,"type":"windows","tags":["json"]}
{"EventTime":"2017-06-08 13:43:36","Hostname":"DC02.sec555.com","Keywords":2306124492780339200,"EventType":"INFO","SeverityValue":2,"Severity":"INFO","EventID":62171,"SourceName":"Microsoft-Windows-Shell-Core","ProviderGuid":"{30336ED4-E327-447C-9DE0-51B652C86108}","Version":0,"Task":62170,"OpcodeValue":2,"RecordNumber":1789,"ProcessID":1692,"ThreadID":2880,"Channel":"Microsoft-Windows-Shell-Core/Operational","Domain":"SEC555","AccountName":"jhenderson","UserID":"S-1-5-21-4122792944-3018364698-3069667417-1001","AccountType":"User","Message":"Logon task 'AllLogonTasks' finished with flags 8.","Opcode":"Stop","LogonType":"8","TaskName":"AllLogonTasks","EventReceivedTime":1496947417,"SourceModuleName":"eventlog","SourceModuleType":"im_msvistalog","@version":"1","@timestamp":"2017-06-08T18:43:37.175Z","host":"10.5.55.3","port":62092,"type":"windows","tags":["json"]}
{"EventTime":"2017-06-08 13:43:36","Hostname":"DC02.sec555.com","Keywords":2306124492780339200,"EventType":"INFO","SeverityValue":2,"Severity":"INFO","EventID":62170,"SourceName":"Microsoft-Windows-Shell-Core","ProviderGuid":"{30336ED4-E327-447C-9DE0-51B652C86108}","Version":0,"Task":62170,"OpcodeValue":1,"RecordNumber":1790,"ProcessID":1692,"ThreadID":2880,"Channel":"Microsoft-Windows-Shell-Core/Operational","Domain":"SEC555","AccountName":"jhenderson","UserID":"S-1-5-21-4122792944-3018364698-3069667417-1001","AccountType":"User","Message":"Logon task 'PostStartTasks' started with flags 8.","Opcode":"Start","LogonType":"8","TaskName":"PostStartTasks","EventReceivedTime":1496947417,"SourceModuleName":"eventlog","SourceModuleType":"im_msvistalog","@version":"1","@timestamp":"2017-06-08T18:43:37.177Z","host":"10.5.55.3","port":62092,"type":"windows","tags":["json"]}
{"EventTime":"2017-06-08 13:43:36","Hostname":"DC02.sec555.com","Keywords":2306124492780339200,"EventType":"INFO","SeverityValue":2,"Severity":"INFO","EventID":62170,"SourceName":"Microsoft-Windows-Shell-Core","ProviderGuid":"{30336ED4-E327-447C-9DE0-51B652C86108}","Version":0,"Task":62170,"OpcodeValue":1,"RecordNumber":1791,"ProcessID":1692,"ThreadID":2376,"Channel":"Microsoft-Windows-Shell-Core/Operational","Domain":"SEC555","AccountName":"jhenderson","UserID":"S-1-5-21-4122792944-3018364698-3069667417-1001","AccountType":"User","Message":"Logon task 'LaunchExperienceHostPostStart' started with flags 8.","Opcode":"Start","LogonType":"8","TaskName":"LaunchExperienceHostPostStart","EventReceivedTime":1496947417,"SourceModuleName":"eventlog","SourceModuleType":"im_msvistalog","@version":"1","@timestamp":"2017-06-08T18:43:37.177Z","host":"10.5.55.3","port":62092,"type":"windows","tags":["json"]}
{"EventTime":"2017-06-08 13:43:36","Hostname":"DC02.sec555.com","Keywords":2306124492780339200,"EventType":"INFO","SeverityValue":2,"Severity":"INFO","EventID":62171,"SourceName":"Microsoft-Windows-Shell-Core","ProviderGuid":"{30336ED4-E327-447C-9DE0-51B652C86108}","Version":0,"Task":62170,"OpcodeValue":2,"RecordNumber":1792,"ProcessID":1692,"ThreadID":2376,"Channel":"Microsoft-Windows-Shell-Core/Operational","Domain":"SEC555","AccountName":"jhenderson","UserID":"S-1-5-21-4122792944-3018364698-3069667417-1001","AccountType":"User","Message":"Logon task 'LaunchExperienceHostPostStart' finished with flags 8.","Opcode":"Stop","LogonType":"8","TaskName":"LaunchExperienceHostPostStart","EventReceivedTime":1496947417,"SourceModuleName":"eventlog","SourceModuleType":"im_msvistalog","@version":"1","@timestamp":"2017-06-08T18:43:37.178Z","host":"10.5.55.3","port":62092,"type":"windows","tags":["json"]}
{"EventTime":"2017-06-08 13:43:36","Hostname":"DC02.sec555.com","Keywords":2306124492780339200,"EventType":"INFO","SeverityValue":2,"Severity":"INFO","EventID":62170,"SourceName":"Microsoft-Windows-Shell-Core","ProviderGuid":"{30336ED4-E327-447C-9DE0-51B652C86108}","Version":0,"Task":62170,"OpcodeValue":1,"RecordNumber":1793,"ProcessID":1692,"ThreadID":4680,"Channel":"Microsoft-Windows-Shell-Core/Operational","Domain":"SEC555","AccountName":"jhenderson","UserID":"S-1-5-21-4122792944-3018364698-3069667417-1001","AccountType":"User","Message":"Logon task 'NotifyTrayStartIsReady' started with flags 8.","Opcode":"Start","LogonType":"8","TaskName":"NotifyTrayStartIsReady","EventReceivedTime":1496947417,"SourceModuleName":"eventlog","SourceModuleType":"im_msvistalog","@version":"1","@timestamp":"2017-06-08T18:43:37.179Z","host":"10.5.55.3","port":62092,"type":"windows","tags":["json"]}
{"EventTime":"2017-06-08 13:43:36","Hostname":"DC02.sec555.com","Keywords":2306124492780339200,"EventType":"INFO","SeverityValue":2,"Severity":"INFO","EventID":62171,"SourceName":"Microsoft-Windows-Shell-Core","ProviderGuid":"{30336ED4-E327-447C-9DE0-51B652C86108}","Version":0,"Task":62170,"OpcodeValue":2,"RecordNumber":1794,"ProcessID":1692,"ThreadID":4680,"Channel":"Microsoft-Windows-Shell-Core/Operational","Domain":"SEC555","AccountName":"jhenderson","UserID":"S-1-5-21-4122792944-3018364698-3069667417-1001","AccountType":"User","Message":"Logon task 'NotifyTrayStartIsReady' finished with flags 8.","Opcode":"Stop","LogonType":"8","TaskName":"NotifyTrayStartIsReady","EventReceivedTime":1496947417,"SourceModuleName":"eventlog","SourceModuleType":"im_msvistalog","@version":"1","@timestamp":"2017-06-08T18:43:37.180Z","host":"10.5.55.3","port":62092,"type":"windows","tags":["json"]}
{"EventTime":"2017-06-08 13:43:36","Hostname":"DC02.sec555.com","Keywords":2306124492780339200,"EventType":"INFO","SeverityValue":2,"Severity":"INFO","EventID":62171,"SourceName":"Microsoft-Windows-Shell-Core","ProviderGuid":"{30336ED4-E327-447C-9DE0-51B652C86108}","Version":0,"Task":62170,"OpcodeValue":2,"RecordNumber":1795,"ProcessID":1692,"ThreadID":2880,"Channel":"Microsoft-Windows-Shell-Core/Operational","Domain":"SEC555","AccountName":"jhenderson","UserID":"S-1-5-21-4122792944-3018364698-3069667417-1001","AccountType":"User","Message":"Logon task 'PostStartTasks' finished with flags 8.","Opcode":"Stop","LogonType":"8","TaskName":"PostStartTasks","EventReceivedTime":1496947417,"SourceModuleName":"eventlog","SourceModuleType":"im_msvistalog","@version":"1","@timestamp":"2017-06-08T18:43:37.181Z","host":"10.5.55.3","port":62092,"type":"windows","tags":["json"]}
{"EventTime":"2017-06-08 13:43:36","Hostname":"DC02.sec555.com","Keywords":2306124492780339200,"EventType":"INFO","SeverityValue":2,"Severity":"INFO","EventID":62170,"SourceName":"Microsoft-Windows-Shell-Core","ProviderGuid":"{30336ED4-E327-447C-9DE0-51B652C86108}","Version":0,"Task":62170,"OpcodeValue":1,"RecordNumber":1796,"ProcessID":1692,"ThreadID":3020,"Channel":"Microsoft-Windows-Shell-Core/Operational","Domain":"SEC555","AccountName":"jhenderson","UserID":"S-1-5-21-4122792944-3018364698-3069667417-1001","AccountType":"User","Message":"Logon task 'AppReadinessNotifyLogonComplete' started with flags 8.","Opcode":"Start","LogonType":"8","TaskName":"AppReadinessNotifyLogonComplete","EventReceivedTime":1496947417,"SourceModuleName":"eventlog","SourceModuleType":"im_msvistalog","@version":"1","@timestamp":"2017-06-08T18:43:37.181Z","host":"10.5.55.3","port":62092,"type":"windows","tags":["json"]}
{"EventTime":"2017-06-08 13:43:36","Hostname":"DC02.sec555.com","Keywords":2306124492780339200,"EventType":"INFO","SeverityValue":2,"Severity":"INFO","EventID":62170,"SourceName":"Microsoft-Windows-Shell-Core","ProviderGuid":"{30336ED4-E327-447C-9DE0-51B652C86108}","Version":0,"Task":62170,"OpcodeValue":1,"RecordNumber":1797,"ProcessID":1692,"ThreadID":1000,"Channel":"Microsoft-Windows-Shell-Core/Operational","Domain":"SEC555","AccountName":"jhenderson","UserID":"S-1-5-21-4122792944-3018364698-3069667417-1001","AccountType":"User","Message":"Logon task 'LaunchInputDialListenerPostStart' started with flags 8.","Opcode":"Start","LogonType":"8","TaskName":"LaunchInputDialListenerPostStart","EventReceivedTime":1496947417,"SourceModuleName":"eventlog","SourceModuleType":"im_msvistalog","@version":"1","@timestamp":"2017-06-08T18:43:37.183Z","host":"10.5.55.3","port":62092,"type":"windows","tags":["json"]}
{"EventTime":"2017-06-08 13:43:36","Hostname":"DC02.sec555.com","Keywords":2306124492780339200,"EventType":"INFO","SeverityValue":2,"Severity":"INFO","EventID":62170,"SourceName":"Microsoft-Windows-Shell-Core","ProviderGuid":"{30336ED4-E327-447C-9DE0-51B652C86108}","Version":0,"Task":62170,"OpcodeValue":1,"RecordNumber":1798,"ProcessID":1692,"ThreadID":4124,"Channel":"Microsoft-Windows-Shell-Core/Operational","Domain":"SEC555","AccountName":"jhenderson","UserID":"S-1-5-21-4122792944-3018364698-3069667417-1001","AccountType":"User","Message":"Logon task 'RoamingPayload3' started with flags 8.","Opcode":"Start","LogonType":"8","TaskName":"RoamingPayload3","EventReceivedTime":1496947417,"SourceModuleName":"eventlog","SourceModuleType":"im_msvistalog","@version":"1","@timestamp":"2017-06-08T18:43:37.183Z","host":"10.5.55.3","port":62092,"type":"windows","tags":["json"]}
{"EventTime":"2017-06-08 13:43:36","Hostname":"DC02.sec555.com","Keywords":2306124492780339200,"EventType":"INFO","SeverityValue":2,"Severity":"INFO","EventID":62171,"SourceName":"Microsoft-Windows-Shell-Core","ProviderGuid":"{30336ED4-E327-447C-9DE0-51B652C86108}","Version":0,"Task":62170,"OpcodeValue":2,"RecordNumber":1799,"ProcessID":1692,"ThreadID":4124,"Channel":"Microsoft-Windows-Shell-Core/Operational","Domain":"SEC555","AccountName":"jhenderson","UserID":"S-1-5-21-4122792944-3018364698-3069667417-1001","AccountType":"User","Message":"Logon task 'RoamingPayload3' finished with flags 8.","Opcode":"Stop","LogonType":"8","TaskName":"RoamingPayload3","EventReceivedTime":1496947417,"SourceModuleName":"eventlog","SourceModuleType":"im_msvistalog","@version":"1","@timestamp":"2017-06-08T18:43:37.193Z","host":"10.5.55.3","port":62092,"type":"windows","tags":["json"]}
{"EventTime":"2017-06-08 13:43:36","Hostname":"DC02.sec555.com","Keywords":2306124492780339200,"EventType":"INFO","SeverityValue":2,"Severity":"INFO","EventID":62170,"SourceName":"Microsoft-Windows-Shell-Core","ProviderGuid":"{30336ED4-E327-447C-9DE0-51B652C86108}","Version":0,"Task":62170,"OpcodeValue":1,"RecordNumber":1800,"ProcessID":1692,"ThreadID":1816,"Channel":"Microsoft-Windows-Shell-Core/Operational","Domain":"SEC555","AccountName":"jhenderson","UserID":"S-1-5-21-4122792944-3018364698-3069667417-1001","AccountType":"User","Message":"Logon task 'ARSFirstRunTelemetry' started with flags 8.","Opcode":"Start","LogonType":"8","TaskName":"ARSFirstRunTelemetry","EventReceivedTime":1496947417,"SourceModuleName":"eventlog","SourceModuleType":"im_msvistalog","@version":"1","@timestamp":"2017-06-08T18:43:37.194Z","host":"10.5.55.3","port":62092,"type":"windows","tags":["json"]}
{"EventTime":"2017-06-08 13:43:36","Hostname":"DC02.sec555.com","Keywords":2306124492780339200,"EventType":"INFO","SeverityValue":2,"Severity":"INFO","EventID":62170,"SourceName":"Microsoft-Windows-Shell-Core","ProviderGuid":"{30336ED4-E327-447C-9DE0-51B652C86108}","Version":0,"Task":62170,"OpcodeValue":1,"RecordNumber":1801,"ProcessID":1692,"ThreadID":4576,"Channel":"Microsoft-Windows-Shell-Core/Operational","Domain":"SEC555","AccountName":"jhenderson","UserID":"S-1-5-21-4122792944-3018364698-3069667417-1001","AccountType":"User","Message":"Logon task 'OEMFirstRunTelemetry' started with flags 8.","Opcode":"Start","LogonType":"8","TaskName":"OEMFirstRunTelemetry","EventReceivedTime":1496947417,"SourceModuleName":"eventlog","SourceModuleType":"im_msvistalog","@version":"1","@timestamp":"2017-06-08T18:43:37.195Z","host":"10.5.55.3","port":62092,"type":"windows","tags":["json"]}
{"EventTime":"2017-06-08 13:43:36","Hostname":"DC02.sec555.com","Keywords":2306124492780339200,"EventType":"INFO","SeverityValue":2,"Severity":"INFO","EventID":62171,"SourceName":"Microsoft-Windows-Shell-Core","ProviderGuid":"{30336ED4-E327-447C-9DE0-51B652C86108}","Version":0,"Task":62170,"OpcodeValue":2,"RecordNumber":1802,"ProcessID":1692,"ThreadID":4576,"Channel":"Microsoft-Windows-Shell-Core/Operational","Domain":"SEC555","AccountName":"jhenderson","UserID":"S-1-5-21-4122792944-3018364698-3069667417-1001","AccountType":"User","Message":"Logon task 'OEMFirstRunTelemetry' finished with flags 8.","Opcode":"Stop","LogonType":"8","TaskName":"OEMFirstRunTelemetry","EventReceivedTime":1496947417,"SourceModuleName":"eventlog","SourceModuleType":"im_msvistalog","@version":"1","@timestamp":"2017-06-08T18:43:37.195Z","host":"10.5.55.3","port":62092,"type":"windows","tags":["json"]}
{"EventTime":"2017-06-08 13:43:36","Hostname":"DC02.sec555.com","Keywords":2306124492780339200,"EventType":"INFO","SeverityValue":2,"Severity":"INFO","EventID":62171,"SourceName":"Microsoft-Windows-Shell-Core","ProviderGuid":"{30336ED4-E327-447C-9DE0-51B652C86108}","Version":0,"Task":62170,"OpcodeValue":2,"RecordNumber":1803,"ProcessID":1692,"ThreadID":3020,"Channel":"Microsoft-Windows-Shell-Core/Operational","Domain":"SEC555","AccountName":"jhenderson","UserID":"S-1-5-21-4122792944-3018364698-3069667417-1001","AccountType":"User","Message":"Logon task 'AppReadinessNotifyLogonComplete' finished with flags 8.","Opcode":"Stop","LogonType":"8","TaskName":"AppReadinessNotifyLogonComplete","EventReceivedTime":1496947417,"SourceModuleName":"eventlog","SourceModuleType":"im_msvistalog","@version":"1","@timestamp":"2017-06-08T18:43:37.196Z","host":"10.5.55.3","port":62092,"type":"windows","tags":["json"]}
{"EventTime":"2017-06-08 13:43:36","Hostname":"DC02.sec555.com","Keywords":2306124492780339200,"EventType":"INFO","SeverityValue":2,"Severity":"INFO","EventID":62171,"SourceName":"Microsoft-Windows-Shell-Core","ProviderGuid":"{30336ED4-E327-447C-9DE0-51B652C86108}","Version":0,"Task":62170,"OpcodeValue":2,"RecordNumber":1804,"ProcessID":1692,"ThreadID":1000,"Channel":"Microsoft-Windows-Shell-Core/Operational","Domain":"SEC555","AccountName":"jhenderson","UserID":"S-1-5-21-4122792944-3018364698-3069667417-1001","AccountType":"User","Message":"Logon task 'LaunchInputDialListenerPostStart' finished with flags 8.","Opcode":"Stop","LogonType":"8","TaskName":"LaunchInputDialListenerPostStart","EventReceivedTime":1496947417,"SourceModuleName":"eventlog","SourceModuleType":"im_msvistalog","@version":"1","@timestamp":"2017-06-08T18:43:37.196Z","host":"10.5.55.3","port":62092,"type":"windows","tags":["json"]}
{"EventTime":"2017-06-08 13:43:36","Hostname":"DC02.sec555.com","Keywords":2306124492780339200,"EventType":"INFO","SeverityValue":2,"Severity":"INFO","EventID":62171,"SourceName":"Microsoft-Windows-Shell-Core","ProviderGuid":"{30336ED4-E327-447C-9DE0-51B652C86108}","Version":0,"Task":62170,"OpcodeValue":2,"RecordNumber":1805,"ProcessID":1692,"ThreadID":1816,"Channel":"Microsoft-Windows-Shell-Core/Operational","Domain":"SEC555","AccountName":"jhenderson","UserID":"S-1-5-21-4122792944-3018364698-3069667417-1001","AccountType":"User","Message":"Logon task 'ARSFirstRunTelemetry' finished with flags 8.","Opcode":"Stop","LogonType":"8","TaskName":"ARSFirstRunTelemetry","EventReceivedTime":1496947417,"SourceModuleName":"eventlog","SourceModuleType":"im_msvistalog","@version":"1","@timestamp":"2017-06-08T18:43:37.196Z","host":"10.5.55.3","port":62092,"type":"windows","tags":["json"]}
{"EventTime":"2017-06-08 13:43:36","Hostname":"DC02.sec555.com","Keywords":-9223372036854773760,"EventType":"INFO","SeverityValue":2,"Severity":"INFO","EventID":3000,"SourceName":"Microsoft-Windows-PushNotifications-Platform","ProviderGuid":"{88CD9180-4491-4640-B571-E3BEE2527943}","Version":0,"Task":1,"OpcodeValue":1,"RecordNumber":12104,"ProcessID":1692,"ThreadID":2632,"Channel":"Microsoft-Windows-PushNotification-Platform/Operational","Domain":"SEC555","AccountName":"jhenderson","UserID":"S-1-5-21-4122792944-3018364698-3069667417-1001","AccountType":"User","Message":"Tile session creation is requested for C:\\Windows\\explorer.exe endpoint 0x3785a30.","Opcode":"Start","Object":"0x3785a30","ProcessName":"C:\\Windows\\explorer.exe","EventReceivedTime":1496947417,"SourceModuleName":"eventlog","SourceModuleType":"im_msvistalog","@version":"1","@timestamp":"2017-06-08T18:43:37.196Z","host":"10.5.55.3","port":62092,"type":"windows","tags":["json"]}
{"EventTime":"2017-06-08 13:43:36","Hostname":"DC02.sec555.com","Keywords":-9223372036854773760,"EventType":"INFO","SeverityValue":2,"Severity":"INFO","EventID":3001,"SourceName":"Microsoft-Windows-PushNotifications-Platform","ProviderGuid":"{88CD9180-4491-4640-B571-E3BEE2527943}","Version":0,"Task":1,"OpcodeValue":2,"RecordNumber":12105,"ProcessID":1692,"ThreadID":2632,"Channel":"Microsoft-Windows-PushNotification-Platform/Operational","Domain":"SEC555","AccountName":"jhenderson","UserID":"S-1-5-21-4122792944-3018364698-3069667417-1001","AccountType":"User","Message":"Tile session creation is finished for C:\\Windows\\explorer.exe from endpoint 0x3785a30 with result The operation completed successfully., and 4 is assigned as session id. Queued Closes = 0, Queued Cleanups = 0","Opcode":"Stop","Endpoint":"0x3785a30","SessionId":"4","Error":"0","ProcessName":"C:\\Windows\\explorer.exe","QueuedTileCloses":"0","QueuedTileCleanups":"0","EventReceivedTime":1496947417,"SourceModuleName":"eventlog","SourceModuleType":"im_msvistalog","@version":"1","@timestamp":"2017-06-08T18:43:37.196Z","host":"10.5.55.3","port":62092,"type":"windows","tags":["json"]}
{"EventTime":"2017-06-08 13:43:36","Hostname":"DC02.sec555.com","Keywords":4611686018427387904,"EventType":"INFO","SeverityValue":2,"Severity":"INFO","EventID":6506,"SourceName":"Microsoft-Windows-SettingSync-Desktop","ProviderGuid":"{579402A2-883C-45D8-B70A-9BC856407751}","Version":0,"Task":0,"OpcodeValue":0,"RecordNumber":13348,"ProcessID":1692,"ThreadID":4816,"Channel":"Microsoft-Windows-SettingSync/Debug","Domain":"SEC555","AccountName":"jhenderson","UserID":"S-1-5-21-4122792944-3018364698-3069667417-1001","AccountType":"User","Message":"Monitor SSO Started","Opcode":"Info","EventData":"","EventReceivedTime":1496947417,"SourceModuleName":"eventlog","SourceModuleType":"im_msvistalog","@version":"1","@timestamp":"2017-06-08T18:43:37.196Z","host":"10.5.55.3","port":62092,"type":"windows","tags":["json"]}
{"EventTime":"2017-06-08 13:43:36","Hostname":"DC02.sec555.com","Keywords":4611686018427387904,"EventType":"INFO","SeverityValue":2,"Severity":"INFO","EventID":6507,"SourceName":"Microsoft-Windows-SettingSync-Desktop","ProviderGuid":"{579402A2-883C-45D8-B70A-9BC856407751}","Version":0,"Task":0,"OpcodeValue":0,"RecordNumber":13349,"ProcessID":1692,"ThreadID":4816,"Channel":"Microsoft-Windows-SettingSync/Debug","Domain":"SEC555","AccountName":"jhenderson","UserID":"S-1-5-21-4122792944-3018364698-3069667417-1001","AccountType":"User","Message":"Monitor SSO Status Changed","Opcode":"Info","EventData":"","EventReceivedTime":1496947417,"SourceModuleName":"eventlog","SourceModuleType":"im_msvistalog","@version":"1","@timestamp":"2017-06-08T18:43:37.197Z","host":"10.5.55.3","port":62092,"type":"windows","tags":["json"]}
{"EventTime":"2017-06-08 13:43:36","Hostname":"DC02.sec555.com","Keywords":4611686018427387904,"EventType":"ERROR","SeverityValue":4,"Severity":"ERROR","EventID":6065,"SourceName":"Microsoft-Windows-SettingSync","ProviderGuid":"{83D6E83B-900B-48A3-9835-57656B6F6474}","Version":0,"Task":0,"OpcodeValue":0,"RecordNumber":13350,"ProcessID":1692,"ThreadID":4816,"Channel":"Microsoft-Windows-SettingSync/Debug","Domain":"SEC555","AccountName":"jhenderson","UserID":"S-1-5-21-4122792944-3018364698-3069667417-1001","AccountType":"User","Message":"onecoreuap\\shell\\roaming\\common\\tokenbrokerutils.cpp(273)\\settingsynccore.dll!00007FF8ADC392F2: (caller: 00007FF8ADC1F30F) ReturnHr(28) tid(12d0) D0020017 ","Opcode":"Info","EventReceivedTime":1496947417,"SourceModuleName":"eventlog","SourceModuleType":"im_msvistalog","@version":"1","@timestamp":"2017-06-08T18:43:37.197Z","host":"10.5.55.3","port":62092,"type":"windows","tags":["json"]}
{"EventTime":"2017-06-08 13:43:36","Hostname":"DC02.sec555.com","Keywords":4611686018427387904,"EventType":"ERROR","SeverityValue":4,"Severity":"ERROR","EventID":6065,"SourceName":"Microsoft-Windows-SettingSync","ProviderGuid":"{83D6E83B-900B-48A3-9835-57656B6F6474}","Version":0,"Task":0,"OpcodeValue":0,"RecordNumber":13351,"ProcessID":1692,"ThreadID":4816,"Channel":"Microsoft-Windows-SettingSync/Debug","Domain":"SEC555","AccountName":"jhenderson","UserID":"S-1-5-21-4122792944-3018364698-3069667417-1001","AccountType":"User","Message":"onecoreuap\\shell\\roaming\\common\\tokenbrokerutils.cpp(282)\\settingsynccore.dll!00007FF8ADC39376: (caller: 00007FF8ADBFFBC1) ReturnHr(29) tid(12d0) D0020017 ","Opcode":"Info","EventReceivedTime":1496947417,"SourceModuleName":"eventlog","SourceModuleType":"im_msvistalog","@version":"1","@timestamp":"2017-06-08T18:43:37.197Z","host":"10.5.55.3","port":62092,"type":"windows","tags":["json"]}
{"EventTime":"2017-06-08 13:43:36","Hostname":"DC02.sec555.com","Keywords":4611686018427387904,"EventType":"ERROR","SeverityValue":4,"Severity":"ERROR","EventID":6065,"SourceName":"Microsoft-Windows-SettingSync","ProviderGuid":"{83D6E83B-900B-48A3-9835-57656B6F6474}","Version":0,"Task":0,"OpcodeValue":0,"RecordNumber":13352,"ProcessID":1692,"ThreadID":4816,"Channel":"Microsoft-Windows-SettingSync/Debug","Domain":"SEC555","AccountName":"jhenderson","UserID":"S-1-5-21-4122792944-3018364698-3069667417-1001","AccountType":"User","Message":"onecoreuap\\shell\\roaming\\common\\tokenbrokerutils.cpp(418)\\settingsynccore.dll!00007FF8ADC32B88: (caller: 00007FF8ADBFF891) ReturnHr(30) tid(12d0) D0020017 ","Opcode":"Info","EventReceivedTime":1496947417,"SourceModuleName":"eventlog","SourceModuleType":"im_msvistalog","@version":"1","@timestamp":"2017-06-08T18:43:37.200Z","host":"10.5.55.3","port":62092,"type":"windows","tags":["json"]}
{"EventTime":"2017-06-08 13:43:36","Hostname":"DC02.sec555.com","Keywords":4611686018427387904,"EventType":"ERROR","SeverityValue":4,"Severity":"ERROR","EventID":6065,"SourceName":"Microsoft-Windows-SettingSync","ProviderGuid":"{83D6E83B-900B-48A3-9835-57656B6F6474}","Version":0,"Task":0,"OpcodeValue":0,"RecordNumber":13353,"ProcessID":1692,"ThreadID":4816,"Channel":"Microsoft-Windows-SettingSync/Debug","Domain":"SEC555","AccountName":"jhenderson","UserID":"S-1-5-21-4122792944-3018364698-3069667417-1001","AccountType":"User","Message":"onecoreuap\\shell\\roaming\\common\\tokenbrokerutils.cpp(273)\\settingsynccore.dll!00007FF8ADC392F2: (caller: 00007FF8ADC1F30F) ReturnHr(31) tid(12d0) D0020017 ","Opcode":"Info","EventReceivedTime":1496947417,"SourceModuleName":"eventlog","SourceModuleType":"im_msvistalog","@version":"1","@timestamp":"2017-06-08T18:43:37.201Z","host":"10.5.55.3","port":62092,"type":"windows","tags":["json"]}
{"EventTime":"2017-06-08 13:43:36","Hostname":"DC02.sec555.com","Keywords":4611686018427387904,"EventType":"ERROR","SeverityValue":4,"Severity":"ERROR","EventID":6065,"SourceName":"Microsoft-Windows-SettingSync","ProviderGuid":"{83D6E83B-900B-48A3-9835-57656B6F6474}","Version":0,"Task":0,"OpcodeValue":0,"RecordNumber":13354,"ProcessID":1692,"ThreadID":4816,"Channel":"Microsoft-Windows-SettingSync/Debug","Domain":"SEC555","AccountName":"jhenderson","UserID":"S-1-5-21-4122792944-3018364698-3069667417-1001","AccountType":"User","Message":"onecoreuap\\shell\\roaming\\common\\tokenbrokerutils.cpp(282)\\settingsynccore.dll!00007FF8ADC39376: (caller: 00007FF8ADC2C03A) ReturnHr(32) tid(12d0) D0020017 ","Opcode":"Info","EventReceivedTime":1496947417,"SourceModuleName":"eventlog","SourceModuleType":"im_msvistalog","@version":"1","@timestamp":"2017-06-08T18:43:37.202Z","host":"10.5.55.3","port":62092,"type":"windows","tags":["json"]}
{"EventTime":"2017-06-08 13:43:36","Hostname":"DC02.sec555.com","Keywords":4611686018427387904,"EventType":"ERROR","SeverityValue":4,"Severity":"ERROR","EventID":6065,"SourceName":"Microsoft-Windows-SettingSync","ProviderGuid":"{83D6E83B-900B-48A3-9835-57656B6F6474}","Version":0,"Task":0,"OpcodeValue":0,"RecordNumber":13355,"ProcessID":1692,"ThreadID":4816,"Channel":"Microsoft-Windows-SettingSync/Debug","Domain":"SEC555","AccountName":"jhenderson","UserID":"S-1-5-21-4122792944-3018364698-3069667417-1001","AccountType":"User","Message":"onecoreuap\\shell\\roaming\\common\\tokenbrokerutils.cpp(499)\\settingsynccore.dll!00007FF8ADC2C069: (caller: 00007FF8ADBFC624) ReturnHr(33) tid(12d0) D0020017 ","Opcode":"Info","EventReceivedTime":1496947417,"SourceModuleName":"eventlog","SourceModuleType":"im_msvistalog","@version":"1","@timestamp":"2017-06-08T18:43:37.203Z","host":"10.5.55.3","port":62092,"type":"windows","tags":["json"]}
{"EventTime":"2017-06-08 13:43:36","Hostname":"DC02.sec555.com","Keywords":4611686018427387904,"EventType":"ERROR","SeverityValue":4,"Severity":"ERROR","EventID":6065,"SourceName":"Microsoft-Windows-SettingSync","ProviderGuid":"{83D6E83B-900B-48A3-9835-57656B6F6474}","Version":0,"Task":0,"OpcodeValue":0,"RecordNumber":13356,"ProcessID":1692,"ThreadID":4816,"Channel":"Microsoft-Windows-SettingSync/Debug","Domain":"SEC555","AccountName":"jhenderson","UserID":"S-1-5-21-4122792944-3018364698-3069667417-1001","AccountType":"User","Message":"CAS::_EnsureInitialized CLSID initialized hit an error 0xd0020017 for guid {00000000-0000-0000-0000-000000000000}File onecoreuap\\shell\\roaming\\settingsynccore\\settingsyncinfo\\connectedaccountservices.cpp line 255","Opcode":"Info","EventReceivedTime":1496947417,"SourceModuleName":"eventlog","SourceModuleType":"im_msvistalog","@version":"1","@timestamp":"2017-06-08T18:43:37.204Z","host":"10.5.55.3","port":62092,"type":"windows","tags":["json"]}
