{"EventTime":"2017-06-08 13:41:25","Hostname":"DC01.sec555.com","Keywords":2305843009213693952,"EventType":"INFO","SeverityValue":2,"Severity":"INFO","EventID":217,"SourceName":"Microsoft-Windows-ServerManager-MultiMachine","ProviderGuid":"{D8D37081-10BD-4A89-A971-1CDA6899BDB3}","Version":0,"Task":17,"OpcodeValue":0,"RecordNumber":4781,"ProcessID":4924,"ThreadID":3248,"Channel":"Microsoft-Windows-ServerManager-MultiMachine/Operational","Domain":"SEC555","AccountName":"jhenderson","UserID":"S-1-5-21-4122792944-3018364698-3069667417-1001","AccountType":"User","Message":"Invoke method data received. Server: localhost, Namespace: root\\microsoft\\windows\\servermanager, Class: MSFT_ServerManagerTasks, Method: GetServerFeature","Category":"Node access.","Opcode":"Info","serverName":"localhost","namespaceName":"root\\microsoft\\windows\\servermanager","wmiClassName":"MSFT_ServerManagerTasks","methodName":"GetServerFeature","protocol":"DCOM","EventReceivedTime":1496947287,"SourceModuleName":"eventlog","SourceModuleType":"im_msvistalog","@version":"1","@timestamp":"2017-06-08T18:41:26.929Z","host":"10.5.55.2","port":59656,"type":"windows","tags":["json"]}
{"EventTime":"2017-06-08 13:41:25","Hostname":"DC01.sec555.com","Keywords":2305843009213693952,"EventType":"INFO","SeverityValue":2,"Severity":"INFO","EventID":215,"SourceName":"Microsoft-Windows-ServerManager-MultiMachine","ProviderGuid":"{D8D37081-10BD-4A89-A971-1CDA6899BDB3}","Version":0,"Task":17,"OpcodeValue":0,"RecordNumber":4782,"ProcessID":4924,"ThreadID":3248,"Channel":"Microsoft-Windows-ServerManager-MultiMachine/Operational","Domain":"SEC555","AccountName":"jhenderson","UserID":"S-1-5-21-4122792944-3018364698-3069667417-1001","AccountType":"User","Message":"Invoke method completed. Server: localhost, Namespace: root\\microsoft\\windows\\servermanager, Class: MSFT_ServerManagerTasks, Method: GetServerFeature","Category":"Node access.","Opcode":"Info","serverName":"localhost","namespaceName":"root\\microsoft\\windows\\servermanager","wmiClassName":"MSFT_ServerManagerTasks","methodName":"GetServerFeature","protocol":"DCOM","EventReceivedTime":1496947287,"SourceModuleName":"eventlog","SourceModuleType":"im_msvistalog","@version":"1","@timestamp":"2017-06-08T18:41:26.930Z","host":"10.5.55.2","port":59656,"type":"windows","tags":["json"]}
{"EventTime":"2017-06-08 13:41:25","Hostname":"DC01.sec555.com","Keywords":2305843009213693952,"EventType":"INFO","SeverityValue":2,"Severity":"INFO","EventID":214,"SourceName":"Microsoft-Windows-ServerManager-MultiMachine","ProviderGuid":"{D8D37081-10BD-4A89-A971-1CDA6899BDB3}","Version":0,"Task":17,"OpcodeValue":0,"RecordNumber":4783,"ProcessID":4924,"ThreadID":3248,"Channel":"Microsoft-Windows-ServerManager-MultiMachine/Operational","Domain":"SEC555","AccountName":"jhenderson","UserID":"S-1-5-21-4122792944-3018364698-3069667417-1001","AccountType":"User","Message":"Invoke method started. Server: localhost, Namespace: root\\microsoft\\windows\\servermanager, Class: MSFT_ServerManagerTasks, Method: GetServerEventDetail","Category":"Node access.","Opcode":"Info","serverName":"localhost","namespaceName":"root\\microsoft\\windows\\servermanager","wmiClassName":"MSFT_ServerManagerTasks","methodName":"GetServerEventDetail","protocol":"DCOM","EventReceivedTime":1496947287,"SourceModuleName":"eventlog","SourceModuleType":"im_msvistalog","@version":"1","@timestamp":"2017-06-08T18:41:26.930Z","host":"10.5.55.2","port":59656,"type":"windows","tags":["json"]}
{"EventTime":"2017-06-08 13:41:25","Hostname":"DC01.sec555.com","Keywords":2305843009213693952,"EventType":"INFO","SeverityValue":2,"Severity":"INFO","EventID":209,"SourceName":"Microsoft-Windows-ServerManager-MultiMachine","ProviderGuid":"{D8D37081-10BD-4A89-A971-1CDA6899BDB3}","Version":0,"Task":17,"OpcodeValue":0,"RecordNumber":4784,"ProcessID":4924,"ThreadID":3248,"Channel":"Microsoft-Windows-ServerManager-MultiMachine/Operational","Domain":"SEC555","AccountName":"jhenderson","UserID":"S-1-5-21-4122792944-3018364698-3069667417-1001","AccountType":"User","Message":"Creating new session. Server: localhost, Protocol: DCOM, User: null","Category":"Node access.","Opcode":"Info","serverName":"localhost","protocol":"DCOM","userName":"null","EventReceivedTime":1496947287,"SourceModuleName":"eventlog","SourceModuleType":"im_msvistalog","@version":"1","@timestamp":"2017-06-08T18:41:26.931Z","host":"10.5.55.2","port":59656,"type":"windows","tags":["json"]}
{"EventTime":"2017-06-08 13:41:25","Hostname":"DC01.sec555.com","Keywords":2305843009213693952,"EventType":"INFO","SeverityValue":2,"Severity":"INFO","EventID":214,"SourceName":"Microsoft-Windows-ServerManager-MultiMachine","ProviderGuid":"{D8D37081-10BD-4A89-A971-1CDA6899BDB3}","Version":0,"Task":17,"OpcodeValue":0,"RecordNumber":4785,"ProcessID":4924,"ThreadID":3248,"Channel":"Microsoft-Windows-ServerManager-MultiMachine/Operational","Domain":"SEC555","AccountName":"jhenderson","UserID":"S-1-5-21-4122792944-3018364698-3069667417-1001","AccountType":"User","Message":"Invoke method started. Server: localhost, Namespace: root\\microsoft\\windows\\servermanager, Class: MSFT_ServerManagerTasks, Method: GetServerBpaResult","Category":"Node access.","Opcode":"Info","serverName":"localhost","namespaceName":"root\\microsoft\\windows\\servermanager","wmiClassName":"MSFT_ServerManagerTasks","methodName":"GetServerBpaResult","protocol":"DCOM","EventReceivedTime":1496947287,"SourceModuleName":"eventlog","SourceModuleType":"im_msvistalog","@version":"1","@timestamp":"2017-06-08T18:41:26.932Z","host":"10.5.55.2","port":59656,"type":"windows","tags":["json"]}
{"EventTime":"2017-06-08 13:41:25","Hostname":"DC01.sec555.com","Keywords":2305843009213693952,"EventType":"INFO","SeverityValue":2,"Severity":"INFO","EventID":209,"SourceName":"Microsoft-Windows-ServerManager-MultiMachine","ProviderGuid":"{D8D37081-10BD-4A89-A971-1CDA6899BDB3}","Version":0,"Task":17,"OpcodeValue":0,"RecordNumber":4786,"ProcessID":4924,"ThreadID":3248,"Channel":"Microsoft-Windows-ServerManager-MultiMachine/Operational","Domain":"SEC555","AccountName":"jhenderson","UserID":"S-1-5-21-4122792944-3018364698-3069667417-1001","AccountType":"User","Message":"Creating new session. Server: localhost, Protocol: DCOM, User: null","Category":"Node access.","Opcode":"Info","serverName":"localhost","protocol":"DCOM","userName":"null","EventReceivedTime":1496947287,"SourceModuleName":"eventlog","SourceModuleType":"im_msvistalog","@version":"1","@timestamp":"2017-06-08T18:41:26.932Z","host":"10.5.55.2","port":59656,"type":"windows","tags":["json"]}
{"EventTime":"2017-06-08 13:41:25","Hostname":"DC01.sec555.com","Keywords":-9223372036854775808,"EventType":"INFO","SeverityValue":2,"Severity":"INFO","EventID":62,"SourceName":"Microsoft-Windows-ServerManager-ManagementProvider","ProviderGuid":"{C2E6D0D9-5DF8-4C77-A82B-C96C84579543}","Version":0,"Task":16,"OpcodeValue":0,"RecordNumber":2070,"ActivityID":"{075D48EC-EB04-4CA1-83C3-F31BC2C45970}","ProcessID":900,"ThreadID":1328,"Channel":"Microsoft-Windows-ServerManager-MgmtProvider/Operational","Domain":"SEC555","AccountName":"jhenderson","UserID":"S-1-5-21-4122792944-3018364698-3069667417-1001","AccountType":"User","Message":"Get bpa result task start: 0xC.","Category":"Get server bpa result task","Opcode":"Info","TotalXPaths":"12","EventReceivedTime":1496947287,"SourceModuleName":"eventlog","SourceModuleType":"im_msvistalog","@version":"1","@timestamp":"2017-06-08T18:41:26.933Z","host":"10.5.55.2","port":59656,"type":"windows","tags":["json"]}
{"EventTime":"2017-06-08 13:41:25","Hostname":"DC01.sec555.com","Keywords":-9223372036854775808,"EventType":"WARNING","SeverityValue":3,"Severity":"WARNING","EventID":85,"SourceName":"Microsoft-Windows-ServerManager-ManagementProvider","ProviderGuid":"{C2E6D0D9-5DF8-4C77-A82B-C96C84579543}","Version":0,"Task":16,"OpcodeValue":0,"RecordNumber":2071,"ActivityID":"{075D48EC-EB04-4CA1-83C3-F31BC2C45970}","ProcessID":900,"ThreadID":1328,"Channel":"Microsoft-Windows-ServerManager-MgmtProvider/Operational","Domain":"SEC555","AccountName":"jhenderson","UserID":"S-1-5-21-4122792944-3018364698-3069667417-1001","AccountType":"User","Message":"Failed to query the results of bpa xpath: Microsoft/Windows/DNSServer:$reports$\\$latestreport$\\Discovery.xml:$creationtime$. error: The system cannot find the file specified., last error: The system cannot find the path specified..","Category":"Get server bpa result task","Opcode":"Info","XPath":"Microsoft/Windows/DNSServer:$reports$\\$latestreport$\\Discovery.xml:$creationtime$","Error":"0x2","LastError":"0x3","EventReceivedTime":1496947287,"SourceModuleName":"eventlog","SourceModuleType":"im_msvistalog","@version":"1","@timestamp":"2017-06-08T18:41:26.934Z","host":"10.5.55.2","port":59656,"type":"windows","tags":["json"]}
{"EventTime":"2017-06-08 13:41:25","Hostname":"DC01.sec555.com","Keywords":-9223372036854775808,"EventType":"WARNING","SeverityValue":3,"Severity":"WARNING","EventID":85,"SourceName":"Microsoft-Windows-ServerManager-ManagementProvider","ProviderGuid":"{C2E6D0D9-5DF8-4C77-A82B-C96C84579543}","Version":0,"Task":16,"OpcodeValue":0,"RecordNumber":2072,"ActivityID":"{075D48EC-EB04-4CA1-83C3-F31BC2C45970}","ProcessID":900,"ThreadID":1328,"Channel":"Microsoft-Windows-ServerManager-MgmtProvider/Operational","Domain":"SEC555","AccountName":"jhenderson","UserID":"S-1-5-21-4122792944-3018364698-3069667417-1001","AccountType":"User","Message":"Failed to query the results of bpa xpath: Microsoft/Windows/DNSServer:$reports$\\*\\Result.xml:/ResultDatabase/Result. error: A device attached to the system is not functioning., last error: The system cannot find the path specified..","Category":"Get server bpa result task","Opcode":"Info","XPath":"Microsoft/Windows/DNSServer:$reports$\\*\\Result.xml:/ResultDatabase/Result","Error":"0x1f","LastError":"0x3","EventReceivedTime":1496947287,"SourceModuleName":"eventlog","SourceModuleType":"im_msvistalog","@version":"1","@timestamp":"2017-06-08T18:41:26.935Z","host":"10.5.55.2","port":59656,"type":"windows","tags":["json"]}
{"EventTime":"2017-06-08 13:41:25","Hostname":"DC01.sec555.com","Keywords":-9223372036854775808,"EventType":"WARNING","SeverityValue":3,"Severity":"WARNING","EventID":85,"SourceName":"Microsoft-Windows-ServerManager-ManagementProvider","ProviderGuid":"{C2E6D0D9-5DF8-4C77-A82B-C96C84579543}","Version":0,"Task":16,"OpcodeValue":0,"RecordNumber":2073,"ActivityID":"{075D48EC-EB04-4CA1-83C3-F31BC2C45970}","ProcessID":900,"ThreadID":1328,"Channel":"Microsoft-Windows-ServerManager-MgmtProvider/Operational","Domain":"SEC555","AccountName":"jhenderson","UserID":"S-1-5-21-4122792944-3018364698-3069667417-1001","AccountType":"User","Message":"Failed to query the results of bpa xpath: Microsoft/Windows/DirectoryServices:$reports$\\$latestreport$\\Discovery.xml:$creationtime$. error: The system cannot find the file specified., last error: The system cannot find the path specified..","Category":"Get server bpa result task","Opcode":"Info","XPath":"Microsoft/Windows/DirectoryServices:$reports$\\$latestreport$\\Discovery.xml:$creationtime$","Error":"0x2","LastError":"0x3","EventReceivedTime":1496947287,"SourceModuleName":"eventlog","SourceModuleType":"im_msvistalog","@version":"1","@timestamp":"2017-06-08T18:41:26.935Z","host":"10.5.55.2","port":59656,"type":"windows","tags":["json"]}
{"EventTime":"2017-06-08 13:41:25","Hostname":"DC01.sec555.com","Keywords":-9223372036854775808,"EventType":"WARNING","SeverityValue":3,"Severity":"WARNING","EventID":85,"SourceName":"Microsoft-Windows-ServerManager-ManagementProvider","ProviderGuid":"{C2E6D0D9-5DF8-4C77-A82B-C96C84579543}","Version":0,"Task":16,"OpcodeValue":0,"RecordNumber":2074,"ActivityID":"{075D48EC-EB04-4CA1-83C3-F31BC2C45970}","ProcessID":900,"ThreadID":1328,"Channel":"Microsoft-Windows-ServerManager-MgmtProvider/Operational","Domain":"SEC555","AccountName":"jhenderson","UserID":"S-1-5-21-4122792944-3018364698-3069667417-1001","AccountType":"User","Message":"Failed to query the results of bpa xpath: Microsoft/Windows/DirectoryServices:$reports$\\*\\Result.xml:/ResultDatabase/Result. error: A device attached to the system is not functioning., last error: The system cannot find the path specified..","Category":"Get server bpa result task","Opcode":"Info","XPath":"Microsoft/Windows/DirectoryServices:$reports$\\*\\Result.xml:/ResultDatabase/Result","Error":"0x1f","LastError":"0x3","EventReceivedTime":1496947287,"SourceModuleName":"eventlog","SourceModuleType":"im_msvistalog","@version":"1","@timestamp":"2017-06-08T18:41:26.936Z","host":"10.5.55.2","port":59656,"type":"windows","tags":["json"]}
{"EventTime":"2017-06-08 13:41:25","Hostname":"DC01.sec555.com","Keywords":-9223372036854775808,"EventType":"WARNING","SeverityValue":3,"Severity":"WARNING","EventID":85,"SourceName":"Microsoft-Windows-ServerManager-ManagementProvider","ProviderGuid":"{C2E6D0D9-5DF8-4C77-A82B-C96C84579543}","Version":0,"Task":16,"OpcodeValue":0,"RecordNumber":2075,"ActivityID":"{075D48EC-EB04-4CA1-83C3-F31BC2C45970}","ProcessID":900,"ThreadID":1328,"Channel":"Microsoft-Windows-ServerManager-MgmtProvider/Operational","Domain":"SEC555","AccountName":"jhenderson","UserID":"S-1-5-21-4122792944-3018364698-3069667417-1001","AccountType":"User","Message":"Failed to query the results of bpa xpath: Microsoft/Windows/FileServices:$reports$\\$latestreport$\\Discovery.xml:$creationtime$. error: The system cannot find the file specified., last error: The system cannot find the path specified..","Category":"Get server bpa result task","Opcode":"Info","XPath":"Microsoft/Windows/FileServices:$reports$\\$latestreport$\\Discovery.xml:$creationtime$","Error":"0x2","LastError":"0x3","EventReceivedTime":1496947287,"SourceModuleName":"eventlog","SourceModuleType":"im_msvistalog","@version":"1","@timestamp":"2017-06-08T18:41:26.937Z","host":"10.5.55.2","port":59656,"type":"windows","tags":["json"]}
{"EventTime":"2017-06-08 13:41:25","Hostname":"DC01.sec555.com","Keywords":-9223372036854775808,"EventType":"WARNING","SeverityValue":3,"Severity":"WARNING","EventID":85,"SourceName":"Microsoft-Windows-ServerManager-ManagementProvider","ProviderGuid":"{C2E6D0D9-5DF8-4C77-A82B-C96C84579543}","Version":0,"Task":16,"OpcodeValue":0,"RecordNumber":2076,"ActivityID":"{075D48EC-EB04-4CA1-83C3-F31BC2C45970}","ProcessID":900,"ThreadID":1328,"Channel":"Microsoft-Windows-ServerManager-MgmtProvider/Operational","Domain":"SEC555","AccountName":"jhenderson","UserID":"S-1-5-21-4122792944-3018364698-3069667417-1001","AccountType":"User","Message":"Failed to query the results of bpa xpath: Microsoft/Windows/FileServices:$reports$\\*\\Result.xml:/ResultDatabase/Result. error: A device attached to the system is not functioning., last error: The system cannot find the path specified..","Category":"Get server bpa result task","Opcode":"Info","XPath":"Microsoft/Windows/FileServices:$reports$\\*\\Result.xml:/ResultDatabase/Result","Error":"0x1f","LastError":"0x3","EventReceivedTime":1496947287,"SourceModuleName":"eventlog","SourceModuleType":"im_msvistalog","@version":"1","@timestamp":"2017-06-08T18:41:26.938Z","host":"10.5.55.2","port":59656,"type":"windows","tags":["json"]}
{"EventTime":"2017-06-08 13:41:25","Hostname":"DC01.sec555.com","Keywords":-9223372036854775808,"EventType":"INFO","SeverityValue":2,"Severity":"INFO","EventID":53,"SourceName":"Microsoft-Windows-ServerManager-ManagementProvider","ProviderGuid":"{C2E6D0D9-5DF8-4C77-A82B-C96C84579543}","Version":0,"Task":15,"OpcodeValue":0,"RecordNumber":2077,"ActivityID":"{7B8BC92E-BC90-4B26-A05E-04CFD0239E58}","ProcessID":900,"ThreadID":4240,"Channel":"Microsoft-Windows-ServerManager-MgmtProvider/Operational","Domain":"SEC555","AccountName":"jhenderson","UserID":"S-1-5-21-4122792944-3018364698-3069667417-1001","AccountType":"User","Message":"Get server event detail task complete, number of results: 0.","Category":"Get server event detail task","Opcode":"Info","uValue":"0","EventReceivedTime":1496947287,"SourceModuleName":"eventlog","SourceModuleType":"im_msvistalog","@version":"1","@timestamp":"2017-06-08T18:41:26.938Z","host":"10.5.55.2","port":59656,"type":"windows","tags":["json"]}
{"EventTime":"2017-06-08 13:41:25","Hostname":"DC01.sec555.com","Keywords":-9223372036854775808,"EventType":"INFO","SeverityValue":2,"Severity":"INFO","EventID":63,"SourceName":"Microsoft-Windows-ServerManager-ManagementProvider","ProviderGuid":"{C2E6D0D9-5DF8-4C77-A82B-C96C84579543}","Version":0,"Task":16,"OpcodeValue":0,"RecordNumber":2078,"ActivityID":"{075D48EC-EB04-4CA1-83C3-F31BC2C45970}","ProcessID":900,"ThreadID":1328,"Channel":"Microsoft-Windows-ServerManager-MgmtProvider/Operational","Domain":"SEC555","AccountName":"jhenderson","UserID":"S-1-5-21-4122792944-3018364698-3069667417-1001","AccountType":"User","Message":"Get bpa result task complete: 0xC.","Category":"Get server bpa result task","Opcode":"Info","ResultsReturned":"12","EventReceivedTime":1496947287,"SourceModuleName":"eventlog","SourceModuleType":"im_msvistalog","@version":"1","@timestamp":"2017-06-08T18:41:26.939Z","host":"10.5.55.2","port":59656,"type":"windows","tags":["json"]}
{"EventTime":"2017-06-08 13:41:25","Hostname":"DC01.sec555.com","Keywords":2305843009213693952,"EventType":"INFO","SeverityValue":2,"Severity":"INFO","EventID":217,"SourceName":"Microsoft-Windows-ServerManager-MultiMachine","ProviderGuid":"{D8D37081-10BD-4A89-A971-1CDA6899BDB3}","Version":0,"Task":17,"OpcodeValue":0,"RecordNumber":4787,"ProcessID":4924,"ThreadID":3048,"Channel":"Microsoft-Windows-ServerManager-MultiMachine/Operational","Domain":"SEC555","AccountName":"jhenderson","UserID":"S-1-5-21-4122792944-3018364698-3069667417-1001","AccountType":"User","Message":"Invoke method data received. Server: localhost, Namespace: root\\microsoft\\windows\\servermanager, Class: MSFT_ServerManagerTasks, Method: GetServerEventDetail","Category":"Node access.","Opcode":"Info","serverName":"localhost","namespaceName":"root\\microsoft\\windows\\servermanager","wmiClassName":"MSFT_ServerManagerTasks","methodName":"GetServerEventDetail","protocol":"DCOM","EventReceivedTime":1496947287,"SourceModuleName":"eventlog","SourceModuleType":"im_msvistalog","@version":"1","@timestamp":"2017-06-08T18:41:26.939Z","host":"10.5.55.2","port":59656,"type":"windows","tags":["json"]}
{"EventTime":"2017-06-08 13:41:25","Hostname":"DC01.sec555.com","Keywords":2305843009213693952,"EventType":"INFO","SeverityValue":2,"Severity":"INFO","EventID":215,"SourceName":"Microsoft-Windows-ServerManager-MultiMachine","ProviderGuid":"{D8D37081-10BD-4A89-A971-1CDA6899BDB3}","Version":0,"Task":17,"OpcodeValue":0,"RecordNumber":4788,"ProcessID":4924,"ThreadID":3048,"Channel":"Microsoft-Windows-ServerManager-MultiMachine/Operational","Domain":"SEC555","AccountName":"jhenderson","UserID":"S-1-5-21-4122792944-3018364698-3069667417-1001","AccountType":"User","Message":"Invoke method completed. Server: localhost, Namespace: root\\microsoft\\windows\\servermanager, Class: MSFT_ServerManagerTasks, Method: GetServerEventDetail","Category":"Node access.","Opcode":"Info","serverName":"localhost","namespaceName":"root\\microsoft\\windows\\servermanager","wmiClassName":"MSFT_ServerManagerTasks","methodName":"GetServerEventDetail","protocol":"DCOM","EventReceivedTime":1496947287,"SourceModuleName":"eventlog","SourceModuleType":"im_msvistalog","@version":"1","@timestamp":"2017-06-08T18:41:26.940Z","host":"10.5.55.2","port":59656,"type":"windows","tags":["json"]}
{"EventTime":"2017-06-08 13:41:25","Hostname":"DC01.sec555.com","Keywords":2305843009213693952,"EventType":"INFO","SeverityValue":2,"Severity":"INFO","EventID":217,"SourceName":"Microsoft-Windows-ServerManager-MultiMachine","ProviderGuid":"{D8D37081-10BD-4A89-A971-1CDA6899BDB3}","Version":0,"Task":17,"OpcodeValue":0,"RecordNumber":4789,"ProcessID":4924,"ThreadID":4400,"Channel":"Microsoft-Windows-ServerManager-MultiMachine/Operational","Domain":"SEC555","AccountName":"jhenderson","UserID":"S-1-5-21-4122792944-3018364698-3069667417-1001","AccountType":"User","Message":"Invoke method data received. Server: localhost, Namespace: root\\microsoft\\windows\\servermanager, Class: MSFT_ServerManagerTasks, Method: GetServerBpaResult","Category":"Node access.","Opcode":"Info","serverName":"localhost","namespaceName":"root\\microsoft\\windows\\servermanager","wmiClassName":"MSFT_ServerManagerTasks","methodName":"GetServerBpaResult","protocol":"DCOM","EventReceivedTime":1496947287,"SourceModuleName":"eventlog","SourceModuleType":"im_msvistalog","@version":"1","@timestamp":"2017-06-08T18:41:26.941Z","host":"10.5.55.2","port":59656,"type":"windows","tags":["json"]}
{"EventTime":"2017-06-08 13:41:25","Hostname":"DC01.sec555.com","Keywords":2305843009213693952,"EventType":"INFO","SeverityValue":2,"Severity":"INFO","EventID":217,"SourceName":"Microsoft-Windows-ServerManager-MultiMachine","ProviderGuid":"{D8D37081-10BD-4A89-A971-1CDA6899BDB3}","Version":0,"Task":17,"OpcodeValue":0,"RecordNumber":4790,"ProcessID":4924,"ThreadID":4400,"Channel":"Microsoft-Windows-ServerManager-MultiMachine/Operational","Domain":"SEC555","AccountName":"jhenderson","UserID":"S-1-5-21-4122792944-3018364698-3069667417-1001","AccountType":"User","Message":"Invoke method data received. Server: localhost, Namespace: root\\microsoft\\windows\\servermanager, Class: MSFT_ServerManagerTasks, Method: GetServerBpaResult","Category":"Node access.","Opcode":"Info","serverName":"localhost","namespaceName":"root\\microsoft\\windows\\servermanager","wmiClassName":"MSFT_ServerManagerTasks","methodName":"GetServerBpaResult","protocol":"DCOM","EventReceivedTime":1496947287,"SourceModuleName":"eventlog","SourceModuleType":"im_msvistalog","@version":"1","@timestamp":"2017-06-08T18:41:26.942Z","host":"10.5.55.2","port":59656,"type":"windows","tags":["json"]}
{"EventTime":"2017-06-08 13:41:25","Hostname":"DC01.sec555.com","Keywords":2305843009213693952,"EventType":"INFO","SeverityValue":2,"Severity":"INFO","EventID":215,"SourceName":"Microsoft-Windows-ServerManager-MultiMachine","ProviderGuid":"{D8D37081-10BD-4A89-A971-1CDA6899BDB3}","Version":0,"Task":17,"OpcodeValue":0,"RecordNumber":4791,"ProcessID":4924,"ThreadID":4400,"Channel":"Microsoft-Windows-ServerManager-MultiMachine/Operational","Domain":"SEC555","AccountName":"jhenderson","UserID":"S-1-5-21-4122792944-3018364698-3069667417-1001","AccountType":"User","Message":"Invoke method completed. Server: localhost, Namespace: root\\microsoft\\windows\\servermanager, Class: MSFT_ServerManagerTasks, Method: GetServerBpaResult","Category":"Node access.","Opcode":"Info","serverName":"localhost","namespaceName":"root\\microsoft\\windows\\servermanager","wmiClassName":"MSFT_ServerManagerTasks","methodName":"GetServerBpaResult","protocol":"DCOM","EventReceivedTime":1496947287,"SourceModuleName":"eventlog","SourceModuleType":"im_msvistalog","@version":"1","@timestamp":"2017-06-08T18:41:26.942Z","host":"10.5.55.2","port":59656,"type":"windows","tags":["json"]}
{"EventTime":"2017-06-08 13:41:25","Hostname":"DC01.sec555.com","Keywords":2305843009213693952,"EventType":"INFO","SeverityValue":2,"Severity":"INFO","EventID":192,"SourceName":"Microsoft-Windows-ServerManager-MultiMachine","ProviderGuid":"{D8D37081-10BD-4A89-A971-1CDA6899BDB3}","Version":0,"Task":10,"OpcodeValue":0,"RecordNumber":4792,"ProcessID":4924,"ThreadID":4400,"Channel":"Microsoft-Windows-ServerManager-MultiMachine/Operational","Domain":"SEC555","AccountName":"jhenderson","UserID":"S-1-5-21-4122792944-3018364698-3069667417-1001","AccountType":"User","Message":"Refresh item completed. Server: DC01.sec555.com, Session Item Count: 1","Category":"Server manager refresh task.","Opcode":"Info","MachineName":"DC01.sec555.com","Count":"1","EventReceivedTime":1496947287,"SourceModuleName":"eventlog","SourceModuleType":"im_msvistalog","@version":"1","@timestamp":"2017-06-08T18:41:26.943Z","host":"10.5.55.2","port":59656,"type":"windows","tags":["json"]}
{"EventTime":"2017-06-08 13:41:25","Hostname":"DC01.sec555.com","Keywords":2305843009213693952,"EventType":"INFO","SeverityValue":2,"Severity":"INFO","EventID":172,"SourceName":"Microsoft-Windows-ServerManager-MultiMachine","ProviderGuid":"{D8D37081-10BD-4A89-A971-1CDA6899BDB3}","Version":0,"Task":10,"OpcodeValue":0,"RecordNumber":4793,"ProcessID":4924,"ThreadID":4400,"Channel":"Microsoft-Windows-ServerManager-MultiMachine/Operational","Domain":"SEC555","AccountName":"jhenderson","UserID":"S-1-5-21-4122792944-3018364698-3069667417-1001","AccountType":"User","Message":"Refresh session completed. Id: {ECB68811-3159-4E1B-B06D-A74EAB6E9B69}","Category":"Server manager refresh task.","Opcode":"Info","ID":"{ECB68811-3159-4E1B-B06D-A74EAB6E9B69}","EventReceivedTime":1496947287,"SourceModuleName":"eventlog","SourceModuleType":"im_msvistalog","@version":"1","@timestamp":"2017-06-08T18:41:26.943Z","host":"10.5.55.2","port":59656,"type":"windows","tags":["json"]}
{"EventTime":"2017-06-08 13:41:33","Hostname":"DC01.sec555.com","Keywords":-9214364837600034816,"EventType":"AUDIT_SUCCESS","SeverityValue":2,"Severity":"INFO","EventID":4672,"SourceName":"Microsoft-Windows-Security-Auditing","ProviderGuid":"{54849625-5478-4994-A5BA-3E3B0328C30D}","Version":0,"Task":12548,"OpcodeValue":0,"RecordNumber":549681,"ProcessID":536,"ThreadID":3228,"Channel":"Security","Message":"Special privileges assigned to new logon.\r\n\r\nSubject:\r\n\tSecurity ID:\t\tS-1-5-18\r\n\tAccount Name:\t\tDC01$\r\n\tAccount Domain:\t\tSEC555\r\n\tLogon ID:\t\t0xD5A567\r\n\r\nPrivileges:\t\tSeSecurityPrivilege\r\n\t\t\tSeBackupPrivilege\r\n\t\t\tSeRestorePrivilege\r\n\t\t\tSeTakeOwnershipPrivilege\r\n\t\t\tSeDebugPrivilege\r\n\t\t\tSeSystemEnvironmentPrivilege\r\n\t\t\tSeLoadDriverPrivilege\r\n\t\t\tSeImpersonatePrivilege\r\n\t\t\tSeEnableDelegationPrivilege","Category":"Special Logon","Opcode":"Info","SubjectUserSid":"S-1-5-18","SubjectUserName":"DC01$","SubjectDomainName":"SEC555","SubjectLogonId":"0xd5a567","PrivilegeList":"SeSecurityPrivilege\r\n\t\t\tSeBackupPrivilege\r\n\t\t\tSeRestorePrivilege\r\n\t\t\tSeTakeOwnershipPrivilege\r\n\t\t\tSeDebugPrivilege\r\n\t\t\tSeSystemEnvironmentPrivilege\r\n\t\t\tSeLoadDriverPrivilege\r\n\t\t\tSeImpersonatePrivilege\r\n\t\t\tSeEnableDelegationPrivilege","EventReceivedTime":1496947295,"SourceModuleName":"eventlog","SourceModuleType":"im_msvistalog","@version":"1","@timestamp":"2017-06-08T18:41:34.981Z","host":"10.5.55.2","port":59656,"type":"windows","tags":["json"]}
{"EventTime":"2017-06-08 13:41:33","Hostname":"DC01.sec555.com","Keywords":-9214364837600034816,"EventType":"AUDIT_SUCCESS","SeverityValue":2,"Severity":"INFO","EventID":4624,"SourceName":"Microsoft-Windows-Security-Auditing","ProviderGuid":"{54849625-5478-4994-A5BA-3E3B0328C30D}","Version":1,"Task":12544,"OpcodeValue":0,"RecordNumber":549682,"ProcessID":536,"ThreadID":3228,"Channel":"Security","Message":"An account was successfully logged on.\r\n\r\nSubject:\r\n\tSecurity ID:\t\tS-1-0-0\r\n\tAccount Name:\t\t-\r\n\tAccount Domain:\t\t-\r\n\tLogon ID:\t\t0x0\r\n\r\nLogon Type:\t\t\t3\r\n\r\nImpersonation Level:\t\tImpersonation\r\n\r\nNew Logon:\r\n\tSecurity ID:\t\tS-1-5-18\r\n\tAccount Name:\t\tDC01$\r\n\tAccount Domain:\t\tSEC555\r\n\tLogon ID:\t\t0xD5A567\r\n\tLogon GUID:\t\t{F2745349-6DDC-9FD6-ACEB-A0F80B1630E4}\r\n\r\nProcess Information:\r\n\tProcess ID:\t\t0x0\r\n\tProcess Name:\t\t-\r\n\r\nNetwork Information:\r\n\tWorkstation Name:\t\r\n\tSource Network Address:\t::1\r\n\tSource Port:\t\t59678\r\n\r\nDetailed Authentication Information:\r\n\tLogon Process:\t\tKerberos\r\n\tAuthentication Package:\tKerberos\r\n\tTransited Services:\t-\r\n\tPackage Name (NTLM only):\t-\r\n\tKey Length:\t\t0\r\n\r\nThis event is generated when a logon session is created. It is generated on the computer that was accessed.\r\n\r\nThe subject fields indicate the account on the local system which requested the logon. This is most commonly a service such as the Server service, or a local process such as Winlogon.exe or Services.exe.\r\n\r\nThe logon type field indicates the kind of logon that occurred. The most common types are 2 (interactive) and 3 (network).\r\n\r\nThe New Logon fields indicate the account for whom the new logon was created, i.e. the account that was logged on.\r\n\r\nThe network fields indicate where a remote logon request originated. Workstation name is not always available and may be left blank in some cases.\r\n\r\nThe impersonation level field indicates the extent to which a process in the logon session can impersonate.\r\n\r\nThe authentication information fields provide detailed information about this specific logon request.\r\n\t- Logon GUID is a unique identifier that can be used to correlate this event with a KDC event.\r\n\t- Transited services indicate which intermediate services have participated in this logon request.\r\n\t- Package name indicates which sub-protocol was used among the NTLM protocols.\r\n\t- Key length indicates the length of the generated session key. This will be 0 if no session key was requested.","Category":"Logon","Opcode":"Info","SubjectUserSid":"S-1-0-0","SubjectUserName":"-","SubjectDomainName":"-","SubjectLogonId":"0x0","TargetUserSid":"S-1-5-18","TargetUserName":"DC01$","TargetDomainName":"SEC555","TargetLogonId":"0xd5a567","LogonType":"3","LogonProcessName":"Kerberos","AuthenticationPackageName":"Kerberos","LogonGuid":"{F2745349-6DDC-9FD6-ACEB-A0F80B1630E4}","TransmittedServices":"-","LmPackageName":"-","KeyLength":"0","ProcessName":"-","IpAddress":"::1","IpPort":"59678","ImpersonationLevel":"%%1833","EventReceivedTime":1496947295,"SourceModuleName":"eventlog","SourceModuleType":"im_msvistalog","@version":"1","@timestamp":"2017-06-08T18:41:34.982Z","host":"10.5.55.2","port":59656,"type":"windows","tags":["json"]}
{"EventTime":"2017-06-08 13:41:33","Hostname":"DC01.sec555.com","Keywords":-9214364837600034816,"EventType":"AUDIT_SUCCESS","SeverityValue":2,"Severity":"INFO","EventID":4634,"SourceName":"Microsoft-Windows-Security-Auditing","ProviderGuid":"{54849625-5478-4994-A5BA-3E3B0328C30D}","Version":0,"Task":12545,"OpcodeValue":0,"RecordNumber":549683,"ProcessID":536,"ThreadID":3544,"Channel":"Security","Message":"An account was logged off.\r\n\r\nSubject:\r\n\tSecurity ID:\t\tS-1-5-18\r\n\tAccount Name:\t\tDC01$\r\n\tAccount Domain:\t\tSEC555\r\n\tLogon ID:\t\t0xD5A567\r\n\r\nLogon Type:\t\t\t3\r\n\r\nThis event is generated when a logon session is destroyed. It may be positively correlated with a logon event using the Logon ID value. Logon IDs are only unique between reboots on the same computer.","Category":"Logoff","Opcode":"Info","TargetUserSid":"S-1-5-18","TargetUserName":"DC01$","TargetDomainName":"SEC555","TargetLogonId":"0xd5a567","LogonType":"3","EventReceivedTime":1496947295,"SourceModuleName":"eventlog","SourceModuleType":"im_msvistalog","@version":"1","@timestamp":"2017-06-08T18:41:34.982Z","host":"10.5.55.2","port":59656,"type":"windows","tags":["json"]}
{"EventTime":"2017-06-08 13:41:37","Hostname":"IT01.sec555.com","Keywords":-9187343239835811840,"EventType":"INFO","SeverityValue":2,"Severity":"INFO","EventID":7036,"SourceName":"Service Control Manager","ProviderGuid":"{555908D1-A6D7-4695-8E1E-26931D2012F4}","Version":0,"Task":0,"OpcodeValue":0,"RecordNumber":31592,"ProcessID":484,"ThreadID":2860,"Channel":"System","Message":"The WinHTTP Web Proxy Auto-Discovery Service service entered the running state.","param1":"WinHTTP Web Proxy Auto-Discovery Service","param2":"running","EventReceivedTime":1496947299,"SourceModuleName":"eventlog","SourceModuleType":"im_msvistalog","@version":"1","@timestamp":"2017-06-08T18:41:38.981Z","host":"192.168.1.52","port":49522,"type":"windows","tags":["json"]}
{"EventTime":"2017-06-08 13:41:37","Hostname":"IT01.sec555.com","Keywords":-9218868437227405312,"EventType":"AUDIT_FAILURE","SeverityValue":4,"Severity":"ERROR","EventID":4957,"SourceName":"Microsoft-Windows-Security-Auditing","ProviderGuid":"{54849625-5478-4994-A5BA-3E3B0328C30D}","Version":0,"Task":13571,"OpcodeValue":0,"RecordNumber":13819578,"ProcessID":500,"ThreadID":1352,"Channel":"Security","Message":"Windows Firewall did not apply the following rule:\r\n\r\nRule Information:\r\n\tID:\tCoreNet-IPHTTPS-In\r\n\tName:\tCore Networking - IPHTTPS (TCP-In)\r\n\r\nError Information:\r\n\tReason:\tLocal Port resolved to an empty set.","Category":"MPSSVC Rule-Level Policy Change","Opcode":"Info","RuleId":"CoreNet-IPHTTPS-In","RuleName":"Core Networking - IPHTTPS (TCP-In)","RuleAttr":"Local Port","EventReceivedTime":1496947299,"SourceModuleName":"eventlog","SourceModuleType":"im_msvistalog","@version":"1","@timestamp":"2017-06-08T18:41:38.982Z","host":"192.168.1.52","port":49522,"type":"windows","tags":["json"]}
{"EventTime":"2017-06-08 13:41:37","Hostname":"IT01.sec555.com","Keywords":-9218868437227405312,"EventType":"AUDIT_FAILURE","SeverityValue":4,"Severity":"ERROR","EventID":4957,"SourceName":"Microsoft-Windows-Security-Auditing","ProviderGuid":"{54849625-5478-4994-A5BA-3E3B0328C30D}","Version":0,"Task":13571,"OpcodeValue":0,"RecordNumber":13819579,"ProcessID":500,"ThreadID":1352,"Channel":"Security","Message":"Windows Firewall did not apply the following rule:\r\n\r\nRule Information:\r\n\tID:\tCoreNet-Teredo-In\r\n\tName:\tCore Networking - Teredo (UDP-In)\r\n\r\nError Information:\r\n\tReason:\tLocal Port resolved to an empty set.","Category":"MPSSVC Rule-Level Policy Change","Opcode":"Info","RuleId":"CoreNet-Teredo-In","RuleName":"Core Networking - Teredo (UDP-In)","RuleAttr":"Local Port","EventReceivedTime":1496947299,"SourceModuleName":"eventlog","SourceModuleType":"im_msvistalog","@version":"1","@timestamp":"2017-06-08T18:41:38.982Z","host":"192.168.1.52","port":49522,"type":"windows","tags":["json"]}
{"EventTime":"2017-06-08 13:41:37","Hostname":"IT01.sec555.com","Keywords":-9218868437227405312,"EventType":"AUDIT_FAILURE","SeverityValue":4,"Severity":"ERROR","EventID":4957,"SourceName":"Microsoft-Windows-Security-Auditing","ProviderGuid":"{54849625-5478-4994-A5BA-3E3B0328C30D}","Version":0,"Task":13571,"OpcodeValue":0,"RecordNumber":13819580,"ProcessID":500,"ThreadID":1352,"Channel":"Security","Message":"Windows Firewall did not apply the following rule:\r\n\r\nRule Information:\r\n\tID:\tCoreNet-IPHTTPS-In\r\n\tName:\tCore Networking - IPHTTPS (TCP-In)\r\n\r\nError Information:\r\n\tReason:\tLocal Port resolved to an empty set.","Category":"MPSSVC Rule-Level Policy Change","Opcode":"Info","RuleId":"CoreNet-IPHTTPS-In","RuleName":"Core Networking - IPHTTPS (TCP-In)","RuleAttr":"Local Port","EventReceivedTime":1496947299,"SourceModuleName":"eventlog","SourceModuleType":"im_msvistalog","@version":"1","@timestamp":"2017-06-08T18:41:38.983Z","host":"192.168.1.52","port":49522,"type":"windows","tags":["json"]}
{"EventTime":"2017-06-08 13:41:37","Hostname":"IT01.sec555.com","Keywords":-9218868437227405312,"EventType":"AUDIT_FAILURE","SeverityValue":4,"Severity":"ERROR","EventID":4957,"SourceName":"Microsoft-Windows-Security-Auditing","ProviderGuid":"{54849625-5478-4994-A5BA-3E3B0328C30D}","Version":0,"Task":13571,"OpcodeValue":0,"RecordNumber":13819581,"ProcessID":500,"ThreadID":1352,"Channel":"Security","Message":"Windows Firewall did not apply the following rule:\r\n\r\nRule Information:\r\n\tID:\tCoreNet-Teredo-In\r\n\tName:\tCore Networking - Teredo (UDP-In)\r\n\r\nError Information:\r\n\tReason:\tLocal Port resolved to an empty set.","Category":"MPSSVC Rule-Level Policy Change","Opcode":"Info","RuleId":"CoreNet-Teredo-In","RuleName":"Core Networking - Teredo (UDP-In)","RuleAttr":"Local Port","EventReceivedTime":1496947299,"SourceModuleName":"eventlog","SourceModuleType":"im_msvistalog","@version":"1","@timestamp":"2017-06-08T18:41:38.983Z","host":"192.168.1.52","port":49522,"type":"windows","tags":["json"]}
{"EventTime":"2017-06-08 13:41:44","Hostname":"DC02.sec555.com","Keywords":-9214364837600034816,"EventType":"AUDIT_SUCCESS","SeverityValue":2,"Severity":"INFO","EventID":4672,"SourceName":"Microsoft-Windows-Security-Auditing","ProviderGuid":"{54849625-5478-4994-A5BA-3E3B0328C30D}","Version":0,"Task":12548,"OpcodeValue":0,"RecordNumber":396596,"ProcessID":572,"ThreadID":1812,"Channel":"Security","Message":"Special privileges assigned to new logon.\r\n\r\nSubject:\r\n\tSecurity ID:\t\tS-1-5-18\r\n\tAccount Name:\t\tDC02$\r\n\tAccount Domain:\t\tSEC555\r\n\tLogon ID:\t\t0xFC065E\r\n\r\nPrivileges:\t\tSeSecurityPrivilege\r\n\t\t\tSeBackupPrivilege\r\n\t\t\tSeRestorePrivilege\r\n\t\t\tSeTakeOwnershipPrivilege\r\n\t\t\tSeDebugPrivilege\r\n\t\t\tSeSystemEnvironmentPrivilege\r\n\t\t\tSeLoadDriverPrivilege\r\n\t\t\tSeImpersonatePrivilege\r\n\t\t\tSeDelegateSessionUserImpersonatePrivilege\r\n\t\t\tSeEnableDelegationPrivilege","Category":"Special Logon","Opcode":"Info","SubjectUserSid":"S-1-5-18","SubjectUserName":"DC02$","SubjectDomainName":"SEC555","SubjectLogonId":"0xfc065e","PrivilegeList":"SeSecurityPrivilege\r\n\t\t\tSeBackupPrivilege\r\n\t\t\tSeRestorePrivilege\r\n\t\t\tSeTakeOwnershipPrivilege\r\n\t\t\tSeDebugPrivilege\r\n\t\t\tSeSystemEnvironmentPrivilege\r\n\t\t\tSeLoadDriverPrivilege\r\n\t\t\tSeImpersonatePrivilege\r\n\t\t\tSeDelegateSessionUserImpersonatePrivilege\r\n\t\t\tSeEnableDelegationPrivilege","EventReceivedTime":1496947305,"SourceModuleName":"eventlog","SourceModuleType":"im_msvistalog","@version":"1","@timestamp":"2017-06-08T18:41:45.842Z","host":"10.5.55.3","port":62092,"type":"windows","tags":["json"]}
{"EventTime":"2017-06-08 13:41:44","Hostname":"DC02.sec555.com","Keywords":-9214364837600034816,"EventType":"AUDIT_SUCCESS","SeverityValue":2,"Severity":"INFO","EventID":4624,"SourceName":"Microsoft-Windows-Security-Auditing","ProviderGuid":"{54849625-5478-4994-A5BA-3E3B0328C30D}","Version":2,"Task":12544,"OpcodeValue":0,"RecordNumber":396597,"ProcessID":572,"ThreadID":1812,"Channel":"Security","Message":"An account was successfully logged on.\r\n\r\nSubject:\r\n\tSecurity ID:\t\tS-1-0-0\r\n\tAccount Name:\t\t-\r\n\tAccount Domain:\t\t-\r\n\tLogon ID:\t\t0x0\r\n\r\nLogon Information:\r\n\tLogon Type:\t\t3\r\n\tRestricted Admin Mode:\t-\r\n\tVirtual Account:\t\tNo\r\n\tElevated Token:\t\tYes\r\n\r\nImpersonation Level:\t\tImpersonation\r\n\r\nNew Logon:\r\n\tSecurity ID:\t\tS-1-5-18\r\n\tAccount Name:\t\tDC02$\r\n\tAccount Domain:\t\tSEC555.COM\r\n\tLogon ID:\t\t0xFC065E\r\n\tLinked Logon ID:\t\t0x0\r\n\tNetwork Account Name:\t-\r\n\tNetwork Account Domain:\t-\r\n\tLogon GUID:\t\t{6B3C4A7A-9DB7-5429-B063-384820A4FAA7}\r\n\r\nProcess Information:\r\n\tProcess ID:\t\t0x0\r\n\tProcess Name:\t\t-\r\n\r\nNetwork Information:\r\n\tWorkstation Name:\t\r\n\tSource Network Address:\t::1\r\n\tSource Port:\t\t62127\r\n\r\nDetailed Authentication Information:\r\n\tLogon Process:\t\tKerberos\r\n\tAuthentication Package:\tKerberos\r\n\tTransited Services:\t-\r\n\tPackage Name (NTLM only):\t-\r\n\tKey Length:\t\t0\r\n\r\nThis event is generated when a logon session is created. It is generated on the computer that was accessed.\r\n\r\nThe subject fields indicate the account on the local system which requested the logon. This is most commonly a service such as the Server service, or a local process such as Winlogon.exe or Services.exe.\r\n\r\nThe logon type field indicates the kind of logon that occurred. The most common types are 2 (interactive) and 3 (network).\r\n\r\nThe New Logon fields indicate the account for whom the new logon was created, i.e. the account that was logged on.\r\n\r\nThe network fields indicate where a remote logon request originated. Workstation name is not always available and may be left blank in some cases.\r\n\r\nThe impersonation level field indicates the extent to which a process in the logon session can impersonate.\r\n\r\nThe authentication information fields provide detailed information about this specific logon request.\r\n\t- Logon GUID is a unique identifier that can be used to correlate this event with a KDC event.\r\n\t- Transited services indicate which intermediate services have participated in this logon request.\r\n\t- Package name indicates which sub-protocol was used among the NTLM protocols.\r\n\t- Key length indicates the length of the generated session key. This will be 0 if no session key was requested.","Category":"Logon","Opcode":"Info","SubjectUserSid":"S-1-0-0","SubjectUserName":"-","SubjectDomainName":"-","SubjectLogonId":"0x0","TargetUserSid":"S-1-5-18","TargetUserName":"DC02$","TargetDomainName":"SEC555.COM","TargetLogonId":"0xfc065e","LogonType":"3","LogonProcessName":"Kerberos","AuthenticationPackageName":"Kerberos","LogonGuid":"{6B3C4A7A-9DB7-5429-B063-384820A4FAA7}","TransmittedServices":"-","LmPackageName":"-","KeyLength":"0","ProcessName":"-","IpAddress":"::1","IpPort":"62127","ImpersonationLevel":"%%1833","RestrictedAdminMode":"-","TargetOutboundUserName":"-","TargetOutboundDomainName":"-","VirtualAccount":"%%1843","TargetLinkedLogonId":"0x0","ElevatedToken":"%%1842","EventReceivedTime":1496947305,"SourceModuleName":"eventlog","SourceModuleType":"im_msvistalog","@version":"1","@timestamp":"2017-06-08T18:41:45.843Z","host":"10.5.55.3","port":62092,"type":"windows","tags":["json"]}
{"EventTime":"2017-06-08 13:41:44","Hostname":"DC02.sec555.com","Keywords":-9214364837600034816,"EventType":"AUDIT_SUCCESS","SeverityValue":2,"Severity":"INFO","EventID":4634,"SourceName":"Microsoft-Windows-Security-Auditing","ProviderGuid":"{54849625-5478-4994-A5BA-3E3B0328C30D}","Version":0,"Task":12545,"OpcodeValue":0,"RecordNumber":396598,"ProcessID":572,"ThreadID":3292,"Channel":"Security","Message":"An account was logged off.\r\n\r\nSubject:\r\n\tSecurity ID:\t\tS-1-5-18\r\n\tAccount Name:\t\tDC02$\r\n\tAccount Domain:\t\tSEC555\r\n\tLogon ID:\t\t0xFC065E\r\n\r\nLogon Type:\t\t\t3\r\n\r\nThis event is generated when a logon session is destroyed. It may be positively correlated with a logon event using the Logon ID value. Logon IDs are only unique between reboots on the same computer.","Category":"Logoff","Opcode":"Info","TargetUserSid":"S-1-5-18","TargetUserName":"DC02$","TargetDomainName":"SEC555","TargetLogonId":"0xfc065e","LogonType":"3","EventReceivedTime":1496947305,"SourceModuleName":"eventlog","SourceModuleType":"im_msvistalog","@version":"1","@timestamp":"2017-06-08T18:41:45.843Z","host":"10.5.55.3","port":62092,"type":"windows","tags":["json"]}
{"EventTime":"2017-06-08 13:42:02","Hostname":"DC01.sec555.com","Keywords":-9214364837600034816,"EventType":"AUDIT_SUCCESS","SeverityValue":2,"Severity":"INFO","EventID":4624,"SourceName":"Microsoft-Windows-Security-Auditing","ProviderGuid":"{54849625-5478-4994-A5BA-3E3B0328C30D}","Version":1,"Task":12544,"OpcodeValue":0,"RecordNumber":549684,"ProcessID":536,"ThreadID":3544,"Channel":"Security","Message":"An account was successfully logged on.\r\n\r\nSubject:\r\n\tSecurity ID:\t\tS-1-0-0\r\n\tAccount Name:\t\t-\r\n\tAccount Domain:\t\t-\r\n\tLogon ID:\t\t0x0\r\n\r\nLogon Type:\t\t\t3\r\n\r\nImpersonation Level:\t\tDelegation\r\n\r\nNew Logon:\r\n\tSecurity ID:\t\tS-1-5-21-4122792944-3018364698-3069667417-1147\r\n\tAccount Name:\t\tASSISTANT01$\r\n\tAccount Domain:\t\tSEC555\r\n\tLogon ID:\t\t0xD5B355\r\n\tLogon GUID:\t\t{7597ACDF-A3D2-3A33-1DD6-45A418B79F00}\r\n\r\nProcess Information:\r\n\tProcess ID:\t\t0x0\r\n\tProcess Name:\t\t-\r\n\r\nNetwork Information:\r\n\tWorkstation Name:\t\r\n\tSource Network Address:\t192.168.2.52\r\n\tSource Port:\t\t49981\r\n\r\nDetailed Authentication Information:\r\n\tLogon Process:\t\tKerberos\r\n\tAuthentication Package:\tKerberos\r\n\tTransited Services:\t-\r\n\tPackage Name (NTLM only):\t-\r\n\tKey Length:\t\t0\r\n\r\nThis event is generated when a logon session is created. It is generated on the computer that was accessed.\r\n\r\nThe subject fields indicate the account on the local system which requested the logon. This is most commonly a service such as the Server service, or a local process such as Winlogon.exe or Services.exe.\r\n\r\nThe logon type field indicates the kind of logon that occurred. The most common types are 2 (interactive) and 3 (network).\r\n\r\nThe New Logon fields indicate the account for whom the new logon was created, i.e. the account that was logged on.\r\n\r\nThe network fields indicate where a remote logon request originated. Workstation name is not always available and may be left blank in some cases.\r\n\r\nThe impersonation level field indicates the extent to which a process in the logon session can impersonate.\r\n\r\nThe authentication information fields provide detailed information about this specific logon request.\r\n\t- Logon GUID is a unique identifier that can be used to correlate this event with a KDC event.\r\n\t- Transited services indicate which intermediate services have participated in this logon request.\r\n\t- Package name indicates which sub-protocol was used among the NTLM protocols.\r\n\t- Key length indicates the length of the generated session key. This will be 0 if no session key was requested.","Category":"Logon","Opcode":"Info","SubjectUserSid":"S-1-0-0","SubjectUserName":"-","SubjectDomainName":"-","SubjectLogonId":"0x0","TargetUserSid":"S-1-5-21-4122792944-3018364698-3069667417-1147","TargetUserName":"ASSISTANT01$","TargetDomainName":"SEC555","TargetLogonId":"0xd5b355","LogonType":"3","LogonProcessName":"Kerberos","AuthenticationPackageName":"Kerberos","LogonGuid":"{7597ACDF-A3D2-3A33-1DD6-45A418B79F00}","TransmittedServices":"-","LmPackageName":"-","KeyLength":"0","ProcessName":"-","IpAddress":"192.168.2.52","IpPort":"49981","ImpersonationLevel":"%%1840","EventReceivedTime":1496947323,"SourceModuleName":"eventlog","SourceModuleType":"im_msvistalog","@version":"1","@timestamp":"2017-06-08T18:42:03.249Z","host":"10.5.55.2","port":59656,"type":"windows","tags":["json"]}
{"EventTime":"2017-06-08 13:42:02","Hostname":"DC01.sec555.com","Keywords":-9214364837600034816,"EventType":"AUDIT_SUCCESS","SeverityValue":2,"Severity":"INFO","EventID":5140,"SourceName":"Microsoft-Windows-Security-Auditing","ProviderGuid":"{54849625-5478-4994-A5BA-3E3B0328C30D}","Version":1,"Task":12808,"OpcodeValue":0,"RecordNumber":549685,"ProcessID":4,"ThreadID":2184,"Channel":"Security","Message":"A network share object was accessed.\r\n\t\r\nSubject:\r\n\tSecurity ID:\t\tS-1-5-21-4122792944-3018364698-3069667417-1147\r\n\tAccount Name:\t\tASSISTANT01$\r\n\tAccount Domain:\t\tSEC555\r\n\tLogon ID:\t\t0xD5B355\r\n\r\nNetwork Information:\t\r\n\tObject Type:\t\tFile\r\n\tSource Address:\t\t192.168.2.52\r\n\tSource Port:\t\t49981\r\n\t\r\nShare Information:\r\n\tShare Name:\t\t\\\\*\\IPC$\r\n\tShare Path:\t\t\r\n\r\nAccess Request Information:\r\n\tAccess Mask:\t\t0x1\r\n\tAccesses:\t\tReadData (or ListDirectory)\r\n\t\t\t\t\r\n","Category":"File Share","Opcode":"Info","SubjectUserSid":"S-1-5-21-4122792944-3018364698-3069667417-1147","SubjectUserName":"ASSISTANT01$","SubjectDomainName":"SEC555","SubjectLogonId":"0xd5b355","ObjectType":"File","IpAddress":"192.168.2.52","IpPort":"49981","ShareName":"\\\\*\\IPC$","AccessMask":"0x1","AccessList":"%%4416\r\n\t\t\t\t","EventReceivedTime":1496947323,"SourceModuleName":"eventlog","SourceModuleType":"im_msvistalog","@version":"1","@timestamp":"2017-06-08T18:42:03.249Z","host":"10.5.55.2","port":59656,"type":"windows","tags":["json"]}
{"EventTime":"2017-06-08 13:42:02","Hostname":"assistant01.sec555.com","Keywords":-9218868437227405312,"EventType":"AUDIT_FAILURE","SeverityValue":4,"Severity":"ERROR","EventID":4673,"SourceName":"Microsoft-Windows-Security-Auditing","ProviderGuid":"{54849625-5478-4994-A5BA-3E3B0328C30D}","Version":0,"Task":13056,"OpcodeValue":0,"RecordNumber":7797,"ProcessID":504,"ThreadID":528,"Channel":"Security","Message":"A privileged service was called.\r\n\r\nSubject:\r\n\tSecurity ID:\t\tS-1-5-19\r\n\tAccount Name:\t\tLOCAL SERVICE\r\n\tAccount Domain:\t\tNT AUTHORITY\r\n\tLogon ID:\t\t0x3e5\r\n\r\nService:\r\n\tServer:\tSecurity\r\n\tService Name:\t-\r\n\r\nProcess:\r\n\tProcess ID:\t0x2fc\r\n\tProcess Name:\tC:\\Windows\\System32\\svchost.exe\r\n\r\nService Request Information:\r\n\tPrivileges:\t\tSeLoadDriverPrivilege","Category":"Sensitive Privilege Use","Opcode":"Info","SubjectUserSid":"S-1-5-19","SubjectUserName":"LOCAL SERVICE","SubjectDomainName":"NT AUTHORITY","SubjectLogonId":"0x3e5","ObjectServer":"Security","Service":"-","PrivilegeList":"SeLoadDriverPrivilege","ProcessName":"C:\\Windows\\System32\\svchost.exe","EventReceivedTime":1496947324,"SourceModuleName":"eventlog","SourceModuleType":"im_msvistalog","@version":"1","@timestamp":"2017-06-08T18:42:03.877Z","host":"192.168.2.52","port":49975,"type":"windows","tags":["json"]}
{"EventTime":"2017-06-08 13:42:03","Hostname":"DC01.sec555.com","Keywords":4611686018427387904,"EventType":"INFO","SeverityValue":2,"Severity":"INFO","EventID":4006,"SourceName":"Microsoft-Windows-GroupPolicy","ProviderGuid":"{AEA1B4FA-97D1-45F2-A64C-4D69FFFD92C9}","Version":1,"Task":0,"OpcodeValue":1,"RecordNumber":331241,"ActivityID":"{70E83B16-FC92-4540-ACD4-EF008DE16C1C}","ProcessID":872,"ThreadID":2856,"Channel":"Microsoft-Windows-GroupPolicy/Operational","Domain":"NT AUTHORITY","AccountName":"SYSTEM","UserID":"S-1-5-18","AccountType":"User","Message":"Starting periodic policy processing for computer SEC555\\DC01$. \r\nActivity id: {70E83B16-FC92-4540-ACD4-EF008DE16C1C}","Opcode":"Start","PolicyActivityId":"{70E83B16-FC92-4540-ACD4-EF008DE16C1C}","PrincipalSamName":"SEC555\\DC01$","IsMachine":"1","IsDomainJoined":"true","IsBackgroundProcessing":"true","IsAsyncProcessing":"false","IsServiceRestart":"false","ReasonForSyncProcessing":"0","EventReceivedTime":1496947324,"SourceModuleName":"eventlog","SourceModuleType":"im_msvistalog","@version":"1","@timestamp":"2017-06-08T18:42:04.264Z","host":"10.5.55.2","port":59656,"type":"windows","tags":["json"]}
