{"EventTime":"2017-06-08 13:43:34","Hostname":"DC02.sec555.com","Keywords":-9223372036854775808,"EventType":"INFO","SeverityValue":2,"Severity":"INFO","EventID":201,"SourceName":"Microsoft-Windows-TaskScheduler","ProviderGuid":"{DE7B24EA-73C8-4A09-985D-5BDADCFA9017}","Version":2,"Task":201,"OpcodeValue":2,"RecordNumber":8244,"ActivityID":"{C8CCC3D5-94DB-4A06-A48E-67F117FE0FAE}","ProcessID":1240,"ThreadID":1804,"Channel":"Microsoft-Windows-TaskScheduler/Operational","Domain":"NT AUTHORITY","AccountName":"SYSTEM","UserID":"S-1-5-18","AccountType":"User","Message":"Task Scheduler successfully completed task \"\\Microsoft\\XblGameSave\\XblGameSaveTaskLogon\" , instance \"{C8CCC3D5-94DB-4A06-A48E-67F117FE0FAE}\" , action \"%windir%\\System32\\XblGameSaveTask.exe\" with return code 0.","Category":"Action completed","Opcode":"Stop","TaskName":"\\Microsoft\\XblGameSave\\XblGameSaveTaskLogon","TaskInstanceId":"{C8CCC3D5-94DB-4A06-A48E-67F117FE0FAE}","ActionName":"%windir%\\System32\\XblGameSaveTask.exe","ResultCode":"0","EnginePID":"4356","EventReceivedTime":1496947416,"SourceModuleName":"eventlog","SourceModuleType":"im_msvistalog","@version":"1","@timestamp":"2017-06-08T18:43:35.949Z","host":"10.5.55.3","port":62092,"type":"windows","tags":["json"]}
{"EventTime":"2017-06-08 13:43:34","Hostname":"DC02.sec555.com","Keywords":-9223372036854775807,"EventType":"INFO","SeverityValue":2,"Severity":"INFO","EventID":102,"SourceName":"Microsoft-Windows-TaskScheduler","ProviderGuid":"{DE7B24EA-73C8-4A09-985D-5BDADCFA9017}","Version":0,"Task":102,"OpcodeValue":2,"RecordNumber":8245,"ActivityID":"{C8CCC3D5-94DB-4A06-A48E-67F117FE0FAE}","ProcessID":1240,"ThreadID":1804,"Channel":"Microsoft-Windows-TaskScheduler/Operational","Domain":"NT AUTHORITY","AccountName":"SYSTEM","UserID":"S-1-5-18","AccountType":"User","Message":"Task Scheduler successfully finished \"{C8CCC3D5-94DB-4A06-A48E-67F117FE0FAE}\" instance of the \"\\Microsoft\\XblGameSave\\XblGameSaveTaskLogon\" task for user \"NT AUTHORITY\\SYSTEM\".","Category":"Task completed","Opcode":"Stop","TaskName":"\\Microsoft\\XblGameSave\\XblGameSaveTaskLogon","UserContext":"NT AUTHORITY\\SYSTEM","InstanceId":"{C8CCC3D5-94DB-4A06-A48E-67F117FE0FAE}","EventReceivedTime":1496947416,"SourceModuleName":"eventlog","SourceModuleType":"im_msvistalog","@version":"1","@timestamp":"2017-06-08T18:43:35.949Z","host":"10.5.55.3","port":62092,"type":"windows","tags":["json"]}
{"EventTime":"2017-06-08 13:43:34","Hostname":"DC02.sec555.com","Keywords":4611686018427387904,"EventType":"INFO","SeverityValue":2,"Severity":"INFO","EventID":5324,"SourceName":"Microsoft-Windows-GroupPolicy","ProviderGuid":"{AEA1B4FA-97D1-45F2-A64C-4D69FFFD92C9}","Version":0,"Task":0,"OpcodeValue":0,"RecordNumber":265149,"ProcessID":1240,"ThreadID":1804,"Channel":"Microsoft-Windows-GroupPolicy/Operational","Domain":"NT AUTHORITY","AccountName":"SYSTEM","UserID":"S-1-5-18","AccountType":"User","Message":"Group Policy received the notification StartShell from Winlogon for session 1.","Opcode":"Info","NotificationType":"3","SessionId":"1","EventReceivedTime":1496947416,"SourceModuleName":"eventlog","SourceModuleType":"im_msvistalog","@version":"1","@timestamp":"2017-06-08T18:43:35.956Z","host":"10.5.55.3","port":62092,"type":"windows","tags":["json"]}
{"EventTime":"2017-06-08 13:43:34","Hostname":"DC02.sec555.com","Keywords":4611686018427387904,"EventType":"INFO","SeverityValue":2,"Severity":"INFO","EventID":6339,"SourceName":"Microsoft-Windows-GroupPolicy","ProviderGuid":"{AEA1B4FA-97D1-45F2-A64C-4D69FFFD92C9}","Version":0,"Task":0,"OpcodeValue":0,"RecordNumber":265150,"ProcessID":1240,"ThreadID":1804,"Channel":"Microsoft-Windows-GroupPolicy/Operational","Domain":"NT AUTHORITY","AccountName":"SYSTEM","UserID":"S-1-5-18","AccountType":"User","Message":"Group Policy Winlogon Start Shell handling completed.","Opcode":"Info","EventData":"","EventReceivedTime":1496947416,"SourceModuleName":"eventlog","SourceModuleType":"im_msvistalog","@version":"1","@timestamp":"2017-06-08T18:43:35.957Z","host":"10.5.55.3","port":62092,"type":"windows","tags":["json"]}
{"EventTime":"2017-06-08 13:43:34","Hostname":"DC02.sec555.com","Keywords":1152921504606846976,"EventType":"INFO","SeverityValue":2,"Severity":"INFO","EventID":22,"SourceName":"Microsoft-Windows-TerminalServices-LocalSessionManager","ProviderGuid":"{5D896912-022D-40AA-A3A8-4FA5515C76D7}","Version":0,"Task":0,"OpcodeValue":0,"RecordNumber":203,"ActivityID":"{61A55000-55E5-1017-0000-000000000000}","ProcessID":740,"ThreadID":4748,"Channel":"Microsoft-Windows-TerminalServices-LocalSessionManager/Operational","Domain":"NT AUTHORITY","AccountName":"SYSTEM","UserID":"S-1-5-18","AccountType":"User","Message":"Remote Desktop Services: Shell start notification received:\r\n\r\nUser: SEC555\\jhenderson\r\nSession ID: 1\r\nSource Network Address: LOCAL","Opcode":"Info","UserData":"<EventXML xmlns='Event_NS'><User>SEC555\\jhenderson</User><SessionID>1</SessionID><Address>LOCAL</Address></EventXML>","EventReceivedTime":1496947416,"SourceModuleName":"eventlog","SourceModuleType":"im_msvistalog","@version":"1","@timestamp":"2017-06-08T18:43:35.957Z","host":"10.5.55.3","port":62092,"type":"windows","tags":["json"]}
{"EventTime":"2017-06-08 13:43:34","Hostname":"DC02.sec555.com","Keywords":-9214364837600034816,"EventType":"AUDIT_SUCCESS","SeverityValue":2,"Severity":"INFO","EventID":5058,"SourceName":"Microsoft-Windows-Security-Auditing","ProviderGuid":"{54849625-5478-4994-A5BA-3E3B0328C30D}","Version":0,"Task":12292,"OpcodeValue":0,"RecordNumber":396697,"ActivityID":"{78C8CBAF-DFA9-0000-71CC-C878A9DFD201}","ProcessID":572,"ThreadID":3292,"Channel":"Security","Message":"Key file operation.\r\n\r\nSubject:\r\n\tSecurity ID:\t\tS-1-5-19\r\n\tAccount Name:\t\tLOCAL SERVICE\r\n\tAccount Domain:\t\tNT AUTHORITY\r\n\tLogon ID:\t\t0x3E5\r\n\r\nCryptographic Parameters:\r\n\tProvider Name:\tMicrosoft Software Key Storage Provider\r\n\tAlgorithm Name:\tUNKNOWN\r\n\tKey Name:\tMicrosoft Connected Devices Platform device certificate\r\n\tKey Type:\tUser key.\r\n\r\nKey File Operation Information:\r\n\tFile Path:\tC:\\Windows\\ServiceProfiles\\LocalService\\AppData\\Roaming\\Microsoft\\Crypto\\Keys\\de7cf8a7901d2ad13e5c67c29e5d1662_ba9c9439-6377-4ff0-8455-054376c8bd58\r\n\tOperation:\tRead persisted key from file.\r\n\tReturn Code:\t0x0","Category":"Other System Events","Opcode":"Info","SubjectUserSid":"S-1-5-19","SubjectUserName":"LOCAL SERVICE","SubjectDomainName":"NT AUTHORITY","SubjectLogonId":"0x3e5","ProviderName":"Microsoft Software Key Storage Provider","AlgorithmName":"UNKNOWN","KeyName":"Microsoft Connected Devices Platform device certificate","KeyType":"%%2500","KeyFilePath":"C:\\Windows\\ServiceProfiles\\LocalService\\AppData\\Roaming\\Microsoft\\Crypto\\Keys\\de7cf8a7901d2ad13e5c67c29e5d1662_ba9c9439-6377-4ff0-8455-054376c8bd58","Operation":"%%2458","ReturnCode":"0x0","EventReceivedTime":1496947416,"SourceModuleName":"eventlog","SourceModuleType":"im_msvistalog","@version":"1","@timestamp":"2017-06-08T18:43:35.957Z","host":"10.5.55.3","port":62092,"type":"windows","tags":["json"]}
{"EventTime":"2017-06-08 13:43:34","Hostname":"DC02.sec555.com","Keywords":-9214364837600034816,"EventType":"AUDIT_SUCCESS","SeverityValue":2,"Severity":"INFO","EventID":5061,"SourceName":"Microsoft-Windows-Security-Auditing","ProviderGuid":"{54849625-5478-4994-A5BA-3E3B0328C30D}","Version":0,"Task":12290,"OpcodeValue":0,"RecordNumber":396698,"ActivityID":"{78C8CBAF-DFA9-0000-71CC-C878A9DFD201}","ProcessID":572,"ThreadID":3308,"Channel":"Security","Message":"Cryptographic operation.\r\n\r\nSubject:\r\n\tSecurity ID:\t\tS-1-5-19\r\n\tAccount Name:\t\tLOCAL SERVICE\r\n\tAccount Domain:\t\tNT AUTHORITY\r\n\tLogon ID:\t\t0x3E5\r\n\r\nCryptographic Parameters:\r\n\tProvider Name:\tMicrosoft Software Key Storage Provider\r\n\tAlgorithm Name:\tECDSA_P256\r\n\tKey Name:\tMicrosoft Connected Devices Platform device certificate\r\n\tKey Type:\tUser key.\r\n\r\nCryptographic Operation:\r\n\tOperation:\tOpen Key.\r\n\tReturn Code:\t0x0","Category":"System Integrity","Opcode":"Info","SubjectUserSid":"S-1-5-19","SubjectUserName":"LOCAL SERVICE","SubjectDomainName":"NT AUTHORITY","SubjectLogonId":"0x3e5","ProviderName":"Microsoft Software Key Storage Provider","AlgorithmName":"ECDSA_P256","KeyName":"Microsoft Connected Devices Platform device certificate","KeyType":"%%2500","Operation":"%%2480","ReturnCode":"0x0","EventReceivedTime":1496947416,"SourceModuleName":"eventlog","SourceModuleType":"im_msvistalog","@version":"1","@timestamp":"2017-06-08T18:43:35.957Z","host":"10.5.55.3","port":62092,"type":"windows","tags":["json"]}
{"EventTime":"2017-06-08 13:43:34","Hostname":"DC02.sec555.com","Keywords":-9214364837600034816,"EventType":"AUDIT_SUCCESS","SeverityValue":2,"Severity":"INFO","EventID":5059,"SourceName":"Microsoft-Windows-Security-Auditing","ProviderGuid":"{54849625-5478-4994-A5BA-3E3B0328C30D}","Version":0,"Task":12292,"OpcodeValue":0,"RecordNumber":396699,"ActivityID":"{78C8CBAF-DFA9-0000-71CC-C878A9DFD201}","ProcessID":572,"ThreadID":3308,"Channel":"Security","Message":"Key migration operation.\r\n\r\nSubject:\r\n\tSecurity ID:\t\tS-1-5-19\r\n\tAccount Name:\t\tLOCAL SERVICE\r\n\tAccount Domain:\t\tNT AUTHORITY\r\n\tLogon ID:\t\t0x3E5\r\n\r\nCryptographic Parameters:\r\n\tProvider Name:\tMicrosoft Software Key Storage Provider\r\n\tAlgorithm Name:\tECDSA_P256\r\n\tKey Name:\tMicrosoft Connected Devices Platform device certificate\r\n\tKey Type:\tUser key.\r\n\r\nAdditional Information:\r\n\tOperation:\tExport of persistent cryptographic key.\r\n\tReturn Code:\t0x0","Category":"Other System Events","Opcode":"Info","SubjectUserSid":"S-1-5-19","SubjectUserName":"LOCAL SERVICE","SubjectDomainName":"NT AUTHORITY","SubjectLogonId":"0x3e5","ProviderName":"Microsoft Software Key Storage Provider","AlgorithmName":"ECDSA_P256","KeyName":"Microsoft Connected Devices Platform device certificate","KeyType":"%%2500","Operation":"%%2464","ReturnCode":"0x0","EventReceivedTime":1496947416,"SourceModuleName":"eventlog","SourceModuleType":"im_msvistalog","@version":"1","@timestamp":"2017-06-08T18:43:35.957Z","host":"10.5.55.3","port":62092,"type":"windows","tags":["json"]}
{"EventTime":"2017-06-08 13:43:34","Hostname":"DC02.sec555.com","Keywords":-9187343239835811840,"EventType":"INFO","SeverityValue":2,"Severity":"INFO","EventID":7036,"SourceName":"Service Control Manager","ProviderGuid":"{555908D1-A6D7-4695-8E1E-26931D2012F4}","Version":0,"Task":0,"OpcodeValue":0,"RecordNumber":15683,"ProcessID":564,"ThreadID":764,"Channel":"System","Message":"The Connected Devices Platform Service service entered the running state.","param1":"Connected Devices Platform Service","param2":"running","EventReceivedTime":1496947416,"SourceModuleName":"eventlog","SourceModuleType":"im_msvistalog","@version":"1","@timestamp":"2017-06-08T18:43:35.957Z","host":"10.5.55.3","port":62092,"type":"windows","tags":["json"]}
{"EventTime":"2017-06-08 13:43:34","Hostname":"DC02.sec555.com","Keywords":-9214364837600034816,"EventType":"AUDIT_SUCCESS","SeverityValue":2,"Severity":"INFO","EventID":5058,"SourceName":"Microsoft-Windows-Security-Auditing","ProviderGuid":"{54849625-5478-4994-A5BA-3E3B0328C30D}","Version":0,"Task":12292,"OpcodeValue":0,"RecordNumber":396700,"ActivityID":"{78C8CBAF-DFA9-0000-71CC-C878A9DFD201}","ProcessID":572,"ThreadID":3308,"Channel":"Security","Message":"Key file operation.\r\n\r\nSubject:\r\n\tSecurity ID:\t\tS-1-5-19\r\n\tAccount Name:\t\tLOCAL SERVICE\r\n\tAccount Domain:\t\tNT AUTHORITY\r\n\tLogon ID:\t\t0x3E5\r\n\r\nCryptographic Parameters:\r\n\tProvider Name:\tMicrosoft Software Key Storage Provider\r\n\tAlgorithm Name:\tUNKNOWN\r\n\tKey Name:\tjhenderson@sec555.com\r\n\tKey Type:\tUser key.\r\n\r\nKey File Operation Information:\r\n\tFile Path:\tC:\\Windows\\ServiceProfiles\\LocalService\\AppData\\Roaming\\Microsoft\\Crypto\\Keys\\68f2e739e52e060d2978aac340081656_b4bb2e2c-d2a3-4619-88d7-a49656ebe37a\r\n\tOperation:\tRead persisted key from file.\r\n\tReturn Code:\t0x0","Category":"Other System Events","Opcode":"Info","SubjectUserSid":"S-1-5-19","SubjectUserName":"LOCAL SERVICE","SubjectDomainName":"NT AUTHORITY","SubjectLogonId":"0x3e5","ProviderName":"Microsoft Software Key Storage Provider","AlgorithmName":"UNKNOWN","KeyName":"jhenderson@sec555.com","KeyType":"%%2500","KeyFilePath":"C:\\Windows\\ServiceProfiles\\LocalService\\AppData\\Roaming\\Microsoft\\Crypto\\Keys\\68f2e739e52e060d2978aac340081656_b4bb2e2c-d2a3-4619-88d7-a49656ebe37a","Operation":"%%2458","ReturnCode":"0x0","EventReceivedTime":1496947416,"SourceModuleName":"eventlog","SourceModuleType":"im_msvistalog","@version":"1","@timestamp":"2017-06-08T18:43:35.957Z","host":"10.5.55.3","port":62092,"type":"windows","tags":["json"]}
{"EventTime":"2017-06-08 13:43:34","Hostname":"DC02.sec555.com","Keywords":-9214364837600034816,"EventType":"AUDIT_SUCCESS","SeverityValue":2,"Severity":"INFO","EventID":5061,"SourceName":"Microsoft-Windows-Security-Auditing","ProviderGuid":"{54849625-5478-4994-A5BA-3E3B0328C30D}","Version":0,"Task":12290,"OpcodeValue":0,"RecordNumber":396701,"ActivityID":"{78C8CBAF-DFA9-0000-71CC-C878A9DFD201}","ProcessID":572,"ThreadID":3308,"Channel":"Security","Message":"Cryptographic operation.\r\n\r\nSubject:\r\n\tSecurity ID:\t\tS-1-5-19\r\n\tAccount Name:\t\tLOCAL SERVICE\r\n\tAccount Domain:\t\tNT AUTHORITY\r\n\tLogon ID:\t\t0x3E5\r\n\r\nCryptographic Parameters:\r\n\tProvider Name:\tMicrosoft Software Key Storage Provider\r\n\tAlgorithm Name:\tECDSA_P256\r\n\tKey Name:\tjhenderson@sec555.com\r\n\tKey Type:\tUser key.\r\n\r\nCryptographic Operation:\r\n\tOperation:\tOpen Key.\r\n\tReturn Code:\t0x0","Category":"System Integrity","Opcode":"Info","SubjectUserSid":"S-1-5-19","SubjectUserName":"LOCAL SERVICE","SubjectDomainName":"NT AUTHORITY","SubjectLogonId":"0x3e5","ProviderName":"Microsoft Software Key Storage Provider","AlgorithmName":"ECDSA_P256","KeyName":"jhenderson@sec555.com","KeyType":"%%2500","Operation":"%%2480","ReturnCode":"0x0","EventReceivedTime":1496947416,"SourceModuleName":"eventlog","SourceModuleType":"im_msvistalog","@version":"1","@timestamp":"2017-06-08T18:43:35.957Z","host":"10.5.55.3","port":62092,"type":"windows","tags":["json"]}
{"EventTime":"2017-06-08 13:43:34","Hostname":"DC02.sec555.com","Keywords":-9214364837600034816,"EventType":"AUDIT_SUCCESS","SeverityValue":2,"Severity":"INFO","EventID":5059,"SourceName":"Microsoft-Windows-Security-Auditing","ProviderGuid":"{54849625-5478-4994-A5BA-3E3B0328C30D}","Version":0,"Task":12292,"OpcodeValue":0,"RecordNumber":396702,"ActivityID":"{78C8CBAF-DFA9-0000-71CC-C878A9DFD201}","ProcessID":572,"ThreadID":3308,"Channel":"Security","Message":"Key migration operation.\r\n\r\nSubject:\r\n\tSecurity ID:\t\tS-1-5-19\r\n\tAccount Name:\t\tLOCAL SERVICE\r\n\tAccount Domain:\t\tNT AUTHORITY\r\n\tLogon ID:\t\t0x3E5\r\n\r\nCryptographic Parameters:\r\n\tProvider Name:\tMicrosoft Software Key Storage Provider\r\n\tAlgorithm Name:\tECDSA_P256\r\n\tKey Name:\tjhenderson@sec555.com\r\n\tKey Type:\tUser key.\r\n\r\nAdditional Information:\r\n\tOperation:\tExport of persistent cryptographic key.\r\n\tReturn Code:\t0x0","Category":"Other System Events","Opcode":"Info","SubjectUserSid":"S-1-5-19","SubjectUserName":"LOCAL SERVICE","SubjectDomainName":"NT AUTHORITY","SubjectLogonId":"0x3e5","ProviderName":"Microsoft Software Key Storage Provider","AlgorithmName":"ECDSA_P256","KeyName":"jhenderson@sec555.com","KeyType":"%%2500","Operation":"%%2464","ReturnCode":"0x0","EventReceivedTime":1496947416,"SourceModuleName":"eventlog","SourceModuleType":"im_msvistalog","@version":"1","@timestamp":"2017-06-08T18:43:35.957Z","host":"10.5.55.3","port":62092,"type":"windows","tags":["json"]}
{"EventTime":"2017-06-08 13:43:35","Hostname":"DC02.sec555.com","Keywords":-9223372036854775808,"EventType":"INFO","SeverityValue":2,"Severity":"INFO","EventID":201,"SourceName":"Microsoft-Windows-TaskScheduler","ProviderGuid":"{DE7B24EA-73C8-4A09-985D-5BDADCFA9017}","Version":2,"Task":201,"OpcodeValue":2,"RecordNumber":8246,"ActivityID":"{1E850FAA-13FC-4115-AA23-18E97F3EB585}","ProcessID":1240,"ThreadID":4140,"Channel":"Microsoft-Windows-TaskScheduler/Operational","Domain":"NT AUTHORITY","AccountName":"SYSTEM","UserID":"S-1-5-18","AccountType":"User","Message":"Task Scheduler successfully completed task \"\\Microsoft\\Windows\\CertificateServicesClient\\UserTask\" , instance \"{1E850FAA-13FC-4115-AA23-18E97F3EB585}\" , action \"Certificate Services Client Task Handler\" with return code 0.","Category":"Action completed","Opcode":"Stop","TaskName":"\\Microsoft\\Windows\\CertificateServicesClient\\UserTask","TaskInstanceId":"{1E850FAA-13FC-4115-AA23-18E97F3EB585}","ActionName":"Certificate Services Client Task Handler","ResultCode":"0","EnginePID":"2336","EventReceivedTime":1496947416,"SourceModuleName":"eventlog","SourceModuleType":"im_msvistalog","@version":"1","@timestamp":"2017-06-08T18:43:35.959Z","host":"10.5.55.3","port":62092,"type":"windows","tags":["json"]}
{"EventTime":"2017-06-08 13:43:35","Hostname":"DC02.sec555.com","Keywords":-9223372036854775807,"EventType":"INFO","SeverityValue":2,"Severity":"INFO","EventID":102,"SourceName":"Microsoft-Windows-TaskScheduler","ProviderGuid":"{DE7B24EA-73C8-4A09-985D-5BDADCFA9017}","Version":0,"Task":102,"OpcodeValue":2,"RecordNumber":8247,"ActivityID":"{1E850FAA-13FC-4115-AA23-18E97F3EB585}","ProcessID":1240,"ThreadID":4140,"Channel":"Microsoft-Windows-TaskScheduler/Operational","Domain":"NT AUTHORITY","AccountName":"SYSTEM","UserID":"S-1-5-18","AccountType":"User","Message":"Task Scheduler successfully finished \"{1E850FAA-13FC-4115-AA23-18E97F3EB585}\" instance of the \"\\Microsoft\\Windows\\CertificateServicesClient\\UserTask\" task for user \"SEC555\\jhenderson\".","Category":"Task completed","Opcode":"Stop","TaskName":"\\Microsoft\\Windows\\CertificateServicesClient\\UserTask","UserContext":"SEC555\\jhenderson","InstanceId":"{1E850FAA-13FC-4115-AA23-18E97F3EB585}","EventReceivedTime":1496947416,"SourceModuleName":"eventlog","SourceModuleType":"im_msvistalog","@version":"1","@timestamp":"2017-06-08T18:43:35.960Z","host":"10.5.55.3","port":62092,"type":"windows","tags":["json"]}
{"EventTime":"2017-06-08 13:43:35","Hostname":"DC02.sec555.com","Keywords":2306124492780339200,"EventType":"INFO","SeverityValue":2,"Severity":"INFO","EventID":62170,"SourceName":"Microsoft-Windows-Shell-Core","ProviderGuid":"{30336ED4-E327-447C-9DE0-51B652C86108}","Version":0,"Task":62170,"OpcodeValue":1,"RecordNumber":1738,"ProcessID":1692,"ThreadID":4252,"Channel":"Microsoft-Windows-Shell-Core/Operational","Domain":"SEC555","AccountName":"jhenderson","UserID":"S-1-5-21-4122792944-3018364698-3069667417-1001","AccountType":"User","Message":"Logon task 'AllLogonTasks' started with flags 8.","Opcode":"Start","LogonType":"8","TaskName":"AllLogonTasks","EventReceivedTime":1496947416,"SourceModuleName":"eventlog","SourceModuleType":"im_msvistalog","@version":"1","@timestamp":"2017-06-08T18:43:35.966Z","host":"10.5.55.3","port":62092,"type":"windows","tags":["json"]}
{"EventTime":"2017-06-08 13:43:35","Hostname":"DC02.sec555.com","Keywords":2306124492780339200,"EventType":"INFO","SeverityValue":2,"Severity":"INFO","EventID":62170,"SourceName":"Microsoft-Windows-Shell-Core","ProviderGuid":"{30336ED4-E327-447C-9DE0-51B652C86108}","Version":0,"Task":62170,"OpcodeValue":1,"RecordNumber":1739,"ProcessID":1692,"ThreadID":4252,"Channel":"Microsoft-Windows-Shell-Core/Operational","Domain":"SEC555","AccountName":"jhenderson","UserID":"S-1-5-21-4122792944-3018364698-3069667417-1001","AccountType":"User","Message":"Logon task 'PreRoamingTasks' started with flags 8.","Opcode":"Start","LogonType":"8","TaskName":"PreRoamingTasks","EventReceivedTime":1496947416,"SourceModuleName":"eventlog","SourceModuleType":"im_msvistalog","@version":"1","@timestamp":"2017-06-08T18:43:35.967Z","host":"10.5.55.3","port":62092,"type":"windows","tags":["json"]}
{"EventTime":"2017-06-08 13:43:35","Hostname":"DC02.sec555.com","Keywords":2306124492780339200,"EventType":"INFO","SeverityValue":2,"Severity":"INFO","EventID":62170,"SourceName":"Microsoft-Windows-Shell-Core","ProviderGuid":"{30336ED4-E327-447C-9DE0-51B652C86108}","Version":0,"Task":62170,"OpcodeValue":1,"RecordNumber":1740,"ProcessID":1692,"ThreadID":4252,"Channel":"Microsoft-Windows-Shell-Core/Operational","Domain":"SEC555","AccountName":"jhenderson","UserID":"S-1-5-21-4122792944-3018364698-3069667417-1001","AccountType":"User","Message":"Logon task 'ShellPrep' started with flags 8.","Opcode":"Start","LogonType":"8","TaskName":"ShellPrep","EventReceivedTime":1496947416,"SourceModuleName":"eventlog","SourceModuleType":"im_msvistalog","@version":"1","@timestamp":"2017-06-08T18:43:35.973Z","host":"10.5.55.3","port":62092,"type":"windows","tags":["json"]}
{"EventTime":"2017-06-08 13:43:35","Hostname":"DC02.sec555.com","Keywords":2306124492780339200,"EventType":"INFO","SeverityValue":2,"Severity":"INFO","EventID":62171,"SourceName":"Microsoft-Windows-Shell-Core","ProviderGuid":"{30336ED4-E327-447C-9DE0-51B652C86108}","Version":0,"Task":62170,"OpcodeValue":2,"RecordNumber":1741,"ProcessID":1692,"ThreadID":4252,"Channel":"Microsoft-Windows-Shell-Core/Operational","Domain":"SEC555","AccountName":"jhenderson","UserID":"S-1-5-21-4122792944-3018364698-3069667417-1001","AccountType":"User","Message":"Logon task 'ShellPrep' finished with flags 8.","Opcode":"Stop","LogonType":"8","TaskName":"ShellPrep","EventReceivedTime":1496947416,"SourceModuleName":"eventlog","SourceModuleType":"im_msvistalog","@version":"1","@timestamp":"2017-06-08T18:43:35.974Z","host":"10.5.55.3","port":62092,"type":"windows","tags":["json"]}
{"EventTime":"2017-06-08 13:43:35","Hostname":"DC02.sec555.com","Keywords":2306124492780339200,"EventType":"INFO","SeverityValue":2,"Severity":"INFO","EventID":62170,"SourceName":"Microsoft-Windows-Shell-Core","ProviderGuid":"{30336ED4-E327-447C-9DE0-51B652C86108}","Version":0,"Task":62170,"OpcodeValue":1,"RecordNumber":1742,"ProcessID":1692,"ThreadID":4252,"Channel":"Microsoft-Windows-Shell-Core/Operational","Domain":"SEC555","AccountName":"jhenderson","UserID":"S-1-5-21-4122792944-3018364698-3069667417-1001","AccountType":"User","Message":"Logon task 'AppReadinessPreRoamingGroup' started with flags 8.","Opcode":"Start","LogonType":"8","TaskName":"AppReadinessPreRoamingGroup","EventReceivedTime":1496947416,"SourceModuleName":"eventlog","SourceModuleType":"im_msvistalog","@version":"1","@timestamp":"2017-06-08T18:43:35.984Z","host":"10.5.55.3","port":62092,"type":"windows","tags":["json"]}
{"EventTime":"2017-06-08 13:43:35","Hostname":"DC02.sec555.com","Keywords":2306124492780339200,"EventType":"INFO","SeverityValue":2,"Severity":"INFO","EventID":62170,"SourceName":"Microsoft-Windows-Shell-Core","ProviderGuid":"{30336ED4-E327-447C-9DE0-51B652C86108}","Version":0,"Task":62170,"OpcodeValue":1,"RecordNumber":1743,"ProcessID":1692,"ThreadID":4252,"Channel":"Microsoft-Windows-Shell-Core/Operational","Domain":"SEC555","AccountName":"jhenderson","UserID":"S-1-5-21-4122792944-3018364698-3069667417-1001","AccountType":"User","Message":"Logon task 'AppReadinessPreShellGroup' started with flags 8.","Opcode":"Start","LogonType":"8","TaskName":"AppReadinessPreShellGroup","EventReceivedTime":1496947416,"SourceModuleName":"eventlog","SourceModuleType":"im_msvistalog","@version":"1","@timestamp":"2017-06-08T18:43:35.985Z","host":"10.5.55.3","port":62092,"type":"windows","tags":["json"]}
{"EventTime":"2017-06-08 13:43:35","Hostname":"DC02.sec555.com","Keywords":2306124492780339200,"EventType":"INFO","SeverityValue":2,"Severity":"INFO","EventID":62170,"SourceName":"Microsoft-Windows-Shell-Core","ProviderGuid":"{30336ED4-E327-447C-9DE0-51B652C86108}","Version":0,"Task":62170,"OpcodeValue":1,"RecordNumber":1744,"ProcessID":1692,"ThreadID":4252,"Channel":"Microsoft-Windows-Shell-Core/Operational","Domain":"SEC555","AccountName":"jhenderson","UserID":"S-1-5-21-4122792944-3018364698-3069667417-1001","AccountType":"User","Message":"Logon task 'AppResolver' started with flags 8.","Opcode":"Start","LogonType":"8","TaskName":"AppResolver","EventReceivedTime":1496947416,"SourceModuleName":"eventlog","SourceModuleType":"im_msvistalog","@version":"1","@timestamp":"2017-06-08T18:43:35.985Z","host":"10.5.55.3","port":62092,"type":"windows","tags":["json"]}
{"EventTime":"2017-06-08 13:43:35","Hostname":"DC02.sec555.com","Keywords":2306124492780339200,"EventType":"INFO","SeverityValue":2,"Severity":"INFO","EventID":62170,"SourceName":"Microsoft-Windows-Shell-Core","ProviderGuid":"{30336ED4-E327-447C-9DE0-51B652C86108}","Version":0,"Task":62170,"OpcodeValue":1,"RecordNumber":1745,"ProcessID":1692,"ThreadID":4252,"Channel":"Microsoft-Windows-Shell-Core/Operational","Domain":"SEC555","AccountName":"jhenderson","UserID":"S-1-5-21-4122792944-3018364698-3069667417-1001","AccountType":"User","Message":"Logon task 'SkydrivePrep' started with flags 8.","Opcode":"Start","LogonType":"8","TaskName":"SkydrivePrep","EventReceivedTime":1496947416,"SourceModuleName":"eventlog","SourceModuleType":"im_msvistalog","@version":"1","@timestamp":"2017-06-08T18:43:35.986Z","host":"10.5.55.3","port":62092,"type":"windows","tags":["json"]}
{"EventTime":"2017-06-08 13:43:35","Hostname":"DC02.sec555.com","Keywords":2306124492780339200,"EventType":"INFO","SeverityValue":2,"Severity":"INFO","EventID":62171,"SourceName":"Microsoft-Windows-Shell-Core","ProviderGuid":"{30336ED4-E327-447C-9DE0-51B652C86108}","Version":0,"Task":62170,"OpcodeValue":2,"RecordNumber":1746,"ProcessID":1692,"ThreadID":4252,"Channel":"Microsoft-Windows-Shell-Core/Operational","Domain":"SEC555","AccountName":"jhenderson","UserID":"S-1-5-21-4122792944-3018364698-3069667417-1001","AccountType":"User","Message":"Logon task 'SkydrivePrep' finished with flags 8.","Opcode":"Stop","LogonType":"8","TaskName":"SkydrivePrep","EventReceivedTime":1496947416,"SourceModuleName":"eventlog","SourceModuleType":"im_msvistalog","@version":"1","@timestamp":"2017-06-08T18:43:35.988Z","host":"10.5.55.3","port":62092,"type":"windows","tags":["json"]}
{"EventTime":"2017-06-08 13:43:35","Hostname":"DC02.sec555.com","Keywords":2306124492780339200,"EventType":"INFO","SeverityValue":2,"Severity":"INFO","EventID":62170,"SourceName":"Microsoft-Windows-Shell-Core","ProviderGuid":"{30336ED4-E327-447C-9DE0-51B652C86108}","Version":0,"Task":62170,"OpcodeValue":1,"RecordNumber":1747,"ProcessID":1692,"ThreadID":4252,"Channel":"Microsoft-Windows-Shell-Core/Operational","Domain":"SEC555","AccountName":"jhenderson","UserID":"S-1-5-21-4122792944-3018364698-3069667417-1001","AccountType":"User","Message":"Logon task 'RunOnce' started with flags 8.","Opcode":"Start","LogonType":"8","TaskName":"RunOnce","EventReceivedTime":1496947416,"SourceModuleName":"eventlog","SourceModuleType":"im_msvistalog","@version":"1","@timestamp":"2017-06-08T18:43:35.989Z","host":"10.5.55.3","port":62092,"type":"windows","tags":["json"]}
{"EventTime":"2017-06-08 13:43:35","Hostname":"DC02.sec555.com","Keywords":2306124492780339200,"EventType":"INFO","SeverityValue":2,"Severity":"INFO","EventID":62171,"SourceName":"Microsoft-Windows-Shell-Core","ProviderGuid":"{30336ED4-E327-447C-9DE0-51B652C86108}","Version":0,"Task":62170,"OpcodeValue":2,"RecordNumber":1748,"ProcessID":1692,"ThreadID":4252,"Channel":"Microsoft-Windows-Shell-Core/Operational","Domain":"SEC555","AccountName":"jhenderson","UserID":"S-1-5-21-4122792944-3018364698-3069667417-1001","AccountType":"User","Message":"Logon task 'RunOnce' finished with flags 8.","Opcode":"Stop","LogonType":"8","TaskName":"RunOnce","EventReceivedTime":1496947416,"SourceModuleName":"eventlog","SourceModuleType":"im_msvistalog","@version":"1","@timestamp":"2017-06-08T18:43:35.990Z","host":"10.5.55.3","port":62092,"type":"windows","tags":["json"]}
{"EventTime":"2017-06-08 13:43:35","Hostname":"DC02.sec555.com","Keywords":2306124492780339200,"EventType":"INFO","SeverityValue":2,"Severity":"INFO","EventID":62170,"SourceName":"Microsoft-Windows-Shell-Core","ProviderGuid":"{30336ED4-E327-447C-9DE0-51B652C86108}","Version":0,"Task":62170,"OpcodeValue":1,"RecordNumber":1749,"ProcessID":1692,"ThreadID":4252,"Channel":"Microsoft-Windows-Shell-Core/Operational","Domain":"SEC555","AccountName":"jhenderson","UserID":"S-1-5-21-4122792944-3018364698-3069667417-1001","AccountType":"User","Message":"Logon task 'ActiveSetup' started with flags 8.","Opcode":"Start","LogonType":"8","TaskName":"ActiveSetup","EventReceivedTime":1496947416,"SourceModuleName":"eventlog","SourceModuleType":"im_msvistalog","@version":"1","@timestamp":"2017-06-08T18:43:35.990Z","host":"10.5.55.3","port":62092,"type":"windows","tags":["json"]}
{"EventTime":"2017-06-08 13:43:35","Hostname":"DC02.sec555.com","Keywords":2305843009213759488,"EventType":"INFO","SeverityValue":2,"Severity":"INFO","EventID":28125,"SourceName":"Microsoft-Windows-Shell-Core","ProviderGuid":"{30336ED4-E327-447C-9DE0-51B652C86108}","Version":0,"Task":28137,"OpcodeValue":0,"RecordNumber":1750,"ProcessID":1692,"ThreadID":2880,"Channel":"Microsoft-Windows-Shell-Core/Operational","Domain":"SEC555","AccountName":"jhenderson","UserID":"S-1-5-21-4122792944-3018364698-3069667417-1001","AccountType":"User","Message":"Starting to refresh app resolver cache for scenario 1 with flags 268.","Opcode":"Info","Scenario":"1","Flags":"268","EventReceivedTime":1496947416,"SourceModuleName":"eventlog","SourceModuleType":"im_msvistalog","@version":"1","@timestamp":"2017-06-08T18:43:35.992Z","host":"10.5.55.3","port":62092,"type":"windows","tags":["json"]}
{"EventTime":"2017-06-08 13:43:35","Hostname":"DC02.sec555.com","Keywords":2306124492780339200,"EventType":"INFO","SeverityValue":2,"Severity":"INFO","EventID":62171,"SourceName":"Microsoft-Windows-Shell-Core","ProviderGuid":"{30336ED4-E327-447C-9DE0-51B652C86108}","Version":0,"Task":62170,"OpcodeValue":2,"RecordNumber":1751,"ProcessID":1692,"ThreadID":4252,"Channel":"Microsoft-Windows-Shell-Core/Operational","Domain":"SEC555","AccountName":"jhenderson","UserID":"S-1-5-21-4122792944-3018364698-3069667417-1001","AccountType":"User","Message":"Logon task 'ActiveSetup' finished with flags 8.","Opcode":"Stop","LogonType":"8","TaskName":"ActiveSetup","EventReceivedTime":1496947416,"SourceModuleName":"eventlog","SourceModuleType":"im_msvistalog","@version":"1","@timestamp":"2017-06-08T18:43:35.996Z","host":"10.5.55.3","port":62092,"type":"windows","tags":["json"]}
{"EventTime":"2017-06-08 13:43:35","Hostname":"DC02.sec555.com","Keywords":2306124492780339200,"EventType":"INFO","SeverityValue":2,"Severity":"INFO","EventID":62170,"SourceName":"Microsoft-Windows-Shell-Core","ProviderGuid":"{30336ED4-E327-447C-9DE0-51B652C86108}","Version":0,"Task":62170,"OpcodeValue":1,"RecordNumber":1752,"ProcessID":1692,"ThreadID":4252,"Channel":"Microsoft-Windows-Shell-Core/Operational","Domain":"SEC555","AccountName":"jhenderson","UserID":"S-1-5-21-4122792944-3018364698-3069667417-1001","AccountType":"User","Message":"Logon task 'WaitForMSAConnected' started with flags 8.","Opcode":"Start","LogonType":"8","TaskName":"WaitForMSAConnected","EventReceivedTime":1496947416,"SourceModuleName":"eventlog","SourceModuleType":"im_msvistalog","@version":"1","@timestamp":"2017-06-08T18:43:35.996Z","host":"10.5.55.3","port":62092,"type":"windows","tags":["json"]}
{"EventTime":"2017-06-08 13:43:35","Hostname":"DC02.sec555.com","Keywords":2306124492780339200,"EventType":"INFO","SeverityValue":2,"Severity":"INFO","EventID":62171,"SourceName":"Microsoft-Windows-Shell-Core","ProviderGuid":"{30336ED4-E327-447C-9DE0-51B652C86108}","Version":0,"Task":62170,"OpcodeValue":2,"RecordNumber":1753,"ProcessID":1692,"ThreadID":4252,"Channel":"Microsoft-Windows-Shell-Core/Operational","Domain":"SEC555","AccountName":"jhenderson","UserID":"S-1-5-21-4122792944-3018364698-3069667417-1001","AccountType":"User","Message":"Logon task 'WaitForMSAConnected' finished with flags 8.","Opcode":"Stop","LogonType":"8","TaskName":"WaitForMSAConnected","EventReceivedTime":1496947416,"SourceModuleName":"eventlog","SourceModuleType":"im_msvistalog","@version":"1","@timestamp":"2017-06-08T18:43:35.997Z","host":"10.5.55.3","port":62092,"type":"windows","tags":["json"]}
{"EventTime":"2017-06-08 13:43:35","Hostname":"DC02.sec555.com","Keywords":2306124492780339200,"EventType":"INFO","SeverityValue":2,"Severity":"INFO","EventID":62171,"SourceName":"Microsoft-Windows-Shell-Core","ProviderGuid":"{30336ED4-E327-447C-9DE0-51B652C86108}","Version":0,"Task":62170,"OpcodeValue":2,"RecordNumber":1754,"ProcessID":1692,"ThreadID":4252,"Channel":"Microsoft-Windows-Shell-Core/Operational","Domain":"SEC555","AccountName":"jhenderson","UserID":"S-1-5-21-4122792944-3018364698-3069667417-1001","AccountType":"User","Message":"Logon task 'AppReadinessPreRoamingGroup' finished with flags 8.","Opcode":"Stop","LogonType":"8","TaskName":"AppReadinessPreRoamingGroup","EventReceivedTime":1496947416,"SourceModuleName":"eventlog","SourceModuleType":"im_msvistalog","@version":"1","@timestamp":"2017-06-08T18:43:35.997Z","host":"10.5.55.3","port":62092,"type":"windows","tags":["json"]}
{"EventTime":"2017-06-08 13:43:35","Hostname":"DC02.sec555.com","Keywords":2306124492780339200,"EventType":"INFO","SeverityValue":2,"Severity":"INFO","EventID":62171,"SourceName":"Microsoft-Windows-Shell-Core","ProviderGuid":"{30336ED4-E327-447C-9DE0-51B652C86108}","Version":0,"Task":62170,"OpcodeValue":2,"RecordNumber":1755,"ProcessID":1692,"ThreadID":4252,"Channel":"Microsoft-Windows-Shell-Core/Operational","Domain":"SEC555","AccountName":"jhenderson","UserID":"S-1-5-21-4122792944-3018364698-3069667417-1001","AccountType":"User","Message":"Logon task 'PreRoamingTasks' finished with flags 8.","Opcode":"Stop","LogonType":"8","TaskName":"PreRoamingTasks","EventReceivedTime":1496947416,"SourceModuleName":"eventlog","SourceModuleType":"im_msvistalog","@version":"1","@timestamp":"2017-06-08T18:43:35.998Z","host":"10.5.55.3","port":62092,"type":"windows","tags":["json"]}
{"EventTime":"2017-06-08 13:43:35","Hostname":"DC02.sec555.com","Keywords":2306124492780339200,"EventType":"INFO","SeverityValue":2,"Severity":"INFO","EventID":62170,"SourceName":"Microsoft-Windows-Shell-Core","ProviderGuid":"{30336ED4-E327-447C-9DE0-51B652C86108}","Version":0,"Task":62170,"OpcodeValue":1,"RecordNumber":1756,"ProcessID":1692,"ThreadID":4252,"Channel":"Microsoft-Windows-Shell-Core/Operational","Domain":"SEC555","AccountName":"jhenderson","UserID":"S-1-5-21-4122792944-3018364698-3069667417-1001","AccountType":"User","Message":"Logon task 'PreShellTasks' started with flags 8.","Opcode":"Start","LogonType":"8","TaskName":"PreShellTasks","EventReceivedTime":1496947416,"SourceModuleName":"eventlog","SourceModuleType":"im_msvistalog","@version":"1","@timestamp":"2017-06-08T18:43:36.000Z","host":"10.5.55.3","port":62092,"type":"windows","tags":["json"]}
{"EventTime":"2017-06-08 13:43:35","Hostname":"DC02.sec555.com","Keywords":2306124492780339200,"EventType":"INFO","SeverityValue":2,"Severity":"INFO","EventID":62170,"SourceName":"Microsoft-Windows-Shell-Core","ProviderGuid":"{30336ED4-E327-447C-9DE0-51B652C86108}","Version":0,"Task":62170,"OpcodeValue":1,"RecordNumber":1757,"ProcessID":1692,"ThreadID":4252,"Channel":"Microsoft-Windows-Shell-Core/Operational","Domain":"SEC555","AccountName":"jhenderson","UserID":"S-1-5-21-4122792944-3018364698-3069667417-1001","AccountType":"User","Message":"Logon task 'RoamingBootstrapAndPayload1' started with flags 8.","Opcode":"Start","LogonType":"8","TaskName":"RoamingBootstrapAndPayload1","EventReceivedTime":1496947416,"SourceModuleName":"eventlog","SourceModuleType":"im_msvistalog","@version":"1","@timestamp":"2017-06-08T18:43:36.001Z","host":"10.5.55.3","port":62092,"type":"windows","tags":["json"]}
{"EventTime":"2017-06-08 13:43:35","Hostname":"DC02.sec555.com","Keywords":4611686018427387904,"EventType":"ERROR","SeverityValue":4,"Severity":"ERROR","EventID":6065,"SourceName":"Microsoft-Windows-SettingSync","ProviderGuid":"{83D6E83B-900B-48A3-9835-57656B6F6474}","Version":0,"Task":0,"OpcodeValue":0,"RecordNumber":13314,"ProcessID":1692,"ThreadID":4124,"Channel":"Microsoft-Windows-SettingSync/Debug","Domain":"SEC555","AccountName":"jhenderson","UserID":"S-1-5-21-4122792944-3018364698-3069667417-1001","AccountType":"User","Message":"onecoreuap\\shell\\roaming\\common\\tokenbrokerutils.cpp(273)\\settingsynccore.dll!00007FF8ADC392F2: (caller: 00007FF8ADC1F30F) ReturnHr(1) tid(101c) D0020017 ","Opcode":"Info","EventReceivedTime":1496947416,"SourceModuleName":"eventlog","SourceModuleType":"im_msvistalog","@version":"1","@timestamp":"2017-06-08T18:43:36.004Z","host":"10.5.55.3","port":62092,"type":"windows","tags":["json"]}
{"EventTime":"2017-06-08 13:43:35","Hostname":"DC02.sec555.com","Keywords":4611686018427387904,"EventType":"ERROR","SeverityValue":4,"Severity":"ERROR","EventID":6065,"SourceName":"Microsoft-Windows-SettingSync","ProviderGuid":"{83D6E83B-900B-48A3-9835-57656B6F6474}","Version":0,"Task":0,"OpcodeValue":0,"RecordNumber":13315,"ProcessID":1692,"ThreadID":4124,"Channel":"Microsoft-Windows-SettingSync/Debug","Domain":"SEC555","AccountName":"jhenderson","UserID":"S-1-5-21-4122792944-3018364698-3069667417-1001","AccountType":"User","Message":"onecoreuap\\shell\\roaming\\common\\tokenbrokerutils.cpp(282)\\settingsynccore.dll!00007FF8ADC39376: (caller: 00007FF8ADBFFBC1) ReturnHr(2) tid(101c) D0020017 ","Opcode":"Info","EventReceivedTime":1496947416,"SourceModuleName":"eventlog","SourceModuleType":"im_msvistalog","@version":"1","@timestamp":"2017-06-08T18:43:36.004Z","host":"10.5.55.3","port":62092,"type":"windows","tags":["json"]}
{"EventTime":"2017-06-08 13:43:35","Hostname":"DC02.sec555.com","Keywords":4611686018427387904,"EventType":"ERROR","SeverityValue":4,"Severity":"ERROR","EventID":6065,"SourceName":"Microsoft-Windows-SettingSync","ProviderGuid":"{83D6E83B-900B-48A3-9835-57656B6F6474}","Version":0,"Task":0,"OpcodeValue":0,"RecordNumber":13316,"ProcessID":1692,"ThreadID":4124,"Channel":"Microsoft-Windows-SettingSync/Debug","Domain":"SEC555","AccountName":"jhenderson","UserID":"S-1-5-21-4122792944-3018364698-3069667417-1001","AccountType":"User","Message":"onecoreuap\\shell\\roaming\\common\\tokenbrokerutils.cpp(418)\\settingsynccore.dll!00007FF8ADC32B88: (caller: 00007FF8ADBFF891) ReturnHr(3) tid(101c) D0020017 ","Opcode":"Info","EventReceivedTime":1496947416,"SourceModuleName":"eventlog","SourceModuleType":"im_msvistalog","@version":"1","@timestamp":"2017-06-08T18:43:36.005Z","host":"10.5.55.3","port":62092,"type":"windows","tags":["json"]}
{"EventTime":"2017-06-08 13:43:35","Hostname":"DC02.sec555.com","Keywords":4611686018427387904,"EventType":"ERROR","SeverityValue":4,"Severity":"ERROR","EventID":6065,"SourceName":"Microsoft-Windows-SettingSync","ProviderGuid":"{83D6E83B-900B-48A3-9835-57656B6F6474}","Version":0,"Task":0,"OpcodeValue":0,"RecordNumber":13317,"ProcessID":1692,"ThreadID":4124,"Channel":"Microsoft-Windows-SettingSync/Debug","Domain":"SEC555","AccountName":"jhenderson","UserID":"S-1-5-21-4122792944-3018364698-3069667417-1001","AccountType":"User","Message":"onecoreuap\\shell\\roaming\\common\\tokenbrokerutils.cpp(273)\\settingsynccore.dll!00007FF8ADC392F2: (caller: 00007FF8ADC1F30F) ReturnHr(4) tid(101c) D0020017 ","Opcode":"Info","EventReceivedTime":1496947416,"SourceModuleName":"eventlog","SourceModuleType":"im_msvistalog","@version":"1","@timestamp":"2017-06-08T18:43:36.006Z","host":"10.5.55.3","port":62092,"type":"windows","tags":["json"]}
{"EventTime":"2017-06-08 13:43:35","Hostname":"DC02.sec555.com","Keywords":4611686018427387904,"EventType":"ERROR","SeverityValue":4,"Severity":"ERROR","EventID":6065,"SourceName":"Microsoft-Windows-SettingSync","ProviderGuid":"{83D6E83B-900B-48A3-9835-57656B6F6474}","Version":0,"Task":0,"OpcodeValue":0,"RecordNumber":13318,"ProcessID":1692,"ThreadID":4124,"Channel":"Microsoft-Windows-SettingSync/Debug","Domain":"SEC555","AccountName":"jhenderson","UserID":"S-1-5-21-4122792944-3018364698-3069667417-1001","AccountType":"User","Message":"onecoreuap\\shell\\roaming\\common\\tokenbrokerutils.cpp(282)\\settingsynccore.dll!00007FF8ADC39376: (caller: 00007FF8ADC2C03A) ReturnHr(5) tid(101c) D0020017 ","Opcode":"Info","EventReceivedTime":1496947416,"SourceModuleName":"eventlog","SourceModuleType":"im_msvistalog","@version":"1","@timestamp":"2017-06-08T18:43:36.007Z","host":"10.5.55.3","port":62092,"type":"windows","tags":["json"]}
{"EventTime":"2017-06-08 13:43:35","Hostname":"DC02.sec555.com","Keywords":4611686018427387904,"EventType":"ERROR","SeverityValue":4,"Severity":"ERROR","EventID":6065,"SourceName":"Microsoft-Windows-SettingSync","ProviderGuid":"{83D6E83B-900B-48A3-9835-57656B6F6474}","Version":0,"Task":0,"OpcodeValue":0,"RecordNumber":13319,"ProcessID":1692,"ThreadID":4124,"Channel":"Microsoft-Windows-SettingSync/Debug","Domain":"SEC555","AccountName":"jhenderson","UserID":"S-1-5-21-4122792944-3018364698-3069667417-1001","AccountType":"User","Message":"onecoreuap\\shell\\roaming\\common\\tokenbrokerutils.cpp(499)\\settingsynccore.dll!00007FF8ADC2C069: (caller: 00007FF8ADBFC624) ReturnHr(6) tid(101c) D0020017 ","Opcode":"Info","EventReceivedTime":1496947416,"SourceModuleName":"eventlog","SourceModuleType":"im_msvistalog","@version":"1","@timestamp":"2017-06-08T18:43:36.013Z","host":"10.5.55.3","port":62092,"type":"windows","tags":["json"]}
{"EventTime":"2017-06-08 13:43:35","Hostname":"DC02.sec555.com","Keywords":4611686018427387904,"EventType":"ERROR","SeverityValue":4,"Severity":"ERROR","EventID":6065,"SourceName":"Microsoft-Windows-SettingSync","ProviderGuid":"{83D6E83B-900B-48A3-9835-57656B6F6474}","Version":0,"Task":0,"OpcodeValue":0,"RecordNumber":13320,"ProcessID":1692,"ThreadID":4124,"Channel":"Microsoft-Windows-SettingSync/Debug","Domain":"SEC555","AccountName":"jhenderson","UserID":"S-1-5-21-4122792944-3018364698-3069667417-1001","AccountType":"User","Message":"CAS::_EnsureInitialized CLSID initialized hit an error 0xd0020017 for guid {00000000-0000-0000-0000-000000000000}File onecoreuap\\shell\\roaming\\settingsynccore\\settingsyncinfo\\connectedaccountservices.cpp line 255","Opcode":"Info","EventReceivedTime":1496947416,"SourceModuleName":"eventlog","SourceModuleType":"im_msvistalog","@version":"1","@timestamp":"2017-06-08T18:43:36.013Z","host":"10.5.55.3","port":62092,"type":"windows","tags":["json"]}
{"EventTime":"2017-06-08 13:43:35","Hostname":"DC02.sec555.com","Keywords":4611686018427387904,"EventType":"ERROR","SeverityValue":4,"Severity":"ERROR","EventID":6065,"SourceName":"Microsoft-Windows-SettingSync","ProviderGuid":"{83D6E83B-900B-48A3-9835-57656B6F6474}","Version":0,"Task":0,"OpcodeValue":0,"RecordNumber":13321,"ProcessID":1692,"ThreadID":4124,"Channel":"Microsoft-Windows-SettingSync/Debug","Domain":"SEC555","AccountName":"jhenderson","UserID":"S-1-5-21-4122792944-3018364698-3069667417-1001","AccountType":"User","Message":"onecoreuap\\shell\\roaming\\settingsynccore\\settingsyncinfo\\connectedaccountservices.cpp(258)\\settingsynccore.dll!00007FF8ADC2BE6C: (caller: 00007FF8ADBFC0ED) ReturnHr(7) tid(101c) D0020017 ","Opcode":"Info","EventReceivedTime":1496947416,"SourceModuleName":"eventlog","SourceModuleType":"im_msvistalog","@version":"1","@timestamp":"2017-06-08T18:43:36.015Z","host":"10.5.55.3","port":62092,"type":"windows","tags":["json"]}
{"EventTime":"2017-06-08 13:43:35","Hostname":"DC02.sec555.com","Keywords":4611686018427387904,"EventType":"ERROR","SeverityValue":4,"Severity":"ERROR","EventID":6065,"SourceName":"Microsoft-Windows-SettingSync","ProviderGuid":"{83D6E83B-900B-48A3-9835-57656B6F6474}","Version":0,"Task":0,"OpcodeValue":0,"RecordNumber":13322,"ProcessID":1692,"ThreadID":4124,"Channel":"Microsoft-Windows-SettingSync/Debug","Domain":"SEC555","AccountName":"jhenderson","UserID":"S-1-5-21-4122792944-3018364698-3069667417-1001","AccountType":"User","Message":"onecoreuap\\shell\\roaming\\settingsynccore\\settingsyncinfo\\connectedaccountservices.cpp(307)\\settingsynccore.dll!00007FF8ADC32D54: (caller: 00007FF8ADBEFE73) ReturnHr(8) tid(101c) D0020017 ","Opcode":"Info","EventReceivedTime":1496947416,"SourceModuleName":"eventlog","SourceModuleType":"im_msvistalog","@version":"1","@timestamp":"2017-06-08T18:43:36.020Z","host":"10.5.55.3","port":62092,"type":"windows","tags":["json"]}
{"EventTime":"2017-06-08 13:43:35","Hostname":"DC02.sec555.com","Keywords":4611686018427387904,"EventType":"ERROR","SeverityValue":4,"Severity":"ERROR","EventID":6065,"SourceName":"Microsoft-Windows-SettingSync","ProviderGuid":"{83D6E83B-900B-48A3-9835-57656B6F6474}","Version":0,"Task":0,"OpcodeValue":0,"RecordNumber":13323,"ProcessID":1692,"ThreadID":4124,"Channel":"Microsoft-Windows-SettingSync/Debug","Domain":"SEC555","AccountName":"jhenderson","UserID":"S-1-5-21-4122792944-3018364698-3069667417-1001","AccountType":"User","Message":"onecoreuap\\shell\\roaming\\settingsynccore\\settingsyncinfo\\connectedaccountservices.cpp(114)\\settingsynccore.dll!00007FF8ADC32D95: (caller: 00007FF8ADBEFE73) ReturnHr(9) tid(101c) D0020017 ","Opcode":"Info","EventReceivedTime":1496947416,"SourceModuleName":"eventlog","SourceModuleType":"im_msvistalog","@version":"1","@timestamp":"2017-06-08T18:43:36.021Z","host":"10.5.55.3","port":62092,"type":"windows","tags":["json"]}
{"EventTime":"2017-06-08 13:43:35","Hostname":"DC02.sec555.com","Keywords":4611686018427387904,"EventType":"ERROR","SeverityValue":4,"Severity":"ERROR","EventID":6509,"SourceName":"Microsoft-Windows-SettingSync-Desktop","ProviderGuid":"{579402A2-883C-45D8-B70A-9BC856407751}","Version":0,"Task":0,"OpcodeValue":0,"RecordNumber":13324,"ProcessID":1692,"ThreadID":4124,"Channel":"Microsoft-Windows-SettingSync/Debug","Domain":"SEC555","AccountName":"jhenderson","UserID":"S-1-5-21-4122792944-3018364698-3069667417-1001","AccountType":"User","Message":"shell\\lib\\connectedidhelpers_lightweight.cpp(53)\\settingsyncpolicy.dll!00007FF8AE5DCCB1: (caller: 00007FF8AE5DCB15) ReturnHr(1) tid(101c) D0020017 ","Opcode":"Info","EventReceivedTime":1496947416,"SourceModuleName":"eventlog","SourceModuleType":"im_msvistalog","@version":"1","@timestamp":"2017-06-08T18:43:36.021Z","host":"10.5.55.3","port":62092,"type":"windows","tags":["json"]}
{"EventTime":"2017-06-08 13:43:35","Hostname":"DC02.sec555.com","Keywords":4611686018427387904,"EventType":"ERROR","SeverityValue":4,"Severity":"ERROR","EventID":6509,"SourceName":"Microsoft-Windows-SettingSync-Desktop","ProviderGuid":"{579402A2-883C-45D8-B70A-9BC856407751}","Version":0,"Task":0,"OpcodeValue":0,"RecordNumber":13325,"ProcessID":1692,"ThreadID":4124,"Channel":"Microsoft-Windows-SettingSync/Debug","Domain":"SEC555","AccountName":"jhenderson","UserID":"S-1-5-21-4122792944-3018364698-3069667417-1001","AccountType":"User","Message":"shell\\lib\\connectedidhelpers_lightweight.cpp(129)\\settingsyncpolicy.dll!00007FF8AE5DCB85: (caller: 00007FF8AE5D4689) ReturnHr(2) tid(101c) D0020017 ","Opcode":"Info","EventReceivedTime":1496947416,"SourceModuleName":"eventlog","SourceModuleType":"im_msvistalog","@version":"1","@timestamp":"2017-06-08T18:43:36.026Z","host":"10.5.55.3","port":62092,"type":"windows","tags":["json"]}
{"EventTime":"2017-06-08 13:43:35","Hostname":"DC02.sec555.com","Keywords":4611686018427387904,"EventType":"ERROR","SeverityValue":4,"Severity":"ERROR","EventID":6065,"SourceName":"Microsoft-Windows-SettingSync","ProviderGuid":"{83D6E83B-900B-48A3-9835-57656B6F6474}","Version":0,"Task":0,"OpcodeValue":0,"RecordNumber":13326,"ProcessID":1692,"ThreadID":4124,"Channel":"Microsoft-Windows-SettingSync/Debug","Domain":"SEC555","AccountName":"jhenderson","UserID":"S-1-5-21-4122792944-3018364698-3069667417-1001","AccountType":"User","Message":"onecoreuap\\shell\\roaming\\common\\tokenbrokerutils.cpp(273)\\settingsynccore.dll!00007FF8ADC392F2: (caller: 00007FF8ADC1F30F) ReturnHr(10) tid(101c) D0020017 ","Opcode":"Info","EventReceivedTime":1496947416,"SourceModuleName":"eventlog","SourceModuleType":"im_msvistalog","@version":"1","@timestamp":"2017-06-08T18:43:36.026Z","host":"10.5.55.3","port":62092,"type":"windows","tags":["json"]}
{"EventTime":"2017-06-08 13:43:35","Hostname":"DC02.sec555.com","Keywords":4611686018427387904,"EventType":"ERROR","SeverityValue":4,"Severity":"ERROR","EventID":6065,"SourceName":"Microsoft-Windows-SettingSync","ProviderGuid":"{83D6E83B-900B-48A3-9835-57656B6F6474}","Version":0,"Task":0,"OpcodeValue":0,"RecordNumber":13327,"ProcessID":1692,"ThreadID":4124,"Channel":"Microsoft-Windows-SettingSync/Debug","Domain":"SEC555","AccountName":"jhenderson","UserID":"S-1-5-21-4122792944-3018364698-3069667417-1001","AccountType":"User","Message":"onecoreuap\\shell\\roaming\\common\\tokenbrokerutils.cpp(282)\\settingsynccore.dll!00007FF8ADC39376: (caller: 00007FF8ADBFFBC1) ReturnHr(11) tid(101c) D0020017 ","Opcode":"Info","EventReceivedTime":1496947416,"SourceModuleName":"eventlog","SourceModuleType":"im_msvistalog","@version":"1","@timestamp":"2017-06-08T18:43:36.027Z","host":"10.5.55.3","port":62092,"type":"windows","tags":["json"]}
