{"EventTime":"2017-06-08 13:40:33","Hostname":"DC01.sec555.com","Keywords":-9214364837600034816,"EventType":"AUDIT_SUCCESS","SeverityValue":2,"Severity":"INFO","EventID":4624,"SourceName":"Microsoft-Windows-Security-Auditing","ProviderGuid":"{54849625-5478-4994-A5BA-3E3B0328C30D}","Version":1,"Task":12544,"OpcodeValue":0,"RecordNumber":549657,"ProcessID":536,"ThreadID":3228,"Channel":"Security","Message":"An account was successfully logged on.\r\n\r\nSubject:\r\n\tSecurity ID:\t\tS-1-0-0\r\n\tAccount Name:\t\t-\r\n\tAccount Domain:\t\t-\r\n\tLogon ID:\t\t0x0\r\n\r\nLogon Type:\t\t\t3\r\n\r\nImpersonation Level:\t\tImpersonation\r\n\r\nNew Logon:\r\n\tSecurity ID:\t\tS-1-5-18\r\n\tAccount Name:\t\tDC01$\r\n\tAccount Domain:\t\tSEC555\r\n\tLogon ID:\t\t0xD51A41\r\n\tLogon GUID:\t\t{F2745349-6DDC-9FD6-ACEB-A0F80B1630E4}\r\n\r\nProcess Information:\r\n\tProcess ID:\t\t0x0\r\n\tProcess Name:\t\t-\r\n\r\nNetwork Information:\r\n\tWorkstation Name:\t\r\n\tSource Network Address:\t::1\r\n\tSource Port:\t\t59676\r\n\r\nDetailed Authentication Information:\r\n\tLogon Process:\t\tKerberos\r\n\tAuthentication Package:\tKerberos\r\n\tTransited Services:\t-\r\n\tPackage Name (NTLM only):\t-\r\n\tKey Length:\t\t0\r\n\r\nThis event is generated when a logon session is created. It is generated on the computer that was accessed.\r\n\r\nThe subject fields indicate the account on the local system which requested the logon. This is most commonly a service such as the Server service, or a local process such as Winlogon.exe or Services.exe.\r\n\r\nThe logon type field indicates the kind of logon that occurred. The most common types are 2 (interactive) and 3 (network).\r\n\r\nThe New Logon fields indicate the account for whom the new logon was created, i.e. the account that was logged on.\r\n\r\nThe network fields indicate where a remote logon request originated. Workstation name is not always available and may be left blank in some cases.\r\n\r\nThe impersonation level field indicates the extent to which a process in the logon session can impersonate.\r\n\r\nThe authentication information fields provide detailed information about this specific logon request.\r\n\t- Logon GUID is a unique identifier that can be used to correlate this event with a KDC event.\r\n\t- Transited services indicate which intermediate services have participated in this logon request.\r\n\t- Package name indicates which sub-protocol was used among the NTLM protocols.\r\n\t- Key length indicates the length of the generated session key. This will be 0 if no session key was requested.","Category":"Logon","Opcode":"Info","SubjectUserSid":"S-1-0-0","SubjectUserName":"-","SubjectDomainName":"-","SubjectLogonId":"0x0","TargetUserSid":"S-1-5-18","TargetUserName":"DC01$","TargetDomainName":"SEC555","TargetLogonId":"0xd51a41","LogonType":"3","LogonProcessName":"Kerberos","AuthenticationPackageName":"Kerberos","LogonGuid":"{F2745349-6DDC-9FD6-ACEB-A0F80B1630E4}","TransmittedServices":"-","LmPackageName":"-","KeyLength":"0","ProcessName":"-","IpAddress":"::1","IpPort":"59676","ImpersonationLevel":"%%1833","EventReceivedTime":1496947235,"SourceModuleName":"eventlog","SourceModuleType":"im_msvistalog","@version":"1","@timestamp":"2017-06-08T18:40:35.389Z","host":"10.5.55.2","port":59656,"type":"windows","tags":["json"]}
{"EventTime":"2017-06-08 13:40:33","Hostname":"DC01.sec555.com","Keywords":-9214364837600034816,"EventType":"AUDIT_SUCCESS","SeverityValue":2,"Severity":"INFO","EventID":4634,"SourceName":"Microsoft-Windows-Security-Auditing","ProviderGuid":"{54849625-5478-4994-A5BA-3E3B0328C30D}","Version":0,"Task":12545,"OpcodeValue":0,"RecordNumber":549658,"ProcessID":536,"ThreadID":3544,"Channel":"Security","Message":"An account was logged off.\r\n\r\nSubject:\r\n\tSecurity ID:\t\tS-1-5-18\r\n\tAccount Name:\t\tDC01$\r\n\tAccount Domain:\t\tSEC555\r\n\tLogon ID:\t\t0xD51A41\r\n\r\nLogon Type:\t\t\t3\r\n\r\nThis event is generated when a logon session is destroyed. It may be positively correlated with a logon event using the Logon ID value. Logon IDs are only unique between reboots on the same computer.","Category":"Logoff","Opcode":"Info","TargetUserSid":"S-1-5-18","TargetUserName":"DC01$","TargetDomainName":"SEC555","TargetLogonId":"0xd51a41","LogonType":"3","EventReceivedTime":1496947235,"SourceModuleName":"eventlog","SourceModuleType":"im_msvistalog","@version":"1","@timestamp":"2017-06-08T18:40:35.389Z","host":"10.5.55.2","port":59656,"type":"windows","tags":["json"]}
{"EventTime":"2017-06-08 13:40:37","Hostname":"IT01.sec555.com","Keywords":-9214364837600034816,"EventType":"AUDIT_SUCCESS","SeverityValue":2,"Severity":"INFO","EventID":4985,"SourceName":"Microsoft-Windows-Security-Auditing","ProviderGuid":"{54849625-5478-4994-A5BA-3E3B0328C30D}","Version":0,"Task":12800,"OpcodeValue":0,"RecordNumber":13819573,"ProcessID":4,"ThreadID":64,"Channel":"Security","Message":"The state of a transaction has changed.\r\n\r\nSubject:\r\n\tSecurity ID:\t\tS-1-5-21-4122792944-3018364698-3069667417-1117\r\n\tAccount Name:\t\tfraynor\r\n\tAccount Domain:\t\tSEC555\r\n\tLogon ID:\t\t0x1ef38\r\n\r\nTransaction Information:\r\n\tRM Transaction ID:\t{7BF45884-4C54-11E7-B407-44850024D6DB}\r\n\tNew State:\t\t48\r\n\tResource Manager:\t{3C4623D1-3FCE-11E4-BB80-99E36AAA7425}\r\n\r\nProcess Information:\r\n\tProcess ID:\t\t0x39c\r\n\tProcess Name:\t\tC:\\Windows\\System32\\svchost.exe","Category":"File System","Opcode":"Info","SubjectUserSid":"S-1-5-21-4122792944-3018364698-3069667417-1117","SubjectUserName":"fraynor","SubjectDomainName":"SEC555","SubjectLogonId":"0x1ef38","TransactionId":"{7BF45884-4C54-11E7-B407-44850024D6DB}","NewState":"48","ResourceManager":"{3C4623D1-3FCE-11E4-BB80-99E36AAA7425}","ProcessName":"C:\\Windows\\System32\\svchost.exe","EventReceivedTime":1496947239,"SourceModuleName":"eventlog","SourceModuleType":"im_msvistalog","@version":"1","@timestamp":"2017-06-08T18:40:39.156Z","host":"192.168.1.52","port":49522,"type":"windows","tags":["json"]}
{"EventTime":"2017-06-08 13:40:37","Hostname":"IT01.sec555.com","Keywords":-9223372036854775808,"EventType":"INFO","SeverityValue":2,"Severity":"INFO","EventID":140,"SourceName":"Microsoft-Windows-TaskScheduler","ProviderGuid":"{DE7B24EA-73C8-4A09-985D-5BDADCFA9017}","Version":0,"Task":140,"OpcodeValue":0,"RecordNumber":19856,"ProcessID":924,"ThreadID":3392,"Channel":"Microsoft-Windows-TaskScheduler/Operational","Domain":"NT AUTHORITY","AccountName":"SYSTEM","UserID":"S-1-5-18","AccountType":"User","Message":"User \"SEC555\\fraynor\"  updated Task Scheduler task \"\\User_Feed_Synchronization-{2B9CA1EC-BF06-4371-94E4-70B5B78C29D0}\"","Category":"Task registration updated","Opcode":"Info","TaskName":"\\User_Feed_Synchronization-{2B9CA1EC-BF06-4371-94E4-70B5B78C29D0}","UserName":"SEC555\\fraynor","EventReceivedTime":1496947239,"SourceModuleName":"eventlog","SourceModuleType":"im_msvistalog","@version":"1","@timestamp":"2017-06-08T18:40:39.157Z","host":"192.168.1.52","port":49522,"type":"windows","tags":["json"]}
{"EventTime":"2017-06-08 13:40:37","Hostname":"IT01.sec555.com","Keywords":-9223372036854775808,"EventType":"INFO","SeverityValue":2,"Severity":"INFO","EventID":201,"SourceName":"Microsoft-Windows-TaskScheduler","ProviderGuid":"{DE7B24EA-73C8-4A09-985D-5BDADCFA9017}","Version":1,"Task":201,"OpcodeValue":2,"RecordNumber":19857,"ActivityID":"{A0C23091-C7DA-433A-83A8-BC2DB218FB0A}","ProcessID":484,"ThreadID":1560,"Channel":"Microsoft-Windows-TaskScheduler/Operational","Domain":"NT AUTHORITY","AccountName":"SYSTEM","UserID":"S-1-5-18","AccountType":"User","Message":"Task Scheduler successfully completed task \"\\User_Feed_Synchronization-{2B9CA1EC-BF06-4371-94E4-70B5B78C29D0}\" , instance \"{A0C23091-C7DA-433A-83A8-BC2DB218FB0A}\" , action \"C:\\Windows\\system32\\msfeedssync.exe\" with return code 0.","Category":"Action completed","Opcode":"Stop","TaskName":"\\User_Feed_Synchronization-{2B9CA1EC-BF06-4371-94E4-70B5B78C29D0}","TaskInstanceId":"{A0C23091-C7DA-433A-83A8-BC2DB218FB0A}","ActionName":"C:\\Windows\\system32\\msfeedssync.exe","ResultCode":"0","EventReceivedTime":1496947239,"SourceModuleName":"eventlog","SourceModuleType":"im_msvistalog","@version":"1","@timestamp":"2017-06-08T18:40:39.158Z","host":"192.168.1.52","port":49522,"type":"windows","tags":["json"]}
{"EventTime":"2017-06-08 13:40:37","Hostname":"IT01.sec555.com","Keywords":-9223372036854775807,"EventType":"INFO","SeverityValue":2,"Severity":"INFO","EventID":102,"SourceName":"Microsoft-Windows-TaskScheduler","ProviderGuid":"{DE7B24EA-73C8-4A09-985D-5BDADCFA9017}","Version":0,"Task":102,"OpcodeValue":2,"RecordNumber":19858,"ActivityID":"{A0C23091-C7DA-433A-83A8-BC2DB218FB0A}","ProcessID":484,"ThreadID":1560,"Channel":"Microsoft-Windows-TaskScheduler/Operational","Domain":"NT AUTHORITY","AccountName":"SYSTEM","UserID":"S-1-5-18","AccountType":"User","Message":"Task Scheduler successfully finished \"{A0C23091-C7DA-433A-83A8-BC2DB218FB0A}\" instance of the \"\\User_Feed_Synchronization-{2B9CA1EC-BF06-4371-94E4-70B5B78C29D0}\" task for user \"SEC555\\fraynor\".","Category":"Task completed","Opcode":"Stop","TaskName":"\\User_Feed_Synchronization-{2B9CA1EC-BF06-4371-94E4-70B5B78C29D0}","UserContext":"SEC555\\fraynor","InstanceId":"{A0C23091-C7DA-433A-83A8-BC2DB218FB0A}","EventReceivedTime":1496947239,"SourceModuleName":"eventlog","SourceModuleType":"im_msvistalog","@version":"1","@timestamp":"2017-06-08T18:40:39.159Z","host":"192.168.1.52","port":49522,"type":"windows","tags":["json"]}
{"EventTime":"2017-06-08 13:40:37","Hostname":"IT01.sec555.com","Keywords":-9214364837600034816,"EventType":"AUDIT_SUCCESS","SeverityValue":2,"Severity":"INFO","EventID":4985,"SourceName":"Microsoft-Windows-Security-Auditing","ProviderGuid":"{54849625-5478-4994-A5BA-3E3B0328C30D}","Version":0,"Task":12800,"OpcodeValue":0,"RecordNumber":13819574,"ProcessID":4,"ThreadID":64,"Channel":"Security","Message":"The state of a transaction has changed.\r\n\r\nSubject:\r\n\tSecurity ID:\t\tS-1-5-18\r\n\tAccount Name:\t\tIT01$\r\n\tAccount Domain:\t\tSEC555\r\n\tLogon ID:\t\t0x3e7\r\n\r\nTransaction Information:\r\n\tRM Transaction ID:\t{7BF45884-4C54-11E7-B407-44850024D6DB}\r\n\tNew State:\t\t52\r\n\tResource Manager:\t{3C4623D1-3FCE-11E4-BB80-99E36AAA7425}\r\n\r\nProcess Information:\r\n\tProcess ID:\t\t0x39c\r\n\tProcess Name:\t\tC:\\Windows\\System32\\svchost.exe","Category":"File System","Opcode":"Info","SubjectUserSid":"S-1-5-18","SubjectUserName":"IT01$","SubjectDomainName":"SEC555","SubjectLogonId":"0x3e7","TransactionId":"{7BF45884-4C54-11E7-B407-44850024D6DB}","NewState":"52","ResourceManager":"{3C4623D1-3FCE-11E4-BB80-99E36AAA7425}","ProcessName":"C:\\Windows\\System32\\svchost.exe","EventReceivedTime":1496947239,"SourceModuleName":"eventlog","SourceModuleType":"im_msvistalog","@version":"1","@timestamp":"2017-06-08T18:40:39.160Z","host":"192.168.1.52","port":49522,"type":"windows","tags":["json"]}
{"EventTime":"2017-06-08 13:40:37","Hostname":"IT01.sec555.com","Keywords":-9214364837600034816,"EventType":"AUDIT_SUCCESS","SeverityValue":2,"Severity":"INFO","EventID":4702,"SourceName":"Microsoft-Windows-Security-Auditing","ProviderGuid":"{54849625-5478-4994-A5BA-3E3B0328C30D}","Version":0,"Task":12804,"OpcodeValue":0,"RecordNumber":13819575,"ProcessID":500,"ThreadID":1352,"Channel":"Security","Message":"A scheduled task was updated.\r\n\r\nSubject:\r\n\tSecurity ID:\t\tS-1-5-21-4122792944-3018364698-3069667417-1117\r\n\tAccount Name:\t\tfraynor\r\n\tAccount Domain:\t\tSEC555\r\n\tLogon ID:\t\t0x1ef38\r\n\r\nTask Information:\r\n\tTask Name: \t\t\\User_Feed_Synchronization-{2B9CA1EC-BF06-4371-94E4-70B5B78C29D0}\r\n\tTask New Content: \t\t<?xml version=\"1.0\" encoding=\"UTF-16\"?>\r\n<Task version=\"1.3\" xmlns=\"http://schemas.microsoft.com/windows/2004/02/mit/task\">\r\n  <RegistrationInfo>\r\n    <Author>SEC555\\fraynor</Author>\r\n    <Description>Updates out-of-date system feeds.</Description>\r\n  </RegistrationInfo>\r\n  <Triggers>\r\n    <CalendarTrigger>\r\n      <StartBoundary>2017-06-08T18:55:37Z</StartBoundary>\r\n      <EndBoundary>2027-06-08T18:55:37Z</EndBoundary>\r\n      <Enabled>true</Enabled>\r\n      <ScheduleByDay>\r\n        <DaysInterval>1</DaysInterval>\r\n      </ScheduleByDay>\r\n    </CalendarTrigger>\r\n  </Triggers>\r\n  <Principals>\r\n    <Principal id=\"Author\">\r\n      <UserId>SEC555\\fraynor</UserId>\r\n      <RunLevel>LeastPrivilege</RunLevel>\r\n      <LogonType>InteractiveToken</LogonType>\r\n    </Principal>\r\n  </Principals>\r\n  <Settings>\r\n    <MultipleInstancesPolicy>IgnoreNew</MultipleInstancesPolicy>\r\n    <DisallowStartIfOnBatteries>false</DisallowStartIfOnBatteries>\r\n    <StopIfGoingOnBatteries>false</StopIfGoingOnBatteries>\r\n    <AllowHardTerminate>true</AllowHardTerminate>\r\n    <StartWhenAvailable>true</StartWhenAvailable>\r\n    <RunOnlyIfNetworkAvailable>true</RunOnlyIfNetworkAvailable>\r\n    <IdleSettings>\r\n      <Duration>PT10M</Duration>\r\n      <WaitTimeout>PT1H</WaitTimeout>\r\n      <StopOnIdleEnd>true</StopOnIdleEnd>\r\n      <RestartOnIdle>false</RestartOnIdle>\r\n    </IdleSettings>\r\n    <AllowStartOnDemand>true</AllowStartOnDemand>\r\n    <Enabled>true</Enabled>\r\n    <Hidden>true</Hidden>\r\n    <RunOnlyIfIdle>false</RunOnlyIfIdle>\r\n    <DisallowStartOnRemoteAppSession>false</DisallowStartOnRemoteAppSession>\r\n    <UseUnifiedSchedulingEngine>true</UseUnifiedSchedulingEngine>\r\n    <WakeToRun>false</WakeToRun>\r\n    <ExecutionTimeLimit>PT72H</ExecutionTimeLimit>\r\n    <Priority>7</Priority>\r\n  </Settings>\r\n  <Actions Context=\"Author\">\r\n    <Exec>\r\n      <Command>C:\\Windows\\system32\\msfeedssync.exe</Command>\r\n      <Arguments>sync</Arguments>\r\n    </Exec>\r\n  </Actions>\r\n</Task>\r\n\t","Category":"Other Object Access Events","Opcode":"Info","SubjectUserSid":"S-1-5-21-4122792944-3018364698-3069667417-1117","SubjectUserName":"fraynor","SubjectDomainName":"SEC555","SubjectLogonId":"0x1ef38","TaskName":"\\User_Feed_Synchronization-{2B9CA1EC-BF06-4371-94E4-70B5B78C29D0}","TaskContentNew":"&lt;?xml version=\"1.0\" encoding=\"UTF-16\"?&gt;\r\n&lt;Task version=\"1.3\" xmlns=\"http://schemas.microsoft.com/windows/2004/02/mit/task\"&gt;\r\n  &lt;RegistrationInfo&gt;\r\n    &lt;Author&gt;SEC555\\fraynor&lt;/Author&gt;\r\n    &lt;Description&gt;Updates out-of-date system feeds.&lt;/Description&gt;\r\n  &lt;/RegistrationInfo&gt;\r\n  &lt;Triggers&gt;\r\n    &lt;CalendarTrigger&gt;\r\n      &lt;StartBoundary&gt;2017-06-08T18:55:37Z&lt;/StartBoundary&gt;\r\n      &lt;EndBoundary&gt;2027-06-08T18:55:37Z&lt;/EndBoundary&gt;\r\n      &lt;Enabled&gt;true&lt;/Enabled&gt;\r\n      &lt;ScheduleByDay&gt;\r\n        &lt;DaysInterval&gt;1&lt;/DaysInterval&gt;\r\n      &lt;/ScheduleByDay&gt;\r\n    &lt;/CalendarTrigger&gt;\r\n  &lt;/Triggers&gt;\r\n  &lt;Principals&gt;\r\n    &lt;Principal id=\"Author\"&gt;\r\n      &lt;UserId&gt;SEC555\\fraynor&lt;/UserId&gt;\r\n      &lt;RunLevel&gt;LeastPrivilege&lt;/RunLevel&gt;\r\n      &lt;LogonType&gt;InteractiveToken&lt;/LogonType&gt;\r\n    &lt;/Principal&gt;\r\n  &lt;/Principals&gt;\r\n  &lt;Settings&gt;\r\n    &lt;MultipleInstancesPolicy&gt;IgnoreNew&lt;/MultipleInstancesPolicy&gt;\r\n    &lt;DisallowStartIfOnBatteries&gt;false&lt;/DisallowStartIfOnBatteries&gt;\r\n    &lt;StopIfGoingOnBatteries&gt;false&lt;/StopIfGoingOnBatteries&gt;\r\n    &lt;AllowHardTerminate&gt;true&lt;/AllowHardTerminate&gt;\r\n    &lt;StartWhenAvailable&gt;true&lt;/StartWhenAvailable&gt;\r\n    &lt;RunOnlyIfNetworkAvailable&gt;true&lt;/RunOnlyIfNetworkAvailable&gt;\r\n    &lt;IdleSettings&gt;\r\n      &lt;Duration&gt;PT10M&lt;/Duration&gt;\r\n      &lt;WaitTimeout&gt;PT1H&lt;/WaitTimeout&gt;\r\n      &lt;StopOnIdleEnd&gt;true&lt;/StopOnIdleEnd&gt;\r\n      &lt;RestartOnIdle&gt;false&lt;/RestartOnIdle&gt;\r\n    &lt;/IdleSettings&gt;\r\n    &lt;AllowStartOnDemand&gt;true&lt;/AllowStartOnDemand&gt;\r\n    &lt;Enabled&gt;true&lt;/Enabled&gt;\r\n    &lt;Hidden&gt;true&lt;/Hidden&gt;\r\n    &lt;RunOnlyIfIdle&gt;false&lt;/RunOnlyIfIdle&gt;\r\n    &lt;DisallowStartOnRemoteAppSession&gt;false&lt;/DisallowStartOnRemoteAppSession&gt;\r\n    &lt;UseUnifiedSchedulingEngine&gt;true&lt;/UseUnifiedSchedulingEngine&gt;\r\n    &lt;WakeToRun&gt;false&lt;/WakeToRun&gt;\r\n    &lt;ExecutionTimeLimit&gt;PT72H&lt;/ExecutionTimeLimit&gt;\r\n    &lt;Priority&gt;7&lt;/Priority&gt;\r\n  &lt;/Settings&gt;\r\n  &lt;Actions Context=\"Author\"&gt;\r\n    &lt;Exec&gt;\r\n      &lt;Command&gt;C:\\Windows\\system32\\msfeedssync.exe&lt;/Command&gt;\r\n      &lt;Arguments&gt;sync&lt;/Arguments&gt;\r\n    &lt;/Exec&gt;\r\n  &lt;/Actions&gt;\r\n&lt;/Task&gt;","EventReceivedTime":1496947239,"SourceModuleName":"eventlog","SourceModuleType":"im_msvistalog","@version":"1","@timestamp":"2017-06-08T18:40:39.162Z","host":"192.168.1.52","port":49522,"type":"windows","tags":["json"]}
{"EventTime":"2017-06-08 13:40:37","Hostname":"DC02.sec555.com","Keywords":-9214364837600034816,"EventType":"AUDIT_SUCCESS","SeverityValue":2,"Severity":"INFO","EventID":4672,"SourceName":"Microsoft-Windows-Security-Auditing","ProviderGuid":"{54849625-5478-4994-A5BA-3E3B0328C30D}","Version":0,"Task":12548,"OpcodeValue":0,"RecordNumber":396585,"ProcessID":572,"ThreadID":1672,"Channel":"Security","Message":"Special privileges assigned to new logon.\r\n\r\nSubject:\r\n\tSecurity ID:\t\tS-1-5-18\r\n\tAccount Name:\t\tDC02$\r\n\tAccount Domain:\t\tSEC555\r\n\tLogon ID:\t\t0xFBE819\r\n\r\nPrivileges:\t\tSeSecurityPrivilege\r\n\t\t\tSeBackupPrivilege\r\n\t\t\tSeRestorePrivilege\r\n\t\t\tSeTakeOwnershipPrivilege\r\n\t\t\tSeDebugPrivilege\r\n\t\t\tSeSystemEnvironmentPrivilege\r\n\t\t\tSeLoadDriverPrivilege\r\n\t\t\tSeImpersonatePrivilege\r\n\t\t\tSeDelegateSessionUserImpersonatePrivilege\r\n\t\t\tSeEnableDelegationPrivilege","Category":"Special Logon","Opcode":"Info","SubjectUserSid":"S-1-5-18","SubjectUserName":"DC02$","SubjectDomainName":"SEC555","SubjectLogonId":"0xfbe819","PrivilegeList":"SeSecurityPrivilege\r\n\t\t\tSeBackupPrivilege\r\n\t\t\tSeRestorePrivilege\r\n\t\t\tSeTakeOwnershipPrivilege\r\n\t\t\tSeDebugPrivilege\r\n\t\t\tSeSystemEnvironmentPrivilege\r\n\t\t\tSeLoadDriverPrivilege\r\n\t\t\tSeImpersonatePrivilege\r\n\t\t\tSeDelegateSessionUserImpersonatePrivilege\r\n\t\t\tSeEnableDelegationPrivilege","EventReceivedTime":1496947239,"SourceModuleName":"eventlog","SourceModuleType":"im_msvistalog","@version":"1","@timestamp":"2017-06-08T18:40:39.219Z","host":"10.5.55.3","port":62092,"type":"windows","tags":["json"]}
{"EventTime":"2017-06-08 13:40:37","Hostname":"DC02.sec555.com","Keywords":-9214364837600034816,"EventType":"AUDIT_SUCCESS","SeverityValue":2,"Severity":"INFO","EventID":4624,"SourceName":"Microsoft-Windows-Security-Auditing","ProviderGuid":"{54849625-5478-4994-A5BA-3E3B0328C30D}","Version":2,"Task":12544,"OpcodeValue":0,"RecordNumber":396586,"ProcessID":572,"ThreadID":1672,"Channel":"Security","Message":"An account was successfully logged on.\r\n\r\nSubject:\r\n\tSecurity ID:\t\tS-1-0-0\r\n\tAccount Name:\t\t-\r\n\tAccount Domain:\t\t-\r\n\tLogon ID:\t\t0x0\r\n\r\nLogon Information:\r\n\tLogon Type:\t\t3\r\n\tRestricted Admin Mode:\t-\r\n\tVirtual Account:\t\tNo\r\n\tElevated Token:\t\tYes\r\n\r\nImpersonation Level:\t\tImpersonation\r\n\r\nNew Logon:\r\n\tSecurity ID:\t\tS-1-5-18\r\n\tAccount Name:\t\tDC02$\r\n\tAccount Domain:\t\tSEC555.COM\r\n\tLogon ID:\t\t0xFBE819\r\n\tLinked Logon ID:\t\t0x0\r\n\tNetwork Account Name:\t-\r\n\tNetwork Account Domain:\t-\r\n\tLogon GUID:\t\t{6B3C4A7A-9DB7-5429-B063-384820A4FAA7}\r\n\r\nProcess Information:\r\n\tProcess ID:\t\t0x0\r\n\tProcess Name:\t\t-\r\n\r\nNetwork Information:\r\n\tWorkstation Name:\t\r\n\tSource Network Address:\t::1\r\n\tSource Port:\t\t62123\r\n\r\nDetailed Authentication Information:\r\n\tLogon Process:\t\tKerberos\r\n\tAuthentication Package:\tKerberos\r\n\tTransited Services:\t-\r\n\tPackage Name (NTLM only):\t-\r\n\tKey Length:\t\t0\r\n\r\nThis event is generated when a logon session is created. It is generated on the computer that was accessed.\r\n\r\nThe subject fields indicate the account on the local system which requested the logon. This is most commonly a service such as the Server service, or a local process such as Winlogon.exe or Services.exe.\r\n\r\nThe logon type field indicates the kind of logon that occurred. The most common types are 2 (interactive) and 3 (network).\r\n\r\nThe New Logon fields indicate the account for whom the new logon was created, i.e. the account that was logged on.\r\n\r\nThe network fields indicate where a remote logon request originated. Workstation name is not always available and may be left blank in some cases.\r\n\r\nThe impersonation level field indicates the extent to which a process in the logon session can impersonate.\r\n\r\nThe authentication information fields provide detailed information about this specific logon request.\r\n\t- Logon GUID is a unique identifier that can be used to correlate this event with a KDC event.\r\n\t- Transited services indicate which intermediate services have participated in this logon request.\r\n\t- Package name indicates which sub-protocol was used among the NTLM protocols.\r\n\t- Key length indicates the length of the generated session key. This will be 0 if no session key was requested.","Category":"Logon","Opcode":"Info","SubjectUserSid":"S-1-0-0","SubjectUserName":"-","SubjectDomainName":"-","SubjectLogonId":"0x0","TargetUserSid":"S-1-5-18","TargetUserName":"DC02$","TargetDomainName":"SEC555.COM","TargetLogonId":"0xfbe819","LogonType":"3","LogonProcessName":"Kerberos","AuthenticationPackageName":"Kerberos","LogonGuid":"{6B3C4A7A-9DB7-5429-B063-384820A4FAA7}","TransmittedServices":"-","LmPackageName":"-","KeyLength":"0","ProcessName":"-","IpAddress":"::1","IpPort":"62123","ImpersonationLevel":"%%1833","RestrictedAdminMode":"-","TargetOutboundUserName":"-","TargetOutboundDomainName":"-","VirtualAccount":"%%1843","TargetLinkedLogonId":"0x0","ElevatedToken":"%%1842","EventReceivedTime":1496947239,"SourceModuleName":"eventlog","SourceModuleType":"im_msvistalog","@version":"1","@timestamp":"2017-06-08T18:40:39.219Z","host":"10.5.55.3","port":62092,"type":"windows","tags":["json"]}
{"EventTime":"2017-06-08 13:40:37","Hostname":"DC02.sec555.com","Keywords":-9214364837600034816,"EventType":"AUDIT_SUCCESS","SeverityValue":2,"Severity":"INFO","EventID":4634,"SourceName":"Microsoft-Windows-Security-Auditing","ProviderGuid":"{54849625-5478-4994-A5BA-3E3B0328C30D}","Version":0,"Task":12545,"OpcodeValue":0,"RecordNumber":396587,"ProcessID":572,"ThreadID":3292,"Channel":"Security","Message":"An account was logged off.\r\n\r\nSubject:\r\n\tSecurity ID:\t\tS-1-5-18\r\n\tAccount Name:\t\tDC02$\r\n\tAccount Domain:\t\tSEC555\r\n\tLogon ID:\t\t0xFBE819\r\n\r\nLogon Type:\t\t\t3\r\n\r\nThis event is generated when a logon session is destroyed. It may be positively correlated with a logon event using the Logon ID value. Logon IDs are only unique between reboots on the same computer.","Category":"Logoff","Opcode":"Info","TargetUserSid":"S-1-5-18","TargetUserName":"DC02$","TargetDomainName":"SEC555","TargetLogonId":"0xfbe819","LogonType":"3","EventReceivedTime":1496947239,"SourceModuleName":"eventlog","SourceModuleType":"im_msvistalog","@version":"1","@timestamp":"2017-06-08T18:40:39.220Z","host":"10.5.55.3","port":62092,"type":"windows","tags":["json"]}
{"EventTime":"2017-06-08 13:40:37","Hostname":"DC02.sec555.com","Keywords":-9214364837600034816,"EventType":"AUDIT_SUCCESS","SeverityValue":2,"Severity":"INFO","EventID":4672,"SourceName":"Microsoft-Windows-Security-Auditing","ProviderGuid":"{54849625-5478-4994-A5BA-3E3B0328C30D}","Version":0,"Task":12548,"OpcodeValue":0,"RecordNumber":396588,"ProcessID":572,"ThreadID":1672,"Channel":"Security","Message":"Special privileges assigned to new logon.\r\n\r\nSubject:\r\n\tSecurity ID:\t\tS-1-5-18\r\n\tAccount Name:\t\tDC02$\r\n\tAccount Domain:\t\tSEC555\r\n\tLogon ID:\t\t0xFBE883\r\n\r\nPrivileges:\t\tSeSecurityPrivilege\r\n\t\t\tSeBackupPrivilege\r\n\t\t\tSeRestorePrivilege\r\n\t\t\tSeTakeOwnershipPrivilege\r\n\t\t\tSeDebugPrivilege\r\n\t\t\tSeSystemEnvironmentPrivilege\r\n\t\t\tSeLoadDriverPrivilege\r\n\t\t\tSeImpersonatePrivilege\r\n\t\t\tSeDelegateSessionUserImpersonatePrivilege\r\n\t\t\tSeEnableDelegationPrivilege","Category":"Special Logon","Opcode":"Info","SubjectUserSid":"S-1-5-18","SubjectUserName":"DC02$","SubjectDomainName":"SEC555","SubjectLogonId":"0xfbe883","PrivilegeList":"SeSecurityPrivilege\r\n\t\t\tSeBackupPrivilege\r\n\t\t\tSeRestorePrivilege\r\n\t\t\tSeTakeOwnershipPrivilege\r\n\t\t\tSeDebugPrivilege\r\n\t\t\tSeSystemEnvironmentPrivilege\r\n\t\t\tSeLoadDriverPrivilege\r\n\t\t\tSeImpersonatePrivilege\r\n\t\t\tSeDelegateSessionUserImpersonatePrivilege\r\n\t\t\tSeEnableDelegationPrivilege","EventReceivedTime":1496947239,"SourceModuleName":"eventlog","SourceModuleType":"im_msvistalog","@version":"1","@timestamp":"2017-06-08T18:40:39.221Z","host":"10.5.55.3","port":62092,"type":"windows","tags":["json"]}
{"EventTime":"2017-06-08 13:40:37","Hostname":"DC02.sec555.com","Keywords":-9214364837600034816,"EventType":"AUDIT_SUCCESS","SeverityValue":2,"Severity":"INFO","EventID":4624,"SourceName":"Microsoft-Windows-Security-Auditing","ProviderGuid":"{54849625-5478-4994-A5BA-3E3B0328C30D}","Version":2,"Task":12544,"OpcodeValue":0,"RecordNumber":396589,"ProcessID":572,"ThreadID":1672,"Channel":"Security","Message":"An account was successfully logged on.\r\n\r\nSubject:\r\n\tSecurity ID:\t\tS-1-0-0\r\n\tAccount Name:\t\t-\r\n\tAccount Domain:\t\t-\r\n\tLogon ID:\t\t0x0\r\n\r\nLogon Information:\r\n\tLogon Type:\t\t3\r\n\tRestricted Admin Mode:\t-\r\n\tVirtual Account:\t\tNo\r\n\tElevated Token:\t\tYes\r\n\r\nImpersonation Level:\t\tImpersonation\r\n\r\nNew Logon:\r\n\tSecurity ID:\t\tS-1-5-18\r\n\tAccount Name:\t\tDC02$\r\n\tAccount Domain:\t\tSEC555.COM\r\n\tLogon ID:\t\t0xFBE883\r\n\tLinked Logon ID:\t\t0x0\r\n\tNetwork Account Name:\t-\r\n\tNetwork Account Domain:\t-\r\n\tLogon GUID:\t\t{6B3C4A7A-9DB7-5429-B063-384820A4FAA7}\r\n\r\nProcess Information:\r\n\tProcess ID:\t\t0x0\r\n\tProcess Name:\t\t-\r\n\r\nNetwork Information:\r\n\tWorkstation Name:\t\r\n\tSource Network Address:\t::1\r\n\tSource Port:\t\t62124\r\n\r\nDetailed Authentication Information:\r\n\tLogon Process:\t\tKerberos\r\n\tAuthentication Package:\tKerberos\r\n\tTransited Services:\t-\r\n\tPackage Name (NTLM only):\t-\r\n\tKey Length:\t\t0\r\n\r\nThis event is generated when a logon session is created. It is generated on the computer that was accessed.\r\n\r\nThe subject fields indicate the account on the local system which requested the logon. This is most commonly a service such as the Server service, or a local process such as Winlogon.exe or Services.exe.\r\n\r\nThe logon type field indicates the kind of logon that occurred. The most common types are 2 (interactive) and 3 (network).\r\n\r\nThe New Logon fields indicate the account for whom the new logon was created, i.e. the account that was logged on.\r\n\r\nThe network fields indicate where a remote logon request originated. Workstation name is not always available and may be left blank in some cases.\r\n\r\nThe impersonation level field indicates the extent to which a process in the logon session can impersonate.\r\n\r\nThe authentication information fields provide detailed information about this specific logon request.\r\n\t- Logon GUID is a unique identifier that can be used to correlate this event with a KDC event.\r\n\t- Transited services indicate which intermediate services have participated in this logon request.\r\n\t- Package name indicates which sub-protocol was used among the NTLM protocols.\r\n\t- Key length indicates the length of the generated session key. This will be 0 if no session key was requested.","Category":"Logon","Opcode":"Info","SubjectUserSid":"S-1-0-0","SubjectUserName":"-","SubjectDomainName":"-","SubjectLogonId":"0x0","TargetUserSid":"S-1-5-18","TargetUserName":"DC02$","TargetDomainName":"SEC555.COM","TargetLogonId":"0xfbe883","LogonType":"3","LogonProcessName":"Kerberos","AuthenticationPackageName":"Kerberos","LogonGuid":"{6B3C4A7A-9DB7-5429-B063-384820A4FAA7}","TransmittedServices":"-","LmPackageName":"-","KeyLength":"0","ProcessName":"-","IpAddress":"::1","IpPort":"62124","ImpersonationLevel":"%%1833","RestrictedAdminMode":"-","TargetOutboundUserName":"-","TargetOutboundDomainName":"-","VirtualAccount":"%%1843","TargetLinkedLogonId":"0x0","ElevatedToken":"%%1842","EventReceivedTime":1496947239,"SourceModuleName":"eventlog","SourceModuleType":"im_msvistalog","@version":"1","@timestamp":"2017-06-08T18:40:39.222Z","host":"10.5.55.3","port":62092,"type":"windows","tags":["json"]}
{"EventTime":"2017-06-08 13:40:37","Hostname":"DC02.sec555.com","Keywords":-9214364837600034816,"EventType":"AUDIT_SUCCESS","SeverityValue":2,"Severity":"INFO","EventID":4634,"SourceName":"Microsoft-Windows-Security-Auditing","ProviderGuid":"{54849625-5478-4994-A5BA-3E3B0328C30D}","Version":0,"Task":12545,"OpcodeValue":0,"RecordNumber":396590,"ProcessID":572,"ThreadID":3676,"Channel":"Security","Message":"An account was logged off.\r\n\r\nSubject:\r\n\tSecurity ID:\t\tS-1-5-18\r\n\tAccount Name:\t\tDC02$\r\n\tAccount Domain:\t\tSEC555\r\n\tLogon ID:\t\t0xFBE883\r\n\r\nLogon Type:\t\t\t3\r\n\r\nThis event is generated when a logon session is destroyed. It may be positively correlated with a logon event using the Logon ID value. Logon IDs are only unique between reboots on the same computer.","Category":"Logoff","Opcode":"Info","TargetUserSid":"S-1-5-18","TargetUserName":"DC02$","TargetDomainName":"SEC555","TargetLogonId":"0xfbe883","LogonType":"3","EventReceivedTime":1496947239,"SourceModuleName":"eventlog","SourceModuleType":"im_msvistalog","@version":"1","@timestamp":"2017-06-08T18:40:39.223Z","host":"10.5.55.3","port":62092,"type":"windows","tags":["json"]}
{"EventTime":"2017-06-08 13:40:40","Hostname":"CFO.sec555.com","Keywords":4611686018427387904,"EventType":"INFO","SeverityValue":2,"Severity":"INFO","EventID":60,"SourceName":"Microsoft-Windows-Bits-Client","ProviderGuid":"{EF1CC15B-46C1-414E-BB95-E76B077BD51E}","Version":1,"Task":0,"OpcodeValue":2,"RecordNumber":396,"ActivityID":"{2C04E4D9-6583-464E-B7F9-966980542F5C}","ProcessID":928,"ThreadID":1048,"Channel":"Microsoft-Windows-Bits-Client/Operational","Domain":"NT AUTHORITY","AccountName":"SYSTEM","UserID":"S-1-5-18","AccountType":"User","Message":"BITS stopped transferring the Push Notification Platform Job: 1 transfer job that is associated with the https://site-cdn.onenote.net/1683071550_Images/LiveTileImages/MediumAndLarge/Image1.png URL. The status code is 0x0.","Opcode":"Stop","transferId":"{2C04E4D9-6583-464E-B7F9-966980542F5C}","name":"Push Notification Platform Job: 1","Id":"{613173E4-B190-4EFD-8957-59538DC01AE5}","url":"https://site-cdn.onenote.net/1683071550_Images/LiveTileImages/MediumAndLarge/Image1.png","hr":"0","fileTime":"2017-05-26T02:13:14.000000000Z","fileLength":"9618","bytesTotal":"9618","bytesTransferred":"9618","peerProtocolFlags":"0","bytesTransferredFromPeer":"0","AdditionalInfoHr":"0","PeerContextInfo":"0","bandwidthLimit":"18446744073709551615","ignoreBandwidthLimitsOnLan":"false","EventReceivedTime":1496947241,"SourceModuleName":"eventlog","SourceModuleType":"im_msvistalog","@version":"1","@timestamp":"2017-06-08T18:40:41.389Z","host":"192.168.0.92","port":53107,"type":"windows","tags":["json"]}
{"EventTime":"2017-06-08 13:40:40","Hostname":"CFO.sec555.com","Keywords":4611686018427387904,"EventType":"INFO","SeverityValue":2,"Severity":"INFO","EventID":4,"SourceName":"Microsoft-Windows-Bits-Client","ProviderGuid":"{EF1CC15B-46C1-414E-BB95-E76B077BD51E}","Version":1,"Task":0,"OpcodeValue":0,"RecordNumber":397,"ProcessID":928,"ThreadID":332,"Channel":"Microsoft-Windows-Bits-Client/Operational","Domain":"NT AUTHORITY","AccountName":"SYSTEM","UserID":"S-1-5-18","AccountType":"User","Message":"The transfer job is complete.\r\nUser: SEC555\\pdodson\r\nTransfer job: Push Notification Platform Job: 1\r\nJob ID: {613173E4-B190-4EFD-8957-59538DC01AE5}\r\nOwner: SEC555\\pdodson\r\nFile count: 1","Opcode":"Info","User":"SEC555\\pdodson","jobTitle":"Push Notification Platform Job: 1","jobId":"{613173E4-B190-4EFD-8957-59538DC01AE5}","jobOwner":"SEC555\\pdodson","fileCount":"1","bytesTransferred":"9618","bytesTransferredFromPeer":"0","EventReceivedTime":1496947241,"SourceModuleName":"eventlog","SourceModuleType":"im_msvistalog","@version":"1","@timestamp":"2017-06-08T18:40:41.389Z","host":"192.168.0.92","port":53107,"type":"windows","tags":["json"]}
{"EventTime":"2017-06-08 13:40:43","Hostname":"IT01.sec555.com","Keywords":-9187343239835811840,"EventType":"INFO","SeverityValue":2,"Severity":"INFO","EventID":7036,"SourceName":"Service Control Manager","ProviderGuid":"{555908D1-A6D7-4695-8E1E-26931D2012F4}","Version":0,"Task":0,"OpcodeValue":0,"RecordNumber":31590,"ProcessID":484,"ThreadID":1560,"Channel":"System","Message":"The Multimedia Class Scheduler service entered the stopped state.","param1":"Multimedia Class Scheduler","param2":"stopped","EventReceivedTime":1496947245,"SourceModuleName":"eventlog","SourceModuleType":"im_msvistalog","@version":"1","@timestamp":"2017-06-08T18:40:45.239Z","host":"192.168.1.52","port":49522,"type":"windows","tags":["json"]}
{"EventTime":"2017-06-08 13:40:44","Hostname":"DC02.sec555.com","Keywords":-9214364837600034816,"EventType":"AUDIT_SUCCESS","SeverityValue":2,"Severity":"INFO","EventID":4672,"SourceName":"Microsoft-Windows-Security-Auditing","ProviderGuid":"{54849625-5478-4994-A5BA-3E3B0328C30D}","Version":0,"Task":12548,"OpcodeValue":0,"RecordNumber":396591,"ProcessID":572,"ThreadID":1672,"Channel":"Security","Message":"Special privileges assigned to new logon.\r\n\r\nSubject:\r\n\tSecurity ID:\t\tS-1-5-18\r\n\tAccount Name:\t\tDC02$\r\n\tAccount Domain:\t\tSEC555\r\n\tLogon ID:\t\t0xFBEE3C\r\n\r\nPrivileges:\t\tSeSecurityPrivilege\r\n\t\t\tSeBackupPrivilege\r\n\t\t\tSeRestorePrivilege\r\n\t\t\tSeTakeOwnershipPrivilege\r\n\t\t\tSeDebugPrivilege\r\n\t\t\tSeSystemEnvironmentPrivilege\r\n\t\t\tSeLoadDriverPrivilege\r\n\t\t\tSeImpersonatePrivilege\r\n\t\t\tSeDelegateSessionUserImpersonatePrivilege\r\n\t\t\tSeEnableDelegationPrivilege","Category":"Special Logon","Opcode":"Info","SubjectUserSid":"S-1-5-18","SubjectUserName":"DC02$","SubjectDomainName":"SEC555","SubjectLogonId":"0xfbee3c","PrivilegeList":"SeSecurityPrivilege\r\n\t\t\tSeBackupPrivilege\r\n\t\t\tSeRestorePrivilege\r\n\t\t\tSeTakeOwnershipPrivilege\r\n\t\t\tSeDebugPrivilege\r\n\t\t\tSeSystemEnvironmentPrivilege\r\n\t\t\tSeLoadDriverPrivilege\r\n\t\t\tSeImpersonatePrivilege\r\n\t\t\tSeDelegateSessionUserImpersonatePrivilege\r\n\t\t\tSeEnableDelegationPrivilege","EventReceivedTime":1496947245,"SourceModuleName":"eventlog","SourceModuleType":"im_msvistalog","@version":"1","@timestamp":"2017-06-08T18:40:45.264Z","host":"10.5.55.3","port":62092,"type":"windows","tags":["json"]}
{"EventTime":"2017-06-08 13:40:44","Hostname":"DC02.sec555.com","Keywords":-9214364837600034816,"EventType":"AUDIT_SUCCESS","SeverityValue":2,"Severity":"INFO","EventID":4624,"SourceName":"Microsoft-Windows-Security-Auditing","ProviderGuid":"{54849625-5478-4994-A5BA-3E3B0328C30D}","Version":2,"Task":12544,"OpcodeValue":0,"RecordNumber":396592,"ProcessID":572,"ThreadID":1672,"Channel":"Security","Message":"An account was successfully logged on.\r\n\r\nSubject:\r\n\tSecurity ID:\t\tS-1-0-0\r\n\tAccount Name:\t\t-\r\n\tAccount Domain:\t\t-\r\n\tLogon ID:\t\t0x0\r\n\r\nLogon Information:\r\n\tLogon Type:\t\t3\r\n\tRestricted Admin Mode:\t-\r\n\tVirtual Account:\t\tNo\r\n\tElevated Token:\t\tYes\r\n\r\nImpersonation Level:\t\tImpersonation\r\n\r\nNew Logon:\r\n\tSecurity ID:\t\tS-1-5-18\r\n\tAccount Name:\t\tDC02$\r\n\tAccount Domain:\t\tSEC555.COM\r\n\tLogon ID:\t\t0xFBEE3C\r\n\tLinked Logon ID:\t\t0x0\r\n\tNetwork Account Name:\t-\r\n\tNetwork Account Domain:\t-\r\n\tLogon GUID:\t\t{6B3C4A7A-9DB7-5429-B063-384820A4FAA7}\r\n\r\nProcess Information:\r\n\tProcess ID:\t\t0x0\r\n\tProcess Name:\t\t-\r\n\r\nNetwork Information:\r\n\tWorkstation Name:\t\r\n\tSource Network Address:\t::1\r\n\tSource Port:\t\t62125\r\n\r\nDetailed Authentication Information:\r\n\tLogon Process:\t\tKerberos\r\n\tAuthentication Package:\tKerberos\r\n\tTransited Services:\t-\r\n\tPackage Name (NTLM only):\t-\r\n\tKey Length:\t\t0\r\n\r\nThis event is generated when a logon session is created. It is generated on the computer that was accessed.\r\n\r\nThe subject fields indicate the account on the local system which requested the logon. This is most commonly a service such as the Server service, or a local process such as Winlogon.exe or Services.exe.\r\n\r\nThe logon type field indicates the kind of logon that occurred. The most common types are 2 (interactive) and 3 (network).\r\n\r\nThe New Logon fields indicate the account for whom the new logon was created, i.e. the account that was logged on.\r\n\r\nThe network fields indicate where a remote logon request originated. Workstation name is not always available and may be left blank in some cases.\r\n\r\nThe impersonation level field indicates the extent to which a process in the logon session can impersonate.\r\n\r\nThe authentication information fields provide detailed information about this specific logon request.\r\n\t- Logon GUID is a unique identifier that can be used to correlate this event with a KDC event.\r\n\t- Transited services indicate which intermediate services have participated in this logon request.\r\n\t- Package name indicates which sub-protocol was used among the NTLM protocols.\r\n\t- Key length indicates the length of the generated session key. This will be 0 if no session key was requested.","Category":"Logon","Opcode":"Info","SubjectUserSid":"S-1-0-0","SubjectUserName":"-","SubjectDomainName":"-","SubjectLogonId":"0x0","TargetUserSid":"S-1-5-18","TargetUserName":"DC02$","TargetDomainName":"SEC555.COM","TargetLogonId":"0xfbee3c","LogonType":"3","LogonProcessName":"Kerberos","AuthenticationPackageName":"Kerberos","LogonGuid":"{6B3C4A7A-9DB7-5429-B063-384820A4FAA7}","TransmittedServices":"-","LmPackageName":"-","KeyLength":"0","ProcessName":"-","IpAddress":"::1","IpPort":"62125","ImpersonationLevel":"%%1833","RestrictedAdminMode":"-","TargetOutboundUserName":"-","TargetOutboundDomainName":"-","VirtualAccount":"%%1843","TargetLinkedLogonId":"0x0","ElevatedToken":"%%1842","EventReceivedTime":1496947245,"SourceModuleName":"eventlog","SourceModuleType":"im_msvistalog","@version":"1","@timestamp":"2017-06-08T18:40:45.264Z","host":"10.5.55.3","port":62092,"type":"windows","tags":["json"]}
{"EventTime":"2017-06-08 13:40:44","Hostname":"DC02.sec555.com","Keywords":-9214364837600034816,"EventType":"AUDIT_SUCCESS","SeverityValue":2,"Severity":"INFO","EventID":4634,"SourceName":"Microsoft-Windows-Security-Auditing","ProviderGuid":"{54849625-5478-4994-A5BA-3E3B0328C30D}","Version":0,"Task":12545,"OpcodeValue":0,"RecordNumber":396593,"ProcessID":572,"ThreadID":3292,"Channel":"Security","Message":"An account was logged off.\r\n\r\nSubject:\r\n\tSecurity ID:\t\tS-1-5-18\r\n\tAccount Name:\t\tDC02$\r\n\tAccount Domain:\t\tSEC555\r\n\tLogon ID:\t\t0xFBEE3C\r\n\r\nLogon Type:\t\t\t3\r\n\r\nThis event is generated when a logon session is destroyed. It may be positively correlated with a logon event using the Logon ID value. Logon IDs are only unique between reboots on the same computer.","Category":"Logoff","Opcode":"Info","TargetUserSid":"S-1-5-18","TargetUserName":"DC02$","TargetDomainName":"SEC555","TargetLogonId":"0xfbee3c","LogonType":"3","EventReceivedTime":1496947245,"SourceModuleName":"eventlog","SourceModuleType":"im_msvistalog","@version":"1","@timestamp":"2017-06-08T18:40:45.265Z","host":"10.5.55.3","port":62092,"type":"windows","tags":["json"]}
{"EventTime":"2017-06-08 13:40:45","Hostname":"DC02.sec555.com","Keywords":-9214364837600034816,"EventType":"AUDIT_SUCCESS","SeverityValue":2,"Severity":"INFO","EventID":4624,"SourceName":"Microsoft-Windows-Security-Auditing","ProviderGuid":"{54849625-5478-4994-A5BA-3E3B0328C30D}","Version":2,"Task":12544,"OpcodeValue":0,"RecordNumber":396594,"ProcessID":572,"ThreadID":1288,"Channel":"Security","Message":"An account was successfully logged on.\r\n\r\nSubject:\r\n\tSecurity ID:\t\tS-1-0-0\r\n\tAccount Name:\t\t-\r\n\tAccount Domain:\t\t-\r\n\tLogon ID:\t\t0x0\r\n\r\nLogon Information:\r\n\tLogon Type:\t\t3\r\n\tRestricted Admin Mode:\t-\r\n\tVirtual Account:\t\tNo\r\n\tElevated Token:\t\tYes\r\n\r\nImpersonation Level:\t\tImpersonation\r\n\r\nNew Logon:\r\n\tSecurity ID:\t\tS-1-5-21-4122792944-3018364698-3069667417-1002\r\n\tAccount Name:\t\tDC01$\r\n\tAccount Domain:\t\tSEC555.COM\r\n\tLogon ID:\t\t0xFBEE70\r\n\tLinked Logon ID:\t\t0x0\r\n\tNetwork Account Name:\t-\r\n\tNetwork Account Domain:\t-\r\n\tLogon GUID:\t\t{986EDAD3-E9D2-C549-E14E-678FBC9169F2}\r\n\r\nProcess Information:\r\n\tProcess ID:\t\t0x0\r\n\tProcess Name:\t\t-\r\n\r\nNetwork Information:\r\n\tWorkstation Name:\t\r\n\tSource Network Address:\t10.5.55.2\r\n\tSource Port:\t\t59677\r\n\r\nDetailed Authentication Information:\r\n\tLogon Process:\t\tKerberos\r\n\tAuthentication Package:\tKerberos\r\n\tTransited Services:\t-\r\n\tPackage Name (NTLM only):\t-\r\n\tKey Length:\t\t0\r\n\r\nThis event is generated when a logon session is created. It is generated on the computer that was accessed.\r\n\r\nThe subject fields indicate the account on the local system which requested the logon. This is most commonly a service such as the Server service, or a local process such as Winlogon.exe or Services.exe.\r\n\r\nThe logon type field indicates the kind of logon that occurred. The most common types are 2 (interactive) and 3 (network).\r\n\r\nThe New Logon fields indicate the account for whom the new logon was created, i.e. the account that was logged on.\r\n\r\nThe network fields indicate where a remote logon request originated. Workstation name is not always available and may be left blank in some cases.\r\n\r\nThe impersonation level field indicates the extent to which a process in the logon session can impersonate.\r\n\r\nThe authentication information fields provide detailed information about this specific logon request.\r\n\t- Logon GUID is a unique identifier that can be used to correlate this event with a KDC event.\r\n\t- Transited services indicate which intermediate services have participated in this logon request.\r\n\t- Package name indicates which sub-protocol was used among the NTLM protocols.\r\n\t- Key length indicates the length of the generated session key. This will be 0 if no session key was requested.","Category":"Logon","Opcode":"Info","SubjectUserSid":"S-1-0-0","SubjectUserName":"-","SubjectDomainName":"-","SubjectLogonId":"0x0","TargetUserSid":"S-1-5-21-4122792944-3018364698-3069667417-1002","TargetUserName":"DC01$","TargetDomainName":"SEC555.COM","TargetLogonId":"0xfbee70","LogonType":"3","LogonProcessName":"Kerberos","AuthenticationPackageName":"Kerberos","LogonGuid":"{986EDAD3-E9D2-C549-E14E-678FBC9169F2}","TransmittedServices":"-","LmPackageName":"-","KeyLength":"0","ProcessName":"-","IpAddress":"10.5.55.2","IpPort":"59677","ImpersonationLevel":"%%1833","RestrictedAdminMode":"-","TargetOutboundUserName":"-","TargetOutboundDomainName":"-","VirtualAccount":"%%1843","TargetLinkedLogonId":"0x0","ElevatedToken":"%%1842","EventReceivedTime":1496947246,"SourceModuleName":"eventlog","SourceModuleType":"im_msvistalog","@version":"1","@timestamp":"2017-06-08T18:40:46.278Z","host":"10.5.55.3","port":62092,"type":"windows","tags":["json"]}
{"EventTime":"2017-06-08 13:40:49","Hostname":"DC02.sec555.com","Keywords":-9214364837600034816,"EventType":"AUDIT_SUCCESS","SeverityValue":2,"Severity":"INFO","EventID":4634,"SourceName":"Microsoft-Windows-Security-Auditing","ProviderGuid":"{54849625-5478-4994-A5BA-3E3B0328C30D}","Version":0,"Task":12545,"OpcodeValue":0,"RecordNumber":396595,"ProcessID":572,"ThreadID":3292,"Channel":"Security","Message":"An account was logged off.\r\n\r\nSubject:\r\n\tSecurity ID:\t\tS-1-5-21-4122792944-3018364698-3069667417-1002\r\n\tAccount Name:\t\tDC01$\r\n\tAccount Domain:\t\tSEC555\r\n\tLogon ID:\t\t0xFB0E48\r\n\r\nLogon Type:\t\t\t3\r\n\r\nThis event is generated when a logon session is destroyed. It may be positively correlated with a logon event using the Logon ID value. Logon IDs are only unique between reboots on the same computer.","Category":"Logoff","Opcode":"Info","TargetUserSid":"S-1-5-21-4122792944-3018364698-3069667417-1002","TargetUserName":"DC01$","TargetDomainName":"SEC555","TargetLogonId":"0xfb0e48","LogonType":"3","EventReceivedTime":1496947250,"SourceModuleName":"eventlog","SourceModuleType":"im_msvistalog","@version":"1","@timestamp":"2017-06-08T18:40:50.294Z","host":"10.5.55.3","port":62092,"type":"windows","tags":["json"]}
{"EventTime":"2017-06-08 13:40:52","Hostname":"assistant01.sec555.com","Keywords":-9218868437227405312,"EventType":"AUDIT_FAILURE","SeverityValue":4,"Severity":"ERROR","EventID":4957,"SourceName":"Microsoft-Windows-Security-Auditing","ProviderGuid":"{54849625-5478-4994-A5BA-3E3B0328C30D}","Version":0,"Task":13571,"OpcodeValue":0,"RecordNumber":7793,"ProcessID":504,"ThreadID":3268,"Channel":"Security","Message":"Windows Firewall did not apply the following rule:\r\n\r\nRule Information:\r\n\tID:\tCoreNet-IPHTTPS-In\r\n\tName:\tCore Networking - IPHTTPS (TCP-In)\r\n\r\nError Information:\r\n\tReason:\tLocal Port resolved to an empty set.","Category":"MPSSVC Rule-Level Policy Change","Opcode":"Info","RuleId":"CoreNet-IPHTTPS-In","RuleName":"Core Networking - IPHTTPS (TCP-In)","RuleAttr":"Local Port","EventReceivedTime":1496947254,"SourceModuleName":"eventlog","SourceModuleType":"im_msvistalog","@version":"1","@timestamp":"2017-06-08T18:40:53.913Z","host":"192.168.2.52","port":49975,"type":"windows","tags":["json"]}
{"EventTime":"2017-06-08 13:40:52","Hostname":"assistant01.sec555.com","Keywords":-9187343239835811840,"EventType":"INFO","SeverityValue":2,"Severity":"INFO","EventID":7036,"SourceName":"Service Control Manager","ProviderGuid":"{555908D1-A6D7-4695-8E1E-26931D2012F4}","Version":0,"Task":0,"OpcodeValue":0,"RecordNumber":8411,"ProcessID":496,"ThreadID":5056,"Channel":"System","Message":"The WinHTTP Web Proxy Auto-Discovery Service service entered the running state.","param1":"WinHTTP Web Proxy Auto-Discovery Service","param2":"running","EventReceivedTime":1496947254,"SourceModuleName":"eventlog","SourceModuleType":"im_msvistalog","@version":"1","@timestamp":"2017-06-08T18:40:53.913Z","host":"192.168.2.52","port":49975,"type":"windows","tags":["json"]}
{"EventTime":"2017-06-08 13:40:52","Hostname":"assistant01.sec555.com","Keywords":-9218868437227405312,"EventType":"AUDIT_FAILURE","SeverityValue":4,"Severity":"ERROR","EventID":4957,"SourceName":"Microsoft-Windows-Security-Auditing","ProviderGuid":"{54849625-5478-4994-A5BA-3E3B0328C30D}","Version":0,"Task":13571,"OpcodeValue":0,"RecordNumber":7794,"ProcessID":504,"ThreadID":3268,"Channel":"Security","Message":"Windows Firewall did not apply the following rule:\r\n\r\nRule Information:\r\n\tID:\tCoreNet-Teredo-In\r\n\tName:\tCore Networking - Teredo (UDP-In)\r\n\r\nError Information:\r\n\tReason:\tLocal Port resolved to an empty set.","Category":"MPSSVC Rule-Level Policy Change","Opcode":"Info","RuleId":"CoreNet-Teredo-In","RuleName":"Core Networking - Teredo (UDP-In)","RuleAttr":"Local Port","EventReceivedTime":1496947254,"SourceModuleName":"eventlog","SourceModuleType":"im_msvistalog","@version":"1","@timestamp":"2017-06-08T18:40:53.914Z","host":"192.168.2.52","port":49975,"type":"windows","tags":["json"]}
{"EventTime":"2017-06-08 13:40:52","Hostname":"assistant01.sec555.com","Keywords":-9218868437227405312,"EventType":"AUDIT_FAILURE","SeverityValue":4,"Severity":"ERROR","EventID":4957,"SourceName":"Microsoft-Windows-Security-Auditing","ProviderGuid":"{54849625-5478-4994-A5BA-3E3B0328C30D}","Version":0,"Task":13571,"OpcodeValue":0,"RecordNumber":7795,"ProcessID":504,"ThreadID":3268,"Channel":"Security","Message":"Windows Firewall did not apply the following rule:\r\n\r\nRule Information:\r\n\tID:\tCoreNet-IPHTTPS-In\r\n\tName:\tCore Networking - IPHTTPS (TCP-In)\r\n\r\nError Information:\r\n\tReason:\tLocal Port resolved to an empty set.","Category":"MPSSVC Rule-Level Policy Change","Opcode":"Info","RuleId":"CoreNet-IPHTTPS-In","RuleName":"Core Networking - IPHTTPS (TCP-In)","RuleAttr":"Local Port","EventReceivedTime":1496947254,"SourceModuleName":"eventlog","SourceModuleType":"im_msvistalog","@version":"1","@timestamp":"2017-06-08T18:40:53.915Z","host":"192.168.2.52","port":49975,"type":"windows","tags":["json"]}
{"EventTime":"2017-06-08 13:40:52","Hostname":"assistant01.sec555.com","Keywords":-9218868437227405312,"EventType":"AUDIT_FAILURE","SeverityValue":4,"Severity":"ERROR","EventID":4957,"SourceName":"Microsoft-Windows-Security-Auditing","ProviderGuid":"{54849625-5478-4994-A5BA-3E3B0328C30D}","Version":0,"Task":13571,"OpcodeValue":0,"RecordNumber":7796,"ProcessID":504,"ThreadID":3268,"Channel":"Security","Message":"Windows Firewall did not apply the following rule:\r\n\r\nRule Information:\r\n\tID:\tCoreNet-Teredo-In\r\n\tName:\tCore Networking - Teredo (UDP-In)\r\n\r\nError Information:\r\n\tReason:\tLocal Port resolved to an empty set.","Category":"MPSSVC Rule-Level Policy Change","Opcode":"Info","RuleId":"CoreNet-Teredo-In","RuleName":"Core Networking - Teredo (UDP-In)","RuleAttr":"Local Port","EventReceivedTime":1496947254,"SourceModuleName":"eventlog","SourceModuleType":"im_msvistalog","@version":"1","@timestamp":"2017-06-08T18:40:53.916Z","host":"192.168.2.52","port":49975,"type":"windows","tags":["json"]}
