{"EventTime":"2017-06-08 13:43:34","Hostname":"DC02.sec555.com","Keywords":4611686018427387904,"EventType":"INFO","SeverityValue":2,"Severity":"INFO","EventID":5320,"SourceName":"Microsoft-Windows-GroupPolicy","ProviderGuid":"{AEA1B4FA-97D1-45F2-A64C-4D69FFFD92C9}","Version":0,"Task":0,"OpcodeValue":0,"RecordNumber":265143,"ActivityID":"{C3B7C796-235B-4273-87E3-5F205AD1B488}","ProcessID":1240,"ThreadID":4920,"Channel":"Microsoft-Windows-GroupPolicy/Operational","Domain":"NT AUTHORITY","AccountName":"SYSTEM","UserID":"S-1-5-18","AccountType":"User","Message":"Finished checking for non-system extensions.","Opcode":"Info","InfoDescription":"%%4165","EventReceivedTime":1496947415,"SourceModuleName":"eventlog","SourceModuleType":"im_msvistalog","@version":"1","@timestamp":"2017-06-08T18:43:34.895Z","host":"10.5.55.3","port":62092,"type":"windows","tags":["json"]}
{"EventTime":"2017-06-08 13:43:34","Hostname":"DC02.sec555.com","Keywords":-9214364837600034816,"EventType":"AUDIT_SUCCESS","SeverityValue":2,"Severity":"INFO","EventID":4634,"SourceName":"Microsoft-Windows-Security-Auditing","ProviderGuid":"{54849625-5478-4994-A5BA-3E3B0328C30D}","Version":0,"Task":12545,"OpcodeValue":0,"RecordNumber":396677,"ProcessID":572,"ThreadID":3676,"Channel":"Security","Message":"An account was logged off.\r\n\r\nSubject:\r\n\tSecurity ID:\t\tS-1-5-18\r\n\tAccount Name:\t\tDC02$\r\n\tAccount Domain:\t\tSEC555\r\n\tLogon ID:\t\t0xFC6914\r\n\r\nLogon Type:\t\t\t3\r\n\r\nThis event is generated when a logon session is destroyed. It may be positively correlated with a logon event using the Logon ID value. Logon IDs are only unique between reboots on the same computer.","Category":"Logoff","Opcode":"Info","TargetUserSid":"S-1-5-18","TargetUserName":"DC02$","TargetDomainName":"SEC555","TargetLogonId":"0xfc6914","LogonType":"3","EventReceivedTime":1496947415,"SourceModuleName":"eventlog","SourceModuleType":"im_msvistalog","@version":"1","@timestamp":"2017-06-08T18:43:34.895Z","host":"10.5.55.3","port":62092,"type":"windows","tags":["json"]}
{"EventTime":"2017-06-08 13:43:34","Hostname":"DC02.sec555.com","Keywords":4611686018427387904,"EventType":"INFO","SeverityValue":2,"Severity":"INFO","EventID":8001,"SourceName":"Microsoft-Windows-GroupPolicy","ProviderGuid":"{AEA1B4FA-97D1-45F2-A64C-4D69FFFD92C9}","Version":1,"Task":0,"OpcodeValue":2,"RecordNumber":265144,"ActivityID":"{C3B7C796-235B-4273-87E3-5F205AD1B488}","ProcessID":1240,"ThreadID":4920,"Channel":"Microsoft-Windows-GroupPolicy/Operational","Domain":"NT AUTHORITY","AccountName":"SYSTEM","UserID":"S-1-5-18","AccountType":"User","Message":"Completed user logon policy processing for SEC555\\jhenderson in 0 seconds.","Opcode":"Stop","PolicyElaspedTimeInSeconds":"0","ErrorCode":"0","PrincipalSamName":"SEC555\\jhenderson","IsMachine":"0","IsConnectivityFailure":"false","EventReceivedTime":1496947415,"SourceModuleName":"eventlog","SourceModuleType":"im_msvistalog","@version":"1","@timestamp":"2017-06-08T18:43:34.895Z","host":"10.5.55.3","port":62092,"type":"windows","tags":["json"]}
{"EventTime":"2017-06-08 13:43:34","Hostname":"DC02.sec555.com","Keywords":4611686018427387904,"EventType":"INFO","SeverityValue":2,"Severity":"INFO","EventID":5117,"SourceName":"Microsoft-Windows-GroupPolicy","ProviderGuid":"{AEA1B4FA-97D1-45F2-A64C-4D69FFFD92C9}","Version":0,"Task":0,"OpcodeValue":0,"RecordNumber":265145,"ActivityID":"{C3B7C796-235B-4273-87E3-5F205AD1B488}","ProcessID":1240,"ThreadID":4920,"Channel":"Microsoft-Windows-GroupPolicy/Operational","Domain":"NT AUTHORITY","AccountName":"SYSTEM","UserID":"S-1-5-18","AccountType":"User","Message":"Group policy session completed successfully.","Opcode":"Info","IsMachine":"false","SessionTimeElapsedInMilliseconds":"625","EventReceivedTime":1496947415,"SourceModuleName":"eventlog","SourceModuleType":"im_msvistalog","@version":"1","@timestamp":"2017-06-08T18:43:34.897Z","host":"10.5.55.3","port":62092,"type":"windows","tags":["json"]}
{"EventTime":"2017-06-08 13:43:34","Hostname":"DC02.sec555.com","Keywords":4611686018427387904,"EventType":"INFO","SeverityValue":2,"Severity":"INFO","EventID":6338,"SourceName":"Microsoft-Windows-GroupPolicy","ProviderGuid":"{AEA1B4FA-97D1-45F2-A64C-4D69FFFD92C9}","Version":0,"Task":0,"OpcodeValue":0,"RecordNumber":265146,"ProcessID":1240,"ThreadID":1572,"Channel":"Microsoft-Windows-GroupPolicy/Operational","Domain":"NT AUTHORITY","AccountName":"SYSTEM","UserID":"S-1-5-18","AccountType":"User","Message":"Group Policy Winlogon status reporting has completed.","Opcode":"Info","EventData":"","EventReceivedTime":1496947415,"SourceModuleName":"eventlog","SourceModuleType":"im_msvistalog","@version":"1","@timestamp":"2017-06-08T18:43:34.897Z","host":"10.5.55.3","port":62092,"type":"windows","tags":["json"]}
{"EventTime":"2017-06-08 13:43:34","Hostname":"DC02.sec555.com","Keywords":4611686018427387904,"EventType":"INFO","SeverityValue":2,"Severity":"INFO","EventID":5351,"SourceName":"Microsoft-Windows-GroupPolicy","ProviderGuid":"{AEA1B4FA-97D1-45F2-A64C-4D69FFFD92C9}","Version":0,"Task":0,"OpcodeValue":0,"RecordNumber":265147,"ProcessID":1240,"ThreadID":1572,"Channel":"Microsoft-Windows-GroupPolicy/Operational","Domain":"NT AUTHORITY","AccountName":"SYSTEM","UserID":"S-1-5-18","AccountType":"User","Message":"Group policy session returned to winlogon.","Opcode":"Info","IsMachine":"false","WinlogonReturnTimeElapsedInMilliseconds":"625","EventReceivedTime":1496947415,"SourceModuleName":"eventlog","SourceModuleType":"im_msvistalog","@version":"1","@timestamp":"2017-06-08T18:43:34.900Z","host":"10.5.55.3","port":62092,"type":"windows","tags":["json"]}
{"EventTime":"2017-06-08 13:43:34","Hostname":"DC02.sec555.com","Keywords":4611686018427387904,"EventType":"INFO","SeverityValue":2,"Severity":"INFO","EventID":5315,"SourceName":"Microsoft-Windows-GroupPolicy","ProviderGuid":"{AEA1B4FA-97D1-45F2-A64C-4D69FFFD92C9}","Version":0,"Task":0,"OpcodeValue":0,"RecordNumber":265148,"ProcessID":1240,"ThreadID":4860,"Channel":"Microsoft-Windows-GroupPolicy/Operational","Domain":"NT AUTHORITY","AccountName":"SYSTEM","UserID":"S-1-5-18","AccountType":"User","Message":"Next policy processing for SEC555\\jhenderson will be attempted in 116 minutes.","Opcode":"Info","PrincipalSamName":"SEC555\\jhenderson","NextPolicyApplicationTime":"116","NextPolicyApplicationTimeUnit":"%%4100","EventReceivedTime":1496947415,"SourceModuleName":"eventlog","SourceModuleType":"im_msvistalog","@version":"1","@timestamp":"2017-06-08T18:43:34.901Z","host":"10.5.55.3","port":62092,"type":"windows","tags":["json"]}
{"EventTime":"2017-06-08 13:43:34","Hostname":"DC02.sec555.com","Keywords":4611686018427387905,"EventType":"VERBOSE","SeverityValue":1,"Severity":"DEBUG","EventID":818,"SourceName":"Microsoft-Windows-AppXDeployment-Server","ProviderGuid":"{3F471139-ACB7-4A01-B7A7-FF5DA4BA2D43}","Version":0,"Task":6,"OpcodeValue":0,"RecordNumber":1138,"ActivityID":"{78C8CBAF-DFA9-0000-4EA8-C978A9DFD201}","ProcessID":740,"ThreadID":4748,"Channel":"Microsoft-Windows-AppXDeploymentServer/Operational","Domain":"NT AUTHORITY","AccountName":"SYSTEM","UserID":"S-1-5-18","AccountType":"User","Message":"Determining packages to be installed during logon for user: S-1-5-21-4122792944-3018364698-3069667417-1001.","Opcode":"Info","UserSid":"S-1-5-21-4122792944-3018364698-3069667417-1001","EventReceivedTime":1496947415,"SourceModuleName":"eventlog","SourceModuleType":"im_msvistalog","@version":"1","@timestamp":"2017-06-08T18:43:34.901Z","host":"10.5.55.3","port":62092,"type":"windows","tags":["json"]}
{"EventTime":"2017-06-08 13:43:34","Hostname":"DC02.sec555.com","Keywords":4611686018427387905,"EventType":"VERBOSE","SeverityValue":1,"Severity":"DEBUG","EventID":819,"SourceName":"Microsoft-Windows-AppXDeployment-Server","ProviderGuid":"{3F471139-ACB7-4A01-B7A7-FF5DA4BA2D43}","Version":0,"Task":6,"OpcodeValue":0,"RecordNumber":1139,"ActivityID":"{78C8CBAF-DFA9-0000-4EA8-C978A9DFD201}","ProcessID":740,"ThreadID":4748,"Channel":"Microsoft-Windows-AppXDeploymentServer/Operational","Domain":"NT AUTHORITY","AccountName":"SYSTEM","UserID":"S-1-5-18","AccountType":"User","Message":"The following packages will be installed: . The following packages will be removed: ","Opcode":"Info","EventReceivedTime":1496947415,"SourceModuleName":"eventlog","SourceModuleType":"im_msvistalog","@version":"1","@timestamp":"2017-06-08T18:43:34.904Z","host":"10.5.55.3","port":62092,"type":"windows","tags":["json"]}
{"EventTime":"2017-06-08 13:43:34","Hostname":"DC02.sec555.com","Keywords":1152921504606846976,"EventType":"INFO","SeverityValue":2,"Severity":"INFO","EventID":21,"SourceName":"Microsoft-Windows-TerminalServices-LocalSessionManager","ProviderGuid":"{5D896912-022D-40AA-A3A8-4FA5515C76D7}","Version":0,"Task":0,"OpcodeValue":0,"RecordNumber":202,"ActivityID":"{61A55000-55E5-1017-0000-000000000000}","ProcessID":740,"ThreadID":4748,"Channel":"Microsoft-Windows-TerminalServices-LocalSessionManager/Operational","Domain":"NT AUTHORITY","AccountName":"SYSTEM","UserID":"S-1-5-18","AccountType":"User","Message":"Remote Desktop Services: Session logon succeeded:\r\n\r\nUser: SEC555\\jhenderson\r\nSession ID: 1\r\nSource Network Address: LOCAL","Opcode":"Info","UserData":"<EventXML xmlns='Event_NS'><User>SEC555\\jhenderson</User><SessionID>1</SessionID><Address>LOCAL</Address></EventXML>","EventReceivedTime":1496947415,"SourceModuleName":"eventlog","SourceModuleType":"im_msvistalog","@version":"1","@timestamp":"2017-06-08T18:43:34.904Z","host":"10.5.55.3","port":62092,"type":"windows","tags":["json"]}
{"EventTime":"2017-06-08 13:43:34","Hostname":"DC02.sec555.com","Keywords":-9187343239835811840,"EventType":"INFO","SeverityValue":2,"Severity":"INFO","EventID":7036,"SourceName":"Service Control Manager","ProviderGuid":"{555908D1-A6D7-4695-8E1E-26931D2012F4}","Version":0,"Task":0,"OpcodeValue":0,"RecordNumber":15680,"ProcessID":564,"ThreadID":1716,"Channel":"System","Message":"The Microsoft Passport Container service entered the running state.","param1":"Microsoft Passport Container","param2":"running","EventReceivedTime":1496947415,"SourceModuleName":"eventlog","SourceModuleType":"im_msvistalog","@version":"1","@timestamp":"2017-06-08T18:43:34.905Z","host":"10.5.55.3","port":62092,"type":"windows","tags":["json"]}
{"EventTime":"2017-06-08 13:43:33","Hostname":"DC01.sec555.com","Keywords":-9214364837600034816,"EventType":"AUDIT_SUCCESS","SeverityValue":2,"Severity":"INFO","EventID":4672,"SourceName":"Microsoft-Windows-Security-Auditing","ProviderGuid":"{54849625-5478-4994-A5BA-3E3B0328C30D}","Version":0,"Task":12548,"OpcodeValue":0,"RecordNumber":549761,"ProcessID":536,"ThreadID":3228,"Channel":"Security","Message":"Special privileges assigned to new logon.\r\n\r\nSubject:\r\n\tSecurity ID:\t\tS-1-5-18\r\n\tAccount Name:\t\tDC01$\r\n\tAccount Domain:\t\tSEC555\r\n\tLogon ID:\t\t0xD62F42\r\n\r\nPrivileges:\t\tSeSecurityPrivilege\r\n\t\t\tSeBackupPrivilege\r\n\t\t\tSeRestorePrivilege\r\n\t\t\tSeTakeOwnershipPrivilege\r\n\t\t\tSeDebugPrivilege\r\n\t\t\tSeSystemEnvironmentPrivilege\r\n\t\t\tSeLoadDriverPrivilege\r\n\t\t\tSeImpersonatePrivilege\r\n\t\t\tSeEnableDelegationPrivilege","Category":"Special Logon","Opcode":"Info","SubjectUserSid":"S-1-5-18","SubjectUserName":"DC01$","SubjectDomainName":"SEC555","SubjectLogonId":"0xd62f42","PrivilegeList":"SeSecurityPrivilege\r\n\t\t\tSeBackupPrivilege\r\n\t\t\tSeRestorePrivilege\r\n\t\t\tSeTakeOwnershipPrivilege\r\n\t\t\tSeDebugPrivilege\r\n\t\t\tSeSystemEnvironmentPrivilege\r\n\t\t\tSeLoadDriverPrivilege\r\n\t\t\tSeImpersonatePrivilege\r\n\t\t\tSeEnableDelegationPrivilege","EventReceivedTime":1496947415,"SourceModuleName":"eventlog","SourceModuleType":"im_msvistalog","@version":"1","@timestamp":"2017-06-08T18:43:35.186Z","host":"10.5.55.2","port":59656,"type":"windows","tags":["json"]}
{"EventTime":"2017-06-08 13:43:33","Hostname":"DC01.sec555.com","Keywords":-9214364837600034816,"EventType":"AUDIT_SUCCESS","SeverityValue":2,"Severity":"INFO","EventID":4624,"SourceName":"Microsoft-Windows-Security-Auditing","ProviderGuid":"{54849625-5478-4994-A5BA-3E3B0328C30D}","Version":1,"Task":12544,"OpcodeValue":0,"RecordNumber":549762,"ProcessID":536,"ThreadID":3228,"Channel":"Security","Message":"An account was successfully logged on.\r\n\r\nSubject:\r\n\tSecurity ID:\t\tS-1-0-0\r\n\tAccount Name:\t\t-\r\n\tAccount Domain:\t\t-\r\n\tLogon ID:\t\t0x0\r\n\r\nLogon Type:\t\t\t3\r\n\r\nImpersonation Level:\t\tImpersonation\r\n\r\nNew Logon:\r\n\tSecurity ID:\t\tS-1-5-18\r\n\tAccount Name:\t\tDC01$\r\n\tAccount Domain:\t\tSEC555\r\n\tLogon ID:\t\t0xD62F42\r\n\tLogon GUID:\t\t{F2745349-6DDC-9FD6-ACEB-A0F80B1630E4}\r\n\r\nProcess Information:\r\n\tProcess ID:\t\t0x0\r\n\tProcess Name:\t\t-\r\n\r\nNetwork Information:\r\n\tWorkstation Name:\t\r\n\tSource Network Address:\t::1\r\n\tSource Port:\t\t59690\r\n\r\nDetailed Authentication Information:\r\n\tLogon Process:\t\tKerberos\r\n\tAuthentication Package:\tKerberos\r\n\tTransited Services:\t-\r\n\tPackage Name (NTLM only):\t-\r\n\tKey Length:\t\t0\r\n\r\nThis event is generated when a logon session is created. It is generated on the computer that was accessed.\r\n\r\nThe subject fields indicate the account on the local system which requested the logon. This is most commonly a service such as the Server service, or a local process such as Winlogon.exe or Services.exe.\r\n\r\nThe logon type field indicates the kind of logon that occurred. The most common types are 2 (interactive) and 3 (network).\r\n\r\nThe New Logon fields indicate the account for whom the new logon was created, i.e. the account that was logged on.\r\n\r\nThe network fields indicate where a remote logon request originated. Workstation name is not always available and may be left blank in some cases.\r\n\r\nThe impersonation level field indicates the extent to which a process in the logon session can impersonate.\r\n\r\nThe authentication information fields provide detailed information about this specific logon request.\r\n\t- Logon GUID is a unique identifier that can be used to correlate this event with a KDC event.\r\n\t- Transited services indicate which intermediate services have participated in this logon request.\r\n\t- Package name indicates which sub-protocol was used among the NTLM protocols.\r\n\t- Key length indicates the length of the generated session key. This will be 0 if no session key was requested.","Category":"Logon","Opcode":"Info","SubjectUserSid":"S-1-0-0","SubjectUserName":"-","SubjectDomainName":"-","SubjectLogonId":"0x0","TargetUserSid":"S-1-5-18","TargetUserName":"DC01$","TargetDomainName":"SEC555","TargetLogonId":"0xd62f42","LogonType":"3","LogonProcessName":"Kerberos","AuthenticationPackageName":"Kerberos","LogonGuid":"{F2745349-6DDC-9FD6-ACEB-A0F80B1630E4}","TransmittedServices":"-","LmPackageName":"-","KeyLength":"0","ProcessName":"-","IpAddress":"::1","IpPort":"59690","ImpersonationLevel":"%%1833","EventReceivedTime":1496947415,"SourceModuleName":"eventlog","SourceModuleType":"im_msvistalog","@version":"1","@timestamp":"2017-06-08T18:43:35.186Z","host":"10.5.55.2","port":59656,"type":"windows","tags":["json"]}
{"EventTime":"2017-06-08 13:43:33","Hostname":"DC01.sec555.com","Keywords":-9214364837600034816,"EventType":"AUDIT_SUCCESS","SeverityValue":2,"Severity":"INFO","EventID":4634,"SourceName":"Microsoft-Windows-Security-Auditing","ProviderGuid":"{54849625-5478-4994-A5BA-3E3B0328C30D}","Version":0,"Task":12545,"OpcodeValue":0,"RecordNumber":549763,"ProcessID":536,"ThreadID":2724,"Channel":"Security","Message":"An account was logged off.\r\n\r\nSubject:\r\n\tSecurity ID:\t\tS-1-5-18\r\n\tAccount Name:\t\tDC01$\r\n\tAccount Domain:\t\tSEC555\r\n\tLogon ID:\t\t0xD62F42\r\n\r\nLogon Type:\t\t\t3\r\n\r\nThis event is generated when a logon session is destroyed. It may be positively correlated with a logon event using the Logon ID value. Logon IDs are only unique between reboots on the same computer.","Category":"Logoff","Opcode":"Info","TargetUserSid":"S-1-5-18","TargetUserName":"DC01$","TargetDomainName":"SEC555","TargetLogonId":"0xd62f42","LogonType":"3","EventReceivedTime":1496947415,"SourceModuleName":"eventlog","SourceModuleType":"im_msvistalog","@version":"1","@timestamp":"2017-06-08T18:43:35.187Z","host":"10.5.55.2","port":59656,"type":"windows","tags":["json"]}
{"EventTime":"2017-06-08 13:43:34","Hostname":"DC02.sec555.com","Keywords":-9214364837600034816,"EventType":"AUDIT_SUCCESS","SeverityValue":2,"Severity":"INFO","EventID":4697,"SourceName":"Microsoft-Windows-Security-Auditing","ProviderGuid":"{54849625-5478-4994-A5BA-3E3B0328C30D}","Version":0,"Task":12289,"OpcodeValue":0,"RecordNumber":396682,"ActivityID":"{78C8CBAF-DFA9-0000-71CC-C878A9DFD201}","ProcessID":572,"ThreadID":3676,"Channel":"Security","Message":"A service was installed in the system.\r\n\r\nSubject:\r\n\tSecurity ID:\t\tS-1-5-18\r\n\tAccount Name:\t\tDC02$\r\n\tAccount Domain:\t\tSEC555\r\n\tLogon ID:\t\t0x3E7\r\n\r\nService Information:\r\n\tService Name: \t\tCDPUserSvc_fc7f19\r\n\tService File Name:\tC:\\Windows\\system32\\svchost.exe -k UnistackSvcGroup\r\n\tService Type: \t\t0xE0\r\n\tService Start Type:\t2\r\n\tService Account: \t\tLocalSystem","Category":"Security System Extension","Opcode":"Info","SubjectUserSid":"S-1-5-18","SubjectUserName":"DC02$","SubjectDomainName":"SEC555","SubjectLogonId":"0x3e7","ServiceName":"CDPUserSvc_fc7f19","ServiceFileName":"C:\\Windows\\system32\\svchost.exe -k UnistackSvcGroup","ServiceType":"0xe0","ServiceStartType":"2","ServiceAccount":"LocalSystem","EventReceivedTime":1496947416,"SourceModuleName":"eventlog","SourceModuleType":"im_msvistalog","@version":"1","@timestamp":"2017-06-08T18:43:35.909Z","host":"10.5.55.3","port":62092,"type":"windows","tags":["json"]}
{"EventTime":"2017-06-08 13:43:34","Hostname":"DC02.sec555.com","Keywords":-9214364837600034816,"EventType":"AUDIT_SUCCESS","SeverityValue":2,"Severity":"INFO","EventID":4697,"SourceName":"Microsoft-Windows-Security-Auditing","ProviderGuid":"{54849625-5478-4994-A5BA-3E3B0328C30D}","Version":0,"Task":12289,"OpcodeValue":0,"RecordNumber":396683,"ActivityID":"{78C8CBAF-DFA9-0000-71CC-C878A9DFD201}","ProcessID":572,"ThreadID":3676,"Channel":"Security","Message":"A service was installed in the system.\r\n\r\nSubject:\r\n\tSecurity ID:\t\tS-1-5-18\r\n\tAccount Name:\t\tDC02$\r\n\tAccount Domain:\t\tSEC555\r\n\tLogon ID:\t\t0x3E7\r\n\r\nService Information:\r\n\tService Name: \t\tOneSyncSvc_fc7f19\r\n\tService File Name:\tC:\\Windows\\system32\\svchost.exe -k UnistackSvcGroup\r\n\tService Type: \t\t0xE0\r\n\tService Start Type:\t2\r\n\tService Account: \t\tLocalSystem","Category":"Security System Extension","Opcode":"Info","SubjectUserSid":"S-1-5-18","SubjectUserName":"DC02$","SubjectDomainName":"SEC555","SubjectLogonId":"0x3e7","ServiceName":"OneSyncSvc_fc7f19","ServiceFileName":"C:\\Windows\\system32\\svchost.exe -k UnistackSvcGroup","ServiceType":"0xe0","ServiceStartType":"2","ServiceAccount":"LocalSystem","EventReceivedTime":1496947416,"SourceModuleName":"eventlog","SourceModuleType":"im_msvistalog","@version":"1","@timestamp":"2017-06-08T18:43:35.910Z","host":"10.5.55.3","port":62092,"type":"windows","tags":["json"]}
{"EventTime":"2017-06-08 13:43:34","Hostname":"DC02.sec555.com","Keywords":-9214364837600034816,"EventType":"AUDIT_SUCCESS","SeverityValue":2,"Severity":"INFO","EventID":4697,"SourceName":"Microsoft-Windows-Security-Auditing","ProviderGuid":"{54849625-5478-4994-A5BA-3E3B0328C30D}","Version":0,"Task":12289,"OpcodeValue":0,"RecordNumber":396684,"ActivityID":"{78C8CBAF-DFA9-0000-71CC-C878A9DFD201}","ProcessID":572,"ThreadID":3676,"Channel":"Security","Message":"A service was installed in the system.\r\n\r\nSubject:\r\n\tSecurity ID:\t\tS-1-5-18\r\n\tAccount Name:\t\tDC02$\r\n\tAccount Domain:\t\tSEC555\r\n\tLogon ID:\t\t0x3E7\r\n\r\nService Information:\r\n\tService Name: \t\tPimIndexMaintenanceSvc_fc7f19\r\n\tService File Name:\tC:\\Windows\\system32\\svchost.exe -k UnistackSvcGroup\r\n\tService Type: \t\t0xE0\r\n\tService Start Type:\t3\r\n\tService Account: \t\tLocalSystem","Category":"Security System Extension","Opcode":"Info","SubjectUserSid":"S-1-5-18","SubjectUserName":"DC02$","SubjectDomainName":"SEC555","SubjectLogonId":"0x3e7","ServiceName":"PimIndexMaintenanceSvc_fc7f19","ServiceFileName":"C:\\Windows\\system32\\svchost.exe -k UnistackSvcGroup","ServiceType":"0xe0","ServiceStartType":"3","ServiceAccount":"LocalSystem","EventReceivedTime":1496947416,"SourceModuleName":"eventlog","SourceModuleType":"im_msvistalog","@version":"1","@timestamp":"2017-06-08T18:43:35.911Z","host":"10.5.55.3","port":62092,"type":"windows","tags":["json"]}
{"EventTime":"2017-06-08 13:43:34","Hostname":"DC02.sec555.com","Keywords":-9214364837600034816,"EventType":"AUDIT_SUCCESS","SeverityValue":2,"Severity":"INFO","EventID":4697,"SourceName":"Microsoft-Windows-Security-Auditing","ProviderGuid":"{54849625-5478-4994-A5BA-3E3B0328C30D}","Version":0,"Task":12289,"OpcodeValue":0,"RecordNumber":396685,"ActivityID":"{78C8CBAF-DFA9-0000-71CC-C878A9DFD201}","ProcessID":572,"ThreadID":3676,"Channel":"Security","Message":"A service was installed in the system.\r\n\r\nSubject:\r\n\tSecurity ID:\t\tS-1-5-18\r\n\tAccount Name:\t\tDC02$\r\n\tAccount Domain:\t\tSEC555\r\n\tLogon ID:\t\t0x3E7\r\n\r\nService Information:\r\n\tService Name: \t\tUnistoreSvc_fc7f19\r\n\tService File Name:\tC:\\Windows\\System32\\svchost.exe -k UnistackSvcGroup\r\n\tService Type: \t\t0xE0\r\n\tService Start Type:\t3\r\n\tService Account: \t\tLocalSystem","Category":"Security System Extension","Opcode":"Info","SubjectUserSid":"S-1-5-18","SubjectUserName":"DC02$","SubjectDomainName":"SEC555","SubjectLogonId":"0x3e7","ServiceName":"UnistoreSvc_fc7f19","ServiceFileName":"C:\\Windows\\System32\\svchost.exe -k UnistackSvcGroup","ServiceType":"0xe0","ServiceStartType":"3","ServiceAccount":"LocalSystem","EventReceivedTime":1496947416,"SourceModuleName":"eventlog","SourceModuleType":"im_msvistalog","@version":"1","@timestamp":"2017-06-08T18:43:35.912Z","host":"10.5.55.3","port":62092,"type":"windows","tags":["json"]}
{"EventTime":"2017-06-08 13:43:34","Hostname":"DC02.sec555.com","Keywords":-9214364837600034816,"EventType":"AUDIT_SUCCESS","SeverityValue":2,"Severity":"INFO","EventID":4697,"SourceName":"Microsoft-Windows-Security-Auditing","ProviderGuid":"{54849625-5478-4994-A5BA-3E3B0328C30D}","Version":0,"Task":12289,"OpcodeValue":0,"RecordNumber":396686,"ActivityID":"{78C8CBAF-DFA9-0000-71CC-C878A9DFD201}","ProcessID":572,"ThreadID":3676,"Channel":"Security","Message":"A service was installed in the system.\r\n\r\nSubject:\r\n\tSecurity ID:\t\tS-1-5-18\r\n\tAccount Name:\t\tDC02$\r\n\tAccount Domain:\t\tSEC555\r\n\tLogon ID:\t\t0x3E7\r\n\r\nService Information:\r\n\tService Name: \t\tUserDataSvc_fc7f19\r\n\tService File Name:\tC:\\Windows\\system32\\svchost.exe -k UnistackSvcGroup\r\n\tService Type: \t\t0xE0\r\n\tService Start Type:\t3\r\n\tService Account: \t\tLocalSystem","Category":"Security System Extension","Opcode":"Info","SubjectUserSid":"S-1-5-18","SubjectUserName":"DC02$","SubjectDomainName":"SEC555","SubjectLogonId":"0x3e7","ServiceName":"UserDataSvc_fc7f19","ServiceFileName":"C:\\Windows\\system32\\svchost.exe -k UnistackSvcGroup","ServiceType":"0xe0","ServiceStartType":"3","ServiceAccount":"LocalSystem","EventReceivedTime":1496947416,"SourceModuleName":"eventlog","SourceModuleType":"im_msvistalog","@version":"1","@timestamp":"2017-06-08T18:43:35.912Z","host":"10.5.55.3","port":62092,"type":"windows","tags":["json"]}
{"EventTime":"2017-06-08 13:43:34","Hostname":"DC02.sec555.com","Keywords":-9214364837600034816,"EventType":"AUDIT_SUCCESS","SeverityValue":2,"Severity":"INFO","EventID":4697,"SourceName":"Microsoft-Windows-Security-Auditing","ProviderGuid":"{54849625-5478-4994-A5BA-3E3B0328C30D}","Version":0,"Task":12289,"OpcodeValue":0,"RecordNumber":396687,"ActivityID":"{78C8CBAF-DFA9-0000-71CC-C878A9DFD201}","ProcessID":572,"ThreadID":3676,"Channel":"Security","Message":"A service was installed in the system.\r\n\r\nSubject:\r\n\tSecurity ID:\t\tS-1-5-18\r\n\tAccount Name:\t\tDC02$\r\n\tAccount Domain:\t\tSEC555\r\n\tLogon ID:\t\t0x3E7\r\n\r\nService Information:\r\n\tService Name: \t\tWpnUserService_fc7f19\r\n\tService File Name:\tC:\\Windows\\system32\\svchost.exe -k UnistackSvcGroup\r\n\tService Type: \t\t0xE0\r\n\tService Start Type:\t3\r\n\tService Account: \t\tLocalSystem","Category":"Security System Extension","Opcode":"Info","SubjectUserSid":"S-1-5-18","SubjectUserName":"DC02$","SubjectDomainName":"SEC555","SubjectLogonId":"0x3e7","ServiceName":"WpnUserService_fc7f19","ServiceFileName":"C:\\Windows\\system32\\svchost.exe -k UnistackSvcGroup","ServiceType":"0xe0","ServiceStartType":"3","ServiceAccount":"LocalSystem","EventReceivedTime":1496947416,"SourceModuleName":"eventlog","SourceModuleType":"im_msvistalog","@version":"1","@timestamp":"2017-06-08T18:43:35.913Z","host":"10.5.55.3","port":62092,"type":"windows","tags":["json"]}
{"EventTime":"2017-06-08 13:43:34","Hostname":"DC02.sec555.com","Keywords":-9223372036854775808,"EventType":"INFO","SeverityValue":2,"Severity":"INFO","EventID":119,"SourceName":"Microsoft-Windows-TaskScheduler","ProviderGuid":"{DE7B24EA-73C8-4A09-985D-5BDADCFA9017}","Version":0,"Task":119,"OpcodeValue":0,"RecordNumber":8225,"ActivityID":"{C8CCC3D5-94DB-4A06-A48E-67F117FE0FAE}","ProcessID":1240,"ThreadID":1336,"Channel":"Microsoft-Windows-TaskScheduler/Operational","Domain":"NT AUTHORITY","AccountName":"SYSTEM","UserID":"S-1-5-18","AccountType":"User","Message":"Task Scheduler launched \"{C8CCC3D5-94DB-4A06-A48E-67F117FE0FAE}\"  instance of task \"\\Microsoft\\XblGameSave\\XblGameSaveTaskLogon\" due to user \"SEC555\\jhenderson\"  logon.","Category":"Task triggered on logon","Opcode":"Info","TaskName":"\\Microsoft\\XblGameSave\\XblGameSaveTaskLogon","UserName":"SEC555\\jhenderson","InstanceId":"{C8CCC3D5-94DB-4A06-A48E-67F117FE0FAE}","EventReceivedTime":1496947416,"SourceModuleName":"eventlog","SourceModuleType":"im_msvistalog","@version":"1","@timestamp":"2017-06-08T18:43:35.916Z","host":"10.5.55.3","port":62092,"type":"windows","tags":["json"]}
{"EventTime":"2017-06-08 13:43:34","Hostname":"DC02.sec555.com","Keywords":-9223372036854775808,"EventType":"INFO","SeverityValue":2,"Severity":"INFO","EventID":129,"SourceName":"Microsoft-Windows-TaskScheduler","ProviderGuid":"{DE7B24EA-73C8-4A09-985D-5BDADCFA9017}","Version":0,"Task":129,"OpcodeValue":0,"RecordNumber":8226,"ProcessID":1240,"ThreadID":1336,"Channel":"Microsoft-Windows-TaskScheduler/Operational","Domain":"NT AUTHORITY","AccountName":"SYSTEM","UserID":"S-1-5-18","AccountType":"User","Message":"Task Scheduler launch task \"\\Microsoft\\XblGameSave\\XblGameSaveTaskLogon\" , instance \"%windir%\\System32\\XblGameSaveTask.exe\"  with process ID 4356.","Category":"Created Task Process","Opcode":"Info","TaskName":"\\Microsoft\\XblGameSave\\XblGameSaveTaskLogon","Path":"%windir%\\System32\\XblGameSaveTask.exe","Priority":"16384","EventReceivedTime":1496947416,"SourceModuleName":"eventlog","SourceModuleType":"im_msvistalog","@version":"1","@timestamp":"2017-06-08T18:43:35.918Z","host":"10.5.55.3","port":62092,"type":"windows","tags":["json"]}
{"EventTime":"2017-06-08 13:43:34","Hostname":"DC02.sec555.com","Keywords":-9223372036854775807,"EventType":"INFO","SeverityValue":2,"Severity":"INFO","EventID":100,"SourceName":"Microsoft-Windows-TaskScheduler","ProviderGuid":"{DE7B24EA-73C8-4A09-985D-5BDADCFA9017}","Version":0,"Task":100,"OpcodeValue":1,"RecordNumber":8227,"ActivityID":"{C8CCC3D5-94DB-4A06-A48E-67F117FE0FAE}","ProcessID":1240,"ThreadID":1336,"Channel":"Microsoft-Windows-TaskScheduler/Operational","Domain":"NT AUTHORITY","AccountName":"SYSTEM","UserID":"S-1-5-18","AccountType":"User","Message":"Task Scheduler started \"{C8CCC3D5-94DB-4A06-A48E-67F117FE0FAE}\" instance of the \"\\Microsoft\\XblGameSave\\XblGameSaveTaskLogon\" task for user \"NT AUTHORITY\\SYSTEM\".","Category":"Task Started","Opcode":"Start","TaskName":"\\Microsoft\\XblGameSave\\XblGameSaveTaskLogon","UserContext":"NT AUTHORITY\\SYSTEM","InstanceId":"{C8CCC3D5-94DB-4A06-A48E-67F117FE0FAE}","EventReceivedTime":1496947416,"SourceModuleName":"eventlog","SourceModuleType":"im_msvistalog","@version":"1","@timestamp":"2017-06-08T18:43:35.919Z","host":"10.5.55.3","port":62092,"type":"windows","tags":["json"]}
{"EventTime":"2017-06-08 13:43:34","Hostname":"DC02.sec555.com","Keywords":-9223372036854775808,"EventType":"INFO","SeverityValue":2,"Severity":"INFO","EventID":200,"SourceName":"Microsoft-Windows-TaskScheduler","ProviderGuid":"{DE7B24EA-73C8-4A09-985D-5BDADCFA9017}","Version":1,"Task":200,"OpcodeValue":1,"RecordNumber":8228,"ActivityID":"{C8CCC3D5-94DB-4A06-A48E-67F117FE0FAE}","ProcessID":1240,"ThreadID":1336,"Channel":"Microsoft-Windows-TaskScheduler/Operational","Domain":"NT AUTHORITY","AccountName":"SYSTEM","UserID":"S-1-5-18","AccountType":"User","Message":"Task Scheduler launched action \"%windir%\\System32\\XblGameSaveTask.exe\" in instance \"{C8CCC3D5-94DB-4A06-A48E-67F117FE0FAE}\" of task \"\\Microsoft\\XblGameSave\\XblGameSaveTaskLogon\".","Category":"Action started","Opcode":"Start","TaskName":"\\Microsoft\\XblGameSave\\XblGameSaveTaskLogon","ActionName":"%windir%\\System32\\XblGameSaveTask.exe","TaskInstanceId":"{C8CCC3D5-94DB-4A06-A48E-67F117FE0FAE}","EnginePID":"4356","EventReceivedTime":1496947416,"SourceModuleName":"eventlog","SourceModuleType":"im_msvistalog","@version":"1","@timestamp":"2017-06-08T18:43:35.919Z","host":"10.5.55.3","port":62092,"type":"windows","tags":["json"]}
{"EventTime":"2017-06-08 13:43:34","Hostname":"DC02.sec555.com","Keywords":-9223372036854775808,"EventType":"INFO","SeverityValue":2,"Severity":"INFO","EventID":119,"SourceName":"Microsoft-Windows-TaskScheduler","ProviderGuid":"{DE7B24EA-73C8-4A09-985D-5BDADCFA9017}","Version":0,"Task":119,"OpcodeValue":0,"RecordNumber":8229,"ActivityID":"{4D01EAF1-255E-4412-A84A-D94579A1A748}","ProcessID":1240,"ThreadID":1336,"Channel":"Microsoft-Windows-TaskScheduler/Operational","Domain":"NT AUTHORITY","AccountName":"SYSTEM","UserID":"S-1-5-18","AccountType":"User","Message":"Task Scheduler launched \"{4D01EAF1-255E-4412-A84A-D94579A1A748}\"  instance of task \"\\Microsoft\\Windows\\TextServicesFramework\\MsCtfMonitor\" due to user \"SEC555\\jhenderson\"  logon.","Category":"Task triggered on logon","Opcode":"Info","TaskName":"\\Microsoft\\Windows\\TextServicesFramework\\MsCtfMonitor","UserName":"SEC555\\jhenderson","InstanceId":"{4D01EAF1-255E-4412-A84A-D94579A1A748}","EventReceivedTime":1496947416,"SourceModuleName":"eventlog","SourceModuleType":"im_msvistalog","@version":"1","@timestamp":"2017-06-08T18:43:35.921Z","host":"10.5.55.3","port":62092,"type":"windows","tags":["json"]}
{"EventTime":"2017-06-08 13:43:34","Hostname":"DC02.sec555.com","Keywords":-9223372036854775808,"EventType":"INFO","SeverityValue":2,"Severity":"INFO","EventID":129,"SourceName":"Microsoft-Windows-TaskScheduler","ProviderGuid":"{DE7B24EA-73C8-4A09-985D-5BDADCFA9017}","Version":0,"Task":129,"OpcodeValue":0,"RecordNumber":8230,"ProcessID":1240,"ThreadID":1336,"Channel":"Microsoft-Windows-TaskScheduler/Operational","Domain":"NT AUTHORITY","AccountName":"SYSTEM","UserID":"S-1-5-18","AccountType":"User","Message":"Task Scheduler launch task \"\\Microsoft\\Windows\\TextServicesFramework\\MsCtfMonitor\" , instance \"taskhostw.exe\"  with process ID 3580.","Category":"Created Task Process","Opcode":"Info","TaskName":"\\Microsoft\\Windows\\TextServicesFramework\\MsCtfMonitor","Path":"taskhostw.exe","Priority":"32","EventReceivedTime":1496947416,"SourceModuleName":"eventlog","SourceModuleType":"im_msvistalog","@version":"1","@timestamp":"2017-06-08T18:43:35.922Z","host":"10.5.55.3","port":62092,"type":"windows","tags":["json"]}
{"EventTime":"2017-06-08 13:43:34","Hostname":"DC02.sec555.com","Keywords":-9223372036854775807,"EventType":"INFO","SeverityValue":2,"Severity":"INFO","EventID":100,"SourceName":"Microsoft-Windows-TaskScheduler","ProviderGuid":"{DE7B24EA-73C8-4A09-985D-5BDADCFA9017}","Version":0,"Task":100,"OpcodeValue":1,"RecordNumber":8231,"ActivityID":"{4D01EAF1-255E-4412-A84A-D94579A1A748}","ProcessID":1240,"ThreadID":1336,"Channel":"Microsoft-Windows-TaskScheduler/Operational","Domain":"NT AUTHORITY","AccountName":"SYSTEM","UserID":"S-1-5-18","AccountType":"User","Message":"Task Scheduler started \"{4D01EAF1-255E-4412-A84A-D94579A1A748}\" instance of the \"\\Microsoft\\Windows\\TextServicesFramework\\MsCtfMonitor\" task for user \"SEC555\\jhenderson\".","Category":"Task Started","Opcode":"Start","TaskName":"\\Microsoft\\Windows\\TextServicesFramework\\MsCtfMonitor","UserContext":"SEC555\\jhenderson","InstanceId":"{4D01EAF1-255E-4412-A84A-D94579A1A748}","EventReceivedTime":1496947416,"SourceModuleName":"eventlog","SourceModuleType":"im_msvistalog","@version":"1","@timestamp":"2017-06-08T18:43:35.923Z","host":"10.5.55.3","port":62092,"type":"windows","tags":["json"]}
{"EventTime":"2017-06-08 13:43:34","Hostname":"DC02.sec555.com","Keywords":-9223372036854775808,"EventType":"INFO","SeverityValue":2,"Severity":"INFO","EventID":200,"SourceName":"Microsoft-Windows-TaskScheduler","ProviderGuid":"{DE7B24EA-73C8-4A09-985D-5BDADCFA9017}","Version":1,"Task":200,"OpcodeValue":1,"RecordNumber":8232,"ActivityID":"{4D01EAF1-255E-4412-A84A-D94579A1A748}","ProcessID":1240,"ThreadID":1336,"Channel":"Microsoft-Windows-TaskScheduler/Operational","Domain":"NT AUTHORITY","AccountName":"SYSTEM","UserID":"S-1-5-18","AccountType":"User","Message":"Task Scheduler launched action \"MsCtfMonitor task handler\" in instance \"{4D01EAF1-255E-4412-A84A-D94579A1A748}\" of task \"\\Microsoft\\Windows\\TextServicesFramework\\MsCtfMonitor\".","Category":"Action started","Opcode":"Start","TaskName":"\\Microsoft\\Windows\\TextServicesFramework\\MsCtfMonitor","ActionName":"MsCtfMonitor task handler","TaskInstanceId":"{4D01EAF1-255E-4412-A84A-D94579A1A748}","EnginePID":"3580","EventReceivedTime":1496947416,"SourceModuleName":"eventlog","SourceModuleType":"im_msvistalog","@version":"1","@timestamp":"2017-06-08T18:43:35.924Z","host":"10.5.55.3","port":62092,"type":"windows","tags":["json"]}
{"EventTime":"2017-06-08 13:43:34","Hostname":"DC02.sec555.com","Keywords":-9223372036854775808,"EventType":"INFO","SeverityValue":2,"Severity":"INFO","EventID":119,"SourceName":"Microsoft-Windows-TaskScheduler","ProviderGuid":"{DE7B24EA-73C8-4A09-985D-5BDADCFA9017}","Version":0,"Task":119,"OpcodeValue":0,"RecordNumber":8233,"ActivityID":"{6D7995D7-9E7D-4E7F-82C5-3F1CD21AFB7C}","ProcessID":1240,"ThreadID":1336,"Channel":"Microsoft-Windows-TaskScheduler/Operational","Domain":"NT AUTHORITY","AccountName":"SYSTEM","UserID":"S-1-5-18","AccountType":"User","Message":"Task Scheduler launched \"{6D7995D7-9E7D-4E7F-82C5-3F1CD21AFB7C}\"  instance of task \"\\Microsoft\\Windows\\Wininet\\CacheTask\" due to user \"SEC555\\jhenderson\"  logon.","Category":"Task triggered on logon","Opcode":"Info","TaskName":"\\Microsoft\\Windows\\Wininet\\CacheTask","UserName":"SEC555\\jhenderson","InstanceId":"{6D7995D7-9E7D-4E7F-82C5-3F1CD21AFB7C}","EventReceivedTime":1496947416,"SourceModuleName":"eventlog","SourceModuleType":"im_msvistalog","@version":"1","@timestamp":"2017-06-08T18:43:35.926Z","host":"10.5.55.3","port":62092,"type":"windows","tags":["json"]}
{"EventTime":"2017-06-08 13:43:34","Hostname":"DC02.sec555.com","Keywords":-9223372036854775807,"EventType":"INFO","SeverityValue":2,"Severity":"INFO","EventID":100,"SourceName":"Microsoft-Windows-TaskScheduler","ProviderGuid":"{DE7B24EA-73C8-4A09-985D-5BDADCFA9017}","Version":0,"Task":100,"OpcodeValue":1,"RecordNumber":8234,"ActivityID":"{6D7995D7-9E7D-4E7F-82C5-3F1CD21AFB7C}","ProcessID":1240,"ThreadID":1336,"Channel":"Microsoft-Windows-TaskScheduler/Operational","Domain":"NT AUTHORITY","AccountName":"SYSTEM","UserID":"S-1-5-18","AccountType":"User","Message":"Task Scheduler started \"{6D7995D7-9E7D-4E7F-82C5-3F1CD21AFB7C}\" instance of the \"\\Microsoft\\Windows\\Wininet\\CacheTask\" task for user \"SEC555\\jhenderson\".","Category":"Task Started","Opcode":"Start","TaskName":"\\Microsoft\\Windows\\Wininet\\CacheTask","UserContext":"SEC555\\jhenderson","InstanceId":"{6D7995D7-9E7D-4E7F-82C5-3F1CD21AFB7C}","EventReceivedTime":1496947416,"SourceModuleName":"eventlog","SourceModuleType":"im_msvistalog","@version":"1","@timestamp":"2017-06-08T18:43:35.927Z","host":"10.5.55.3","port":62092,"type":"windows","tags":["json"]}
{"EventTime":"2017-06-08 13:43:34","Hostname":"DC02.sec555.com","Keywords":-9223372036854775808,"EventType":"INFO","SeverityValue":2,"Severity":"INFO","EventID":200,"SourceName":"Microsoft-Windows-TaskScheduler","ProviderGuid":"{DE7B24EA-73C8-4A09-985D-5BDADCFA9017}","Version":1,"Task":200,"OpcodeValue":1,"RecordNumber":8235,"ActivityID":"{6D7995D7-9E7D-4E7F-82C5-3F1CD21AFB7C}","ProcessID":1240,"ThreadID":1336,"Channel":"Microsoft-Windows-TaskScheduler/Operational","Domain":"NT AUTHORITY","AccountName":"SYSTEM","UserID":"S-1-5-18","AccountType":"User","Message":"Task Scheduler launched action \"Wininet Cache task object\" in instance \"{6D7995D7-9E7D-4E7F-82C5-3F1CD21AFB7C}\" of task \"\\Microsoft\\Windows\\Wininet\\CacheTask\".","Category":"Action started","Opcode":"Start","TaskName":"\\Microsoft\\Windows\\Wininet\\CacheTask","ActionName":"Wininet Cache task object","TaskInstanceId":"{6D7995D7-9E7D-4E7F-82C5-3F1CD21AFB7C}","EnginePID":"3580","EventReceivedTime":1496947416,"SourceModuleName":"eventlog","SourceModuleType":"im_msvistalog","@version":"1","@timestamp":"2017-06-08T18:43:35.927Z","host":"10.5.55.3","port":62092,"type":"windows","tags":["json"]}
{"EventTime":"2017-06-08 13:43:34","Hostname":"DC02.sec555.com","Keywords":-9223372036854775808,"EventType":"INFO","SeverityValue":2,"Severity":"INFO","EventID":119,"SourceName":"Microsoft-Windows-TaskScheduler","ProviderGuid":"{DE7B24EA-73C8-4A09-985D-5BDADCFA9017}","Version":0,"Task":119,"OpcodeValue":0,"RecordNumber":8236,"ActivityID":"{1E3AB3F8-02E6-4E4F-B3FB-437EEE9940D9}","ProcessID":1240,"ThreadID":1936,"Channel":"Microsoft-Windows-TaskScheduler/Operational","Domain":"NT AUTHORITY","AccountName":"SYSTEM","UserID":"S-1-5-18","AccountType":"User","Message":"Task Scheduler launched \"{1E3AB3F8-02E6-4E4F-B3FB-437EEE9940D9}\"  instance of task \"\\Microsoft\\Windows\\Server Manager\\ServerManager\" due to user \"SEC555\\jhenderson\"  logon.","Category":"Task triggered on logon","Opcode":"Info","TaskName":"\\Microsoft\\Windows\\Server Manager\\ServerManager","UserName":"SEC555\\jhenderson","InstanceId":"{1E3AB3F8-02E6-4E4F-B3FB-437EEE9940D9}","EventReceivedTime":1496947416,"SourceModuleName":"eventlog","SourceModuleType":"im_msvistalog","@version":"1","@timestamp":"2017-06-08T18:43:35.927Z","host":"10.5.55.3","port":62092,"type":"windows","tags":["json"]}
{"EventTime":"2017-06-08 13:43:34","Hostname":"DC02.sec555.com","Keywords":-9223372036854775808,"EventType":"INFO","SeverityValue":2,"Severity":"INFO","EventID":129,"SourceName":"Microsoft-Windows-TaskScheduler","ProviderGuid":"{DE7B24EA-73C8-4A09-985D-5BDADCFA9017}","Version":0,"Task":129,"OpcodeValue":0,"RecordNumber":8237,"ProcessID":1240,"ThreadID":1936,"Channel":"Microsoft-Windows-TaskScheduler/Operational","Domain":"NT AUTHORITY","AccountName":"SYSTEM","UserID":"S-1-5-18","AccountType":"User","Message":"Task Scheduler launch task \"\\Microsoft\\Windows\\Server Manager\\ServerManager\" , instance \"%windir%\\system32\\ServerManagerLauncher.exe\"  with process ID 2296.","Category":"Created Task Process","Opcode":"Info","TaskName":"\\Microsoft\\Windows\\Server Manager\\ServerManager","Path":"%windir%\\system32\\ServerManagerLauncher.exe","Priority":"32","EventReceivedTime":1496947416,"SourceModuleName":"eventlog","SourceModuleType":"im_msvistalog","@version":"1","@timestamp":"2017-06-08T18:43:35.929Z","host":"10.5.55.3","port":62092,"type":"windows","tags":["json"]}
{"EventTime":"2017-06-08 13:43:34","Hostname":"DC02.sec555.com","Keywords":-9223372036854775807,"EventType":"INFO","SeverityValue":2,"Severity":"INFO","EventID":100,"SourceName":"Microsoft-Windows-TaskScheduler","ProviderGuid":"{DE7B24EA-73C8-4A09-985D-5BDADCFA9017}","Version":0,"Task":100,"OpcodeValue":1,"RecordNumber":8238,"ActivityID":"{1E3AB3F8-02E6-4E4F-B3FB-437EEE9940D9}","ProcessID":1240,"ThreadID":1936,"Channel":"Microsoft-Windows-TaskScheduler/Operational","Domain":"NT AUTHORITY","AccountName":"SYSTEM","UserID":"S-1-5-18","AccountType":"User","Message":"Task Scheduler started \"{1E3AB3F8-02E6-4E4F-B3FB-437EEE9940D9}\" instance of the \"\\Microsoft\\Windows\\Server Manager\\ServerManager\" task for user \"SEC555\\jhenderson\".","Category":"Task Started","Opcode":"Start","TaskName":"\\Microsoft\\Windows\\Server Manager\\ServerManager","UserContext":"SEC555\\jhenderson","InstanceId":"{1E3AB3F8-02E6-4E4F-B3FB-437EEE9940D9}","EventReceivedTime":1496947416,"SourceModuleName":"eventlog","SourceModuleType":"im_msvistalog","@version":"1","@timestamp":"2017-06-08T18:43:35.931Z","host":"10.5.55.3","port":62092,"type":"windows","tags":["json"]}
{"EventTime":"2017-06-08 13:43:34","Hostname":"DC02.sec555.com","Keywords":-9223372036854775808,"EventType":"INFO","SeverityValue":2,"Severity":"INFO","EventID":200,"SourceName":"Microsoft-Windows-TaskScheduler","ProviderGuid":"{DE7B24EA-73C8-4A09-985D-5BDADCFA9017}","Version":1,"Task":200,"OpcodeValue":1,"RecordNumber":8239,"ActivityID":"{1E3AB3F8-02E6-4E4F-B3FB-437EEE9940D9}","ProcessID":1240,"ThreadID":1936,"Channel":"Microsoft-Windows-TaskScheduler/Operational","Domain":"NT AUTHORITY","AccountName":"SYSTEM","UserID":"S-1-5-18","AccountType":"User","Message":"Task Scheduler launched action \"%windir%\\system32\\ServerManagerLauncher.exe\" in instance \"{1E3AB3F8-02E6-4E4F-B3FB-437EEE9940D9}\" of task \"\\Microsoft\\Windows\\Server Manager\\ServerManager\".","Category":"Action started","Opcode":"Start","TaskName":"\\Microsoft\\Windows\\Server Manager\\ServerManager","ActionName":"%windir%\\system32\\ServerManagerLauncher.exe","TaskInstanceId":"{1E3AB3F8-02E6-4E4F-B3FB-437EEE9940D9}","EnginePID":"2296","EventReceivedTime":1496947416,"SourceModuleName":"eventlog","SourceModuleType":"im_msvistalog","@version":"1","@timestamp":"2017-06-08T18:43:35.931Z","host":"10.5.55.3","port":62092,"type":"windows","tags":["json"]}
{"EventTime":"2017-06-08 13:43:34","Hostname":"DC02.sec555.com","Keywords":-9223372036854775808,"EventType":"INFO","SeverityValue":2,"Severity":"INFO","EventID":119,"SourceName":"Microsoft-Windows-TaskScheduler","ProviderGuid":"{DE7B24EA-73C8-4A09-985D-5BDADCFA9017}","Version":0,"Task":119,"OpcodeValue":0,"RecordNumber":8240,"ActivityID":"{1E850FAA-13FC-4115-AA23-18E97F3EB585}","ProcessID":1240,"ThreadID":1804,"Channel":"Microsoft-Windows-TaskScheduler/Operational","Domain":"NT AUTHORITY","AccountName":"SYSTEM","UserID":"S-1-5-18","AccountType":"User","Message":"Task Scheduler launched \"{1E850FAA-13FC-4115-AA23-18E97F3EB585}\"  instance of task \"\\Microsoft\\Windows\\CertificateServicesClient\\UserTask\" due to user \"SEC555\\jhenderson\"  logon.","Category":"Task triggered on logon","Opcode":"Info","TaskName":"\\Microsoft\\Windows\\CertificateServicesClient\\UserTask","UserName":"SEC555\\jhenderson","InstanceId":"{1E850FAA-13FC-4115-AA23-18E97F3EB585}","EventReceivedTime":1496947416,"SourceModuleName":"eventlog","SourceModuleType":"im_msvistalog","@version":"1","@timestamp":"2017-06-08T18:43:35.932Z","host":"10.5.55.3","port":62092,"type":"windows","tags":["json"]}
{"EventTime":"2017-06-08 13:43:34","Hostname":"DC02.sec555.com","Keywords":-9223372036854775808,"EventType":"INFO","SeverityValue":2,"Severity":"INFO","EventID":129,"SourceName":"Microsoft-Windows-TaskScheduler","ProviderGuid":"{DE7B24EA-73C8-4A09-985D-5BDADCFA9017}","Version":0,"Task":129,"OpcodeValue":0,"RecordNumber":8241,"ProcessID":1240,"ThreadID":1804,"Channel":"Microsoft-Windows-TaskScheduler/Operational","Domain":"NT AUTHORITY","AccountName":"SYSTEM","UserID":"S-1-5-18","AccountType":"User","Message":"Task Scheduler launch task \"\\Microsoft\\Windows\\CertificateServicesClient\\UserTask\" , instance \"taskhostw.exe\"  with process ID 2336.","Category":"Created Task Process","Opcode":"Info","TaskName":"\\Microsoft\\Windows\\CertificateServicesClient\\UserTask","Path":"taskhostw.exe","Priority":"32","EventReceivedTime":1496947416,"SourceModuleName":"eventlog","SourceModuleType":"im_msvistalog","@version":"1","@timestamp":"2017-06-08T18:43:35.937Z","host":"10.5.55.3","port":62092,"type":"windows","tags":["json"]}
{"EventTime":"2017-06-08 13:43:34","Hostname":"DC02.sec555.com","Keywords":-9223372036854775807,"EventType":"INFO","SeverityValue":2,"Severity":"INFO","EventID":100,"SourceName":"Microsoft-Windows-TaskScheduler","ProviderGuid":"{DE7B24EA-73C8-4A09-985D-5BDADCFA9017}","Version":0,"Task":100,"OpcodeValue":1,"RecordNumber":8242,"ActivityID":"{1E850FAA-13FC-4115-AA23-18E97F3EB585}","ProcessID":1240,"ThreadID":1804,"Channel":"Microsoft-Windows-TaskScheduler/Operational","Domain":"NT AUTHORITY","AccountName":"SYSTEM","UserID":"S-1-5-18","AccountType":"User","Message":"Task Scheduler started \"{1E850FAA-13FC-4115-AA23-18E97F3EB585}\" instance of the \"\\Microsoft\\Windows\\CertificateServicesClient\\UserTask\" task for user \"SEC555\\jhenderson\".","Category":"Task Started","Opcode":"Start","TaskName":"\\Microsoft\\Windows\\CertificateServicesClient\\UserTask","UserContext":"SEC555\\jhenderson","InstanceId":"{1E850FAA-13FC-4115-AA23-18E97F3EB585}","EventReceivedTime":1496947416,"SourceModuleName":"eventlog","SourceModuleType":"im_msvistalog","@version":"1","@timestamp":"2017-06-08T18:43:35.938Z","host":"10.5.55.3","port":62092,"type":"windows","tags":["json"]}
{"EventTime":"2017-06-08 13:43:34","Hostname":"DC02.sec555.com","Keywords":-9223372036854775808,"EventType":"INFO","SeverityValue":2,"Severity":"INFO","EventID":200,"SourceName":"Microsoft-Windows-TaskScheduler","ProviderGuid":"{DE7B24EA-73C8-4A09-985D-5BDADCFA9017}","Version":1,"Task":200,"OpcodeValue":1,"RecordNumber":8243,"ActivityID":"{1E850FAA-13FC-4115-AA23-18E97F3EB585}","ProcessID":1240,"ThreadID":1804,"Channel":"Microsoft-Windows-TaskScheduler/Operational","Domain":"NT AUTHORITY","AccountName":"SYSTEM","UserID":"S-1-5-18","AccountType":"User","Message":"Task Scheduler launched action \"Certificate Services Client Task Handler\" in instance \"{1E850FAA-13FC-4115-AA23-18E97F3EB585}\" of task \"\\Microsoft\\Windows\\CertificateServicesClient\\UserTask\".","Category":"Action started","Opcode":"Start","TaskName":"\\Microsoft\\Windows\\CertificateServicesClient\\UserTask","ActionName":"Certificate Services Client Task Handler","TaskInstanceId":"{1E850FAA-13FC-4115-AA23-18E97F3EB585}","EnginePID":"2336","EventReceivedTime":1496947416,"SourceModuleName":"eventlog","SourceModuleType":"im_msvistalog","@version":"1","@timestamp":"2017-06-08T18:43:35.944Z","host":"10.5.55.3","port":62092,"type":"windows","tags":["json"]}
{"EventTime":"2017-06-08 13:43:34","Hostname":"DC02.sec555.com","Keywords":-9187343239835811840,"EventType":"INFO","SeverityValue":2,"Severity":"INFO","EventID":7036,"SourceName":"Service Control Manager","ProviderGuid":"{555908D1-A6D7-4695-8E1E-26931D2012F4}","Version":0,"Task":0,"OpcodeValue":0,"RecordNumber":15681,"ProcessID":564,"ThreadID":1716,"Channel":"System","Message":"The CDPUserSvc_fc7f19 service entered the running state.","param1":"CDPUserSvc_fc7f19","param2":"running","EventReceivedTime":1496947416,"SourceModuleName":"eventlog","SourceModuleType":"im_msvistalog","@version":"1","@timestamp":"2017-06-08T18:43:35.944Z","host":"10.5.55.3","port":62092,"type":"windows","tags":["json"]}
{"EventTime":"2017-06-08 13:43:34","Hostname":"DC02.sec555.com","Keywords":-9187343239835811840,"EventType":"ERROR","SeverityValue":4,"Severity":"ERROR","EventID":10016,"SourceName":"Microsoft-Windows-DistributedCOM","ProviderGuid":"{1B562E86-B7AA-4131-BADC-B6F3A001407E}","Version":0,"Task":0,"OpcodeValue":0,"RecordNumber":15682,"ProcessID":796,"ThreadID":1412,"Channel":"System","Domain":"NT AUTHORITY","AccountName":"SYSTEM","UserID":"S-1-5-18","AccountType":"User","Message":"The application-specific permission settings do not grant Local Activation permission for the COM Server application with CLSID \r\n{8D8F4F83-3594-4F07-8369-FC3C3CAE4919}\r\n and APPID \r\n{F72671A9-012C-4725-9D2F-2A4D32D65169}\r\n to the user NT AUTHORITY\\SYSTEM SID (S-1-5-18) from address LocalHost (Using LRPC) running in the application container Unavailable SID (Unavailable). This security permission can be modified using the Component Services administrative tool.","Opcode":"Info","param1":"application-specific","param2":"Local","param3":"Activation","param4":"{8D8F4F83-3594-4F07-8369-FC3C3CAE4919}","param5":"{F72671A9-012C-4725-9D2F-2A4D32D65169}","param6":"NT AUTHORITY","param7":"SYSTEM","param8":"S-1-5-18","param9":"LocalHost (Using LRPC)","param10":"Unavailable","param11":"Unavailable","EventReceivedTime":1496947416,"SourceModuleName":"eventlog","SourceModuleType":"im_msvistalog","@version":"1","@timestamp":"2017-06-08T18:43:35.945Z","host":"10.5.55.3","port":62092,"type":"windows","tags":["json"]}
{"EventTime":"2017-06-08 13:43:34","Hostname":"DC02.sec555.com","Keywords":-9223372036854775808,"EventType":"INFO","SeverityValue":2,"Severity":"INFO","EventID":3144,"SourceName":"Microsoft-Windows-PushNotifications-Platform","ProviderGuid":"{88CD9180-4491-4640-B571-E3BEE2527943}","Version":0,"Task":0,"OpcodeValue":2,"RecordNumber":12092,"ProcessID":1240,"ThreadID":1336,"Channel":"Microsoft-Windows-PushNotification-Platform/Operational","Domain":"NT AUTHORITY","AccountName":"SYSTEM","UserID":"S-1-5-18","AccountType":"User","Message":"Received WNF_CDP_CDPUSERSVC_READY","Opcode":"Stop","EventData":"","EventReceivedTime":1496947416,"SourceModuleName":"eventlog","SourceModuleType":"im_msvistalog","@version":"1","@timestamp":"2017-06-08T18:43:35.949Z","host":"10.5.55.3","port":62092,"type":"windows","tags":["json"]}
