{"EventTime":"2017-06-08 13:37:03","Hostname":"DC01.sec555.com","Keywords":-9214364837600034816,"EventType":"AUDIT_SUCCESS","SeverityValue":2,"Severity":"INFO","EventID":4672,"SourceName":"Microsoft-Windows-Security-Auditing","ProviderGuid":"{54849625-5478-4994-A5BA-3E3B0328C30D}","Version":0,"Task":12548,"OpcodeValue":0,"RecordNumber":549610,"ProcessID":536,"ThreadID":3228,"Channel":"Security","Message":"Special privileges assigned to new logon.\r\n\r\nSubject:\r\n\tSecurity ID:\t\tS-1-5-18\r\n\tAccount Name:\t\tDC01$\r\n\tAccount Domain:\t\tSEC555\r\n\tLogon ID:\t\t0xD458FC\r\n\r\nPrivileges:\t\tSeSecurityPrivilege\r\n\t\t\tSeBackupPrivilege\r\n\t\t\tSeRestorePrivilege\r\n\t\t\tSeTakeOwnershipPrivilege\r\n\t\t\tSeDebugPrivilege\r\n\t\t\tSeSystemEnvironmentPrivilege\r\n\t\t\tSeLoadDriverPrivilege\r\n\t\t\tSeImpersonatePrivilege\r\n\t\t\tSeEnableDelegationPrivilege","Category":"Special Logon","Opcode":"Info","SubjectUserSid":"S-1-5-18","SubjectUserName":"DC01$","SubjectDomainName":"SEC555","SubjectLogonId":"0xd458fc","PrivilegeList":"SeSecurityPrivilege\r\n\t\t\tSeBackupPrivilege\r\n\t\t\tSeRestorePrivilege\r\n\t\t\tSeTakeOwnershipPrivilege\r\n\t\t\tSeDebugPrivilege\r\n\t\t\tSeSystemEnvironmentPrivilege\r\n\t\t\tSeLoadDriverPrivilege\r\n\t\t\tSeImpersonatePrivilege\r\n\t\t\tSeEnableDelegationPrivilege","EventReceivedTime":1496947024,"SourceModuleName":"eventlog","SourceModuleType":"im_msvistalog","@version":"1","@timestamp":"2017-06-08T18:37:04.597Z","host":"10.5.55.2","port":59656,"type":"windows","tags":["json"]}
{"EventTime":"2017-06-08 13:37:03","Hostname":"DC01.sec555.com","Keywords":-9214364837600034816,"EventType":"AUDIT_SUCCESS","SeverityValue":2,"Severity":"INFO","EventID":4624,"SourceName":"Microsoft-Windows-Security-Auditing","ProviderGuid":"{54849625-5478-4994-A5BA-3E3B0328C30D}","Version":1,"Task":12544,"OpcodeValue":0,"RecordNumber":549611,"ProcessID":536,"ThreadID":3228,"Channel":"Security","Message":"An account was successfully logged on.\r\n\r\nSubject:\r\n\tSecurity ID:\t\tS-1-0-0\r\n\tAccount Name:\t\t-\r\n\tAccount Domain:\t\t-\r\n\tLogon ID:\t\t0x0\r\n\r\nLogon Type:\t\t\t3\r\n\r\nImpersonation Level:\t\tImpersonation\r\n\r\nNew Logon:\r\n\tSecurity ID:\t\tS-1-5-18\r\n\tAccount Name:\t\tDC01$\r\n\tAccount Domain:\t\tSEC555\r\n\tLogon ID:\t\t0xD458FC\r\n\tLogon GUID:\t\t{F2745349-6DDC-9FD6-ACEB-A0F80B1630E4}\r\n\r\nProcess Information:\r\n\tProcess ID:\t\t0x0\r\n\tProcess Name:\t\t-\r\n\r\nNetwork Information:\r\n\tWorkstation Name:\t\r\n\tSource Network Address:\t::1\r\n\tSource Port:\t\t59665\r\n\r\nDetailed Authentication Information:\r\n\tLogon Process:\t\tKerberos\r\n\tAuthentication Package:\tKerberos\r\n\tTransited Services:\t-\r\n\tPackage Name (NTLM only):\t-\r\n\tKey Length:\t\t0\r\n\r\nThis event is generated when a logon session is created. It is generated on the computer that was accessed.\r\n\r\nThe subject fields indicate the account on the local system which requested the logon. This is most commonly a service such as the Server service, or a local process such as Winlogon.exe or Services.exe.\r\n\r\nThe logon type field indicates the kind of logon that occurred. The most common types are 2 (interactive) and 3 (network).\r\n\r\nThe New Logon fields indicate the account for whom the new logon was created, i.e. the account that was logged on.\r\n\r\nThe network fields indicate where a remote logon request originated. Workstation name is not always available and may be left blank in some cases.\r\n\r\nThe impersonation level field indicates the extent to which a process in the logon session can impersonate.\r\n\r\nThe authentication information fields provide detailed information about this specific logon request.\r\n\t- Logon GUID is a unique identifier that can be used to correlate this event with a KDC event.\r\n\t- Transited services indicate which intermediate services have participated in this logon request.\r\n\t- Package name indicates which sub-protocol was used among the NTLM protocols.\r\n\t- Key length indicates the length of the generated session key. This will be 0 if no session key was requested.","Category":"Logon","Opcode":"Info","SubjectUserSid":"S-1-0-0","SubjectUserName":"-","SubjectDomainName":"-","SubjectLogonId":"0x0","TargetUserSid":"S-1-5-18","TargetUserName":"DC01$","TargetDomainName":"SEC555","TargetLogonId":"0xd458fc","LogonType":"3","LogonProcessName":"Kerberos","AuthenticationPackageName":"Kerberos","LogonGuid":"{F2745349-6DDC-9FD6-ACEB-A0F80B1630E4}","TransmittedServices":"-","LmPackageName":"-","KeyLength":"0","ProcessName":"-","IpAddress":"::1","IpPort":"59665","ImpersonationLevel":"%%1833","EventReceivedTime":1496947024,"SourceModuleName":"eventlog","SourceModuleType":"im_msvistalog","@version":"1","@timestamp":"2017-06-08T18:37:04.597Z","host":"10.5.55.2","port":59656,"type":"windows","tags":["json"]}
{"EventTime":"2017-06-08 13:37:03","Hostname":"DC01.sec555.com","Keywords":-9223372036854775808,"EventType":"WARNING","SeverityValue":3,"Severity":"WARNING","EventID":1002,"SourceName":"Microsoft-Windows-KnownFolders","ProviderGuid":"{8939299F-2315-4C5C-9B91-ABB86AA0627D}","Version":0,"Task":0,"OpcodeValue":0,"RecordNumber":101988,"ActivityID":"{DFD94734-3D52-49BA-A707-45DE87A51D44}","ProcessID":872,"ThreadID":2856,"Channel":"Microsoft-Windows-Known Folders API Service","Domain":"NT AUTHORITY","AccountName":"SYSTEM","UserID":"S-1-5-18","AccountType":"User","Message":"Error 0x80070002 occurred while verifying known folder {B4BFCC3A-DB2C-424C-B029-7FE99A87C641} with path 'C:\\Windows\\system32\\config\\systemprofile\\Desktop'.","Opcode":"Info","hrError":"0x80070002","FolderId":"{B4BFCC3A-DB2C-424C-B029-7FE99A87C641}","Path":"C:\\Windows\\system32\\config\\systemprofile\\Desktop","EventReceivedTime":1496947024,"SourceModuleName":"eventlog","SourceModuleType":"im_msvistalog","@version":"1","@timestamp":"2017-06-08T18:37:04.597Z","host":"10.5.55.2","port":59656,"type":"windows","tags":["json"]}
{"EventTime":"2017-06-08 13:37:03","Hostname":"DC01.sec555.com","Keywords":-9223372036854775808,"EventType":"WARNING","SeverityValue":3,"Severity":"WARNING","EventID":1002,"SourceName":"Microsoft-Windows-KnownFolders","ProviderGuid":"{8939299F-2315-4C5C-9B91-ABB86AA0627D}","Version":0,"Task":0,"OpcodeValue":0,"RecordNumber":101989,"ActivityID":"{DFD94734-3D52-49BA-A707-45DE87A51D44}","ProcessID":872,"ThreadID":2856,"Channel":"Microsoft-Windows-Known Folders API Service","Domain":"NT AUTHORITY","AccountName":"SYSTEM","UserID":"S-1-5-18","AccountType":"User","Message":"Error 0x80070003 occurred while verifying known folder {625B53C3-AB48-4EC1-BA1F-A1EF4146FC19} with path 'C:\\Windows\\system32\\config\\systemprofile\\AppData\\Roaming\\Microsoft\\Windows\\Start Menu'.","Opcode":"Info","hrError":"0x80070003","FolderId":"{625B53C3-AB48-4EC1-BA1F-A1EF4146FC19}","Path":"C:\\Windows\\system32\\config\\systemprofile\\AppData\\Roaming\\Microsoft\\Windows\\Start Menu","EventReceivedTime":1496947024,"SourceModuleName":"eventlog","SourceModuleType":"im_msvistalog","@version":"1","@timestamp":"2017-06-08T18:37:04.597Z","host":"10.5.55.2","port":59656,"type":"windows","tags":["json"]}
{"EventTime":"2017-06-08 13:37:03","Hostname":"DC01.sec555.com","Keywords":-9214364837600034816,"EventType":"AUDIT_SUCCESS","SeverityValue":2,"Severity":"INFO","EventID":4634,"SourceName":"Microsoft-Windows-Security-Auditing","ProviderGuid":"{54849625-5478-4994-A5BA-3E3B0328C30D}","Version":0,"Task":12545,"OpcodeValue":0,"RecordNumber":549612,"ProcessID":536,"ThreadID":3544,"Channel":"Security","Message":"An account was logged off.\r\n\r\nSubject:\r\n\tSecurity ID:\t\tS-1-5-18\r\n\tAccount Name:\t\tDC01$\r\n\tAccount Domain:\t\tSEC555\r\n\tLogon ID:\t\t0xD458FC\r\n\r\nLogon Type:\t\t\t3\r\n\r\nThis event is generated when a logon session is destroyed. It may be positively correlated with a logon event using the Logon ID value. Logon IDs are only unique between reboots on the same computer.","Category":"Logoff","Opcode":"Info","TargetUserSid":"S-1-5-18","TargetUserName":"DC01$","TargetDomainName":"SEC555","TargetLogonId":"0xd458fc","LogonType":"3","EventReceivedTime":1496947024,"SourceModuleName":"eventlog","SourceModuleType":"im_msvistalog","@version":"1","@timestamp":"2017-06-08T18:37:04.597Z","host":"10.5.55.2","port":59656,"type":"windows","tags":["json"]}
{"EventTime":"2017-06-08 13:37:03","Hostname":"DC01.sec555.com","Keywords":-9223372036854775808,"EventType":"WARNING","SeverityValue":3,"Severity":"WARNING","EventID":1002,"SourceName":"Microsoft-Windows-KnownFolders","ProviderGuid":"{8939299F-2315-4C5C-9B91-ABB86AA0627D}","Version":0,"Task":0,"OpcodeValue":0,"RecordNumber":101990,"ActivityID":"{DFD94734-3D52-49BA-A707-45DE87A51D44}","ProcessID":872,"ThreadID":2856,"Channel":"Microsoft-Windows-Known Folders API Service","Domain":"NT AUTHORITY","AccountName":"SYSTEM","UserID":"S-1-5-18","AccountType":"User","Message":"Error 0x80070003 occurred while verifying known folder {A77F5D77-2E2B-44C3-A6A2-ABA601054A51} with path 'C:\\Windows\\system32\\config\\systemprofile\\AppData\\Roaming\\Microsoft\\Windows\\Start Menu\\Programs'.","Opcode":"Info","hrError":"0x80070003","FolderId":"{A77F5D77-2E2B-44C3-A6A2-ABA601054A51}","Path":"C:\\Windows\\system32\\config\\systemprofile\\AppData\\Roaming\\Microsoft\\Windows\\Start Menu\\Programs","EventReceivedTime":1496947024,"SourceModuleName":"eventlog","SourceModuleType":"im_msvistalog","@version":"1","@timestamp":"2017-06-08T18:37:04.598Z","host":"10.5.55.2","port":59656,"type":"windows","tags":["json"]}
{"EventTime":"2017-06-08 13:37:03","Hostname":"DC01.sec555.com","Keywords":-9223372036854775808,"EventType":"WARNING","SeverityValue":3,"Severity":"WARNING","EventID":1002,"SourceName":"Microsoft-Windows-KnownFolders","ProviderGuid":"{8939299F-2315-4C5C-9B91-ABB86AA0627D}","Version":0,"Task":0,"OpcodeValue":0,"RecordNumber":101991,"ActivityID":"{DFD94734-3D52-49BA-A707-45DE87A51D44}","ProcessID":872,"ThreadID":2856,"Channel":"Microsoft-Windows-Known Folders API Service","Domain":"NT AUTHORITY","AccountName":"SYSTEM","UserID":"S-1-5-18","AccountType":"User","Message":"Error 0x80070003 occurred while verifying known folder {B97D20BB-F46A-4C97-BA10-5E3608430854} with path 'C:\\Windows\\system32\\config\\systemprofile\\AppData\\Roaming\\Microsoft\\Windows\\Start Menu\\Programs\\Startup'.","Opcode":"Info","hrError":"0x80070003","FolderId":"{B97D20BB-F46A-4C97-BA10-5E3608430854}","Path":"C:\\Windows\\system32\\config\\systemprofile\\AppData\\Roaming\\Microsoft\\Windows\\Start Menu\\Programs\\Startup","EventReceivedTime":1496947024,"SourceModuleName":"eventlog","SourceModuleType":"im_msvistalog","@version":"1","@timestamp":"2017-06-08T18:37:04.598Z","host":"10.5.55.2","port":59656,"type":"windows","tags":["json"]}
{"EventTime":"2017-06-08 13:37:03","Hostname":"DC01.sec555.com","Keywords":-9223372036854775808,"EventType":"WARNING","SeverityValue":3,"Severity":"WARNING","EventID":1002,"SourceName":"Microsoft-Windows-KnownFolders","ProviderGuid":"{8939299F-2315-4C5C-9B91-ABB86AA0627D}","Version":0,"Task":0,"OpcodeValue":0,"RecordNumber":101992,"ActivityID":"{DFD94734-3D52-49BA-A707-45DE87A51D44}","ProcessID":872,"ThreadID":2856,"Channel":"Microsoft-Windows-Known Folders API Service","Domain":"NT AUTHORITY","AccountName":"SYSTEM","UserID":"S-1-5-18","AccountType":"User","Message":"Error 0x80070002 occurred while verifying known folder {1777F761-68AD-4D8A-87BD-30B759FA33DD} with path 'C:\\Windows\\system32\\config\\systemprofile\\Favorites'.","Opcode":"Info","hrError":"0x80070002","FolderId":"{1777F761-68AD-4D8A-87BD-30B759FA33DD}","Path":"C:\\Windows\\system32\\config\\systemprofile\\Favorites","EventReceivedTime":1496947024,"SourceModuleName":"eventlog","SourceModuleType":"im_msvistalog","@version":"1","@timestamp":"2017-06-08T18:37:04.598Z","host":"10.5.55.2","port":59656,"type":"windows","tags":["json"]}
{"EventTime":"2017-06-08 13:37:03","Hostname":"DC01.sec555.com","Keywords":-9223372036854775808,"EventType":"WARNING","SeverityValue":3,"Severity":"WARNING","EventID":1002,"SourceName":"Microsoft-Windows-KnownFolders","ProviderGuid":"{8939299F-2315-4C5C-9B91-ABB86AA0627D}","Version":0,"Task":0,"OpcodeValue":0,"RecordNumber":101993,"ActivityID":"{DFD94734-3D52-49BA-A707-45DE87A51D44}","ProcessID":872,"ThreadID":2856,"Channel":"Microsoft-Windows-Known Folders API Service","Domain":"NT AUTHORITY","AccountName":"SYSTEM","UserID":"S-1-5-18","AccountType":"User","Message":"Error 0x80070003 occurred while verifying known folder {8983036C-27C0-404B-8F08-102D10DCFD74} with path 'C:\\Windows\\system32\\config\\systemprofile\\AppData\\Roaming\\Microsoft\\Windows\\SendTo'.","Opcode":"Info","hrError":"0x80070003","FolderId":"{8983036C-27C0-404B-8F08-102D10DCFD74}","Path":"C:\\Windows\\system32\\config\\systemprofile\\AppData\\Roaming\\Microsoft\\Windows\\SendTo","EventReceivedTime":1496947024,"SourceModuleName":"eventlog","SourceModuleType":"im_msvistalog","@version":"1","@timestamp":"2017-06-08T18:37:04.598Z","host":"10.5.55.2","port":59656,"type":"windows","tags":["json"]}
{"EventTime":"2017-06-08 13:37:03","Hostname":"DC01.sec555.com","Keywords":-9223372036854775808,"EventType":"WARNING","SeverityValue":3,"Severity":"WARNING","EventID":1002,"SourceName":"Microsoft-Windows-KnownFolders","ProviderGuid":"{8939299F-2315-4C5C-9B91-ABB86AA0627D}","Version":0,"Task":0,"OpcodeValue":0,"RecordNumber":101994,"ActivityID":"{DFD94734-3D52-49BA-A707-45DE87A51D44}","ProcessID":872,"ThreadID":2856,"Channel":"Microsoft-Windows-Known Folders API Service","Domain":"NT AUTHORITY","AccountName":"SYSTEM","UserID":"S-1-5-18","AccountType":"User","Message":"Error 0x80070003 occurred while verifying known folder {AE50C081-EBD2-438A-8655-8A092E34987A} with path 'C:\\Windows\\system32\\config\\systemprofile\\AppData\\Roaming\\Microsoft\\Windows\\Recent'.","Opcode":"Info","hrError":"0x80070003","FolderId":"{AE50C081-EBD2-438A-8655-8A092E34987A}","Path":"C:\\Windows\\system32\\config\\systemprofile\\AppData\\Roaming\\Microsoft\\Windows\\Recent","EventReceivedTime":1496947024,"SourceModuleName":"eventlog","SourceModuleType":"im_msvistalog","@version":"1","@timestamp":"2017-06-08T18:37:04.598Z","host":"10.5.55.2","port":59656,"type":"windows","tags":["json"]}
{"EventTime":"2017-06-08 13:37:03","Hostname":"DC01.sec555.com","Keywords":-9223372036854775808,"EventType":"WARNING","SeverityValue":3,"Severity":"WARNING","EventID":1002,"SourceName":"Microsoft-Windows-KnownFolders","ProviderGuid":"{8939299F-2315-4C5C-9B91-ABB86AA0627D}","Version":0,"Task":0,"OpcodeValue":0,"RecordNumber":101995,"ActivityID":"{DFD94734-3D52-49BA-A707-45DE87A51D44}","ProcessID":872,"ThreadID":2856,"Channel":"Microsoft-Windows-Known Folders API Service","Domain":"NT AUTHORITY","AccountName":"SYSTEM","UserID":"S-1-5-18","AccountType":"User","Message":"Error 0x80070003 occurred while verifying known folder {C5ABBF53-E17F-4121-8900-86626FC2C973} with path 'C:\\Windows\\system32\\config\\systemprofile\\AppData\\Roaming\\Microsoft\\Windows\\Network Shortcuts'.","Opcode":"Info","hrError":"0x80070003","FolderId":"{C5ABBF53-E17F-4121-8900-86626FC2C973}","Path":"C:\\Windows\\system32\\config\\systemprofile\\AppData\\Roaming\\Microsoft\\Windows\\Network Shortcuts","EventReceivedTime":1496947024,"SourceModuleName":"eventlog","SourceModuleType":"im_msvistalog","@version":"1","@timestamp":"2017-06-08T18:37:04.598Z","host":"10.5.55.2","port":59656,"type":"windows","tags":["json"]}
{"EventTime":"2017-06-08 13:37:03","Hostname":"DC01.sec555.com","Keywords":-9223372036854775808,"EventType":"WARNING","SeverityValue":3,"Severity":"WARNING","EventID":1002,"SourceName":"Microsoft-Windows-KnownFolders","ProviderGuid":"{8939299F-2315-4C5C-9B91-ABB86AA0627D}","Version":0,"Task":0,"OpcodeValue":0,"RecordNumber":101996,"ActivityID":"{DFD94734-3D52-49BA-A707-45DE87A51D44}","ProcessID":872,"ThreadID":2856,"Channel":"Microsoft-Windows-Known Folders API Service","Domain":"NT AUTHORITY","AccountName":"SYSTEM","UserID":"S-1-5-18","AccountType":"User","Message":"Error 0x80070002 occurred while verifying known folder {1777F761-68AD-4D8A-87BD-30B759FA33DD} with path 'C:\\Windows\\system32\\config\\systemprofile\\Favorites'.","Opcode":"Info","hrError":"0x80070002","FolderId":"{1777F761-68AD-4D8A-87BD-30B759FA33DD}","Path":"C:\\Windows\\system32\\config\\systemprofile\\Favorites","EventReceivedTime":1496947024,"SourceModuleName":"eventlog","SourceModuleType":"im_msvistalog","@version":"1","@timestamp":"2017-06-08T18:37:04.599Z","host":"10.5.55.2","port":59656,"type":"windows","tags":["json"]}
{"EventTime":"2017-06-08 13:37:03","Hostname":"DC01.sec555.com","Keywords":-9223372036854775808,"EventType":"WARNING","SeverityValue":3,"Severity":"WARNING","EventID":1002,"SourceName":"Microsoft-Windows-KnownFolders","ProviderGuid":"{8939299F-2315-4C5C-9B91-ABB86AA0627D}","Version":0,"Task":0,"OpcodeValue":0,"RecordNumber":101997,"ActivityID":"{DFD94734-3D52-49BA-A707-45DE87A51D44}","ProcessID":872,"ThreadID":2856,"Channel":"Microsoft-Windows-Known Folders API Service","Domain":"NT AUTHORITY","AccountName":"SYSTEM","UserID":"S-1-5-18","AccountType":"User","Message":"Error 0x80070002 occurred while verifying known folder {B97D20BB-F46A-4C97-BA10-5E3608430854} with path 'C:\\Users\\Default\\AppData\\Roaming\\Microsoft\\Windows\\Start Menu\\Programs\\Startup'.","Opcode":"Info","hrError":"0x80070002","FolderId":"{B97D20BB-F46A-4C97-BA10-5E3608430854}","Path":"C:\\Users\\Default\\AppData\\Roaming\\Microsoft\\Windows\\Start Menu\\Programs\\Startup","EventReceivedTime":1496947024,"SourceModuleName":"eventlog","SourceModuleType":"im_msvistalog","@version":"1","@timestamp":"2017-06-08T18:37:04.599Z","host":"10.5.55.2","port":59656,"type":"windows","tags":["json"]}
{"EventTime":"2017-06-08 13:37:03","Hostname":"DC01.sec555.com","Keywords":-9214364837600034816,"EventType":"AUDIT_SUCCESS","SeverityValue":2,"Severity":"INFO","EventID":5145,"SourceName":"Microsoft-Windows-Security-Auditing","ProviderGuid":"{54849625-5478-4994-A5BA-3E3B0328C30D}","Version":0,"Task":12811,"OpcodeValue":0,"RecordNumber":549613,"ProcessID":536,"ThreadID":544,"Channel":"Security","Message":"A network share object was checked to see whether client can be granted desired access.\r\n\t\r\nSubject:\r\n\tSecurity ID:\t\tS-1-5-18\r\n\tAccount Name:\t\tDC01$\r\n\tAccount Domain:\t\tSEC555\r\n\tLogon ID:\t\t0xD45574\r\n\r\nNetwork Information:\t\r\n\tObject Type:\t\tFile\r\n\tSource Address:\t\t::1\r\n\tSource Port:\t\t59663\r\n\t\r\nShare Information:\r\n\tShare Name:\t\t\\\\*\\SYSVOL\r\n\tShare Path:\t\t\\??\\C:\\Windows\\SYSVOL\\sysvol\r\n\tRelative Target Name:\tsec555.com\\Policies\\{ADEFF9F3-94F1-4F60-B86A-EA3ECE588D44}\\Machine\\Preferences\\Folders\\Folders.xml\r\n\r\nAccess Request Information:\r\n\tAccess Mask:\t\t0x120089\r\n\tAccesses:\t\tREAD_CONTROL\r\n\t\t\t\tSYNCHRONIZE\r\n\t\t\t\tReadData (or ListDirectory)\r\n\t\t\t\tReadEA\r\n\t\t\t\tReadAttributes\r\n\t\t\t\t\r\nAccess Check Results:\r\n\tREAD_CONTROL:\tGranted by Ownership\r\n\t\t\t\tSYNCHRONIZE:\tGranted by\tD:(A;;0x1200a9;;;WD)\r\n\t\t\t\tReadData (or ListDirectory):\tGranted by\tD:(A;;0x1200a9;;;WD)\r\n\t\t\t\tReadEA:\tGranted by\tD:(A;;0x1200a9;;;WD)\r\n\t\t\t\tReadAttributes:\tGranted by\tD:(A;;0x1200a9;;;WD)\r\n\t\t\t\t\r\n","Category":"Detailed File Share","Opcode":"Info","SubjectUserSid":"S-1-5-18","SubjectUserName":"DC01$","SubjectDomainName":"SEC555","SubjectLogonId":"0xd45574","ObjectType":"File","IpAddress":"::1","IpPort":"59663","ShareName":"\\\\*\\SYSVOL","ShareLocalPath":"\\??\\C:\\Windows\\SYSVOL\\sysvol","RelativeTargetName":"sec555.com\\Policies\\{ADEFF9F3-94F1-4F60-B86A-EA3ECE588D44}\\Machine\\Preferences\\Folders\\Folders.xml","AccessMask":"0x120089","AccessList":"%%1538\r\n\t\t\t\t%%1541\r\n\t\t\t\t%%4416\r\n\t\t\t\t%%4419\r\n\t\t\t\t%%4423\r\n\t\t\t\t","AccessReason":"%%1538:\t%%1804\r\n\t\t\t\t%%1541:\t%%1801\tD:(A;;0x1200a9;;;WD)\r\n\t\t\t\t%%4416:\t%%1801\tD:(A;;0x1200a9;;;WD)\r\n\t\t\t\t%%4419:\t%%1801\tD:(A;;0x1200a9;;;WD)\r\n\t\t\t\t%%4423:\t%%1801\tD:(A;;0x1200a9;;;WD)\r\n\t\t\t\t","EventReceivedTime":1496947024,"SourceModuleName":"eventlog","SourceModuleType":"im_msvistalog","@version":"1","@timestamp":"2017-06-08T18:37:04.600Z","host":"10.5.55.2","port":59656,"type":"windows","tags":["json"]}
{"EventTime":"2017-06-08 13:37:03","Hostname":"DC01.sec555.com","Keywords":-9214364837600034816,"EventType":"AUDIT_SUCCESS","SeverityValue":2,"Severity":"INFO","EventID":4663,"SourceName":"Microsoft-Windows-Security-Auditing","ProviderGuid":"{54849625-5478-4994-A5BA-3E3B0328C30D}","Version":1,"Task":12812,"OpcodeValue":0,"RecordNumber":549614,"ProcessID":536,"ThreadID":544,"Channel":"Security","Message":"An attempt was made to access an object.\r\n\r\nSubject:\r\n\tSecurity ID:\t\tS-1-5-18\r\n\tAccount Name:\t\tDC01$\r\n\tAccount Domain:\t\tSEC555\r\n\tLogon ID:\t\t0x3E7\r\n\r\nObject:\r\n\tObject Server:\t\tSecurity\r\n\tObject Type:\t\tFile\r\n\tObject Name:\t\tC:\\a\r\n\tHandle ID:\t\t0x1b68\r\n\tResource Attributes:\tS:AI\r\n\r\nProcess Information:\r\n\tProcess ID:\t\t0x368\r\n\tProcess Name:\t\tC:\\Windows\\System32\\svchost.exe\r\n\r\nAccess Request Information:\r\n\tAccesses:\t\tWriteAttributes\r\n\t\t\t\t\r\n\tAccess Mask:\t\t0x100","Category":"Removable Storage","Opcode":"Info","SubjectUserSid":"S-1-5-18","SubjectUserName":"DC01$","SubjectDomainName":"SEC555","SubjectLogonId":"0x3e7","ObjectServer":"Security","ObjectType":"File","ObjectName":"C:\\a","HandleId":"0x1b68","AccessList":"%%4424\r\n\t\t\t\t","AccessMask":"0x100","ProcessName":"C:\\Windows\\System32\\svchost.exe","ResourceAttributes":"S:AI","EventReceivedTime":1496947024,"SourceModuleName":"eventlog","SourceModuleType":"im_msvistalog","@version":"1","@timestamp":"2017-06-08T18:37:04.601Z","host":"10.5.55.2","port":59656,"type":"windows","tags":["json"]}
{"EventTime":"2017-06-08 13:37:03","Hostname":"DC01.sec555.com","Keywords":-9214364837600034816,"EventType":"AUDIT_SUCCESS","SeverityValue":2,"Severity":"INFO","EventID":4663,"SourceName":"Microsoft-Windows-Security-Auditing","ProviderGuid":"{54849625-5478-4994-A5BA-3E3B0328C30D}","Version":1,"Task":12812,"OpcodeValue":0,"RecordNumber":549615,"ProcessID":536,"ThreadID":544,"Channel":"Security","Message":"An attempt was made to access an object.\r\n\r\nSubject:\r\n\tSecurity ID:\t\tS-1-5-18\r\n\tAccount Name:\t\tDC01$\r\n\tAccount Domain:\t\tSEC555\r\n\tLogon ID:\t\t0x3E7\r\n\r\nObject:\r\n\tObject Server:\t\tSecurity\r\n\tObject Type:\t\tFile\r\n\tObject Name:\t\tC:\\zSensitiveFiles\r\n\tHandle ID:\t\t0x1b68\r\n\tResource Attributes:\tS:AI\r\n\r\nProcess Information:\r\n\tProcess ID:\t\t0x368\r\n\tProcess Name:\t\tC:\\Windows\\System32\\svchost.exe\r\n\r\nAccess Request Information:\r\n\tAccesses:\t\tWriteAttributes\r\n\t\t\t\t\r\n\tAccess Mask:\t\t0x100","Category":"Removable Storage","Opcode":"Info","SubjectUserSid":"S-1-5-18","SubjectUserName":"DC01$","SubjectDomainName":"SEC555","SubjectLogonId":"0x3e7","ObjectServer":"Security","ObjectType":"File","ObjectName":"C:\\zSensitiveFiles","HandleId":"0x1b68","AccessList":"%%4424\r\n\t\t\t\t","AccessMask":"0x100","ProcessName":"C:\\Windows\\System32\\svchost.exe","ResourceAttributes":"S:AI","EventReceivedTime":1496947024,"SourceModuleName":"eventlog","SourceModuleType":"im_msvistalog","@version":"1","@timestamp":"2017-06-08T18:37:04.601Z","host":"10.5.55.2","port":59656,"type":"windows","tags":["json"]}
{"EventTime":"2017-06-08 13:37:03","Hostname":"DC01.sec555.com","Keywords":-9214364837600034816,"EventType":"AUDIT_SUCCESS","SeverityValue":2,"Severity":"INFO","EventID":4672,"SourceName":"Microsoft-Windows-Security-Auditing","ProviderGuid":"{54849625-5478-4994-A5BA-3E3B0328C30D}","Version":0,"Task":12548,"OpcodeValue":0,"RecordNumber":549616,"ProcessID":536,"ThreadID":3228,"Channel":"Security","Message":"Special privileges assigned to new logon.\r\n\r\nSubject:\r\n\tSecurity ID:\t\tS-1-5-18\r\n\tAccount Name:\t\tDC01$\r\n\tAccount Domain:\t\tSEC555\r\n\tLogon ID:\t\t0xD4623E\r\n\r\nPrivileges:\t\tSeSecurityPrivilege\r\n\t\t\tSeBackupPrivilege\r\n\t\t\tSeRestorePrivilege\r\n\t\t\tSeTakeOwnershipPrivilege\r\n\t\t\tSeDebugPrivilege\r\n\t\t\tSeSystemEnvironmentPrivilege\r\n\t\t\tSeLoadDriverPrivilege\r\n\t\t\tSeImpersonatePrivilege\r\n\t\t\tSeEnableDelegationPrivilege","Category":"Special Logon","Opcode":"Info","SubjectUserSid":"S-1-5-18","SubjectUserName":"DC01$","SubjectDomainName":"SEC555","SubjectLogonId":"0xd4623e","PrivilegeList":"SeSecurityPrivilege\r\n\t\t\tSeBackupPrivilege\r\n\t\t\tSeRestorePrivilege\r\n\t\t\tSeTakeOwnershipPrivilege\r\n\t\t\tSeDebugPrivilege\r\n\t\t\tSeSystemEnvironmentPrivilege\r\n\t\t\tSeLoadDriverPrivilege\r\n\t\t\tSeImpersonatePrivilege\r\n\t\t\tSeEnableDelegationPrivilege","EventReceivedTime":1496947024,"SourceModuleName":"eventlog","SourceModuleType":"im_msvistalog","@version":"1","@timestamp":"2017-06-08T18:37:04.602Z","host":"10.5.55.2","port":59656,"type":"windows","tags":["json"]}
{"EventTime":"2017-06-08 13:37:03","Hostname":"DC01.sec555.com","Keywords":-9214364837600034816,"EventType":"AUDIT_SUCCESS","SeverityValue":2,"Severity":"INFO","EventID":4624,"SourceName":"Microsoft-Windows-Security-Auditing","ProviderGuid":"{54849625-5478-4994-A5BA-3E3B0328C30D}","Version":1,"Task":12544,"OpcodeValue":0,"RecordNumber":549617,"ProcessID":536,"ThreadID":3228,"Channel":"Security","Message":"An account was successfully logged on.\r\n\r\nSubject:\r\n\tSecurity ID:\t\tS-1-0-0\r\n\tAccount Name:\t\t-\r\n\tAccount Domain:\t\t-\r\n\tLogon ID:\t\t0x0\r\n\r\nLogon Type:\t\t\t3\r\n\r\nImpersonation Level:\t\tImpersonation\r\n\r\nNew Logon:\r\n\tSecurity ID:\t\tS-1-5-18\r\n\tAccount Name:\t\tDC01$\r\n\tAccount Domain:\t\tSEC555\r\n\tLogon ID:\t\t0xD4623E\r\n\tLogon GUID:\t\t{F2745349-6DDC-9FD6-ACEB-A0F80B1630E4}\r\n\r\nProcess Information:\r\n\tProcess ID:\t\t0x0\r\n\tProcess Name:\t\t-\r\n\r\nNetwork Information:\r\n\tWorkstation Name:\t\r\n\tSource Network Address:\t::1\r\n\tSource Port:\t\t59666\r\n\r\nDetailed Authentication Information:\r\n\tLogon Process:\t\tKerberos\r\n\tAuthentication Package:\tKerberos\r\n\tTransited Services:\t-\r\n\tPackage Name (NTLM only):\t-\r\n\tKey Length:\t\t0\r\n\r\nThis event is generated when a logon session is created. It is generated on the computer that was accessed.\r\n\r\nThe subject fields indicate the account on the local system which requested the logon. This is most commonly a service such as the Server service, or a local process such as Winlogon.exe or Services.exe.\r\n\r\nThe logon type field indicates the kind of logon that occurred. The most common types are 2 (interactive) and 3 (network).\r\n\r\nThe New Logon fields indicate the account for whom the new logon was created, i.e. the account that was logged on.\r\n\r\nThe network fields indicate where a remote logon request originated. Workstation name is not always available and may be left blank in some cases.\r\n\r\nThe impersonation level field indicates the extent to which a process in the logon session can impersonate.\r\n\r\nThe authentication information fields provide detailed information about this specific logon request.\r\n\t- Logon GUID is a unique identifier that can be used to correlate this event with a KDC event.\r\n\t- Transited services indicate which intermediate services have participated in this logon request.\r\n\t- Package name indicates which sub-protocol was used among the NTLM protocols.\r\n\t- Key length indicates the length of the generated session key. This will be 0 if no session key was requested.","Category":"Logon","Opcode":"Info","SubjectUserSid":"S-1-0-0","SubjectUserName":"-","SubjectDomainName":"-","SubjectLogonId":"0x0","TargetUserSid":"S-1-5-18","TargetUserName":"DC01$","TargetDomainName":"SEC555","TargetLogonId":"0xd4623e","LogonType":"3","LogonProcessName":"Kerberos","AuthenticationPackageName":"Kerberos","LogonGuid":"{F2745349-6DDC-9FD6-ACEB-A0F80B1630E4}","TransmittedServices":"-","LmPackageName":"-","KeyLength":"0","ProcessName":"-","IpAddress":"::1","IpPort":"59666","ImpersonationLevel":"%%1833","EventReceivedTime":1496947024,"SourceModuleName":"eventlog","SourceModuleType":"im_msvistalog","@version":"1","@timestamp":"2017-06-08T18:37:04.602Z","host":"10.5.55.2","port":59656,"type":"windows","tags":["json"]}
{"EventTime":"2017-06-08 13:37:03","Hostname":"DC01.sec555.com","Keywords":-9214364837600034816,"EventType":"AUDIT_SUCCESS","SeverityValue":2,"Severity":"INFO","EventID":4634,"SourceName":"Microsoft-Windows-Security-Auditing","ProviderGuid":"{54849625-5478-4994-A5BA-3E3B0328C30D}","Version":0,"Task":12545,"OpcodeValue":0,"RecordNumber":549618,"ProcessID":536,"ThreadID":3544,"Channel":"Security","Message":"An account was logged off.\r\n\r\nSubject:\r\n\tSecurity ID:\t\tS-1-5-18\r\n\tAccount Name:\t\tDC01$\r\n\tAccount Domain:\t\tSEC555\r\n\tLogon ID:\t\t0xD4623E\r\n\r\nLogon Type:\t\t\t3\r\n\r\nThis event is generated when a logon session is destroyed. It may be positively correlated with a logon event using the Logon ID value. Logon IDs are only unique between reboots on the same computer.","Category":"Logoff","Opcode":"Info","TargetUserSid":"S-1-5-18","TargetUserName":"DC01$","TargetDomainName":"SEC555","TargetLogonId":"0xd4623e","LogonType":"3","EventReceivedTime":1496947024,"SourceModuleName":"eventlog","SourceModuleType":"im_msvistalog","@version":"1","@timestamp":"2017-06-08T18:37:04.602Z","host":"10.5.55.2","port":59656,"type":"windows","tags":["json"]}
{"EventTime":"2017-06-08 13:37:03","Hostname":"DC01.sec555.com","Keywords":-9214364837600034816,"EventType":"AUDIT_SUCCESS","SeverityValue":2,"Severity":"INFO","EventID":4672,"SourceName":"Microsoft-Windows-Security-Auditing","ProviderGuid":"{54849625-5478-4994-A5BA-3E3B0328C30D}","Version":0,"Task":12548,"OpcodeValue":0,"RecordNumber":549619,"ProcessID":536,"ThreadID":3228,"Channel":"Security","Message":"Special privileges assigned to new logon.\r\n\r\nSubject:\r\n\tSecurity ID:\t\tS-1-5-18\r\n\tAccount Name:\t\tDC01$\r\n\tAccount Domain:\t\tSEC555\r\n\tLogon ID:\t\t0xD463B2\r\n\r\nPrivileges:\t\tSeSecurityPrivilege\r\n\t\t\tSeBackupPrivilege\r\n\t\t\tSeRestorePrivilege\r\n\t\t\tSeTakeOwnershipPrivilege\r\n\t\t\tSeDebugPrivilege\r\n\t\t\tSeSystemEnvironmentPrivilege\r\n\t\t\tSeLoadDriverPrivilege\r\n\t\t\tSeImpersonatePrivilege\r\n\t\t\tSeEnableDelegationPrivilege","Category":"Special Logon","Opcode":"Info","SubjectUserSid":"S-1-5-18","SubjectUserName":"DC01$","SubjectDomainName":"SEC555","SubjectLogonId":"0xd463b2","PrivilegeList":"SeSecurityPrivilege\r\n\t\t\tSeBackupPrivilege\r\n\t\t\tSeRestorePrivilege\r\n\t\t\tSeTakeOwnershipPrivilege\r\n\t\t\tSeDebugPrivilege\r\n\t\t\tSeSystemEnvironmentPrivilege\r\n\t\t\tSeLoadDriverPrivilege\r\n\t\t\tSeImpersonatePrivilege\r\n\t\t\tSeEnableDelegationPrivilege","EventReceivedTime":1496947024,"SourceModuleName":"eventlog","SourceModuleType":"im_msvistalog","@version":"1","@timestamp":"2017-06-08T18:37:04.604Z","host":"10.5.55.2","port":59656,"type":"windows","tags":["json"]}
{"EventTime":"2017-06-08 13:37:03","Hostname":"DC01.sec555.com","Keywords":-9214364837600034816,"EventType":"AUDIT_SUCCESS","SeverityValue":2,"Severity":"INFO","EventID":4624,"SourceName":"Microsoft-Windows-Security-Auditing","ProviderGuid":"{54849625-5478-4994-A5BA-3E3B0328C30D}","Version":1,"Task":12544,"OpcodeValue":0,"RecordNumber":549620,"ProcessID":536,"ThreadID":3228,"Channel":"Security","Message":"An account was successfully logged on.\r\n\r\nSubject:\r\n\tSecurity ID:\t\tS-1-0-0\r\n\tAccount Name:\t\t-\r\n\tAccount Domain:\t\t-\r\n\tLogon ID:\t\t0x0\r\n\r\nLogon Type:\t\t\t3\r\n\r\nImpersonation Level:\t\tImpersonation\r\n\r\nNew Logon:\r\n\tSecurity ID:\t\tS-1-5-18\r\n\tAccount Name:\t\tDC01$\r\n\tAccount Domain:\t\tSEC555\r\n\tLogon ID:\t\t0xD463B2\r\n\tLogon GUID:\t\t{F2745349-6DDC-9FD6-ACEB-A0F80B1630E4}\r\n\r\nProcess Information:\r\n\tProcess ID:\t\t0x0\r\n\tProcess Name:\t\t-\r\n\r\nNetwork Information:\r\n\tWorkstation Name:\t\r\n\tSource Network Address:\t::1\r\n\tSource Port:\t\t59667\r\n\r\nDetailed Authentication Information:\r\n\tLogon Process:\t\tKerberos\r\n\tAuthentication Package:\tKerberos\r\n\tTransited Services:\t-\r\n\tPackage Name (NTLM only):\t-\r\n\tKey Length:\t\t0\r\n\r\nThis event is generated when a logon session is created. It is generated on the computer that was accessed.\r\n\r\nThe subject fields indicate the account on the local system which requested the logon. This is most commonly a service such as the Server service, or a local process such as Winlogon.exe or Services.exe.\r\n\r\nThe logon type field indicates the kind of logon that occurred. The most common types are 2 (interactive) and 3 (network).\r\n\r\nThe New Logon fields indicate the account for whom the new logon was created, i.e. the account that was logged on.\r\n\r\nThe network fields indicate where a remote logon request originated. Workstation name is not always available and may be left blank in some cases.\r\n\r\nThe impersonation level field indicates the extent to which a process in the logon session can impersonate.\r\n\r\nThe authentication information fields provide detailed information about this specific logon request.\r\n\t- Logon GUID is a unique identifier that can be used to correlate this event with a KDC event.\r\n\t- Transited services indicate which intermediate services have participated in this logon request.\r\n\t- Package name indicates which sub-protocol was used among the NTLM protocols.\r\n\t- Key length indicates the length of the generated session key. This will be 0 if no session key was requested.","Category":"Logon","Opcode":"Info","SubjectUserSid":"S-1-0-0","SubjectUserName":"-","SubjectDomainName":"-","SubjectLogonId":"0x0","TargetUserSid":"S-1-5-18","TargetUserName":"DC01$","TargetDomainName":"SEC555","TargetLogonId":"0xd463b2","LogonType":"3","LogonProcessName":"Kerberos","AuthenticationPackageName":"Kerberos","LogonGuid":"{F2745349-6DDC-9FD6-ACEB-A0F80B1630E4}","TransmittedServices":"-","LmPackageName":"-","KeyLength":"0","ProcessName":"-","IpAddress":"::1","IpPort":"59667","ImpersonationLevel":"%%1833","EventReceivedTime":1496947024,"SourceModuleName":"eventlog","SourceModuleType":"im_msvistalog","@version":"1","@timestamp":"2017-06-08T18:37:04.604Z","host":"10.5.55.2","port":59656,"type":"windows","tags":["json"]}
{"EventTime":"2017-06-08 13:37:03","Hostname":"DC01.sec555.com","Keywords":-9223372036854775808,"EventType":"WARNING","SeverityValue":3,"Severity":"WARNING","EventID":1002,"SourceName":"Microsoft-Windows-KnownFolders","ProviderGuid":"{8939299F-2315-4C5C-9B91-ABB86AA0627D}","Version":0,"Task":0,"OpcodeValue":0,"RecordNumber":101998,"ActivityID":"{DFD94734-3D52-49BA-A707-45DE87A51D44}","ProcessID":872,"ThreadID":2856,"Channel":"Microsoft-Windows-Known Folders API Service","Domain":"NT AUTHORITY","AccountName":"SYSTEM","UserID":"S-1-5-18","AccountType":"User","Message":"Error 0x80070002 occurred while verifying known folder {B4BFCC3A-DB2C-424C-B029-7FE99A87C641} with path 'C:\\Windows\\system32\\config\\systemprofile\\Desktop'.","Opcode":"Info","hrError":"0x80070002","FolderId":"{B4BFCC3A-DB2C-424C-B029-7FE99A87C641}","Path":"C:\\Windows\\system32\\config\\systemprofile\\Desktop","EventReceivedTime":1496947024,"SourceModuleName":"eventlog","SourceModuleType":"im_msvistalog","@version":"1","@timestamp":"2017-06-08T18:37:04.605Z","host":"10.5.55.2","port":59656,"type":"windows","tags":["json"]}
{"EventTime":"2017-06-08 13:37:03","Hostname":"DC01.sec555.com","Keywords":-9223372036854775808,"EventType":"WARNING","SeverityValue":3,"Severity":"WARNING","EventID":1002,"SourceName":"Microsoft-Windows-KnownFolders","ProviderGuid":"{8939299F-2315-4C5C-9B91-ABB86AA0627D}","Version":0,"Task":0,"OpcodeValue":0,"RecordNumber":101999,"ActivityID":"{DFD94734-3D52-49BA-A707-45DE87A51D44}","ProcessID":872,"ThreadID":2856,"Channel":"Microsoft-Windows-Known Folders API Service","Domain":"NT AUTHORITY","AccountName":"SYSTEM","UserID":"S-1-5-18","AccountType":"User","Message":"Error 0x80070003 occurred while verifying known folder {625B53C3-AB48-4EC1-BA1F-A1EF4146FC19} with path 'C:\\Windows\\system32\\config\\systemprofile\\AppData\\Roaming\\Microsoft\\Windows\\Start Menu'.","Opcode":"Info","hrError":"0x80070003","FolderId":"{625B53C3-AB48-4EC1-BA1F-A1EF4146FC19}","Path":"C:\\Windows\\system32\\config\\systemprofile\\AppData\\Roaming\\Microsoft\\Windows\\Start Menu","EventReceivedTime":1496947024,"SourceModuleName":"eventlog","SourceModuleType":"im_msvistalog","@version":"1","@timestamp":"2017-06-08T18:37:04.605Z","host":"10.5.55.2","port":59656,"type":"windows","tags":["json"]}
{"EventTime":"2017-06-08 13:37:03","Hostname":"DC01.sec555.com","Keywords":-9223372036854775808,"EventType":"WARNING","SeverityValue":3,"Severity":"WARNING","EventID":1002,"SourceName":"Microsoft-Windows-KnownFolders","ProviderGuid":"{8939299F-2315-4C5C-9B91-ABB86AA0627D}","Version":0,"Task":0,"OpcodeValue":0,"RecordNumber":102000,"ActivityID":"{DFD94734-3D52-49BA-A707-45DE87A51D44}","ProcessID":872,"ThreadID":2856,"Channel":"Microsoft-Windows-Known Folders API Service","Domain":"NT AUTHORITY","AccountName":"SYSTEM","UserID":"S-1-5-18","AccountType":"User","Message":"Error 0x80070003 occurred while verifying known folder {A77F5D77-2E2B-44C3-A6A2-ABA601054A51} with path 'C:\\Windows\\system32\\config\\systemprofile\\AppData\\Roaming\\Microsoft\\Windows\\Start Menu\\Programs'.","Opcode":"Info","hrError":"0x80070003","FolderId":"{A77F5D77-2E2B-44C3-A6A2-ABA601054A51}","Path":"C:\\Windows\\system32\\config\\systemprofile\\AppData\\Roaming\\Microsoft\\Windows\\Start Menu\\Programs","EventReceivedTime":1496947024,"SourceModuleName":"eventlog","SourceModuleType":"im_msvistalog","@version":"1","@timestamp":"2017-06-08T18:37:04.605Z","host":"10.5.55.2","port":59656,"type":"windows","tags":["json"]}
{"EventTime":"2017-06-08 13:37:03","Hostname":"DC01.sec555.com","Keywords":-9223372036854775808,"EventType":"WARNING","SeverityValue":3,"Severity":"WARNING","EventID":1002,"SourceName":"Microsoft-Windows-KnownFolders","ProviderGuid":"{8939299F-2315-4C5C-9B91-ABB86AA0627D}","Version":0,"Task":0,"OpcodeValue":0,"RecordNumber":102001,"ActivityID":"{DFD94734-3D52-49BA-A707-45DE87A51D44}","ProcessID":872,"ThreadID":2856,"Channel":"Microsoft-Windows-Known Folders API Service","Domain":"NT AUTHORITY","AccountName":"SYSTEM","UserID":"S-1-5-18","AccountType":"User","Message":"Error 0x80070003 occurred while verifying known folder {B97D20BB-F46A-4C97-BA10-5E3608430854} with path 'C:\\Windows\\system32\\config\\systemprofile\\AppData\\Roaming\\Microsoft\\Windows\\Start Menu\\Programs\\Startup'.","Opcode":"Info","hrError":"0x80070003","FolderId":"{B97D20BB-F46A-4C97-BA10-5E3608430854}","Path":"C:\\Windows\\system32\\config\\systemprofile\\AppData\\Roaming\\Microsoft\\Windows\\Start Menu\\Programs\\Startup","EventReceivedTime":1496947024,"SourceModuleName":"eventlog","SourceModuleType":"im_msvistalog","@version":"1","@timestamp":"2017-06-08T18:37:04.605Z","host":"10.5.55.2","port":59656,"type":"windows","tags":["json"]}
{"EventTime":"2017-06-08 13:37:03","Hostname":"DC01.sec555.com","Keywords":-9223372036854775808,"EventType":"WARNING","SeverityValue":3,"Severity":"WARNING","EventID":1002,"SourceName":"Microsoft-Windows-KnownFolders","ProviderGuid":"{8939299F-2315-4C5C-9B91-ABB86AA0627D}","Version":0,"Task":0,"OpcodeValue":0,"RecordNumber":102002,"ActivityID":"{DFD94734-3D52-49BA-A707-45DE87A51D44}","ProcessID":872,"ThreadID":2856,"Channel":"Microsoft-Windows-Known Folders API Service","Domain":"NT AUTHORITY","AccountName":"SYSTEM","UserID":"S-1-5-18","AccountType":"User","Message":"Error 0x80070002 occurred while verifying known folder {1777F761-68AD-4D8A-87BD-30B759FA33DD} with path 'C:\\Windows\\system32\\config\\systemprofile\\Favorites'.","Opcode":"Info","hrError":"0x80070002","FolderId":"{1777F761-68AD-4D8A-87BD-30B759FA33DD}","Path":"C:\\Windows\\system32\\config\\systemprofile\\Favorites","EventReceivedTime":1496947024,"SourceModuleName":"eventlog","SourceModuleType":"im_msvistalog","@version":"1","@timestamp":"2017-06-08T18:37:04.606Z","host":"10.5.55.2","port":59656,"type":"windows","tags":["json"]}
{"EventTime":"2017-06-08 13:37:03","Hostname":"DC01.sec555.com","Keywords":-9214364837600034816,"EventType":"AUDIT_SUCCESS","SeverityValue":2,"Severity":"INFO","EventID":4634,"SourceName":"Microsoft-Windows-Security-Auditing","ProviderGuid":"{54849625-5478-4994-A5BA-3E3B0328C30D}","Version":0,"Task":12545,"OpcodeValue":0,"RecordNumber":549621,"ProcessID":536,"ThreadID":3544,"Channel":"Security","Message":"An account was logged off.\r\n\r\nSubject:\r\n\tSecurity ID:\t\tS-1-5-18\r\n\tAccount Name:\t\tDC01$\r\n\tAccount Domain:\t\tSEC555\r\n\tLogon ID:\t\t0xD463B2\r\n\r\nLogon Type:\t\t\t3\r\n\r\nThis event is generated when a logon session is destroyed. It may be positively correlated with a logon event using the Logon ID value. Logon IDs are only unique between reboots on the same computer.","Category":"Logoff","Opcode":"Info","TargetUserSid":"S-1-5-18","TargetUserName":"DC01$","TargetDomainName":"SEC555","TargetLogonId":"0xd463b2","LogonType":"3","EventReceivedTime":1496947024,"SourceModuleName":"eventlog","SourceModuleType":"im_msvistalog","@version":"1","@timestamp":"2017-06-08T18:37:04.606Z","host":"10.5.55.2","port":59656,"type":"windows","tags":["json"]}
{"EventTime":"2017-06-08 13:37:03","Hostname":"DC01.sec555.com","Keywords":-9223372036854775808,"EventType":"WARNING","SeverityValue":3,"Severity":"WARNING","EventID":1002,"SourceName":"Microsoft-Windows-KnownFolders","ProviderGuid":"{8939299F-2315-4C5C-9B91-ABB86AA0627D}","Version":0,"Task":0,"OpcodeValue":0,"RecordNumber":102003,"ActivityID":"{DFD94734-3D52-49BA-A707-45DE87A51D44}","ProcessID":872,"ThreadID":2856,"Channel":"Microsoft-Windows-Known Folders API Service","Domain":"NT AUTHORITY","AccountName":"SYSTEM","UserID":"S-1-5-18","AccountType":"User","Message":"Error 0x80070003 occurred while verifying known folder {8983036C-27C0-404B-8F08-102D10DCFD74} with path 'C:\\Windows\\system32\\config\\systemprofile\\AppData\\Roaming\\Microsoft\\Windows\\SendTo'.","Opcode":"Info","hrError":"0x80070003","FolderId":"{8983036C-27C0-404B-8F08-102D10DCFD74}","Path":"C:\\Windows\\system32\\config\\systemprofile\\AppData\\Roaming\\Microsoft\\Windows\\SendTo","EventReceivedTime":1496947024,"SourceModuleName":"eventlog","SourceModuleType":"im_msvistalog","@version":"1","@timestamp":"2017-06-08T18:37:04.606Z","host":"10.5.55.2","port":59656,"type":"windows","tags":["json"]}
{"EventTime":"2017-06-08 13:37:03","Hostname":"DC01.sec555.com","Keywords":-9223372036854775808,"EventType":"WARNING","SeverityValue":3,"Severity":"WARNING","EventID":1002,"SourceName":"Microsoft-Windows-KnownFolders","ProviderGuid":"{8939299F-2315-4C5C-9B91-ABB86AA0627D}","Version":0,"Task":0,"OpcodeValue":0,"RecordNumber":102004,"ActivityID":"{DFD94734-3D52-49BA-A707-45DE87A51D44}","ProcessID":872,"ThreadID":2856,"Channel":"Microsoft-Windows-Known Folders API Service","Domain":"NT AUTHORITY","AccountName":"SYSTEM","UserID":"S-1-5-18","AccountType":"User","Message":"Error 0x80070003 occurred while verifying known folder {AE50C081-EBD2-438A-8655-8A092E34987A} with path 'C:\\Windows\\system32\\config\\systemprofile\\AppData\\Roaming\\Microsoft\\Windows\\Recent'.","Opcode":"Info","hrError":"0x80070003","FolderId":"{AE50C081-EBD2-438A-8655-8A092E34987A}","Path":"C:\\Windows\\system32\\config\\systemprofile\\AppData\\Roaming\\Microsoft\\Windows\\Recent","EventReceivedTime":1496947024,"SourceModuleName":"eventlog","SourceModuleType":"im_msvistalog","@version":"1","@timestamp":"2017-06-08T18:37:04.606Z","host":"10.5.55.2","port":59656,"type":"windows","tags":["json"]}
{"EventTime":"2017-06-08 13:37:03","Hostname":"DC01.sec555.com","Keywords":-9223372036854775808,"EventType":"WARNING","SeverityValue":3,"Severity":"WARNING","EventID":1002,"SourceName":"Microsoft-Windows-KnownFolders","ProviderGuid":"{8939299F-2315-4C5C-9B91-ABB86AA0627D}","Version":0,"Task":0,"OpcodeValue":0,"RecordNumber":102005,"ActivityID":"{DFD94734-3D52-49BA-A707-45DE87A51D44}","ProcessID":872,"ThreadID":2856,"Channel":"Microsoft-Windows-Known Folders API Service","Domain":"NT AUTHORITY","AccountName":"SYSTEM","UserID":"S-1-5-18","AccountType":"User","Message":"Error 0x80070003 occurred while verifying known folder {C5ABBF53-E17F-4121-8900-86626FC2C973} with path 'C:\\Windows\\system32\\config\\systemprofile\\AppData\\Roaming\\Microsoft\\Windows\\Network Shortcuts'.","Opcode":"Info","hrError":"0x80070003","FolderId":"{C5ABBF53-E17F-4121-8900-86626FC2C973}","Path":"C:\\Windows\\system32\\config\\systemprofile\\AppData\\Roaming\\Microsoft\\Windows\\Network Shortcuts","EventReceivedTime":1496947024,"SourceModuleName":"eventlog","SourceModuleType":"im_msvistalog","@version":"1","@timestamp":"2017-06-08T18:37:04.606Z","host":"10.5.55.2","port":59656,"type":"windows","tags":["json"]}
{"EventTime":"2017-06-08 13:37:03","Hostname":"DC01.sec555.com","Keywords":-9223372036854775808,"EventType":"WARNING","SeverityValue":3,"Severity":"WARNING","EventID":1002,"SourceName":"Microsoft-Windows-KnownFolders","ProviderGuid":"{8939299F-2315-4C5C-9B91-ABB86AA0627D}","Version":0,"Task":0,"OpcodeValue":0,"RecordNumber":102006,"ActivityID":"{DFD94734-3D52-49BA-A707-45DE87A51D44}","ProcessID":872,"ThreadID":2856,"Channel":"Microsoft-Windows-Known Folders API Service","Domain":"NT AUTHORITY","AccountName":"SYSTEM","UserID":"S-1-5-18","AccountType":"User","Message":"Error 0x80070002 occurred while verifying known folder {1777F761-68AD-4D8A-87BD-30B759FA33DD} with path 'C:\\Windows\\system32\\config\\systemprofile\\Favorites'.","Opcode":"Info","hrError":"0x80070002","FolderId":"{1777F761-68AD-4D8A-87BD-30B759FA33DD}","Path":"C:\\Windows\\system32\\config\\systemprofile\\Favorites","EventReceivedTime":1496947024,"SourceModuleName":"eventlog","SourceModuleType":"im_msvistalog","@version":"1","@timestamp":"2017-06-08T18:37:04.606Z","host":"10.5.55.2","port":59656,"type":"windows","tags":["json"]}
{"EventTime":"2017-06-08 13:37:03","Hostname":"DC01.sec555.com","Keywords":-9223372036854775808,"EventType":"WARNING","SeverityValue":3,"Severity":"WARNING","EventID":1002,"SourceName":"Microsoft-Windows-KnownFolders","ProviderGuid":"{8939299F-2315-4C5C-9B91-ABB86AA0627D}","Version":0,"Task":0,"OpcodeValue":0,"RecordNumber":102007,"ActivityID":"{DFD94734-3D52-49BA-A707-45DE87A51D44}","ProcessID":872,"ThreadID":2856,"Channel":"Microsoft-Windows-Known Folders API Service","Domain":"NT AUTHORITY","AccountName":"SYSTEM","UserID":"S-1-5-18","AccountType":"User","Message":"Error 0x80070002 occurred while verifying known folder {B97D20BB-F46A-4C97-BA10-5E3608430854} with path 'C:\\Users\\Default\\AppData\\Roaming\\Microsoft\\Windows\\Start Menu\\Programs\\Startup'.","Opcode":"Info","hrError":"0x80070002","FolderId":"{B97D20BB-F46A-4C97-BA10-5E3608430854}","Path":"C:\\Users\\Default\\AppData\\Roaming\\Microsoft\\Windows\\Start Menu\\Programs\\Startup","EventReceivedTime":1496947024,"SourceModuleName":"eventlog","SourceModuleType":"im_msvistalog","@version":"1","@timestamp":"2017-06-08T18:37:04.614Z","host":"10.5.55.2","port":59656,"type":"windows","tags":["json"]}
{"EventTime":"2017-06-08 13:37:03","Hostname":"DC01.sec555.com","Keywords":-9214364837600034816,"EventType":"AUDIT_SUCCESS","SeverityValue":2,"Severity":"INFO","EventID":5145,"SourceName":"Microsoft-Windows-Security-Auditing","ProviderGuid":"{54849625-5478-4994-A5BA-3E3B0328C30D}","Version":0,"Task":12811,"OpcodeValue":0,"RecordNumber":549622,"ProcessID":536,"ThreadID":544,"Channel":"Security","Message":"A network share object was checked to see whether client can be granted desired access.\r\n\t\r\nSubject:\r\n\tSecurity ID:\t\tS-1-5-18\r\n\tAccount Name:\t\tDC01$\r\n\tAccount Domain:\t\tSEC555\r\n\tLogon ID:\t\t0xD45574\r\n\r\nNetwork Information:\t\r\n\tObject Type:\t\tFile\r\n\tSource Address:\t\t::1\r\n\tSource Port:\t\t59663\r\n\t\r\nShare Information:\r\n\tShare Name:\t\t\\\\*\\SYSVOL\r\n\tShare Path:\t\t\\??\\C:\\Windows\\SYSVOL\\sysvol\r\n\tRelative Target Name:\tsec555.com\\Policies\\{ADEFF9F3-94F1-4F60-B86A-EA3ECE588D44}\\Machine\\Preferences\\Files\\Files.xml\r\n\r\nAccess Request Information:\r\n\tAccess Mask:\t\t0x120089\r\n\tAccesses:\t\tREAD_CONTROL\r\n\t\t\t\tSYNCHRONIZE\r\n\t\t\t\tReadData (or ListDirectory)\r\n\t\t\t\tReadEA\r\n\t\t\t\tReadAttributes\r\n\t\t\t\t\r\nAccess Check Results:\r\n\tREAD_CONTROL:\tGranted by Ownership\r\n\t\t\t\tSYNCHRONIZE:\tGranted by\tD:(A;;0x1200a9;;;WD)\r\n\t\t\t\tReadData (or ListDirectory):\tGranted by\tD:(A;;0x1200a9;;;WD)\r\n\t\t\t\tReadEA:\tGranted by\tD:(A;;0x1200a9;;;WD)\r\n\t\t\t\tReadAttributes:\tGranted by\tD:(A;;0x1200a9;;;WD)\r\n\t\t\t\t\r\n","Category":"Detailed File Share","Opcode":"Info","SubjectUserSid":"S-1-5-18","SubjectUserName":"DC01$","SubjectDomainName":"SEC555","SubjectLogonId":"0xd45574","ObjectType":"File","IpAddress":"::1","IpPort":"59663","ShareName":"\\\\*\\SYSVOL","ShareLocalPath":"\\??\\C:\\Windows\\SYSVOL\\sysvol","RelativeTargetName":"sec555.com\\Policies\\{ADEFF9F3-94F1-4F60-B86A-EA3ECE588D44}\\Machine\\Preferences\\Files\\Files.xml","AccessMask":"0x120089","AccessList":"%%1538\r\n\t\t\t\t%%1541\r\n\t\t\t\t%%4416\r\n\t\t\t\t%%4419\r\n\t\t\t\t%%4423\r\n\t\t\t\t","AccessReason":"%%1538:\t%%1804\r\n\t\t\t\t%%1541:\t%%1801\tD:(A;;0x1200a9;;;WD)\r\n\t\t\t\t%%4416:\t%%1801\tD:(A;;0x1200a9;;;WD)\r\n\t\t\t\t%%4419:\t%%1801\tD:(A;;0x1200a9;;;WD)\r\n\t\t\t\t%%4423:\t%%1801\tD:(A;;0x1200a9;;;WD)\r\n\t\t\t\t","EventReceivedTime":1496947024,"SourceModuleName":"eventlog","SourceModuleType":"im_msvistalog","@version":"1","@timestamp":"2017-06-08T18:37:04.616Z","host":"10.5.55.2","port":59656,"type":"windows","tags":["json"]}
