{"EventTime":"2017-06-08 13:37:44","Hostname":"DC02.sec555.com","Keywords":-9214364837600034816,"EventType":"AUDIT_SUCCESS","SeverityValue":2,"Severity":"INFO","EventID":4624,"SourceName":"Microsoft-Windows-Security-Auditing","ProviderGuid":"{54849625-5478-4994-A5BA-3E3B0328C30D}","Version":2,"Task":12544,"OpcodeValue":0,"RecordNumber":396520,"ProcessID":572,"ThreadID":1812,"Channel":"Security","Message":"An account was successfully logged on.\r\n\r\nSubject:\r\n\tSecurity ID:\t\tS-1-0-0\r\n\tAccount Name:\t\t-\r\n\tAccount Domain:\t\t-\r\n\tLogon ID:\t\t0x0\r\n\r\nLogon Information:\r\n\tLogon Type:\t\t3\r\n\tRestricted Admin Mode:\t-\r\n\tVirtual Account:\t\tNo\r\n\tElevated Token:\t\tYes\r\n\r\nImpersonation Level:\t\tImpersonation\r\n\r\nNew Logon:\r\n\tSecurity ID:\t\tS-1-5-18\r\n\tAccount Name:\t\tDC02$\r\n\tAccount Domain:\t\tSEC555.COM\r\n\tLogon ID:\t\t0xFB7CAA\r\n\tLinked Logon ID:\t\t0x0\r\n\tNetwork Account Name:\t-\r\n\tNetwork Account Domain:\t-\r\n\tLogon GUID:\t\t{6B3C4A7A-9DB7-5429-B063-384820A4FAA7}\r\n\r\nProcess Information:\r\n\tProcess ID:\t\t0x0\r\n\tProcess Name:\t\t-\r\n\r\nNetwork Information:\r\n\tWorkstation Name:\t\r\n\tSource Network Address:\t::1\r\n\tSource Port:\t\t62108\r\n\r\nDetailed Authentication Information:\r\n\tLogon Process:\t\tKerberos\r\n\tAuthentication Package:\tKerberos\r\n\tTransited Services:\t-\r\n\tPackage Name (NTLM only):\t-\r\n\tKey Length:\t\t0\r\n\r\nThis event is generated when a logon session is created. It is generated on the computer that was accessed.\r\n\r\nThe subject fields indicate the account on the local system which requested the logon. This is most commonly a service such as the Server service, or a local process such as Winlogon.exe or Services.exe.\r\n\r\nThe logon type field indicates the kind of logon that occurred. The most common types are 2 (interactive) and 3 (network).\r\n\r\nThe New Logon fields indicate the account for whom the new logon was created, i.e. the account that was logged on.\r\n\r\nThe network fields indicate where a remote logon request originated. Workstation name is not always available and may be left blank in some cases.\r\n\r\nThe impersonation level field indicates the extent to which a process in the logon session can impersonate.\r\n\r\nThe authentication information fields provide detailed information about this specific logon request.\r\n\t- Logon GUID is a unique identifier that can be used to correlate this event with a KDC event.\r\n\t- Transited services indicate which intermediate services have participated in this logon request.\r\n\t- Package name indicates which sub-protocol was used among the NTLM protocols.\r\n\t- Key length indicates the length of the generated session key. This will be 0 if no session key was requested.","Category":"Logon","Opcode":"Info","SubjectUserSid":"S-1-0-0","SubjectUserName":"-","SubjectDomainName":"-","SubjectLogonId":"0x0","TargetUserSid":"S-1-5-18","TargetUserName":"DC02$","TargetDomainName":"SEC555.COM","TargetLogonId":"0xfb7caa","LogonType":"3","LogonProcessName":"Kerberos","AuthenticationPackageName":"Kerberos","LogonGuid":"{6B3C4A7A-9DB7-5429-B063-384820A4FAA7}","TransmittedServices":"-","LmPackageName":"-","KeyLength":"0","ProcessName":"-","IpAddress":"::1","IpPort":"62108","ImpersonationLevel":"%%1833","RestrictedAdminMode":"-","TargetOutboundUserName":"-","TargetOutboundDomainName":"-","VirtualAccount":"%%1843","TargetLinkedLogonId":"0x0","ElevatedToken":"%%1842","EventReceivedTime":1496947065,"SourceModuleName":"eventlog","SourceModuleType":"im_msvistalog","@version":"1","@timestamp":"2017-06-08T18:37:45.636Z","host":"10.5.55.3","port":62092,"type":"windows","tags":["json"]}
{"EventTime":"2017-06-08 13:37:44","Hostname":"DC02.sec555.com","Keywords":-9214364837600034816,"EventType":"AUDIT_SUCCESS","SeverityValue":2,"Severity":"INFO","EventID":4634,"SourceName":"Microsoft-Windows-Security-Auditing","ProviderGuid":"{54849625-5478-4994-A5BA-3E3B0328C30D}","Version":0,"Task":12545,"OpcodeValue":0,"RecordNumber":396521,"ProcessID":572,"ThreadID":1288,"Channel":"Security","Message":"An account was logged off.\r\n\r\nSubject:\r\n\tSecurity ID:\t\tS-1-5-18\r\n\tAccount Name:\t\tDC02$\r\n\tAccount Domain:\t\tSEC555\r\n\tLogon ID:\t\t0xFB7CAA\r\n\r\nLogon Type:\t\t\t3\r\n\r\nThis event is generated when a logon session is destroyed. It may be positively correlated with a logon event using the Logon ID value. Logon IDs are only unique between reboots on the same computer.","Category":"Logoff","Opcode":"Info","TargetUserSid":"S-1-5-18","TargetUserName":"DC02$","TargetDomainName":"SEC555","TargetLogonId":"0xfb7caa","LogonType":"3","EventReceivedTime":1496947065,"SourceModuleName":"eventlog","SourceModuleType":"im_msvistalog","@version":"1","@timestamp":"2017-06-08T18:37:45.637Z","host":"10.5.55.3","port":62092,"type":"windows","tags":["json"]}
{"EventTime":"2017-06-08 13:37:13","Hostname":"CFO.sec555.com","Keywords":-9214364837600034816,"EventType":"AUDIT_SUCCESS","SeverityValue":2,"Severity":"INFO","EventID":4663,"SourceName":"Microsoft-Windows-Security-Auditing","ProviderGuid":"{54849625-5478-4994-A5BA-3E3B0328C30D}","Version":1,"Task":12812,"OpcodeValue":0,"RecordNumber":35070,"ProcessID":4,"ThreadID":4052,"Channel":"Security","Message":"An attempt was made to access an object.\r\n\r\nSubject:\r\n\tSecurity ID:\t\tS-1-5-21-4122792944-3018364698-3069667417-1115\r\n\tAccount Name:\t\tpdodson\r\n\tAccount Domain:\t\tSEC555\r\n\tLogon ID:\t\t0x64F7A\r\n\r\nObject:\r\n\tObject Server:\t\tSecurity\r\n\tObject Type:\t\tFile\r\n\tObject Name:\t\tC:\\a\r\n\tHandle ID:\t\t0x161c\r\n\tResource Attributes:\tS:AI\r\n\r\nProcess Information:\r\n\tProcess ID:\t\t0xd88\r\n\tProcess Name:\t\tC:\\Windows\\explorer.exe\r\n\r\nAccess Request Information:\r\n\tAccesses:\t\tREAD_CONTROL\r\n\t\t\t\t\r\n\tAccess Mask:\t\t0x20000","Category":"Removable Storage","Opcode":"Info","SubjectUserSid":"S-1-5-21-4122792944-3018364698-3069667417-1115","SubjectUserName":"pdodson","SubjectDomainName":"SEC555","SubjectLogonId":"0x64f7a","ObjectServer":"Security","ObjectType":"File","ObjectName":"C:\\a","HandleId":"0x161c","AccessList":"%%1538\r\n\t\t\t\t","AccessMask":"0x20000","ProcessName":"C:\\Windows\\explorer.exe","ResourceAttributes":"S:AI","EventReceivedTime":1496947034,"SourceModuleName":"eventlog","SourceModuleType":"im_msvistalog","@version":"1","@timestamp":"2017-06-08T18:38:06.158Z","host":"192.168.0.92","port":53107,"type":"windows","tags":["json"]}
{"EventTime":"2017-06-08 13:37:14","Hostname":"CFO.sec555.com","Keywords":-9214364837600034816,"EventType":"AUDIT_SUCCESS","SeverityValue":2,"Severity":"INFO","EventID":4663,"SourceName":"Microsoft-Windows-Security-Auditing","ProviderGuid":"{54849625-5478-4994-A5BA-3E3B0328C30D}","Version":1,"Task":12812,"OpcodeValue":0,"RecordNumber":35071,"ProcessID":4,"ThreadID":6128,"Channel":"Security","Message":"An attempt was made to access an object.\r\n\r\nSubject:\r\n\tSecurity ID:\t\tS-1-5-21-4122792944-3018364698-3069667417-1115\r\n\tAccount Name:\t\tpdodson\r\n\tAccount Domain:\t\tSEC555\r\n\tLogon ID:\t\t0x64F7A\r\n\r\nObject:\r\n\tObject Server:\t\tSecurity\r\n\tObject Type:\t\tFile\r\n\tObject Name:\t\tC:\\a\r\n\tHandle ID:\t\t0xa24\r\n\tResource Attributes:\tS:AI\r\n\r\nProcess Information:\r\n\tProcess ID:\t\t0xd88\r\n\tProcess Name:\t\tC:\\Windows\\explorer.exe\r\n\r\nAccess Request Information:\r\n\tAccesses:\t\tREAD_CONTROL\r\n\t\t\t\t\r\n\tAccess Mask:\t\t0x20000","Category":"Removable Storage","Opcode":"Info","SubjectUserSid":"S-1-5-21-4122792944-3018364698-3069667417-1115","SubjectUserName":"pdodson","SubjectDomainName":"SEC555","SubjectLogonId":"0x64f7a","ObjectServer":"Security","ObjectType":"File","ObjectName":"C:\\a","HandleId":"0xa24","AccessList":"%%1538\r\n\t\t\t\t","AccessMask":"0x20000","ProcessName":"C:\\Windows\\explorer.exe","ResourceAttributes":"S:AI","EventReceivedTime":1496947034,"SourceModuleName":"eventlog","SourceModuleType":"im_msvistalog","@version":"1","@timestamp":"2017-06-08T18:38:06.158Z","host":"192.168.0.92","port":53107,"type":"windows","tags":["json"]}
{"EventTime":"2017-06-08 13:37:14","Hostname":"CFO.sec555.com","Keywords":-9214364837600034816,"EventType":"AUDIT_SUCCESS","SeverityValue":2,"Severity":"INFO","EventID":4663,"SourceName":"Microsoft-Windows-Security-Auditing","ProviderGuid":"{54849625-5478-4994-A5BA-3E3B0328C30D}","Version":1,"Task":12812,"OpcodeValue":0,"RecordNumber":35072,"ProcessID":4,"ThreadID":6128,"Channel":"Security","Message":"An attempt was made to access an object.\r\n\r\nSubject:\r\n\tSecurity ID:\t\tS-1-5-21-4122792944-3018364698-3069667417-1115\r\n\tAccount Name:\t\tpdodson\r\n\tAccount Domain:\t\tSEC555\r\n\tLogon ID:\t\t0x64F7A\r\n\r\nObject:\r\n\tObject Server:\t\tSecurity\r\n\tObject Type:\t\tFile\r\n\tObject Name:\t\tC:\\a\r\n\tHandle ID:\t\t0xa24\r\n\tResource Attributes:\tS:AI\r\n\r\nProcess Information:\r\n\tProcess ID:\t\t0xd88\r\n\tProcess Name:\t\tC:\\Windows\\explorer.exe\r\n\r\nAccess Request Information:\r\n\tAccesses:\t\tREAD_CONTROL\r\n\t\t\t\t\r\n\tAccess Mask:\t\t0x20000","Category":"Removable Storage","Opcode":"Info","SubjectUserSid":"S-1-5-21-4122792944-3018364698-3069667417-1115","SubjectUserName":"pdodson","SubjectDomainName":"SEC555","SubjectLogonId":"0x64f7a","ObjectServer":"Security","ObjectType":"File","ObjectName":"C:\\a","HandleId":"0xa24","AccessList":"%%1538\r\n\t\t\t\t","AccessMask":"0x20000","ProcessName":"C:\\Windows\\explorer.exe","ResourceAttributes":"S:AI","EventReceivedTime":1496947034,"SourceModuleName":"eventlog","SourceModuleType":"im_msvistalog","@version":"1","@timestamp":"2017-06-08T18:38:06.159Z","host":"192.168.0.92","port":53107,"type":"windows","tags":["json"]}
{"EventTime":"2017-06-08 13:37:14","Hostname":"CFO.sec555.com","Keywords":-9214364837600034816,"EventType":"AUDIT_SUCCESS","SeverityValue":2,"Severity":"INFO","EventID":4663,"SourceName":"Microsoft-Windows-Security-Auditing","ProviderGuid":"{54849625-5478-4994-A5BA-3E3B0328C30D}","Version":1,"Task":12812,"OpcodeValue":0,"RecordNumber":35073,"ProcessID":4,"ThreadID":6128,"Channel":"Security","Message":"An attempt was made to access an object.\r\n\r\nSubject:\r\n\tSecurity ID:\t\tS-1-5-21-4122792944-3018364698-3069667417-1115\r\n\tAccount Name:\t\tpdodson\r\n\tAccount Domain:\t\tSEC555\r\n\tLogon ID:\t\t0x64F7A\r\n\r\nObject:\r\n\tObject Server:\t\tSecurity\r\n\tObject Type:\t\tFile\r\n\tObject Name:\t\tC:\\a\r\n\tHandle ID:\t\t0xa24\r\n\tResource Attributes:\tS:AI\r\n\r\nProcess Information:\r\n\tProcess ID:\t\t0xd88\r\n\tProcess Name:\t\tC:\\Windows\\explorer.exe\r\n\r\nAccess Request Information:\r\n\tAccesses:\t\tREAD_CONTROL\r\n\t\t\t\t\r\n\tAccess Mask:\t\t0x20000","Category":"Removable Storage","Opcode":"Info","SubjectUserSid":"S-1-5-21-4122792944-3018364698-3069667417-1115","SubjectUserName":"pdodson","SubjectDomainName":"SEC555","SubjectLogonId":"0x64f7a","ObjectServer":"Security","ObjectType":"File","ObjectName":"C:\\a","HandleId":"0xa24","AccessList":"%%1538\r\n\t\t\t\t","AccessMask":"0x20000","ProcessName":"C:\\Windows\\explorer.exe","ResourceAttributes":"S:AI","EventReceivedTime":1496947034,"SourceModuleName":"eventlog","SourceModuleType":"im_msvistalog","@version":"1","@timestamp":"2017-06-08T18:38:06.159Z","host":"192.168.0.92","port":53107,"type":"windows","tags":["json"]}
{"EventTime":"2017-06-08 13:37:14","Hostname":"CFO.sec555.com","Keywords":-9214364837600034816,"EventType":"AUDIT_SUCCESS","SeverityValue":2,"Severity":"INFO","EventID":4663,"SourceName":"Microsoft-Windows-Security-Auditing","ProviderGuid":"{54849625-5478-4994-A5BA-3E3B0328C30D}","Version":1,"Task":12812,"OpcodeValue":0,"RecordNumber":35074,"ProcessID":4,"ThreadID":6128,"Channel":"Security","Message":"An attempt was made to access an object.\r\n\r\nSubject:\r\n\tSecurity ID:\t\tS-1-5-21-4122792944-3018364698-3069667417-1115\r\n\tAccount Name:\t\tpdodson\r\n\tAccount Domain:\t\tSEC555\r\n\tLogon ID:\t\t0x64F7A\r\n\r\nObject:\r\n\tObject Server:\t\tSecurity\r\n\tObject Type:\t\tFile\r\n\tObject Name:\t\tC:\\a\r\n\tHandle ID:\t\t0x2dc\r\n\tResource Attributes:\tS:AI\r\n\r\nProcess Information:\r\n\tProcess ID:\t\t0xd88\r\n\tProcess Name:\t\tC:\\Windows\\explorer.exe\r\n\r\nAccess Request Information:\r\n\tAccesses:\t\tREAD_CONTROL\r\n\t\t\t\t\r\n\tAccess Mask:\t\t0x20000","Category":"Removable Storage","Opcode":"Info","SubjectUserSid":"S-1-5-21-4122792944-3018364698-3069667417-1115","SubjectUserName":"pdodson","SubjectDomainName":"SEC555","SubjectLogonId":"0x64f7a","ObjectServer":"Security","ObjectType":"File","ObjectName":"C:\\a","HandleId":"0x2dc","AccessList":"%%1538\r\n\t\t\t\t","AccessMask":"0x20000","ProcessName":"C:\\Windows\\explorer.exe","ResourceAttributes":"S:AI","EventReceivedTime":1496947034,"SourceModuleName":"eventlog","SourceModuleType":"im_msvistalog","@version":"1","@timestamp":"2017-06-08T18:38:06.159Z","host":"192.168.0.92","port":53107,"type":"windows","tags":["json"]}
{"EventTime":"2017-06-08 13:37:14","Hostname":"CFO.sec555.com","Keywords":-9214364837600034816,"EventType":"AUDIT_SUCCESS","SeverityValue":2,"Severity":"INFO","EventID":4663,"SourceName":"Microsoft-Windows-Security-Auditing","ProviderGuid":"{54849625-5478-4994-A5BA-3E3B0328C30D}","Version":1,"Task":12812,"OpcodeValue":0,"RecordNumber":35075,"ProcessID":4,"ThreadID":6128,"Channel":"Security","Message":"An attempt was made to access an object.\r\n\r\nSubject:\r\n\tSecurity ID:\t\tS-1-5-21-4122792944-3018364698-3069667417-1115\r\n\tAccount Name:\t\tpdodson\r\n\tAccount Domain:\t\tSEC555\r\n\tLogon ID:\t\t0x64F7A\r\n\r\nObject:\r\n\tObject Server:\t\tSecurity\r\n\tObject Type:\t\tFile\r\n\tObject Name:\t\tC:\\a\r\n\tHandle ID:\t\t0x2dc\r\n\tResource Attributes:\tS:AI\r\n\r\nProcess Information:\r\n\tProcess ID:\t\t0xd88\r\n\tProcess Name:\t\tC:\\Windows\\explorer.exe\r\n\r\nAccess Request Information:\r\n\tAccesses:\t\tREAD_CONTROL\r\n\t\t\t\t\r\n\tAccess Mask:\t\t0x20000","Category":"Removable Storage","Opcode":"Info","SubjectUserSid":"S-1-5-21-4122792944-3018364698-3069667417-1115","SubjectUserName":"pdodson","SubjectDomainName":"SEC555","SubjectLogonId":"0x64f7a","ObjectServer":"Security","ObjectType":"File","ObjectName":"C:\\a","HandleId":"0x2dc","AccessList":"%%1538\r\n\t\t\t\t","AccessMask":"0x20000","ProcessName":"C:\\Windows\\explorer.exe","ResourceAttributes":"S:AI","EventReceivedTime":1496947034,"SourceModuleName":"eventlog","SourceModuleType":"im_msvistalog","@version":"1","@timestamp":"2017-06-08T18:38:06.159Z","host":"192.168.0.92","port":53107,"type":"windows","tags":["json"]}
{"EventTime":"2017-06-08 13:37:14","Hostname":"CFO.sec555.com","Keywords":-9214364837600034816,"EventType":"AUDIT_SUCCESS","SeverityValue":2,"Severity":"INFO","EventID":4663,"SourceName":"Microsoft-Windows-Security-Auditing","ProviderGuid":"{54849625-5478-4994-A5BA-3E3B0328C30D}","Version":1,"Task":12812,"OpcodeValue":0,"RecordNumber":35076,"ProcessID":4,"ThreadID":6128,"Channel":"Security","Message":"An attempt was made to access an object.\r\n\r\nSubject:\r\n\tSecurity ID:\t\tS-1-5-21-4122792944-3018364698-3069667417-1115\r\n\tAccount Name:\t\tpdodson\r\n\tAccount Domain:\t\tSEC555\r\n\tLogon ID:\t\t0x64F7A\r\n\r\nObject:\r\n\tObject Server:\t\tSecurity\r\n\tObject Type:\t\tFile\r\n\tObject Name:\t\tC:\\a\r\n\tHandle ID:\t\t0x2dc\r\n\tResource Attributes:\tS:AI\r\n\r\nProcess Information:\r\n\tProcess ID:\t\t0xd88\r\n\tProcess Name:\t\tC:\\Windows\\explorer.exe\r\n\r\nAccess Request Information:\r\n\tAccesses:\t\tREAD_CONTROL\r\n\t\t\t\t\r\n\tAccess Mask:\t\t0x20000","Category":"Removable Storage","Opcode":"Info","SubjectUserSid":"S-1-5-21-4122792944-3018364698-3069667417-1115","SubjectUserName":"pdodson","SubjectDomainName":"SEC555","SubjectLogonId":"0x64f7a","ObjectServer":"Security","ObjectType":"File","ObjectName":"C:\\a","HandleId":"0x2dc","AccessList":"%%1538\r\n\t\t\t\t","AccessMask":"0x20000","ProcessName":"C:\\Windows\\explorer.exe","ResourceAttributes":"S:AI","EventReceivedTime":1496947034,"SourceModuleName":"eventlog","SourceModuleType":"im_msvistalog","@version":"1","@timestamp":"2017-06-08T18:38:06.159Z","host":"192.168.0.92","port":53107,"type":"windows","tags":["json"]}
{"EventTime":"2017-06-08 13:37:14","Hostname":"CFO.sec555.com","Keywords":-9214364837600034816,"EventType":"AUDIT_SUCCESS","SeverityValue":2,"Severity":"INFO","EventID":4663,"SourceName":"Microsoft-Windows-Security-Auditing","ProviderGuid":"{54849625-5478-4994-A5BA-3E3B0328C30D}","Version":1,"Task":12812,"OpcodeValue":0,"RecordNumber":35077,"ProcessID":4,"ThreadID":6128,"Channel":"Security","Message":"An attempt was made to access an object.\r\n\r\nSubject:\r\n\tSecurity ID:\t\tS-1-5-21-4122792944-3018364698-3069667417-1115\r\n\tAccount Name:\t\tpdodson\r\n\tAccount Domain:\t\tSEC555\r\n\tLogon ID:\t\t0x64F7A\r\n\r\nObject:\r\n\tObject Server:\t\tSecurity\r\n\tObject Type:\t\tFile\r\n\tObject Name:\t\tC:\\a\\passwords.txt\r\n\tHandle ID:\t\t0xee8\r\n\tResource Attributes:\tS:AI\r\n\r\nProcess Information:\r\n\tProcess ID:\t\t0xd88\r\n\tProcess Name:\t\tC:\\Windows\\explorer.exe\r\n\r\nAccess Request Information:\r\n\tAccesses:\t\tREAD_CONTROL\r\n\t\t\t\t\r\n\tAccess Mask:\t\t0x20000","Category":"Removable Storage","Opcode":"Info","SubjectUserSid":"S-1-5-21-4122792944-3018364698-3069667417-1115","SubjectUserName":"pdodson","SubjectDomainName":"SEC555","SubjectLogonId":"0x64f7a","ObjectServer":"Security","ObjectType":"File","ObjectName":"C:\\a\\passwords.txt","HandleId":"0xee8","AccessList":"%%1538\r\n\t\t\t\t","AccessMask":"0x20000","ProcessName":"C:\\Windows\\explorer.exe","ResourceAttributes":"S:AI","EventReceivedTime":1496947034,"SourceModuleName":"eventlog","SourceModuleType":"im_msvistalog","@version":"1","@timestamp":"2017-06-08T18:38:06.159Z","host":"192.168.0.92","port":53107,"type":"windows","tags":["json"]}
{"EventTime":"2017-06-08 13:37:14","Hostname":"CFO.sec555.com","Keywords":-9214364837600034816,"EventType":"AUDIT_SUCCESS","SeverityValue":2,"Severity":"INFO","EventID":4663,"SourceName":"Microsoft-Windows-Security-Auditing","ProviderGuid":"{54849625-5478-4994-A5BA-3E3B0328C30D}","Version":1,"Task":12812,"OpcodeValue":0,"RecordNumber":35079,"ProcessID":4,"ThreadID":6128,"Channel":"Security","Message":"An attempt was made to access an object.\r\n\r\nSubject:\r\n\tSecurity ID:\t\tS-1-5-21-4122792944-3018364698-3069667417-1115\r\n\tAccount Name:\t\tpdodson\r\n\tAccount Domain:\t\tSEC555\r\n\tLogon ID:\t\t0x64F7A\r\n\r\nObject:\r\n\tObject Server:\t\tSecurity\r\n\tObject Type:\t\tFile\r\n\tObject Name:\t\tC:\\a\r\n\tHandle ID:\t\t0x2a4\r\n\tResource Attributes:\tS:AI\r\n\r\nProcess Information:\r\n\tProcess ID:\t\t0x123c\r\n\tProcess Name:\t\tC:\\Windows\\System32\\notepad.exe\r\n\r\nAccess Request Information:\r\n\tAccesses:\t\tReadData (or ListDirectory)\r\n\t\t\t\t\r\n\tAccess Mask:\t\t0x1","Category":"Removable Storage","Opcode":"Info","SubjectUserSid":"S-1-5-21-4122792944-3018364698-3069667417-1115","SubjectUserName":"pdodson","SubjectDomainName":"SEC555","SubjectLogonId":"0x64f7a","ObjectServer":"Security","ObjectType":"File","ObjectName":"C:\\a","HandleId":"0x2a4","AccessList":"%%4416\r\n\t\t\t\t","AccessMask":"0x1","ProcessName":"C:\\Windows\\System32\\notepad.exe","ResourceAttributes":"S:AI","EventReceivedTime":1496947034,"SourceModuleName":"eventlog","SourceModuleType":"im_msvistalog","@version":"1","@timestamp":"2017-06-08T18:38:06.160Z","host":"192.168.0.92","port":53107,"type":"windows","tags":["json"]}
{"EventTime":"2017-06-08 13:37:14","Hostname":"CFO.sec555.com","Keywords":-9214364837600034816,"EventType":"AUDIT_SUCCESS","SeverityValue":2,"Severity":"INFO","EventID":4663,"SourceName":"Microsoft-Windows-Security-Auditing","ProviderGuid":"{54849625-5478-4994-A5BA-3E3B0328C30D}","Version":1,"Task":12812,"OpcodeValue":0,"RecordNumber":35080,"ProcessID":4,"ThreadID":6128,"Channel":"Security","Message":"An attempt was made to access an object.\r\n\r\nSubject:\r\n\tSecurity ID:\t\tS-1-5-21-4122792944-3018364698-3069667417-1115\r\n\tAccount Name:\t\tpdodson\r\n\tAccount Domain:\t\tSEC555\r\n\tLogon ID:\t\t0x64F7A\r\n\r\nObject:\r\n\tObject Server:\t\tSecurity\r\n\tObject Type:\t\tFile\r\n\tObject Name:\t\tC:\\a\\passwords.txt\r\n\tHandle ID:\t\t0x2a4\r\n\tResource Attributes:\tS:AI\r\n\r\nProcess Information:\r\n\tProcess ID:\t\t0x123c\r\n\tProcess Name:\t\tC:\\Windows\\System32\\notepad.exe\r\n\r\nAccess Request Information:\r\n\tAccesses:\t\tReadAttributes\r\n\t\t\t\t\r\n\tAccess Mask:\t\t0x80","Category":"Removable Storage","Opcode":"Info","SubjectUserSid":"S-1-5-21-4122792944-3018364698-3069667417-1115","SubjectUserName":"pdodson","SubjectDomainName":"SEC555","SubjectLogonId":"0x64f7a","ObjectServer":"Security","ObjectType":"File","ObjectName":"C:\\a\\passwords.txt","HandleId":"0x2a4","AccessList":"%%4423\r\n\t\t\t\t","AccessMask":"0x80","ProcessName":"C:\\Windows\\System32\\notepad.exe","ResourceAttributes":"S:AI","EventReceivedTime":1496947034,"SourceModuleName":"eventlog","SourceModuleType":"im_msvistalog","@version":"1","@timestamp":"2017-06-08T18:38:06.160Z","host":"192.168.0.92","port":53107,"type":"windows","tags":["json"]}
{"EventTime":"2017-06-08 13:37:14","Hostname":"CFO.sec555.com","Keywords":-9214364837600034816,"EventType":"AUDIT_SUCCESS","SeverityValue":2,"Severity":"INFO","EventID":4663,"SourceName":"Microsoft-Windows-Security-Auditing","ProviderGuid":"{54849625-5478-4994-A5BA-3E3B0328C30D}","Version":1,"Task":12812,"OpcodeValue":0,"RecordNumber":35081,"ProcessID":4,"ThreadID":6128,"Channel":"Security","Message":"An attempt was made to access an object.\r\n\r\nSubject:\r\n\tSecurity ID:\t\tS-1-5-21-4122792944-3018364698-3069667417-1115\r\n\tAccount Name:\t\tpdodson\r\n\tAccount Domain:\t\tSEC555\r\n\tLogon ID:\t\t0x64F7A\r\n\r\nObject:\r\n\tObject Server:\t\tSecurity\r\n\tObject Type:\t\tFile\r\n\tObject Name:\t\tC:\\a\\passwords.txt\r\n\tHandle ID:\t\t0x2a4\r\n\tResource Attributes:\tS:AI\r\n\r\nProcess Information:\r\n\tProcess ID:\t\t0x123c\r\n\tProcess Name:\t\tC:\\Windows\\System32\\notepad.exe\r\n\r\nAccess Request Information:\r\n\tAccesses:\t\tReadData (or ListDirectory)\r\n\t\t\t\t\r\n\tAccess Mask:\t\t0x1","Category":"Removable Storage","Opcode":"Info","SubjectUserSid":"S-1-5-21-4122792944-3018364698-3069667417-1115","SubjectUserName":"pdodson","SubjectDomainName":"SEC555","SubjectLogonId":"0x64f7a","ObjectServer":"Security","ObjectType":"File","ObjectName":"C:\\a\\passwords.txt","HandleId":"0x2a4","AccessList":"%%4416\r\n\t\t\t\t","AccessMask":"0x1","ProcessName":"C:\\Windows\\System32\\notepad.exe","ResourceAttributes":"S:AI","EventReceivedTime":1496947034,"SourceModuleName":"eventlog","SourceModuleType":"im_msvistalog","@version":"1","@timestamp":"2017-06-08T18:38:06.160Z","host":"192.168.0.92","port":53107,"type":"windows","tags":["json"]}
{"EventTime":"2017-06-08 13:37:14","Hostname":"CFO.sec555.com","Keywords":-9214364837600034816,"EventType":"AUDIT_SUCCESS","SeverityValue":2,"Severity":"INFO","EventID":4663,"SourceName":"Microsoft-Windows-Security-Auditing","ProviderGuid":"{54849625-5478-4994-A5BA-3E3B0328C30D}","Version":1,"Task":12812,"OpcodeValue":0,"RecordNumber":35082,"ProcessID":4,"ThreadID":6128,"Channel":"Security","Message":"An attempt was made to access an object.\r\n\r\nSubject:\r\n\tSecurity ID:\t\tS-1-5-21-4122792944-3018364698-3069667417-1115\r\n\tAccount Name:\t\tpdodson\r\n\tAccount Domain:\t\tSEC555\r\n\tLogon ID:\t\t0x64F7A\r\n\r\nObject:\r\n\tObject Server:\t\tSecurity\r\n\tObject Type:\t\tFile\r\n\tObject Name:\t\tC:\\a\r\n\tHandle ID:\t\t0x2a0\r\n\tResource Attributes:\tS:AI\r\n\r\nProcess Information:\r\n\tProcess ID:\t\t0x123c\r\n\tProcess Name:\t\tC:\\Windows\\System32\\notepad.exe\r\n\r\nAccess Request Information:\r\n\tAccesses:\t\tReadData (or ListDirectory)\r\n\t\t\t\t\r\n\tAccess Mask:\t\t0x1","Category":"Removable Storage","Opcode":"Info","SubjectUserSid":"S-1-5-21-4122792944-3018364698-3069667417-1115","SubjectUserName":"pdodson","SubjectDomainName":"SEC555","SubjectLogonId":"0x64f7a","ObjectServer":"Security","ObjectType":"File","ObjectName":"C:\\a","HandleId":"0x2a0","AccessList":"%%4416\r\n\t\t\t\t","AccessMask":"0x1","ProcessName":"C:\\Windows\\System32\\notepad.exe","ResourceAttributes":"S:AI","EventReceivedTime":1496947034,"SourceModuleName":"eventlog","SourceModuleType":"im_msvistalog","@version":"1","@timestamp":"2017-06-08T18:38:06.160Z","host":"192.168.0.92","port":53107,"type":"windows","tags":["json"]}
{"EventTime":"2017-06-08 13:38:04","Hostname":"CFO.sec555.com","Keywords":-9214364837600034816,"EventType":"AUDIT_SUCCESS","SeverityValue":2,"Severity":"INFO","EventID":4663,"SourceName":"Microsoft-Windows-Security-Auditing","ProviderGuid":"{54849625-5478-4994-A5BA-3E3B0328C30D}","Version":1,"Task":12812,"OpcodeValue":0,"RecordNumber":35087,"ProcessID":4,"ThreadID":3176,"Channel":"Security","Message":"An attempt was made to access an object.\r\n\r\nSubject:\r\n\tSecurity ID:\t\tS-1-5-21-4122792944-3018364698-3069667417-1115\r\n\tAccount Name:\t\tpdodson\r\n\tAccount Domain:\t\tSEC555\r\n\tLogon ID:\t\t0x64F7A\r\n\r\nObject:\r\n\tObject Server:\t\tSecurity\r\n\tObject Type:\t\tFile\r\n\tObject Name:\t\tC:\\zSensitiveFiles\r\n\tHandle ID:\t\t0x1d58\r\n\tResource Attributes:\tS:AI\r\n\r\nProcess Information:\r\n\tProcess ID:\t\t0xd88\r\n\tProcess Name:\t\tC:\\Windows\\explorer.exe\r\n\r\nAccess Request Information:\r\n\tAccesses:\t\tReadAttributes\r\n\t\t\t\t\r\n\tAccess Mask:\t\t0x80","Category":"Removable Storage","Opcode":"Info","SubjectUserSid":"S-1-5-21-4122792944-3018364698-3069667417-1115","SubjectUserName":"pdodson","SubjectDomainName":"SEC555","SubjectLogonId":"0x64f7a","ObjectServer":"Security","ObjectType":"File","ObjectName":"C:\\zSensitiveFiles","HandleId":"0x1d58","AccessList":"%%4423\r\n\t\t\t\t","AccessMask":"0x80","ProcessName":"C:\\Windows\\explorer.exe","ResourceAttributes":"S:AI","EventReceivedTime":1496947086,"SourceModuleName":"eventlog","SourceModuleType":"im_msvistalog","@version":"1","@timestamp":"2017-06-08T18:38:06.208Z","host":"192.168.0.92","port":53107,"type":"windows","tags":["json"]}
{"EventTime":"2017-06-08 13:38:04","Hostname":"CFO.sec555.com","Keywords":-9214364837600034816,"EventType":"AUDIT_SUCCESS","SeverityValue":2,"Severity":"INFO","EventID":4663,"SourceName":"Microsoft-Windows-Security-Auditing","ProviderGuid":"{54849625-5478-4994-A5BA-3E3B0328C30D}","Version":1,"Task":12812,"OpcodeValue":0,"RecordNumber":35088,"ProcessID":4,"ThreadID":3176,"Channel":"Security","Message":"An attempt was made to access an object.\r\n\r\nSubject:\r\n\tSecurity ID:\t\tS-1-5-21-4122792944-3018364698-3069667417-1115\r\n\tAccount Name:\t\tpdodson\r\n\tAccount Domain:\t\tSEC555\r\n\tLogon ID:\t\t0x64F7A\r\n\r\nObject:\r\n\tObject Server:\t\tSecurity\r\n\tObject Type:\t\tFile\r\n\tObject Name:\t\tC:\\zSensitiveFiles\r\n\tHandle ID:\t\t0x1d58\r\n\tResource Attributes:\tS:AI\r\n\r\nProcess Information:\r\n\tProcess ID:\t\t0xd88\r\n\tProcess Name:\t\tC:\\Windows\\explorer.exe\r\n\r\nAccess Request Information:\r\n\tAccesses:\t\tReadData (or ListDirectory)\r\n\t\t\t\t\r\n\tAccess Mask:\t\t0x1","Category":"Removable Storage","Opcode":"Info","SubjectUserSid":"S-1-5-21-4122792944-3018364698-3069667417-1115","SubjectUserName":"pdodson","SubjectDomainName":"SEC555","SubjectLogonId":"0x64f7a","ObjectServer":"Security","ObjectType":"File","ObjectName":"C:\\zSensitiveFiles","HandleId":"0x1d58","AccessList":"%%4416\r\n\t\t\t\t","AccessMask":"0x1","ProcessName":"C:\\Windows\\explorer.exe","ResourceAttributes":"S:AI","EventReceivedTime":1496947086,"SourceModuleName":"eventlog","SourceModuleType":"im_msvistalog","@version":"1","@timestamp":"2017-06-08T18:38:06.209Z","host":"192.168.0.92","port":53107,"type":"windows","tags":["json"]}
{"EventTime":"2017-06-08 13:38:04","Hostname":"CFO.sec555.com","Keywords":-9214364837600034816,"EventType":"AUDIT_SUCCESS","SeverityValue":2,"Severity":"INFO","EventID":4663,"SourceName":"Microsoft-Windows-Security-Auditing","ProviderGuid":"{54849625-5478-4994-A5BA-3E3B0328C30D}","Version":1,"Task":12812,"OpcodeValue":0,"RecordNumber":35089,"ProcessID":4,"ThreadID":3176,"Channel":"Security","Message":"An attempt was made to access an object.\r\n\r\nSubject:\r\n\tSecurity ID:\t\tS-1-5-21-4122792944-3018364698-3069667417-1115\r\n\tAccount Name:\t\tpdodson\r\n\tAccount Domain:\t\tSEC555\r\n\tLogon ID:\t\t0x64F7A\r\n\r\nObject:\r\n\tObject Server:\t\tSecurity\r\n\tObject Type:\t\tFile\r\n\tObject Name:\t\tC:\\zSensitiveFiles\r\n\tHandle ID:\t\t0x227c\r\n\tResource Attributes:\tS:AI\r\n\r\nProcess Information:\r\n\tProcess ID:\t\t0xd88\r\n\tProcess Name:\t\tC:\\Windows\\explorer.exe\r\n\r\nAccess Request Information:\r\n\tAccesses:\t\tReadAttributes\r\n\t\t\t\t\r\n\tAccess Mask:\t\t0x80","Category":"Removable Storage","Opcode":"Info","SubjectUserSid":"S-1-5-21-4122792944-3018364698-3069667417-1115","SubjectUserName":"pdodson","SubjectDomainName":"SEC555","SubjectLogonId":"0x64f7a","ObjectServer":"Security","ObjectType":"File","ObjectName":"C:\\zSensitiveFiles","HandleId":"0x227c","AccessList":"%%4423\r\n\t\t\t\t","AccessMask":"0x80","ProcessName":"C:\\Windows\\explorer.exe","ResourceAttributes":"S:AI","EventReceivedTime":1496947086,"SourceModuleName":"eventlog","SourceModuleType":"im_msvistalog","@version":"1","@timestamp":"2017-06-08T18:38:06.209Z","host":"192.168.0.92","port":53107,"type":"windows","tags":["json"]}
{"EventTime":"2017-06-08 13:38:04","Hostname":"CFO.sec555.com","Keywords":-9214364837600034816,"EventType":"AUDIT_SUCCESS","SeverityValue":2,"Severity":"INFO","EventID":4663,"SourceName":"Microsoft-Windows-Security-Auditing","ProviderGuid":"{54849625-5478-4994-A5BA-3E3B0328C30D}","Version":1,"Task":12812,"OpcodeValue":0,"RecordNumber":35090,"ProcessID":4,"ThreadID":3176,"Channel":"Security","Message":"An attempt was made to access an object.\r\n\r\nSubject:\r\n\tSecurity ID:\t\tS-1-5-21-4122792944-3018364698-3069667417-1115\r\n\tAccount Name:\t\tpdodson\r\n\tAccount Domain:\t\tSEC555\r\n\tLogon ID:\t\t0x64F7A\r\n\r\nObject:\r\n\tObject Server:\t\tSecurity\r\n\tObject Type:\t\tFile\r\n\tObject Name:\t\tC:\\zSensitiveFiles\r\n\tHandle ID:\t\t0x227c\r\n\tResource Attributes:\tS:AI\r\n\r\nProcess Information:\r\n\tProcess ID:\t\t0xd88\r\n\tProcess Name:\t\tC:\\Windows\\explorer.exe\r\n\r\nAccess Request Information:\r\n\tAccesses:\t\tReadData (or ListDirectory)\r\n\t\t\t\t\r\n\tAccess Mask:\t\t0x1","Category":"Removable Storage","Opcode":"Info","SubjectUserSid":"S-1-5-21-4122792944-3018364698-3069667417-1115","SubjectUserName":"pdodson","SubjectDomainName":"SEC555","SubjectLogonId":"0x64f7a","ObjectServer":"Security","ObjectType":"File","ObjectName":"C:\\zSensitiveFiles","HandleId":"0x227c","AccessList":"%%4416\r\n\t\t\t\t","AccessMask":"0x1","ProcessName":"C:\\Windows\\explorer.exe","ResourceAttributes":"S:AI","EventReceivedTime":1496947086,"SourceModuleName":"eventlog","SourceModuleType":"im_msvistalog","@version":"1","@timestamp":"2017-06-08T18:38:06.209Z","host":"192.168.0.92","port":53107,"type":"windows","tags":["json"]}
{"EventTime":"2017-06-08 13:38:04","Hostname":"CFO.sec555.com","Keywords":-9214364837600034816,"EventType":"AUDIT_SUCCESS","SeverityValue":2,"Severity":"INFO","EventID":4663,"SourceName":"Microsoft-Windows-Security-Auditing","ProviderGuid":"{54849625-5478-4994-A5BA-3E3B0328C30D}","Version":1,"Task":12812,"OpcodeValue":0,"RecordNumber":35091,"ProcessID":4,"ThreadID":3176,"Channel":"Security","Message":"An attempt was made to access an object.\r\n\r\nSubject:\r\n\tSecurity ID:\t\tS-1-5-21-4122792944-3018364698-3069667417-1115\r\n\tAccount Name:\t\tpdodson\r\n\tAccount Domain:\t\tSEC555\r\n\tLogon ID:\t\t0x64F7A\r\n\r\nObject:\r\n\tObject Server:\t\tSecurity\r\n\tObject Type:\t\tFile\r\n\tObject Name:\t\tC:\\zSensitiveFiles\r\n\tHandle ID:\t\t0xed0\r\n\tResource Attributes:\tS:AI\r\n\r\nProcess Information:\r\n\tProcess ID:\t\t0xd88\r\n\tProcess Name:\t\tC:\\Windows\\explorer.exe\r\n\r\nAccess Request Information:\r\n\tAccesses:\t\tReadData (or ListDirectory)\r\n\t\t\t\t\r\n\tAccess Mask:\t\t0x1","Category":"Removable Storage","Opcode":"Info","SubjectUserSid":"S-1-5-21-4122792944-3018364698-3069667417-1115","SubjectUserName":"pdodson","SubjectDomainName":"SEC555","SubjectLogonId":"0x64f7a","ObjectServer":"Security","ObjectType":"File","ObjectName":"C:\\zSensitiveFiles","HandleId":"0xed0","AccessList":"%%4416\r\n\t\t\t\t","AccessMask":"0x1","ProcessName":"C:\\Windows\\explorer.exe","ResourceAttributes":"S:AI","EventReceivedTime":1496947086,"SourceModuleName":"eventlog","SourceModuleType":"im_msvistalog","@version":"1","@timestamp":"2017-06-08T18:38:06.210Z","host":"192.168.0.92","port":53107,"type":"windows","tags":["json"]}
{"EventTime":"2017-06-08 13:38:04","Hostname":"CFO.sec555.com","Keywords":-9214364837600034816,"EventType":"AUDIT_SUCCESS","SeverityValue":2,"Severity":"INFO","EventID":4663,"SourceName":"Microsoft-Windows-Security-Auditing","ProviderGuid":"{54849625-5478-4994-A5BA-3E3B0328C30D}","Version":1,"Task":12812,"OpcodeValue":0,"RecordNumber":35092,"ProcessID":4,"ThreadID":3176,"Channel":"Security","Message":"An attempt was made to access an object.\r\n\r\nSubject:\r\n\tSecurity ID:\t\tS-1-5-21-4122792944-3018364698-3069667417-1115\r\n\tAccount Name:\t\tpdodson\r\n\tAccount Domain:\t\tSEC555\r\n\tLogon ID:\t\t0x64F7A\r\n\r\nObject:\r\n\tObject Server:\t\tSecurity\r\n\tObject Type:\t\tFile\r\n\tObject Name:\t\tC:\\zSensitiveFiles\r\n\tHandle ID:\t\t0x1194\r\n\tResource Attributes:\tS:AI\r\n\r\nProcess Information:\r\n\tProcess ID:\t\t0xd88\r\n\tProcess Name:\t\tC:\\Windows\\explorer.exe\r\n\r\nAccess Request Information:\r\n\tAccesses:\t\tREAD_CONTROL\r\n\t\t\t\t\r\n\tAccess Mask:\t\t0x20000","Category":"Removable Storage","Opcode":"Info","SubjectUserSid":"S-1-5-21-4122792944-3018364698-3069667417-1115","SubjectUserName":"pdodson","SubjectDomainName":"SEC555","SubjectLogonId":"0x64f7a","ObjectServer":"Security","ObjectType":"File","ObjectName":"C:\\zSensitiveFiles","HandleId":"0x1194","AccessList":"%%1538\r\n\t\t\t\t","AccessMask":"0x20000","ProcessName":"C:\\Windows\\explorer.exe","ResourceAttributes":"S:AI","EventReceivedTime":1496947086,"SourceModuleName":"eventlog","SourceModuleType":"im_msvistalog","@version":"1","@timestamp":"2017-06-08T18:38:06.211Z","host":"192.168.0.92","port":53107,"type":"windows","tags":["json"]}
{"EventTime":"2017-06-08 13:38:04","Hostname":"CFO.sec555.com","Keywords":-9214364837600034816,"EventType":"AUDIT_SUCCESS","SeverityValue":2,"Severity":"INFO","EventID":4663,"SourceName":"Microsoft-Windows-Security-Auditing","ProviderGuid":"{54849625-5478-4994-A5BA-3E3B0328C30D}","Version":1,"Task":12812,"OpcodeValue":0,"RecordNumber":35093,"ProcessID":4,"ThreadID":3176,"Channel":"Security","Message":"An attempt was made to access an object.\r\n\r\nSubject:\r\n\tSecurity ID:\t\tS-1-5-21-4122792944-3018364698-3069667417-1115\r\n\tAccount Name:\t\tpdodson\r\n\tAccount Domain:\t\tSEC555\r\n\tLogon ID:\t\t0x64F7A\r\n\r\nObject:\r\n\tObject Server:\t\tSecurity\r\n\tObject Type:\t\tFile\r\n\tObject Name:\t\tC:\\zSensitiveFiles\r\n\tHandle ID:\t\t0x1194\r\n\tResource Attributes:\tS:AI\r\n\r\nProcess Information:\r\n\tProcess ID:\t\t0xd88\r\n\tProcess Name:\t\tC:\\Windows\\explorer.exe\r\n\r\nAccess Request Information:\r\n\tAccesses:\t\tREAD_CONTROL\r\n\t\t\t\t\r\n\tAccess Mask:\t\t0x20000","Category":"Removable Storage","Opcode":"Info","SubjectUserSid":"S-1-5-21-4122792944-3018364698-3069667417-1115","SubjectUserName":"pdodson","SubjectDomainName":"SEC555","SubjectLogonId":"0x64f7a","ObjectServer":"Security","ObjectType":"File","ObjectName":"C:\\zSensitiveFiles","HandleId":"0x1194","AccessList":"%%1538\r\n\t\t\t\t","AccessMask":"0x20000","ProcessName":"C:\\Windows\\explorer.exe","ResourceAttributes":"S:AI","EventReceivedTime":1496947086,"SourceModuleName":"eventlog","SourceModuleType":"im_msvistalog","@version":"1","@timestamp":"2017-06-08T18:38:06.212Z","host":"192.168.0.92","port":53107,"type":"windows","tags":["json"]}
{"EventTime":"2017-06-08 13:38:04","Hostname":"CFO.sec555.com","Keywords":-9214364837600034816,"EventType":"AUDIT_SUCCESS","SeverityValue":2,"Severity":"INFO","EventID":4663,"SourceName":"Microsoft-Windows-Security-Auditing","ProviderGuid":"{54849625-5478-4994-A5BA-3E3B0328C30D}","Version":1,"Task":12812,"OpcodeValue":0,"RecordNumber":35094,"ProcessID":4,"ThreadID":3176,"Channel":"Security","Message":"An attempt was made to access an object.\r\n\r\nSubject:\r\n\tSecurity ID:\t\tS-1-5-21-4122792944-3018364698-3069667417-1115\r\n\tAccount Name:\t\tpdodson\r\n\tAccount Domain:\t\tSEC555\r\n\tLogon ID:\t\t0x64F7A\r\n\r\nObject:\r\n\tObject Server:\t\tSecurity\r\n\tObject Type:\t\tFile\r\n\tObject Name:\t\tC:\\zSensitiveFiles\r\n\tHandle ID:\t\t0x1194\r\n\tResource Attributes:\tS:AI\r\n\r\nProcess Information:\r\n\tProcess ID:\t\t0xd88\r\n\tProcess Name:\t\tC:\\Windows\\explorer.exe\r\n\r\nAccess Request Information:\r\n\tAccesses:\t\tREAD_CONTROL\r\n\t\t\t\t\r\n\tAccess Mask:\t\t0x20000","Category":"Removable Storage","Opcode":"Info","SubjectUserSid":"S-1-5-21-4122792944-3018364698-3069667417-1115","SubjectUserName":"pdodson","SubjectDomainName":"SEC555","SubjectLogonId":"0x64f7a","ObjectServer":"Security","ObjectType":"File","ObjectName":"C:\\zSensitiveFiles","HandleId":"0x1194","AccessList":"%%1538\r\n\t\t\t\t","AccessMask":"0x20000","ProcessName":"C:\\Windows\\explorer.exe","ResourceAttributes":"S:AI","EventReceivedTime":1496947086,"SourceModuleName":"eventlog","SourceModuleType":"im_msvistalog","@version":"1","@timestamp":"2017-06-08T18:38:06.212Z","host":"192.168.0.92","port":53107,"type":"windows","tags":["json"]}
{"EventTime":"2017-06-08 13:38:04","Hostname":"CFO.sec555.com","Keywords":-9214364837600034816,"EventType":"AUDIT_SUCCESS","SeverityValue":2,"Severity":"INFO","EventID":4663,"SourceName":"Microsoft-Windows-Security-Auditing","ProviderGuid":"{54849625-5478-4994-A5BA-3E3B0328C30D}","Version":1,"Task":12812,"OpcodeValue":0,"RecordNumber":35095,"ProcessID":4,"ThreadID":3176,"Channel":"Security","Message":"An attempt was made to access an object.\r\n\r\nSubject:\r\n\tSecurity ID:\t\tS-1-5-21-4122792944-3018364698-3069667417-1115\r\n\tAccount Name:\t\tpdodson\r\n\tAccount Domain:\t\tSEC555\r\n\tLogon ID:\t\t0x64F7A\r\n\r\nObject:\r\n\tObject Server:\t\tSecurity\r\n\tObject Type:\t\tFile\r\n\tObject Name:\t\tC:\\zSensitiveFiles\r\n\tHandle ID:\t\t0x10f4\r\n\tResource Attributes:\tS:AI\r\n\r\nProcess Information:\r\n\tProcess ID:\t\t0xd88\r\n\tProcess Name:\t\tC:\\Windows\\explorer.exe\r\n\r\nAccess Request Information:\r\n\tAccesses:\t\tREAD_CONTROL\r\n\t\t\t\t\r\n\tAccess Mask:\t\t0x20000","Category":"Removable Storage","Opcode":"Info","SubjectUserSid":"S-1-5-21-4122792944-3018364698-3069667417-1115","SubjectUserName":"pdodson","SubjectDomainName":"SEC555","SubjectLogonId":"0x64f7a","ObjectServer":"Security","ObjectType":"File","ObjectName":"C:\\zSensitiveFiles","HandleId":"0x10f4","AccessList":"%%1538\r\n\t\t\t\t","AccessMask":"0x20000","ProcessName":"C:\\Windows\\explorer.exe","ResourceAttributes":"S:AI","EventReceivedTime":1496947086,"SourceModuleName":"eventlog","SourceModuleType":"im_msvistalog","@version":"1","@timestamp":"2017-06-08T18:38:06.213Z","host":"192.168.0.92","port":53107,"type":"windows","tags":["json"]}
{"EventTime":"2017-06-08 13:38:04","Hostname":"CFO.sec555.com","Keywords":-9214364837600034816,"EventType":"AUDIT_SUCCESS","SeverityValue":2,"Severity":"INFO","EventID":4663,"SourceName":"Microsoft-Windows-Security-Auditing","ProviderGuid":"{54849625-5478-4994-A5BA-3E3B0328C30D}","Version":1,"Task":12812,"OpcodeValue":0,"RecordNumber":35096,"ProcessID":4,"ThreadID":3176,"Channel":"Security","Message":"An attempt was made to access an object.\r\n\r\nSubject:\r\n\tSecurity ID:\t\tS-1-5-21-4122792944-3018364698-3069667417-1115\r\n\tAccount Name:\t\tpdodson\r\n\tAccount Domain:\t\tSEC555\r\n\tLogon ID:\t\t0x64F7A\r\n\r\nObject:\r\n\tObject Server:\t\tSecurity\r\n\tObject Type:\t\tFile\r\n\tObject Name:\t\tC:\\zSensitiveFiles\r\n\tHandle ID:\t\t0x10f4\r\n\tResource Attributes:\tS:AI\r\n\r\nProcess Information:\r\n\tProcess ID:\t\t0xd88\r\n\tProcess Name:\t\tC:\\Windows\\explorer.exe\r\n\r\nAccess Request Information:\r\n\tAccesses:\t\tREAD_CONTROL\r\n\t\t\t\t\r\n\tAccess Mask:\t\t0x20000","Category":"Removable Storage","Opcode":"Info","SubjectUserSid":"S-1-5-21-4122792944-3018364698-3069667417-1115","SubjectUserName":"pdodson","SubjectDomainName":"SEC555","SubjectLogonId":"0x64f7a","ObjectServer":"Security","ObjectType":"File","ObjectName":"C:\\zSensitiveFiles","HandleId":"0x10f4","AccessList":"%%1538\r\n\t\t\t\t","AccessMask":"0x20000","ProcessName":"C:\\Windows\\explorer.exe","ResourceAttributes":"S:AI","EventReceivedTime":1496947086,"SourceModuleName":"eventlog","SourceModuleType":"im_msvistalog","@version":"1","@timestamp":"2017-06-08T18:38:06.216Z","host":"192.168.0.92","port":53107,"type":"windows","tags":["json"]}
{"EventTime":"2017-06-08 13:38:04","Hostname":"CFO.sec555.com","Keywords":-9214364837600034816,"EventType":"AUDIT_SUCCESS","SeverityValue":2,"Severity":"INFO","EventID":4663,"SourceName":"Microsoft-Windows-Security-Auditing","ProviderGuid":"{54849625-5478-4994-A5BA-3E3B0328C30D}","Version":1,"Task":12812,"OpcodeValue":0,"RecordNumber":35097,"ProcessID":4,"ThreadID":3176,"Channel":"Security","Message":"An attempt was made to access an object.\r\n\r\nSubject:\r\n\tSecurity ID:\t\tS-1-5-21-4122792944-3018364698-3069667417-1115\r\n\tAccount Name:\t\tpdodson\r\n\tAccount Domain:\t\tSEC555\r\n\tLogon ID:\t\t0x64F7A\r\n\r\nObject:\r\n\tObject Server:\t\tSecurity\r\n\tObject Type:\t\tFile\r\n\tObject Name:\t\tC:\\zSensitiveFiles\r\n\tHandle ID:\t\t0x10f4\r\n\tResource Attributes:\tS:AI\r\n\r\nProcess Information:\r\n\tProcess ID:\t\t0xd88\r\n\tProcess Name:\t\tC:\\Windows\\explorer.exe\r\n\r\nAccess Request Information:\r\n\tAccesses:\t\tREAD_CONTROL\r\n\t\t\t\t\r\n\tAccess Mask:\t\t0x20000","Category":"Removable Storage","Opcode":"Info","SubjectUserSid":"S-1-5-21-4122792944-3018364698-3069667417-1115","SubjectUserName":"pdodson","SubjectDomainName":"SEC555","SubjectLogonId":"0x64f7a","ObjectServer":"Security","ObjectType":"File","ObjectName":"C:\\zSensitiveFiles","HandleId":"0x10f4","AccessList":"%%1538\r\n\t\t\t\t","AccessMask":"0x20000","ProcessName":"C:\\Windows\\explorer.exe","ResourceAttributes":"S:AI","EventReceivedTime":1496947086,"SourceModuleName":"eventlog","SourceModuleType":"im_msvistalog","@version":"1","@timestamp":"2017-06-08T18:38:06.216Z","host":"192.168.0.92","port":53107,"type":"windows","tags":["json"]}
{"EventTime":"2017-06-08 13:38:04","Hostname":"CFO.sec555.com","Keywords":-9214364837600034816,"EventType":"AUDIT_SUCCESS","SeverityValue":2,"Severity":"INFO","EventID":4663,"SourceName":"Microsoft-Windows-Security-Auditing","ProviderGuid":"{54849625-5478-4994-A5BA-3E3B0328C30D}","Version":1,"Task":12812,"OpcodeValue":0,"RecordNumber":35098,"ProcessID":4,"ThreadID":3176,"Channel":"Security","Message":"An attempt was made to access an object.\r\n\r\nSubject:\r\n\tSecurity ID:\t\tS-1-5-21-4122792944-3018364698-3069667417-1115\r\n\tAccount Name:\t\tpdodson\r\n\tAccount Domain:\t\tSEC555\r\n\tLogon ID:\t\t0x64F7A\r\n\r\nObject:\r\n\tObject Server:\t\tSecurity\r\n\tObject Type:\t\tFile\r\n\tObject Name:\t\tC:\\zSensitiveFiles\r\n\tHandle ID:\t\t0x2320\r\n\tResource Attributes:\tS:AI\r\n\r\nProcess Information:\r\n\tProcess ID:\t\t0xd88\r\n\tProcess Name:\t\tC:\\Windows\\explorer.exe\r\n\r\nAccess Request Information:\r\n\tAccesses:\t\tREAD_CONTROL\r\n\t\t\t\t\r\n\tAccess Mask:\t\t0x20000","Category":"Removable Storage","Opcode":"Info","SubjectUserSid":"S-1-5-21-4122792944-3018364698-3069667417-1115","SubjectUserName":"pdodson","SubjectDomainName":"SEC555","SubjectLogonId":"0x64f7a","ObjectServer":"Security","ObjectType":"File","ObjectName":"C:\\zSensitiveFiles","HandleId":"0x2320","AccessList":"%%1538\r\n\t\t\t\t","AccessMask":"0x20000","ProcessName":"C:\\Windows\\explorer.exe","ResourceAttributes":"S:AI","EventReceivedTime":1496947086,"SourceModuleName":"eventlog","SourceModuleType":"im_msvistalog","@version":"1","@timestamp":"2017-06-08T18:38:06.217Z","host":"192.168.0.92","port":53107,"type":"windows","tags":["json"]}
{"EventTime":"2017-06-08 13:38:04","Hostname":"CFO.sec555.com","Keywords":-9214364837600034816,"EventType":"AUDIT_SUCCESS","SeverityValue":2,"Severity":"INFO","EventID":4663,"SourceName":"Microsoft-Windows-Security-Auditing","ProviderGuid":"{54849625-5478-4994-A5BA-3E3B0328C30D}","Version":1,"Task":12812,"OpcodeValue":0,"RecordNumber":35099,"ProcessID":4,"ThreadID":3176,"Channel":"Security","Message":"An attempt was made to access an object.\r\n\r\nSubject:\r\n\tSecurity ID:\t\tS-1-5-21-4122792944-3018364698-3069667417-1115\r\n\tAccount Name:\t\tpdodson\r\n\tAccount Domain:\t\tSEC555\r\n\tLogon ID:\t\t0x64F7A\r\n\r\nObject:\r\n\tObject Server:\t\tSecurity\r\n\tObject Type:\t\tFile\r\n\tObject Name:\t\tC:\\zSensitiveFiles\r\n\tHandle ID:\t\t0x2320\r\n\tResource Attributes:\tS:AI\r\n\r\nProcess Information:\r\n\tProcess ID:\t\t0xd88\r\n\tProcess Name:\t\tC:\\Windows\\explorer.exe\r\n\r\nAccess Request Information:\r\n\tAccesses:\t\tREAD_CONTROL\r\n\t\t\t\t\r\n\tAccess Mask:\t\t0x20000","Category":"Removable Storage","Opcode":"Info","SubjectUserSid":"S-1-5-21-4122792944-3018364698-3069667417-1115","SubjectUserName":"pdodson","SubjectDomainName":"SEC555","SubjectLogonId":"0x64f7a","ObjectServer":"Security","ObjectType":"File","ObjectName":"C:\\zSensitiveFiles","HandleId":"0x2320","AccessList":"%%1538\r\n\t\t\t\t","AccessMask":"0x20000","ProcessName":"C:\\Windows\\explorer.exe","ResourceAttributes":"S:AI","EventReceivedTime":1496947086,"SourceModuleName":"eventlog","SourceModuleType":"im_msvistalog","@version":"1","@timestamp":"2017-06-08T18:38:06.217Z","host":"192.168.0.92","port":53107,"type":"windows","tags":["json"]}
{"EventTime":"2017-06-08 13:38:04","Hostname":"CFO.sec555.com","Keywords":-9214364837600034816,"EventType":"AUDIT_SUCCESS","SeverityValue":2,"Severity":"INFO","EventID":4663,"SourceName":"Microsoft-Windows-Security-Auditing","ProviderGuid":"{54849625-5478-4994-A5BA-3E3B0328C30D}","Version":1,"Task":12812,"OpcodeValue":0,"RecordNumber":35100,"ProcessID":4,"ThreadID":3176,"Channel":"Security","Message":"An attempt was made to access an object.\r\n\r\nSubject:\r\n\tSecurity ID:\t\tS-1-5-21-4122792944-3018364698-3069667417-1115\r\n\tAccount Name:\t\tpdodson\r\n\tAccount Domain:\t\tSEC555\r\n\tLogon ID:\t\t0x64F7A\r\n\r\nObject:\r\n\tObject Server:\t\tSecurity\r\n\tObject Type:\t\tFile\r\n\tObject Name:\t\tC:\\zSensitiveFiles\r\n\tHandle ID:\t\t0x2320\r\n\tResource Attributes:\tS:AI\r\n\r\nProcess Information:\r\n\tProcess ID:\t\t0xd88\r\n\tProcess Name:\t\tC:\\Windows\\explorer.exe\r\n\r\nAccess Request Information:\r\n\tAccesses:\t\tREAD_CONTROL\r\n\t\t\t\t\r\n\tAccess Mask:\t\t0x20000","Category":"Removable Storage","Opcode":"Info","SubjectUserSid":"S-1-5-21-4122792944-3018364698-3069667417-1115","SubjectUserName":"pdodson","SubjectDomainName":"SEC555","SubjectLogonId":"0x64f7a","ObjectServer":"Security","ObjectType":"File","ObjectName":"C:\\zSensitiveFiles","HandleId":"0x2320","AccessList":"%%1538\r\n\t\t\t\t","AccessMask":"0x20000","ProcessName":"C:\\Windows\\explorer.exe","ResourceAttributes":"S:AI","EventReceivedTime":1496947086,"SourceModuleName":"eventlog","SourceModuleType":"im_msvistalog","@version":"1","@timestamp":"2017-06-08T18:38:06.218Z","host":"192.168.0.92","port":53107,"type":"windows","tags":["json"]}
{"EventTime":"2017-06-08 13:38:04","Hostname":"CFO.sec555.com","Keywords":-9214364837600034816,"EventType":"AUDIT_SUCCESS","SeverityValue":2,"Severity":"INFO","EventID":4663,"SourceName":"Microsoft-Windows-Security-Auditing","ProviderGuid":"{54849625-5478-4994-A5BA-3E3B0328C30D}","Version":1,"Task":12812,"OpcodeValue":0,"RecordNumber":35101,"ProcessID":4,"ThreadID":3176,"Channel":"Security","Message":"An attempt was made to access an object.\r\n\r\nSubject:\r\n\tSecurity ID:\t\tS-1-5-21-4122792944-3018364698-3069667417-1115\r\n\tAccount Name:\t\tpdodson\r\n\tAccount Domain:\t\tSEC555\r\n\tLogon ID:\t\t0x64F7A\r\n\r\nObject:\r\n\tObject Server:\t\tSecurity\r\n\tObject Type:\t\tFile\r\n\tObject Name:\t\tC:\\zSensitiveFiles\r\n\tHandle ID:\t\t0x2320\r\n\tResource Attributes:\tS:AI\r\n\r\nProcess Information:\r\n\tProcess ID:\t\t0xd88\r\n\tProcess Name:\t\tC:\\Windows\\explorer.exe\r\n\r\nAccess Request Information:\r\n\tAccesses:\t\tREAD_CONTROL\r\n\t\t\t\t\r\n\tAccess Mask:\t\t0x20000","Category":"Removable Storage","Opcode":"Info","SubjectUserSid":"S-1-5-21-4122792944-3018364698-3069667417-1115","SubjectUserName":"pdodson","SubjectDomainName":"SEC555","SubjectLogonId":"0x64f7a","ObjectServer":"Security","ObjectType":"File","ObjectName":"C:\\zSensitiveFiles","HandleId":"0x2320","AccessList":"%%1538\r\n\t\t\t\t","AccessMask":"0x20000","ProcessName":"C:\\Windows\\explorer.exe","ResourceAttributes":"S:AI","EventReceivedTime":1496947086,"SourceModuleName":"eventlog","SourceModuleType":"im_msvistalog","@version":"1","@timestamp":"2017-06-08T18:38:06.218Z","host":"192.168.0.92","port":53107,"type":"windows","tags":["json"]}
