{"EventTime":"2017-06-08 13:34:39","Hostname":"CFO.sec555.com","Keywords":4611686018427387904,"EventType":"WARNING","SeverityValue":3,"Severity":"WARNING","EventID":226,"SourceName":"Microsoft-Windows-TerminalServices-ClientActiveXCore","ProviderGuid":"{28AA95BB-D444-4719-A36F-40462168127E}","Version":0,"Task":104,"OpcodeValue":19,"RecordNumber":4,"ActivityID":"{BC94C230-1F88-45A9-B1C1-B4357F2F0000}","ProcessID":620,"ThreadID":1496,"Channel":"Microsoft-Windows-TerminalServices-RDPClient/Operational","Domain":"SEC555","AccountName":"pdodson","UserID":"S-1-5-21-4122792944-3018364698-3069667417-1115","AccountType":"User","Message":"RDPClient_SSL: An error was encountered when transitioning from TsSslStateHandshakeStart to TsSslStateDisconnecting in response to TsSslEventStartHandshakeFailed (error code 0x80004005).","Category":"RDP State Transition","Opcode":"This event is raised during a state transition.","StateTransitionName":"RDPClient_SSL","PreviousState":"2","PreviousStateName":"TsSslStateHandshakeStart","NewState":"10","NewStateName":"TsSslStateDisconnecting","Event":"7","EventName":"TsSslEventStartHandshakeFailed","Error Code":"2147500037","EventReceivedTime":1496946880,"SourceModuleName":"eventlog","SourceModuleType":"im_msvistalog","@version":"1","@timestamp":"2017-06-08T18:35:22.641Z","host":"192.168.0.92","port":53089,"type":"windows","tags":["json"]}
{"EventTime":"2017-06-08 13:34:39","Hostname":"CFO.sec555.com","Keywords":4611686018427387904,"EventType":"INFO","SeverityValue":2,"Severity":"INFO","EventID":1105,"SourceName":"Microsoft-Windows-TerminalServices-ClientActiveXCore","ProviderGuid":"{28AA95BB-D444-4719-A36F-40462168127E}","Version":0,"Task":101,"OpcodeValue":10,"RecordNumber":5,"ActivityID":"{BC94C230-1F88-45A9-B1C1-B4357F2F0000}","ProcessID":620,"ThreadID":1496,"Channel":"Microsoft-Windows-TerminalServices-RDPClient/Operational","Domain":"SEC555","AccountName":"pdodson","UserID":"S-1-5-21-4122792944-3018364698-3069667417-1115","AccountType":"User","Message":"The multi-transport connection has been disconnected.","Category":"Connection Sequence","Opcode":"This event is raised during the connection process","EventData":"","EventReceivedTime":1496946880,"SourceModuleName":"eventlog","SourceModuleType":"im_msvistalog","@version":"1","@timestamp":"2017-06-08T18:35:22.642Z","host":"192.168.0.92","port":53089,"type":"windows","tags":["json"]}
{"EventTime":"2017-06-08 13:34:39","Hostname":"CFO.sec555.com","Keywords":4611686018427387904,"EventType":"WARNING","SeverityValue":3,"Severity":"WARNING","EventID":226,"SourceName":"Microsoft-Windows-TerminalServices-ClientActiveXCore","ProviderGuid":"{28AA95BB-D444-4719-A36F-40462168127E}","Version":0,"Task":104,"OpcodeValue":19,"RecordNumber":6,"ActivityID":"{BC94C230-1F88-45A9-B1C1-B4357F2F0000}","ProcessID":620,"ThreadID":1496,"Channel":"Microsoft-Windows-TerminalServices-RDPClient/Operational","Domain":"SEC555","AccountName":"pdodson","UserID":"S-1-5-21-4122792944-3018364698-3069667417-1115","AccountType":"User","Message":"RDPClient_TCP: An error was encountered when transitioning from TcpStateFrontAuth to TcpStateFailure in response to TcpEventFrontAuthFailed (error code 0x8009030C).","Category":"RDP State Transition","Opcode":"This event is raised during a state transition.","StateTransitionName":"RDPClient_TCP","PreviousState":"2","PreviousStateName":"TcpStateFrontAuth","NewState":"13","NewStateName":"TcpStateFailure","Event":"7","EventName":"TcpEventFrontAuthFailed","Error Code":"2148074252","EventReceivedTime":1496946880,"SourceModuleName":"eventlog","SourceModuleType":"im_msvistalog","@version":"1","@timestamp":"2017-06-08T18:35:22.642Z","host":"192.168.0.92","port":53089,"type":"windows","tags":["json"]}
{"EventTime":"2017-06-08 13:34:40","Hostname":"CFO.sec555.com","Keywords":4611686018427387904,"EventType":"INFO","SeverityValue":2,"Severity":"INFO","EventID":1026,"SourceName":"Microsoft-Windows-TerminalServices-ClientActiveXCore","ProviderGuid":"{28AA95BB-D444-4719-A36F-40462168127E}","Version":0,"Task":101,"OpcodeValue":11,"RecordNumber":7,"ActivityID":"{BC94C230-1F88-45A9-B1C1-B4357F2F0000}","ProcessID":620,"ThreadID":1544,"Channel":"Microsoft-Windows-TerminalServices-RDPClient/Operational","Domain":"SEC555","AccountName":"pdodson","UserID":"S-1-5-21-4122792944-3018364698-3069667417-1115","AccountType":"User","Message":"RDP ClientActiveX has been disconnected (Reason= 1)","Category":"Connection Sequence","Opcode":"This event is raised during the disconnection process","Name":"Disconnect Reason","Value":"1","CustomLevel":"Info","EventReceivedTime":1496946881,"SourceModuleName":"eventlog","SourceModuleType":"im_msvistalog","@version":"1","@timestamp":"2017-06-08T18:35:22.643Z","host":"192.168.0.92","port":53089,"type":"windows","tags":["json"]}
{"EventTime":"2017-06-08 13:34:43","Hostname":"CFO.sec555.com","Keywords":144115188075856128,"EventType":"ERROR","SeverityValue":4,"Severity":"ERROR","EventID":31010,"SourceName":"Microsoft-Windows-SMBClient","ProviderGuid":"{988C59C5-0A1C-45B6-A555-0C62276E327D}","Version":0,"Task":0,"OpcodeValue":0,"RecordNumber":5,"ProcessID":0,"ThreadID":0,"Channel":"Microsoft-Windows-SmbClient/Security","Message":"The SMB client failed to connect to the share.\r\n\r\nError: {Access Denied}\r\nA process has requested access to an object, but has not been granted those access rights.\r\n\r\nPath: \\it01\\c$","Opcode":"Info","Reason":"12","Status":"3221225506","ShareNameLength":"8","ShareName":"\\it01\\c$","ObjectNameLength":"0","EventReceivedTime":1496946884,"SourceModuleName":"eventlog","SourceModuleType":"im_msvistalog","@version":"1","@timestamp":"2017-06-08T18:35:22.643Z","host":"192.168.0.92","port":53089,"type":"windows","tags":["json"]}
{"EventTime":"2017-06-08 13:34:43","Hostname":"CFO.sec555.com","Keywords":144115188075856128,"EventType":"ERROR","SeverityValue":4,"Severity":"ERROR","EventID":31010,"SourceName":"Microsoft-Windows-SMBClient","ProviderGuid":"{988C59C5-0A1C-45B6-A555-0C62276E327D}","Version":0,"Task":0,"OpcodeValue":0,"RecordNumber":6,"ProcessID":0,"ThreadID":0,"Channel":"Microsoft-Windows-SmbClient/Security","Message":"The SMB client failed to connect to the share.\r\n\r\nError: {Access Denied}\r\nA process has requested access to an object, but has not been granted those access rights.\r\n\r\nPath: \\it01\\c$","Opcode":"Info","Reason":"12","Status":"3221225506","ShareNameLength":"8","ShareName":"\\it01\\c$","ObjectNameLength":"0","EventReceivedTime":1496946884,"SourceModuleName":"eventlog","SourceModuleType":"im_msvistalog","@version":"1","@timestamp":"2017-06-08T18:35:22.644Z","host":"192.168.0.92","port":53089,"type":"windows","tags":["json"]}
{"EventTime":"2017-06-08 13:34:43","Hostname":"CFO.sec555.com","Keywords":144115188075856128,"EventType":"ERROR","SeverityValue":4,"Severity":"ERROR","EventID":31010,"SourceName":"Microsoft-Windows-SMBClient","ProviderGuid":"{988C59C5-0A1C-45B6-A555-0C62276E327D}","Version":0,"Task":0,"OpcodeValue":0,"RecordNumber":7,"ProcessID":0,"ThreadID":0,"Channel":"Microsoft-Windows-SmbClient/Security","Message":"The SMB client failed to connect to the share.\r\n\r\nError: {Access Denied}\r\nA process has requested access to an object, but has not been granted those access rights.\r\n\r\nPath: \\it01\\c$","Opcode":"Info","Reason":"12","Status":"3221225506","ShareNameLength":"8","ShareName":"\\it01\\c$","ObjectNameLength":"0","EventReceivedTime":1496946884,"SourceModuleName":"eventlog","SourceModuleType":"im_msvistalog","@version":"1","@timestamp":"2017-06-08T18:35:22.644Z","host":"192.168.0.92","port":53089,"type":"windows","tags":["json"]}
{"EventTime":"2017-06-08 13:34:43","Hostname":"CFO.sec555.com","Keywords":144115188075856128,"EventType":"ERROR","SeverityValue":4,"Severity":"ERROR","EventID":31010,"SourceName":"Microsoft-Windows-SMBClient","ProviderGuid":"{988C59C5-0A1C-45B6-A555-0C62276E327D}","Version":0,"Task":0,"OpcodeValue":0,"RecordNumber":8,"ProcessID":4,"ThreadID":388,"Channel":"Microsoft-Windows-SmbClient/Security","Message":"The SMB client failed to connect to the share.\r\n\r\nError: {Access Denied}\r\nA process has requested access to an object, but has not been granted those access rights.\r\n\r\nPath: \\it01\\c$","Opcode":"Info","Reason":"12","Status":"3221225506","ShareNameLength":"8","ShareName":"\\it01\\c$","ObjectNameLength":"0","EventReceivedTime":1496946884,"SourceModuleName":"eventlog","SourceModuleType":"im_msvistalog","@version":"1","@timestamp":"2017-06-08T18:35:22.645Z","host":"192.168.0.92","port":53089,"type":"windows","tags":["json"]}
{"EventTime":"2017-06-08 13:34:43","Hostname":"CFO.sec555.com","Keywords":144115188075856128,"EventType":"ERROR","SeverityValue":4,"Severity":"ERROR","EventID":31010,"SourceName":"Microsoft-Windows-SMBClient","ProviderGuid":"{988C59C5-0A1C-45B6-A555-0C62276E327D}","Version":0,"Task":0,"OpcodeValue":0,"RecordNumber":9,"ProcessID":0,"ThreadID":0,"Channel":"Microsoft-Windows-SmbClient/Security","Message":"The SMB client failed to connect to the share.\r\n\r\nError: {Access Denied}\r\nA process has requested access to an object, but has not been granted those access rights.\r\n\r\nPath: \\it01\\c$","Opcode":"Info","Reason":"12","Status":"3221225506","ShareNameLength":"8","ShareName":"\\it01\\c$","ObjectNameLength":"0","EventReceivedTime":1496946884,"SourceModuleName":"eventlog","SourceModuleType":"im_msvistalog","@version":"1","@timestamp":"2017-06-08T18:35:22.645Z","host":"192.168.0.92","port":53089,"type":"windows","tags":["json"]}
{"EventTime":"2017-06-08 13:34:43","Hostname":"CFO.sec555.com","Keywords":144115188075856128,"EventType":"ERROR","SeverityValue":4,"Severity":"ERROR","EventID":31010,"SourceName":"Microsoft-Windows-SMBClient","ProviderGuid":"{988C59C5-0A1C-45B6-A555-0C62276E327D}","Version":0,"Task":0,"OpcodeValue":0,"RecordNumber":10,"ProcessID":0,"ThreadID":0,"Channel":"Microsoft-Windows-SmbClient/Security","Message":"The SMB client failed to connect to the share.\r\n\r\nError: {Access Denied}\r\nA process has requested access to an object, but has not been granted those access rights.\r\n\r\nPath: \\it01\\c$","Opcode":"Info","Reason":"12","Status":"3221225506","ShareNameLength":"8","ShareName":"\\it01\\c$","ObjectNameLength":"0","EventReceivedTime":1496946884,"SourceModuleName":"eventlog","SourceModuleType":"im_msvistalog","@version":"1","@timestamp":"2017-06-08T18:35:22.645Z","host":"192.168.0.92","port":53089,"type":"windows","tags":["json"]}
{"EventTime":"2017-06-08 13:34:43","Hostname":"CFO.sec555.com","Keywords":144115188075856128,"EventType":"ERROR","SeverityValue":4,"Severity":"ERROR","EventID":31010,"SourceName":"Microsoft-Windows-SMBClient","ProviderGuid":"{988C59C5-0A1C-45B6-A555-0C62276E327D}","Version":0,"Task":0,"OpcodeValue":0,"RecordNumber":11,"ProcessID":3464,"ThreadID":3032,"Channel":"Microsoft-Windows-SmbClient/Security","Message":"The SMB client failed to connect to the share.\r\n\r\nError: {Access Denied}\r\nA process has requested access to an object, but has not been granted those access rights.\r\n\r\nPath: \\it01\\c$","Opcode":"Info","Reason":"12","Status":"3221225506","ShareNameLength":"8","ShareName":"\\it01\\c$","ObjectNameLength":"0","EventReceivedTime":1496946884,"SourceModuleName":"eventlog","SourceModuleType":"im_msvistalog","@version":"1","@timestamp":"2017-06-08T18:35:22.645Z","host":"192.168.0.92","port":53089,"type":"windows","tags":["json"]}
{"EventTime":"2017-06-08 13:34:43","Hostname":"CFO.sec555.com","Keywords":144115188075856128,"EventType":"ERROR","SeverityValue":4,"Severity":"ERROR","EventID":31010,"SourceName":"Microsoft-Windows-SMBClient","ProviderGuid":"{988C59C5-0A1C-45B6-A555-0C62276E327D}","Version":0,"Task":0,"OpcodeValue":0,"RecordNumber":12,"ProcessID":0,"ThreadID":0,"Channel":"Microsoft-Windows-SmbClient/Security","Message":"The SMB client failed to connect to the share.\r\n\r\nError: {Access Denied}\r\nA process has requested access to an object, but has not been granted those access rights.\r\n\r\nPath: \\it01\\c$","Opcode":"Info","Reason":"12","Status":"3221225506","ShareNameLength":"8","ShareName":"\\it01\\c$","ObjectNameLength":"0","EventReceivedTime":1496946884,"SourceModuleName":"eventlog","SourceModuleType":"im_msvistalog","@version":"1","@timestamp":"2017-06-08T18:35:22.646Z","host":"192.168.0.92","port":53089,"type":"windows","tags":["json"]}
{"EventTime":"2017-06-08 13:34:43","Hostname":"CFO.sec555.com","Keywords":144115188075856128,"EventType":"ERROR","SeverityValue":4,"Severity":"ERROR","EventID":31010,"SourceName":"Microsoft-Windows-SMBClient","ProviderGuid":"{988C59C5-0A1C-45B6-A555-0C62276E327D}","Version":0,"Task":0,"OpcodeValue":0,"RecordNumber":13,"ProcessID":3464,"ThreadID":3032,"Channel":"Microsoft-Windows-SmbClient/Security","Message":"The SMB client failed to connect to the share.\r\n\r\nError: {Access Denied}\r\nA process has requested access to an object, but has not been granted those access rights.\r\n\r\nPath: \\it01\\c$","Opcode":"Info","Reason":"12","Status":"3221225506","ShareNameLength":"8","ShareName":"\\it01\\c$","ObjectNameLength":"0","EventReceivedTime":1496946884,"SourceModuleName":"eventlog","SourceModuleType":"im_msvistalog","@version":"1","@timestamp":"2017-06-08T18:35:22.646Z","host":"192.168.0.92","port":53089,"type":"windows","tags":["json"]}
{"EventTime":"2017-06-08 13:34:43","Hostname":"CFO.sec555.com","Keywords":144115188075856128,"EventType":"ERROR","SeverityValue":4,"Severity":"ERROR","EventID":31010,"SourceName":"Microsoft-Windows-SMBClient","ProviderGuid":"{988C59C5-0A1C-45B6-A555-0C62276E327D}","Version":0,"Task":0,"OpcodeValue":0,"RecordNumber":14,"ProcessID":3992,"ThreadID":5824,"Channel":"Microsoft-Windows-SmbClient/Security","Message":"The SMB client failed to connect to the share.\r\n\r\nError: {Access Denied}\r\nA process has requested access to an object, but has not been granted those access rights.\r\n\r\nPath: \\it01\\c$","Opcode":"Info","Reason":"12","Status":"3221225506","ShareNameLength":"8","ShareName":"\\it01\\c$","ObjectNameLength":"0","EventReceivedTime":1496946884,"SourceModuleName":"eventlog","SourceModuleType":"im_msvistalog","@version":"1","@timestamp":"2017-06-08T18:35:22.646Z","host":"192.168.0.92","port":53089,"type":"windows","tags":["json"]}
{"EventTime":"2017-06-08 13:34:43","Hostname":"CFO.sec555.com","Keywords":144115188075856128,"EventType":"ERROR","SeverityValue":4,"Severity":"ERROR","EventID":31010,"SourceName":"Microsoft-Windows-SMBClient","ProviderGuid":"{988C59C5-0A1C-45B6-A555-0C62276E327D}","Version":0,"Task":0,"OpcodeValue":0,"RecordNumber":15,"ProcessID":0,"ThreadID":0,"Channel":"Microsoft-Windows-SmbClient/Security","Message":"The SMB client failed to connect to the share.\r\n\r\nError: {Access Denied}\r\nA process has requested access to an object, but has not been granted those access rights.\r\n\r\nPath: \\it01\\c$","Opcode":"Info","Reason":"12","Status":"3221225506","ShareNameLength":"8","ShareName":"\\it01\\c$","ObjectNameLength":"0","EventReceivedTime":1496946884,"SourceModuleName":"eventlog","SourceModuleType":"im_msvistalog","@version":"1","@timestamp":"2017-06-08T18:35:22.646Z","host":"192.168.0.92","port":53089,"type":"windows","tags":["json"]}
{"EventTime":"2017-06-08 13:34:43","Hostname":"CFO.sec555.com","Keywords":144115188075856128,"EventType":"ERROR","SeverityValue":4,"Severity":"ERROR","EventID":31010,"SourceName":"Microsoft-Windows-SMBClient","ProviderGuid":"{988C59C5-0A1C-45B6-A555-0C62276E327D}","Version":0,"Task":0,"OpcodeValue":0,"RecordNumber":16,"ProcessID":3992,"ThreadID":5824,"Channel":"Microsoft-Windows-SmbClient/Security","Message":"The SMB client failed to connect to the share.\r\n\r\nError: {Access Denied}\r\nA process has requested access to an object, but has not been granted those access rights.\r\n\r\nPath: \\it01\\c$","Opcode":"Info","Reason":"12","Status":"3221225506","ShareNameLength":"8","ShareName":"\\it01\\c$","ObjectNameLength":"0","EventReceivedTime":1496946884,"SourceModuleName":"eventlog","SourceModuleType":"im_msvistalog","@version":"1","@timestamp":"2017-06-08T18:35:22.647Z","host":"192.168.0.92","port":53089,"type":"windows","tags":["json"]}
{"EventTime":"2017-06-08 13:34:43","Hostname":"CFO.sec555.com","Keywords":144115188075856128,"EventType":"ERROR","SeverityValue":4,"Severity":"ERROR","EventID":31010,"SourceName":"Microsoft-Windows-SMBClient","ProviderGuid":"{988C59C5-0A1C-45B6-A555-0C62276E327D}","Version":0,"Task":0,"OpcodeValue":0,"RecordNumber":17,"ProcessID":0,"ThreadID":0,"Channel":"Microsoft-Windows-SmbClient/Security","Message":"The SMB client failed to connect to the share.\r\n\r\nError: {Access Denied}\r\nA process has requested access to an object, but has not been granted those access rights.\r\n\r\nPath: \\it01\\c$","Opcode":"Info","Reason":"12","Status":"3221225506","ShareNameLength":"8","ShareName":"\\it01\\c$","ObjectNameLength":"0","EventReceivedTime":1496946884,"SourceModuleName":"eventlog","SourceModuleType":"im_msvistalog","@version":"1","@timestamp":"2017-06-08T18:35:22.647Z","host":"192.168.0.92","port":53089,"type":"windows","tags":["json"]}
{"EventTime":"2017-06-08 13:34:47","Hostname":"CFO.sec555.com","Keywords":144115188075856000,"EventType":"ERROR","SeverityValue":4,"Severity":"ERROR","EventID":31001,"SourceName":"Microsoft-Windows-SMBClient","ProviderGuid":"{988C59C5-0A1C-45B6-A555-0C62276E327D}","Version":0,"Task":0,"OpcodeValue":0,"RecordNumber":18,"ProcessID":4,"ThreadID":1244,"Channel":"Microsoft-Windows-SmbClient/Security","Domain":"NT AUTHORITY","AccountName":"SYSTEM","UserID":"S-1-5-18","AccountType":"User","Message":"An attempt to initialize a security context failed.\r\n\r\nError: The attempted logon is invalid. This is either due to a bad username or authentication information.\r\n\r\nSecurity status: 0xC000006D\r\nUser name: pparker\r\nLogon ID: 0x64F7A\r\nServer name: \\it01\r\nPrincipal name: cifs/it01","Opcode":"Info","Reason":"10","Status":"3221225581","SecurityStatus":"3221225581","LogonId":"413562","ServerNameLength":"5","ServerName":"\\it01","PrincipalNameLength":"9","PrincipalName":"cifs/it01","UserNameLength":"7","UserName":"pparker","EventReceivedTime":1496946888,"SourceModuleName":"eventlog","SourceModuleType":"im_msvistalog","@version":"1","@timestamp":"2017-06-08T18:35:22.647Z","host":"192.168.0.92","port":53089,"type":"windows","tags":["json"]}
{"EventTime":"2017-06-08 13:35:26","Hostname":"assistant01.sec555.com","Keywords":-9218868437227405312,"EventType":"AUDIT_FAILURE","SeverityValue":4,"Severity":"ERROR","EventID":4957,"SourceName":"Microsoft-Windows-Security-Auditing","ProviderGuid":"{54849625-5478-4994-A5BA-3E3B0328C30D}","Version":0,"Task":13571,"OpcodeValue":0,"RecordNumber":7772,"ProcessID":504,"ThreadID":3268,"Channel":"Security","Message":"Windows Firewall did not apply the following rule:\r\n\r\nRule Information:\r\n\tID:\tCoreNet-IPHTTPS-In\r\n\tName:\tCore Networking - IPHTTPS (TCP-In)\r\n\r\nError Information:\r\n\tReason:\tLocal Port resolved to an empty set.","Category":"MPSSVC Rule-Level Policy Change","Opcode":"Info","RuleId":"CoreNet-IPHTTPS-In","RuleName":"Core Networking - IPHTTPS (TCP-In)","RuleAttr":"Local Port","EventReceivedTime":1496946927,"SourceModuleName":"eventlog","SourceModuleType":"im_msvistalog","@version":"1","@timestamp":"2017-06-08T18:35:27.383Z","host":"192.168.2.52","port":49975,"type":"windows","tags":["json"]}
{"EventTime":"2017-06-08 13:35:26","Hostname":"assistant01.sec555.com","Keywords":-9218868437227405312,"EventType":"AUDIT_FAILURE","SeverityValue":4,"Severity":"ERROR","EventID":4957,"SourceName":"Microsoft-Windows-Security-Auditing","ProviderGuid":"{54849625-5478-4994-A5BA-3E3B0328C30D}","Version":0,"Task":13571,"OpcodeValue":0,"RecordNumber":7773,"ProcessID":504,"ThreadID":3268,"Channel":"Security","Message":"Windows Firewall did not apply the following rule:\r\n\r\nRule Information:\r\n\tID:\tCoreNet-Teredo-In\r\n\tName:\tCore Networking - Teredo (UDP-In)\r\n\r\nError Information:\r\n\tReason:\tLocal Port resolved to an empty set.","Category":"MPSSVC Rule-Level Policy Change","Opcode":"Info","RuleId":"CoreNet-Teredo-In","RuleName":"Core Networking - Teredo (UDP-In)","RuleAttr":"Local Port","EventReceivedTime":1496946927,"SourceModuleName":"eventlog","SourceModuleType":"im_msvistalog","@version":"1","@timestamp":"2017-06-08T18:35:27.385Z","host":"192.168.2.52","port":49975,"type":"windows","tags":["json"]}
{"EventTime":"2017-06-08 13:35:26","Hostname":"CFO.sec555.com","Keywords":-9214364837600034816,"EventType":"AUDIT_SUCCESS","SeverityValue":2,"Severity":"INFO","EventID":4611,"SourceName":"Microsoft-Windows-Security-Auditing","ProviderGuid":"{54849625-5478-4994-A5BA-3E3B0328C30D}","Version":0,"Task":12289,"OpcodeValue":0,"RecordNumber":34962,"ActivityID":"{77A1CE83-E062-0000-9ECE-A17762E0D201}","ProcessID":572,"ThreadID":3372,"Channel":"Security","Message":"A trusted logon process has been registered with the Local Security Authority.\r\nThis logon process will be trusted to submit logon requests.\r\n\r\nSubject:\r\n\tSecurity ID:\t\tS-1-5-18\r\n\tAccount Name:\t\tCFO$\r\n\tAccount Domain:\t\tSEC555\r\n\tLogon ID:\t\t0x3E7\r\n\r\nLogon Process Name:\t\tConsentUI","Category":"Security System Extension","Opcode":"Info","SubjectUserSid":"S-1-5-18","SubjectUserName":"CFO$","SubjectDomainName":"SEC555","SubjectLogonId":"0x3e7","LogonProcessName":"ConsentUI","EventReceivedTime":1496946927,"SourceModuleName":"eventlog","SourceModuleType":"im_msvistalog","@version":"1","@timestamp":"2017-06-08T18:35:27.726Z","host":"192.168.0.92","port":53089,"type":"windows","tags":["json"]}
{"EventTime":"2017-06-08 13:35:26","Hostname":"CFO.sec555.com","Keywords":-9214364837600034816,"EventType":"AUDIT_SUCCESS","SeverityValue":2,"Severity":"INFO","EventID":4673,"SourceName":"Microsoft-Windows-Security-Auditing","ProviderGuid":"{54849625-5478-4994-A5BA-3E3B0328C30D}","Version":0,"Task":13056,"OpcodeValue":0,"RecordNumber":34963,"ProcessID":4,"ThreadID":4052,"Channel":"Security","Message":"A privileged service was called.\r\n\r\nSubject:\r\n\tSecurity ID:\t\tS-1-5-18\r\n\tAccount Name:\t\tCFO$\r\n\tAccount Domain:\t\tSEC555\r\n\tLogon ID:\t\t0x3E7\r\n\r\nService:\r\n\tServer:\tNT Local Security Authority / Authentication Service\r\n\tService Name:\tLsaRegisterLogonProcess()\r\n\r\nProcess:\r\n\tProcess ID:\t0x23c\r\n\tProcess Name:\tC:\\Windows\\System32\\lsass.exe\r\n\r\nService Request Information:\r\n\tPrivileges:\t\tSeTcbPrivilege","Category":"Sensitive Privilege Use","Opcode":"Info","SubjectUserSid":"S-1-5-18","SubjectUserName":"CFO$","SubjectDomainName":"SEC555","SubjectLogonId":"0x3e7","ObjectServer":"NT Local Security Authority / Authentication Service","Service":"LsaRegisterLogonProcess()","PrivilegeList":"SeTcbPrivilege","ProcessName":"C:\\Windows\\System32\\lsass.exe","EventReceivedTime":1496946927,"SourceModuleName":"eventlog","SourceModuleType":"im_msvistalog","@version":"1","@timestamp":"2017-06-08T18:35:27.727Z","host":"192.168.0.92","port":53089,"type":"windows","tags":["json"]}
{"EventTime":"2017-06-08 13:35:26","Hostname":"CFO.sec555.com","Keywords":-9214364837600034816,"EventType":"AUDIT_SUCCESS","SeverityValue":2,"Severity":"INFO","EventID":4611,"SourceName":"Microsoft-Windows-Security-Auditing","ProviderGuid":"{54849625-5478-4994-A5BA-3E3B0328C30D}","Version":0,"Task":12289,"OpcodeValue":0,"RecordNumber":34965,"ActivityID":"{77A1CE83-E062-0000-9ECE-A17762E0D201}","ProcessID":572,"ThreadID":3372,"Channel":"Security","Message":"A trusted logon process has been registered with the Local Security Authority.\r\nThis logon process will be trusted to submit logon requests.\r\n\r\nSubject:\r\n\tSecurity ID:\t\tS-1-5-18\r\n\tAccount Name:\t\tCFO$\r\n\tAccount Domain:\t\tSEC555\r\n\tLogon ID:\t\t0x3E7\r\n\r\nLogon Process Name:\t\tConsentUI","Category":"Security System Extension","Opcode":"Info","SubjectUserSid":"S-1-5-18","SubjectUserName":"CFO$","SubjectDomainName":"SEC555","SubjectLogonId":"0x3e7","LogonProcessName":"ConsentUI","EventReceivedTime":1496946927,"SourceModuleName":"eventlog","SourceModuleType":"im_msvistalog","@version":"1","@timestamp":"2017-06-08T18:35:27.727Z","host":"192.168.0.92","port":53089,"type":"windows","tags":["json"]}
{"EventTime":"2017-06-08 13:35:26","Hostname":"CFO.sec555.com","Keywords":-9214364837600034816,"EventType":"AUDIT_SUCCESS","SeverityValue":2,"Severity":"INFO","EventID":4673,"SourceName":"Microsoft-Windows-Security-Auditing","ProviderGuid":"{54849625-5478-4994-A5BA-3E3B0328C30D}","Version":0,"Task":13056,"OpcodeValue":0,"RecordNumber":34966,"ProcessID":4,"ThreadID":4052,"Channel":"Security","Message":"A privileged service was called.\r\n\r\nSubject:\r\n\tSecurity ID:\t\tS-1-5-18\r\n\tAccount Name:\t\tCFO$\r\n\tAccount Domain:\t\tSEC555\r\n\tLogon ID:\t\t0x3E7\r\n\r\nService:\r\n\tServer:\tNT Local Security Authority / Authentication Service\r\n\tService Name:\tLsaRegisterLogonProcess()\r\n\r\nProcess:\r\n\tProcess ID:\t0x23c\r\n\tProcess Name:\tC:\\Windows\\System32\\lsass.exe\r\n\r\nService Request Information:\r\n\tPrivileges:\t\tSeTcbPrivilege","Category":"Sensitive Privilege Use","Opcode":"Info","SubjectUserSid":"S-1-5-18","SubjectUserName":"CFO$","SubjectDomainName":"SEC555","SubjectLogonId":"0x3e7","ObjectServer":"NT Local Security Authority / Authentication Service","Service":"LsaRegisterLogonProcess()","PrivilegeList":"SeTcbPrivilege","ProcessName":"C:\\Windows\\System32\\lsass.exe","EventReceivedTime":1496946927,"SourceModuleName":"eventlog","SourceModuleType":"im_msvistalog","@version":"1","@timestamp":"2017-06-08T18:35:27.728Z","host":"192.168.0.92","port":53089,"type":"windows","tags":["json"]}
{"EventTime":"2017-06-08 13:35:33","Hostname":"DC01.sec555.com","Keywords":-9214364837600034816,"EventType":"AUDIT_SUCCESS","SeverityValue":2,"Severity":"INFO","EventID":4672,"SourceName":"Microsoft-Windows-Security-Auditing","ProviderGuid":"{54849625-5478-4994-A5BA-3E3B0328C30D}","Version":0,"Task":12548,"OpcodeValue":0,"RecordNumber":549576,"ProcessID":536,"ThreadID":3228,"Channel":"Security","Message":"Special privileges assigned to new logon.\r\n\r\nSubject:\r\n\tSecurity ID:\t\tS-1-5-18\r\n\tAccount Name:\t\tDC01$\r\n\tAccount Domain:\t\tSEC555\r\n\tLogon ID:\t\t0xD3D0C3\r\n\r\nPrivileges:\t\tSeSecurityPrivilege\r\n\t\t\tSeBackupPrivilege\r\n\t\t\tSeRestorePrivilege\r\n\t\t\tSeTakeOwnershipPrivilege\r\n\t\t\tSeDebugPrivilege\r\n\t\t\tSeSystemEnvironmentPrivilege\r\n\t\t\tSeLoadDriverPrivilege\r\n\t\t\tSeImpersonatePrivilege\r\n\t\t\tSeEnableDelegationPrivilege","Category":"Special Logon","Opcode":"Info","SubjectUserSid":"S-1-5-18","SubjectUserName":"DC01$","SubjectDomainName":"SEC555","SubjectLogonId":"0xd3d0c3","PrivilegeList":"SeSecurityPrivilege\r\n\t\t\tSeBackupPrivilege\r\n\t\t\tSeRestorePrivilege\r\n\t\t\tSeTakeOwnershipPrivilege\r\n\t\t\tSeDebugPrivilege\r\n\t\t\tSeSystemEnvironmentPrivilege\r\n\t\t\tSeLoadDriverPrivilege\r\n\t\t\tSeImpersonatePrivilege\r\n\t\t\tSeEnableDelegationPrivilege","EventReceivedTime":1496946935,"SourceModuleName":"eventlog","SourceModuleType":"im_msvistalog","@version":"1","@timestamp":"2017-06-08T18:35:35.524Z","host":"10.5.55.2","port":59643,"type":"windows","tags":["json"]}
{"EventTime":"2017-06-08 13:35:33","Hostname":"DC01.sec555.com","Keywords":-9214364837600034816,"EventType":"AUDIT_SUCCESS","SeverityValue":2,"Severity":"INFO","EventID":4624,"SourceName":"Microsoft-Windows-Security-Auditing","ProviderGuid":"{54849625-5478-4994-A5BA-3E3B0328C30D}","Version":1,"Task":12544,"OpcodeValue":0,"RecordNumber":549577,"ProcessID":536,"ThreadID":3228,"Channel":"Security","Message":"An account was successfully logged on.\r\n\r\nSubject:\r\n\tSecurity ID:\t\tS-1-0-0\r\n\tAccount Name:\t\t-\r\n\tAccount Domain:\t\t-\r\n\tLogon ID:\t\t0x0\r\n\r\nLogon Type:\t\t\t3\r\n\r\nImpersonation Level:\t\tImpersonation\r\n\r\nNew Logon:\r\n\tSecurity ID:\t\tS-1-5-18\r\n\tAccount Name:\t\tDC01$\r\n\tAccount Domain:\t\tSEC555\r\n\tLogon ID:\t\t0xD3D0C3\r\n\tLogon GUID:\t\t{F2745349-6DDC-9FD6-ACEB-A0F80B1630E4}\r\n\r\nProcess Information:\r\n\tProcess ID:\t\t0x0\r\n\tProcess Name:\t\t-\r\n\r\nNetwork Information:\r\n\tWorkstation Name:\t\r\n\tSource Network Address:\t::1\r\n\tSource Port:\t\t59653\r\n\r\nDetailed Authentication Information:\r\n\tLogon Process:\t\tKerberos\r\n\tAuthentication Package:\tKerberos\r\n\tTransited Services:\t-\r\n\tPackage Name (NTLM only):\t-\r\n\tKey Length:\t\t0\r\n\r\nThis event is generated when a logon session is created. It is generated on the computer that was accessed.\r\n\r\nThe subject fields indicate the account on the local system which requested the logon. This is most commonly a service such as the Server service, or a local process such as Winlogon.exe or Services.exe.\r\n\r\nThe logon type field indicates the kind of logon that occurred. The most common types are 2 (interactive) and 3 (network).\r\n\r\nThe New Logon fields indicate the account for whom the new logon was created, i.e. the account that was logged on.\r\n\r\nThe network fields indicate where a remote logon request originated. Workstation name is not always available and may be left blank in some cases.\r\n\r\nThe impersonation level field indicates the extent to which a process in the logon session can impersonate.\r\n\r\nThe authentication information fields provide detailed information about this specific logon request.\r\n\t- Logon GUID is a unique identifier that can be used to correlate this event with a KDC event.\r\n\t- Transited services indicate which intermediate services have participated in this logon request.\r\n\t- Package name indicates which sub-protocol was used among the NTLM protocols.\r\n\t- Key length indicates the length of the generated session key. This will be 0 if no session key was requested.","Category":"Logon","Opcode":"Info","SubjectUserSid":"S-1-0-0","SubjectUserName":"-","SubjectDomainName":"-","SubjectLogonId":"0x0","TargetUserSid":"S-1-5-18","TargetUserName":"DC01$","TargetDomainName":"SEC555","TargetLogonId":"0xd3d0c3","LogonType":"3","LogonProcessName":"Kerberos","AuthenticationPackageName":"Kerberos","LogonGuid":"{F2745349-6DDC-9FD6-ACEB-A0F80B1630E4}","TransmittedServices":"-","LmPackageName":"-","KeyLength":"0","ProcessName":"-","IpAddress":"::1","IpPort":"59653","ImpersonationLevel":"%%1833","EventReceivedTime":1496946935,"SourceModuleName":"eventlog","SourceModuleType":"im_msvistalog","@version":"1","@timestamp":"2017-06-08T18:35:35.525Z","host":"10.5.55.2","port":59643,"type":"windows","tags":["json"]}
{"EventTime":"2017-06-08 13:35:33","Hostname":"DC01.sec555.com","Keywords":-9214364837600034816,"EventType":"AUDIT_SUCCESS","SeverityValue":2,"Severity":"INFO","EventID":4634,"SourceName":"Microsoft-Windows-Security-Auditing","ProviderGuid":"{54849625-5478-4994-A5BA-3E3B0328C30D}","Version":0,"Task":12545,"OpcodeValue":0,"RecordNumber":549578,"ProcessID":536,"ThreadID":3544,"Channel":"Security","Message":"An account was logged off.\r\n\r\nSubject:\r\n\tSecurity ID:\t\tS-1-5-18\r\n\tAccount Name:\t\tDC01$\r\n\tAccount Domain:\t\tSEC555\r\n\tLogon ID:\t\t0xD3D0C3\r\n\r\nLogon Type:\t\t\t3\r\n\r\nThis event is generated when a logon session is destroyed. It may be positively correlated with a logon event using the Logon ID value. Logon IDs are only unique between reboots on the same computer.","Category":"Logoff","Opcode":"Info","TargetUserSid":"S-1-5-18","TargetUserName":"DC01$","TargetDomainName":"SEC555","TargetLogonId":"0xd3d0c3","LogonType":"3","EventReceivedTime":1496946935,"SourceModuleName":"eventlog","SourceModuleType":"im_msvistalog","@version":"1","@timestamp":"2017-06-08T18:35:35.526Z","host":"10.5.55.2","port":59643,"type":"windows","tags":["json"]}
{"EventTime":"2017-06-08 13:35:37","Hostname":"DC02.sec555.com","Keywords":-9214364837600034816,"EventType":"AUDIT_SUCCESS","SeverityValue":2,"Severity":"INFO","EventID":4672,"SourceName":"Microsoft-Windows-Security-Auditing","ProviderGuid":"{54849625-5478-4994-A5BA-3E3B0328C30D}","Version":0,"Task":12548,"OpcodeValue":0,"RecordNumber":396495,"ProcessID":572,"ThreadID":1672,"Channel":"Security","Message":"Special privileges assigned to new logon.\r\n\r\nSubject:\r\n\tSecurity ID:\t\tS-1-5-18\r\n\tAccount Name:\t\tDC02$\r\n\tAccount Domain:\t\tSEC555\r\n\tLogon ID:\t\t0xFB2314\r\n\r\nPrivileges:\t\tSeSecurityPrivilege\r\n\t\t\tSeBackupPrivilege\r\n\t\t\tSeRestorePrivilege\r\n\t\t\tSeTakeOwnershipPrivilege\r\n\t\t\tSeDebugPrivilege\r\n\t\t\tSeSystemEnvironmentPrivilege\r\n\t\t\tSeLoadDriverPrivilege\r\n\t\t\tSeImpersonatePrivilege\r\n\t\t\tSeDelegateSessionUserImpersonatePrivilege\r\n\t\t\tSeEnableDelegationPrivilege","Category":"Special Logon","Opcode":"Info","SubjectUserSid":"S-1-5-18","SubjectUserName":"DC02$","SubjectDomainName":"SEC555","SubjectLogonId":"0xfb2314","PrivilegeList":"SeSecurityPrivilege\r\n\t\t\tSeBackupPrivilege\r\n\t\t\tSeRestorePrivilege\r\n\t\t\tSeTakeOwnershipPrivilege\r\n\t\t\tSeDebugPrivilege\r\n\t\t\tSeSystemEnvironmentPrivilege\r\n\t\t\tSeLoadDriverPrivilege\r\n\t\t\tSeImpersonatePrivilege\r\n\t\t\tSeDelegateSessionUserImpersonatePrivilege\r\n\t\t\tSeEnableDelegationPrivilege","EventReceivedTime":1496946938,"SourceModuleName":"eventlog","SourceModuleType":"im_msvistalog","@version":"1","@timestamp":"2017-06-08T18:35:38.497Z","host":"10.5.55.3","port":62092,"type":"windows","tags":["json"]}
{"EventTime":"2017-06-08 13:35:37","Hostname":"DC02.sec555.com","Keywords":-9214364837600034816,"EventType":"AUDIT_SUCCESS","SeverityValue":2,"Severity":"INFO","EventID":4624,"SourceName":"Microsoft-Windows-Security-Auditing","ProviderGuid":"{54849625-5478-4994-A5BA-3E3B0328C30D}","Version":2,"Task":12544,"OpcodeValue":0,"RecordNumber":396496,"ProcessID":572,"ThreadID":1672,"Channel":"Security","Message":"An account was successfully logged on.\r\n\r\nSubject:\r\n\tSecurity ID:\t\tS-1-0-0\r\n\tAccount Name:\t\t-\r\n\tAccount Domain:\t\t-\r\n\tLogon ID:\t\t0x0\r\n\r\nLogon Information:\r\n\tLogon Type:\t\t3\r\n\tRestricted Admin Mode:\t-\r\n\tVirtual Account:\t\tNo\r\n\tElevated Token:\t\tYes\r\n\r\nImpersonation Level:\t\tImpersonation\r\n\r\nNew Logon:\r\n\tSecurity ID:\t\tS-1-5-18\r\n\tAccount Name:\t\tDC02$\r\n\tAccount Domain:\t\tSEC555.COM\r\n\tLogon ID:\t\t0xFB2314\r\n\tLinked Logon ID:\t\t0x0\r\n\tNetwork Account Name:\t-\r\n\tNetwork Account Domain:\t-\r\n\tLogon GUID:\t\t{6B3C4A7A-9DB7-5429-B063-384820A4FAA7}\r\n\r\nProcess Information:\r\n\tProcess ID:\t\t0x0\r\n\tProcess Name:\t\t-\r\n\r\nNetwork Information:\r\n\tWorkstation Name:\t\r\n\tSource Network Address:\t::1\r\n\tSource Port:\t\t62099\r\n\r\nDetailed Authentication Information:\r\n\tLogon Process:\t\tKerberos\r\n\tAuthentication Package:\tKerberos\r\n\tTransited Services:\t-\r\n\tPackage Name (NTLM only):\t-\r\n\tKey Length:\t\t0\r\n\r\nThis event is generated when a logon session is created. It is generated on the computer that was accessed.\r\n\r\nThe subject fields indicate the account on the local system which requested the logon. This is most commonly a service such as the Server service, or a local process such as Winlogon.exe or Services.exe.\r\n\r\nThe logon type field indicates the kind of logon that occurred. The most common types are 2 (interactive) and 3 (network).\r\n\r\nThe New Logon fields indicate the account for whom the new logon was created, i.e. the account that was logged on.\r\n\r\nThe network fields indicate where a remote logon request originated. Workstation name is not always available and may be left blank in some cases.\r\n\r\nThe impersonation level field indicates the extent to which a process in the logon session can impersonate.\r\n\r\nThe authentication information fields provide detailed information about this specific logon request.\r\n\t- Logon GUID is a unique identifier that can be used to correlate this event with a KDC event.\r\n\t- Transited services indicate which intermediate services have participated in this logon request.\r\n\t- Package name indicates which sub-protocol was used among the NTLM protocols.\r\n\t- Key length indicates the length of the generated session key. This will be 0 if no session key was requested.","Category":"Logon","Opcode":"Info","SubjectUserSid":"S-1-0-0","SubjectUserName":"-","SubjectDomainName":"-","SubjectLogonId":"0x0","TargetUserSid":"S-1-5-18","TargetUserName":"DC02$","TargetDomainName":"SEC555.COM","TargetLogonId":"0xfb2314","LogonType":"3","LogonProcessName":"Kerberos","AuthenticationPackageName":"Kerberos","LogonGuid":"{6B3C4A7A-9DB7-5429-B063-384820A4FAA7}","TransmittedServices":"-","LmPackageName":"-","KeyLength":"0","ProcessName":"-","IpAddress":"::1","IpPort":"62099","ImpersonationLevel":"%%1833","RestrictedAdminMode":"-","TargetOutboundUserName":"-","TargetOutboundDomainName":"-","VirtualAccount":"%%1843","TargetLinkedLogonId":"0x0","ElevatedToken":"%%1842","EventReceivedTime":1496946938,"SourceModuleName":"eventlog","SourceModuleType":"im_msvistalog","@version":"1","@timestamp":"2017-06-08T18:35:38.497Z","host":"10.5.55.3","port":62092,"type":"windows","tags":["json"]}
{"EventTime":"2017-06-08 13:35:37","Hostname":"DC02.sec555.com","Keywords":-9214364837600034816,"EventType":"AUDIT_SUCCESS","SeverityValue":2,"Severity":"INFO","EventID":4634,"SourceName":"Microsoft-Windows-Security-Auditing","ProviderGuid":"{54849625-5478-4994-A5BA-3E3B0328C30D}","Version":0,"Task":12545,"OpcodeValue":0,"RecordNumber":396497,"ProcessID":572,"ThreadID":1288,"Channel":"Security","Message":"An account was logged off.\r\n\r\nSubject:\r\n\tSecurity ID:\t\tS-1-5-18\r\n\tAccount Name:\t\tDC02$\r\n\tAccount Domain:\t\tSEC555\r\n\tLogon ID:\t\t0xFB2314\r\n\r\nLogon Type:\t\t\t3\r\n\r\nThis event is generated when a logon session is destroyed. It may be positively correlated with a logon event using the Logon ID value. Logon IDs are only unique between reboots on the same computer.","Category":"Logoff","Opcode":"Info","TargetUserSid":"S-1-5-18","TargetUserName":"DC02$","TargetDomainName":"SEC555","TargetLogonId":"0xfb2314","LogonType":"3","EventReceivedTime":1496946938,"SourceModuleName":"eventlog","SourceModuleType":"im_msvistalog","@version":"1","@timestamp":"2017-06-08T18:35:38.498Z","host":"10.5.55.3","port":62092,"type":"windows","tags":["json"]}
{"EventTime":"2017-06-08 13:35:37","Hostname":"DC02.sec555.com","Keywords":-9214364837600034816,"EventType":"AUDIT_SUCCESS","SeverityValue":2,"Severity":"INFO","EventID":4672,"SourceName":"Microsoft-Windows-Security-Auditing","ProviderGuid":"{54849625-5478-4994-A5BA-3E3B0328C30D}","Version":0,"Task":12548,"OpcodeValue":0,"RecordNumber":396498,"ProcessID":572,"ThreadID":1812,"Channel":"Security","Message":"Special privileges assigned to new logon.\r\n\r\nSubject:\r\n\tSecurity ID:\t\tS-1-5-18\r\n\tAccount Name:\t\tDC02$\r\n\tAccount Domain:\t\tSEC555\r\n\tLogon ID:\t\t0xFB237E\r\n\r\nPrivileges:\t\tSeSecurityPrivilege\r\n\t\t\tSeBackupPrivilege\r\n\t\t\tSeRestorePrivilege\r\n\t\t\tSeTakeOwnershipPrivilege\r\n\t\t\tSeDebugPrivilege\r\n\t\t\tSeSystemEnvironmentPrivilege\r\n\t\t\tSeLoadDriverPrivilege\r\n\t\t\tSeImpersonatePrivilege\r\n\t\t\tSeDelegateSessionUserImpersonatePrivilege\r\n\t\t\tSeEnableDelegationPrivilege","Category":"Special Logon","Opcode":"Info","SubjectUserSid":"S-1-5-18","SubjectUserName":"DC02$","SubjectDomainName":"SEC555","SubjectLogonId":"0xfb237e","PrivilegeList":"SeSecurityPrivilege\r\n\t\t\tSeBackupPrivilege\r\n\t\t\tSeRestorePrivilege\r\n\t\t\tSeTakeOwnershipPrivilege\r\n\t\t\tSeDebugPrivilege\r\n\t\t\tSeSystemEnvironmentPrivilege\r\n\t\t\tSeLoadDriverPrivilege\r\n\t\t\tSeImpersonatePrivilege\r\n\t\t\tSeDelegateSessionUserImpersonatePrivilege\r\n\t\t\tSeEnableDelegationPrivilege","EventReceivedTime":1496946938,"SourceModuleName":"eventlog","SourceModuleType":"im_msvistalog","@version":"1","@timestamp":"2017-06-08T18:35:38.499Z","host":"10.5.55.3","port":62092,"type":"windows","tags":["json"]}
{"EventTime":"2017-06-08 13:35:37","Hostname":"DC02.sec555.com","Keywords":-9214364837600034816,"EventType":"AUDIT_SUCCESS","SeverityValue":2,"Severity":"INFO","EventID":4624,"SourceName":"Microsoft-Windows-Security-Auditing","ProviderGuid":"{54849625-5478-4994-A5BA-3E3B0328C30D}","Version":2,"Task":12544,"OpcodeValue":0,"RecordNumber":396499,"ProcessID":572,"ThreadID":1812,"Channel":"Security","Message":"An account was successfully logged on.\r\n\r\nSubject:\r\n\tSecurity ID:\t\tS-1-0-0\r\n\tAccount Name:\t\t-\r\n\tAccount Domain:\t\t-\r\n\tLogon ID:\t\t0x0\r\n\r\nLogon Information:\r\n\tLogon Type:\t\t3\r\n\tRestricted Admin Mode:\t-\r\n\tVirtual Account:\t\tNo\r\n\tElevated Token:\t\tYes\r\n\r\nImpersonation Level:\t\tImpersonation\r\n\r\nNew Logon:\r\n\tSecurity ID:\t\tS-1-5-18\r\n\tAccount Name:\t\tDC02$\r\n\tAccount Domain:\t\tSEC555.COM\r\n\tLogon ID:\t\t0xFB237E\r\n\tLinked Logon ID:\t\t0x0\r\n\tNetwork Account Name:\t-\r\n\tNetwork Account Domain:\t-\r\n\tLogon GUID:\t\t{6B3C4A7A-9DB7-5429-B063-384820A4FAA7}\r\n\r\nProcess Information:\r\n\tProcess ID:\t\t0x0\r\n\tProcess Name:\t\t-\r\n\r\nNetwork Information:\r\n\tWorkstation Name:\t\r\n\tSource Network Address:\t::1\r\n\tSource Port:\t\t62100\r\n\r\nDetailed Authentication Information:\r\n\tLogon Process:\t\tKerberos\r\n\tAuthentication Package:\tKerberos\r\n\tTransited Services:\t-\r\n\tPackage Name (NTLM only):\t-\r\n\tKey Length:\t\t0\r\n\r\nThis event is generated when a logon session is created. It is generated on the computer that was accessed.\r\n\r\nThe subject fields indicate the account on the local system which requested the logon. This is most commonly a service such as the Server service, or a local process such as Winlogon.exe or Services.exe.\r\n\r\nThe logon type field indicates the kind of logon that occurred. The most common types are 2 (interactive) and 3 (network).\r\n\r\nThe New Logon fields indicate the account for whom the new logon was created, i.e. the account that was logged on.\r\n\r\nThe network fields indicate where a remote logon request originated. Workstation name is not always available and may be left blank in some cases.\r\n\r\nThe impersonation level field indicates the extent to which a process in the logon session can impersonate.\r\n\r\nThe authentication information fields provide detailed information about this specific logon request.\r\n\t- Logon GUID is a unique identifier that can be used to correlate this event with a KDC event.\r\n\t- Transited services indicate which intermediate services have participated in this logon request.\r\n\t- Package name indicates which sub-protocol was used among the NTLM protocols.\r\n\t- Key length indicates the length of the generated session key. This will be 0 if no session key was requested.","Category":"Logon","Opcode":"Info","SubjectUserSid":"S-1-0-0","SubjectUserName":"-","SubjectDomainName":"-","SubjectLogonId":"0x0","TargetUserSid":"S-1-5-18","TargetUserName":"DC02$","TargetDomainName":"SEC555.COM","TargetLogonId":"0xfb237e","LogonType":"3","LogonProcessName":"Kerberos","AuthenticationPackageName":"Kerberos","LogonGuid":"{6B3C4A7A-9DB7-5429-B063-384820A4FAA7}","TransmittedServices":"-","LmPackageName":"-","KeyLength":"0","ProcessName":"-","IpAddress":"::1","IpPort":"62100","ImpersonationLevel":"%%1833","RestrictedAdminMode":"-","TargetOutboundUserName":"-","TargetOutboundDomainName":"-","VirtualAccount":"%%1843","TargetLinkedLogonId":"0x0","ElevatedToken":"%%1842","EventReceivedTime":1496946938,"SourceModuleName":"eventlog","SourceModuleType":"im_msvistalog","@version":"1","@timestamp":"2017-06-08T18:35:38.499Z","host":"10.5.55.3","port":62092,"type":"windows","tags":["json"]}
{"EventTime":"2017-06-08 13:35:37","Hostname":"DC02.sec555.com","Keywords":-9214364837600034816,"EventType":"AUDIT_SUCCESS","SeverityValue":2,"Severity":"INFO","EventID":4634,"SourceName":"Microsoft-Windows-Security-Auditing","ProviderGuid":"{54849625-5478-4994-A5BA-3E3B0328C30D}","Version":0,"Task":12545,"OpcodeValue":0,"RecordNumber":396500,"ProcessID":572,"ThreadID":1288,"Channel":"Security","Message":"An account was logged off.\r\n\r\nSubject:\r\n\tSecurity ID:\t\tS-1-5-18\r\n\tAccount Name:\t\tDC02$\r\n\tAccount Domain:\t\tSEC555\r\n\tLogon ID:\t\t0xFB237E\r\n\r\nLogon Type:\t\t\t3\r\n\r\nThis event is generated when a logon session is destroyed. It may be positively correlated with a logon event using the Logon ID value. Logon IDs are only unique between reboots on the same computer.","Category":"Logoff","Opcode":"Info","TargetUserSid":"S-1-5-18","TargetUserName":"DC02$","TargetDomainName":"SEC555","TargetLogonId":"0xfb237e","LogonType":"3","EventReceivedTime":1496946938,"SourceModuleName":"eventlog","SourceModuleType":"im_msvistalog","@version":"1","@timestamp":"2017-06-08T18:35:38.500Z","host":"10.5.55.3","port":62092,"type":"windows","tags":["json"]}
{"EventTime":"2017-06-08 13:35:44","Hostname":"DC02.sec555.com","Keywords":-9214364837600034816,"EventType":"AUDIT_SUCCESS","SeverityValue":2,"Severity":"INFO","EventID":4672,"SourceName":"Microsoft-Windows-Security-Auditing","ProviderGuid":"{54849625-5478-4994-A5BA-3E3B0328C30D}","Version":0,"Task":12548,"OpcodeValue":0,"RecordNumber":396501,"ProcessID":572,"ThreadID":1812,"Channel":"Security","Message":"Special privileges assigned to new logon.\r\n\r\nSubject:\r\n\tSecurity ID:\t\tS-1-5-18\r\n\tAccount Name:\t\tDC02$\r\n\tAccount Domain:\t\tSEC555\r\n\tLogon ID:\t\t0xFB2935\r\n\r\nPrivileges:\t\tSeSecurityPrivilege\r\n\t\t\tSeBackupPrivilege\r\n\t\t\tSeRestorePrivilege\r\n\t\t\tSeTakeOwnershipPrivilege\r\n\t\t\tSeDebugPrivilege\r\n\t\t\tSeSystemEnvironmentPrivilege\r\n\t\t\tSeLoadDriverPrivilege\r\n\t\t\tSeImpersonatePrivilege\r\n\t\t\tSeDelegateSessionUserImpersonatePrivilege\r\n\t\t\tSeEnableDelegationPrivilege","Category":"Special Logon","Opcode":"Info","SubjectUserSid":"S-1-5-18","SubjectUserName":"DC02$","SubjectDomainName":"SEC555","SubjectLogonId":"0xfb2935","PrivilegeList":"SeSecurityPrivilege\r\n\t\t\tSeBackupPrivilege\r\n\t\t\tSeRestorePrivilege\r\n\t\t\tSeTakeOwnershipPrivilege\r\n\t\t\tSeDebugPrivilege\r\n\t\t\tSeSystemEnvironmentPrivilege\r\n\t\t\tSeLoadDriverPrivilege\r\n\t\t\tSeImpersonatePrivilege\r\n\t\t\tSeDelegateSessionUserImpersonatePrivilege\r\n\t\t\tSeEnableDelegationPrivilege","EventReceivedTime":1496946945,"SourceModuleName":"eventlog","SourceModuleType":"im_msvistalog","@version":"1","@timestamp":"2017-06-08T18:35:45.573Z","host":"10.5.55.3","port":62092,"type":"windows","tags":["json"]}
