{"EventTime":"2017-06-08 13:38:21","Hostname":"DC02.sec555.com","Keywords":4611686018427387904,"EventType":"INFO","SeverityValue":2,"Severity":"INFO","EventID":5257,"SourceName":"Microsoft-Windows-GroupPolicy","ProviderGuid":"{AEA1B4FA-97D1-45F2-A64C-4D69FFFD92C9}","Version":0,"Task":0,"OpcodeValue":0,"RecordNumber":265046,"ActivityID":"{2A02A6B2-A5D6-453A-87A0-47C369E53C7B}","ProcessID":1240,"ThreadID":3876,"Channel":"Microsoft-Windows-GroupPolicy/Operational","Domain":"NT AUTHORITY","AccountName":"SYSTEM","UserID":"S-1-5-18","AccountType":"User","Message":"Successfully completed downloading policies.","Opcode":"Info","IsMachine":"true","PolicyDownloadTimeElapsedInMilliseconds":"328","EventReceivedTime":1496947102,"SourceModuleName":"eventlog","SourceModuleType":"im_msvistalog","@version":"1","@timestamp":"2017-06-08T18:38:21.991Z","host":"10.5.55.3","port":62092,"type":"windows","tags":["json"]}
{"EventTime":"2017-06-08 13:38:21","Hostname":"DC02.sec555.com","Keywords":4611686018427387904,"EventType":"INFO","SeverityValue":2,"Severity":"INFO","EventID":5126,"SourceName":"Microsoft-Windows-GroupPolicy","ProviderGuid":"{AEA1B4FA-97D1-45F2-A64C-4D69FFFD92C9}","Version":0,"Task":0,"OpcodeValue":0,"RecordNumber":265047,"ActivityID":"{2A02A6B2-A5D6-453A-87A0-47C369E53C7B}","ProcessID":1240,"ThreadID":3876,"Channel":"Microsoft-Windows-GroupPolicy/Operational","Domain":"NT AUTHORITY","AccountName":"SYSTEM","UserID":"S-1-5-18","AccountType":"User","Message":"Group Policy successfully got applicable GPOs from the domain controller.","Opcode":"Info","IsMachine":"true","IsBackgroundProcessing":"true","IsAsyncProcessing":"false","NumberOfGPOsDownloaded":"7","NumberOfGPOsApplicable":"0","GPODownloadTimeElapsedInMilliseconds":"328","EventReceivedTime":1496947102,"SourceModuleName":"eventlog","SourceModuleType":"im_msvistalog","@version":"1","@timestamp":"2017-06-08T18:38:21.992Z","host":"10.5.55.3","port":62092,"type":"windows","tags":["json"]}
{"EventTime":"2017-06-08 13:38:21","Hostname":"DC02.sec555.com","Keywords":4611686018427387904,"EventType":"INFO","SeverityValue":2,"Severity":"INFO","EventID":5312,"SourceName":"Microsoft-Windows-GroupPolicy","ProviderGuid":"{AEA1B4FA-97D1-45F2-A64C-4D69FFFD92C9}","Version":0,"Task":0,"OpcodeValue":0,"RecordNumber":265048,"ActivityID":"{2A02A6B2-A5D6-453A-87A0-47C369E53C7B}","ProcessID":1240,"ThreadID":3876,"Channel":"Microsoft-Windows-GroupPolicy/Operational","Domain":"NT AUTHORITY","AccountName":"SYSTEM","UserID":"S-1-5-18","AccountType":"User","Message":"List of applicable Group Policy objects: \r\n\r\nTripewire Audit\nDefault Domain Policy\nDefault Domain Controllers Policy\nWSUS Settings\nDisable Windows Defender\nDisable Chatty Services\nLog Settings\n","Opcode":"Info","DescriptionString":"Tripewire Audit\nDefault Domain Policy\nDefault Domain Controllers Policy\nWSUS Settings\nDisable Windows Defender\nDisable Chatty Services\nLog Settings\n","GPOInfoList":"&lt;GPO ID=\"{ADEFF9F3-94F1-4F60-B86A-EA3ECE588D44}\"&gt;&lt;Name&gt;Tripewire Audit&lt;/Name&gt;&lt;Version&gt;786444&lt;/Version&gt;&lt;SOM&gt;LDAP://DC=sec555,DC=com&lt;/SOM&gt;&lt;FSPath&gt;\\\\sec555.com\\SysVol\\sec555.com\\Policies\\{ADEFF9F3-94F1-4F60-B86A-EA3ECE588D44}\\Machine&lt;/FSPath&gt;&lt;Extensions&gt;[{00000000-0000-0000-0000-000000000000}{3BAE7E51-E3F4-41D0-853D-9BB9FD47605F}{3EC4E9D3-714D-471F-88DC-4DD4471AAB47}][{6232C319-91AC-4931-9385-E70C2B099F0E}{3EC4E9D3-714D-471F-88DC-4DD4471AAB47}][{7150F9BF-48AD-4DA4-A49C-29EF4A8369BA}{3BAE7E51-E3F4-41D0-853D-9BB9FD47605F}][{827D319E-6EAC-11D2-A4EA-00C04F79F83A}{803E14A0-B4FB-11D0-A0D0-00A0C90F574B}]&lt;/Extensions&gt;&lt;/GPO&gt;&lt;GPO ID=\"{31B2F340-016D-11D2-945F-00C04FB984F9}\"&gt;&lt;Name&gt;Default Domain Policy&lt;/Name&gt;&lt;Version&gt;1310740&lt;/Version&gt;&lt;SOM&gt;LDAP://DC=sec555,DC=com&lt;/SOM&gt;&lt;FSPath&gt;\\\\sec555.com\\sysvol\\sec555.com\\Policies\\{31B2F340-016D-11D2-945F-00C04FB984F9}\\Machine&lt;/FSPath&gt;&lt;Extensions&gt;[{35378EAC-683F-11D2-A89A-00C04FBBCFA2}{53D6AB1B-2488-11D1-A28C-00C04FB94F17}{53D6AB1D-2488-11D1-A28C-00C04FB94F17}][{827D319E-6EAC-11D2-A4EA-00C04F79F83A}{803E14A0-B4FB-11D0-A0D0-00A0C90F574B}][{B1BE8D72-6EAC-11D2-A4EA-00C04F79F83A}{53D6AB1B-2488-11D1-A28C-00C04FB94F17}{53D6AB1D-2488-11D1-A28C-00C04FB94F17}]&lt;/Extensions&gt;&lt;/GPO&gt;&lt;GPO ID=\"{6AC1786C-016F-11D2-945F-00C04fB984F9}\"&gt;&lt;Name&gt;Default Domain Controllers Policy&lt;/Name&gt;&lt;Version&gt;196611&lt;/Version&gt;&lt;SOM&gt;LDAP://OU=Domain Controllers,DC=sec555,DC=com&lt;/SOM&gt;&lt;FSPath&gt;\\\\sec555.com\\sysvol\\sec555.com\\Policies\\{6AC1786C-016F-11D2-945F-00C04fB984F9}\\Machine&lt;/FSPath&gt;&lt;Extensions&gt;[{35378EAC-683F-11D2-A89A-00C04FBBCFA2}{53D6AB1D-2488-11D1-A28C-00C04FB94F17}][{827D319E-6EAC-11D2-A4EA-00C04F79F83A}{803E14A0-B4FB-11D0-A0D0-00A0C90F574B}][{B1BE8D72-6EAC-11D2-A4EA-00C04F79F83A}{53D6AB1D-2488-11D1-A28C-00C04FB94F17}]&lt;/Extensions&gt;&lt;/GPO&gt;&lt;GPO ID=\"{32EDD69B-CA4B-4FD7-A5A2-5320F9582C71}\"&gt;&lt;Name&gt;WSUS Settings&lt;/Name&gt;&lt;Version&gt;589833&lt;/Version&gt;&lt;SOM&gt;LDAP://DC=sec555,DC=com&lt;/SOM&gt;&lt;FSPath&gt;\\\\sec555.com\\SysVol\\sec555.com\\Policies\\{32EDD69B-CA4B-4FD7-A5A2-5320F9582C71}\\Machine&lt;/FSPath&gt;&lt;Extensions&gt;[{35378EAC-683F-11D2-A89A-00C04FBBCFA2}{D02B1F72-3407-48AE-BA88-E8213C6761F1}]&lt;/Extensions&gt;&lt;/GPO&gt;&lt;GPO ID=\"{9B4E449B-6CA9-4139-AC75-D1E5BAB74398}\"&gt;&lt;Name&gt;Disable Windows Defender&lt;/Name&gt;&lt;Version&gt;458759&lt;/Version&gt;&lt;SOM&gt;LDAP://DC=sec555,DC=com&lt;/SOM&gt;&lt;FSPath&gt;\\\\sec555.com\\SysVol\\sec555.com\\Policies\\{9B4E449B-6CA9-4139-AC75-D1E5BAB74398}\\Machine&lt;/FSPath&gt;&lt;Extensions&gt;[{35378EAC-683F-11D2-A89A-00C04FBBCFA2}{D02B1F72-3407-48AE-BA88-E8213C6761F1}]&lt;/Extensions&gt;&lt;/GPO&gt;&lt;GPO ID=\"{A8751201-C09D-4169-9695-CF971D4E7590}\"&gt;&lt;Name&gt;Disable Chatty Services&lt;/Name&gt;&lt;Version&gt;589833&lt;/Version&gt;&lt;SOM&gt;LDAP://DC=sec555,DC=com&lt;/SOM&gt;&lt;FSPath&gt;\\\\sec555.com\\SysVol\\sec555.com\\Policies\\{A8751201-C09D-4169-9695-CF971D4E7590}\\Machine&lt;/FSPath&gt;&lt;Extensions&gt;[{00000000-0000-0000-0000-000000000000}{CC5746A9-9B74-4BE5-AE2E-64379C86E0E4}][{35378EAC-683F-11D2-A89A-00C04FBBCFA2}{D02B1F72-3407-48AE-BA88-E8213C6761F1}][{91FBB303-0CD5-4055-BF42-E512A681B325}{CC5746A9-9B74-4BE5-AE2E-64379C86E0E4}]&lt;/Extensions&gt;&lt;/GPO&gt;&lt;GPO ID=\"{133B1BD9-9743-40BD-8556-BCB1E0E5A3E1}\"&gt;&lt;Name&gt;Log Settings&lt;/Name&gt;&lt;Version&gt;327685&lt;/Version&gt;&lt;SOM&gt;LDAP://DC=sec555,DC=com&lt;/SOM&gt;&lt;FSPath&gt;\\\\sec555.com\\SysVol\\sec555.com\\Policies\\{133B1BD9-9743-40BD-8556-BCB1E0E5A3E1}\\Machine&lt;/FSPath&gt;&lt;Extensions&gt;[{35378EAC-683F-11D2-A89A-00C04FBBCFA2}{D02B1F72-3407-48AE-BA88-E8213C6761F1}][{F3CCC681-B74C-4060-9F26-CD84525DCA2A}{0F3F3735-573D-9804-99E4-AB2A69BA5FD4}]&lt;/Extensions&gt;&lt;/GPO&gt;","EventReceivedTime":1496947102,"SourceModuleName":"eventlog","SourceModuleType":"im_msvistalog","@version":"1","@timestamp":"2017-06-08T18:38:21.996Z","host":"10.5.55.3","port":62092,"type":"windows","tags":["json"]}
{"EventTime":"2017-06-08 13:38:21","Hostname":"DC02.sec555.com","Keywords":4611686018427387904,"EventType":"INFO","SeverityValue":2,"Severity":"INFO","EventID":5313,"SourceName":"Microsoft-Windows-GroupPolicy","ProviderGuid":"{AEA1B4FA-97D1-45F2-A64C-4D69FFFD92C9}","Version":0,"Task":0,"OpcodeValue":0,"RecordNumber":265049,"ActivityID":"{2A02A6B2-A5D6-453A-87A0-47C369E53C7B}","ProcessID":1240,"ThreadID":3876,"Channel":"Microsoft-Windows-GroupPolicy/Operational","Domain":"NT AUTHORITY","AccountName":"SYSTEM","UserID":"S-1-5-18","AccountType":"User","Message":"The following Group Policy objects were not applicable because they were filtered out : \r\n\r\nLocal Group Policy\n\tNot Applied (Empty)\n","Opcode":"Info","DescriptionString":"Local Group Policy\n\tNot Applied (Empty)\n","GPOInfoList":"&lt;GPO ID=\"Local Group Policy\"&gt;&lt;Name&gt;Local Group Policy&lt;/Name&gt;&lt;Version&gt;0&lt;/Version&gt;&lt;SOM&gt;Local&lt;/SOM&gt;&lt;FSPath&gt;C:\\Windows\\System32\\GroupPolicy\\Machine&lt;/FSPath&gt;&lt;Reason&gt;NOTAPPLIED-EMPTY&lt;/Reason&gt;&lt;/GPO&gt;","EventReceivedTime":1496947102,"SourceModuleName":"eventlog","SourceModuleType":"im_msvistalog","@version":"1","@timestamp":"2017-06-08T18:38:21.997Z","host":"10.5.55.3","port":62092,"type":"windows","tags":["json"]}
{"EventTime":"2017-06-08 13:38:21","Hostname":"DC02.sec555.com","Keywords":4611686018427387904,"EventType":"INFO","SeverityValue":2,"Severity":"INFO","EventID":5320,"SourceName":"Microsoft-Windows-GroupPolicy","ProviderGuid":"{AEA1B4FA-97D1-45F2-A64C-4D69FFFD92C9}","Version":0,"Task":0,"OpcodeValue":0,"RecordNumber":265050,"ActivityID":"{2A02A6B2-A5D6-453A-87A0-47C369E53C7B}","ProcessID":1240,"ThreadID":3876,"Channel":"Microsoft-Windows-GroupPolicy/Operational","Domain":"NT AUTHORITY","AccountName":"SYSTEM","UserID":"S-1-5-18","AccountType":"User","Message":"Checking for Group Policy client extensions that are not part of the system.","Opcode":"Info","InfoDescription":"%%4161","EventReceivedTime":1496947102,"SourceModuleName":"eventlog","SourceModuleType":"im_msvistalog","@version":"1","@timestamp":"2017-06-08T18:38:21.997Z","host":"10.5.55.3","port":62092,"type":"windows","tags":["json"]}
{"EventTime":"2017-06-08 13:38:21","Hostname":"DC02.sec555.com","Keywords":4611686018427387904,"EventType":"INFO","SeverityValue":2,"Severity":"INFO","EventID":5320,"SourceName":"Microsoft-Windows-GroupPolicy","ProviderGuid":"{AEA1B4FA-97D1-45F2-A64C-4D69FFFD92C9}","Version":0,"Task":0,"OpcodeValue":0,"RecordNumber":265051,"ActivityID":"{2A02A6B2-A5D6-453A-87A0-47C369E53C7B}","ProcessID":1240,"ThreadID":3876,"Channel":"Microsoft-Windows-GroupPolicy/Operational","Domain":"NT AUTHORITY","AccountName":"SYSTEM","UserID":"S-1-5-18","AccountType":"User","Message":"Service configuration update to standalone is not required and will be skipped.","Opcode":"Info","InfoDescription":"%%4163","EventReceivedTime":1496947102,"SourceModuleName":"eventlog","SourceModuleType":"im_msvistalog","@version":"1","@timestamp":"2017-06-08T18:38:21.997Z","host":"10.5.55.3","port":62092,"type":"windows","tags":["json"]}
{"EventTime":"2017-06-08 13:38:21","Hostname":"DC02.sec555.com","Keywords":4611686018427387904,"EventType":"INFO","SeverityValue":2,"Severity":"INFO","EventID":5320,"SourceName":"Microsoft-Windows-GroupPolicy","ProviderGuid":"{AEA1B4FA-97D1-45F2-A64C-4D69FFFD92C9}","Version":0,"Task":0,"OpcodeValue":0,"RecordNumber":265052,"ActivityID":"{2A02A6B2-A5D6-453A-87A0-47C369E53C7B}","ProcessID":1240,"ThreadID":3876,"Channel":"Microsoft-Windows-GroupPolicy/Operational","Domain":"NT AUTHORITY","AccountName":"SYSTEM","UserID":"S-1-5-18","AccountType":"User","Message":"Finished checking for non-system extensions.","Opcode":"Info","InfoDescription":"%%4165","EventReceivedTime":1496947102,"SourceModuleName":"eventlog","SourceModuleType":"im_msvistalog","@version":"1","@timestamp":"2017-06-08T18:38:21.997Z","host":"10.5.55.3","port":62092,"type":"windows","tags":["json"]}
{"EventTime":"2017-06-08 13:38:21","Hostname":"DC02.sec555.com","Keywords":4611686018427387904,"EventType":"INFO","SeverityValue":2,"Severity":"INFO","EventID":4016,"SourceName":"Microsoft-Windows-GroupPolicy","ProviderGuid":"{AEA1B4FA-97D1-45F2-A64C-4D69FFFD92C9}","Version":0,"Task":0,"OpcodeValue":1,"RecordNumber":265053,"ActivityID":"{2A02A6B2-A5D6-453A-87A0-47C369E53C7B}","ProcessID":1240,"ThreadID":3876,"Channel":"Microsoft-Windows-GroupPolicy/Operational","Domain":"NT AUTHORITY","AccountName":"SYSTEM","UserID":"S-1-5-18","AccountType":"User","Message":"Starting Group Policy Folders Extension Processing. \r\n\r\nList of applicable Group Policy objects: (No changes were detected.)\r\n\r\nTripewire Audit\n","Opcode":"Start","CSEExtensionId":"{6232C319-91AC-4931-9385-E70C2B099F0E}","CSEExtensionName":"Group Policy Folders","IsExtensionAsyncProcessing":"true","IsGPOListChanged":"false","GPOListStatusString":"%%4101","DescriptionString":"Tripewire Audit\n","ApplicableGPOList":"&lt;GPO ID=\"{ADEFF9F3-94F1-4F60-B86A-EA3ECE588D44}\"&gt;&lt;Name&gt;Tripewire Audit&lt;/Name&gt;&lt;/GPO&gt;","EventReceivedTime":1496947102,"SourceModuleName":"eventlog","SourceModuleType":"im_msvistalog","@version":"1","@timestamp":"2017-06-08T18:38:21.998Z","host":"10.5.55.3","port":62092,"type":"windows","tags":["json"]}
{"EventTime":"2017-06-08 13:38:21","Hostname":"DC02.sec555.com","Keywords":4611686018427387904,"EventType":"INFO","SeverityValue":2,"Severity":"INFO","EventID":5016,"SourceName":"Microsoft-Windows-GroupPolicy","ProviderGuid":"{AEA1B4FA-97D1-45F2-A64C-4D69FFFD92C9}","Version":0,"Task":0,"OpcodeValue":2,"RecordNumber":265054,"ActivityID":"{2A02A6B2-A5D6-453A-87A0-47C369E53C7B}","ProcessID":1240,"ThreadID":3876,"Channel":"Microsoft-Windows-GroupPolicy/Operational","Domain":"NT AUTHORITY","AccountName":"SYSTEM","UserID":"S-1-5-18","AccountType":"User","Message":"Completed Group Policy Folders Extension Processing in 63 milliseconds.","Opcode":"Stop","CSEElaspedTimeInMilliSeconds":"63","ErrorCode":"0","CSEExtensionName":"Group Policy Folders","CSEExtensionId":"{6232C319-91AC-4931-9385-E70C2B099F0E}","EventReceivedTime":1496947102,"SourceModuleName":"eventlog","SourceModuleType":"im_msvistalog","@version":"1","@timestamp":"2017-06-08T18:38:21.998Z","host":"10.5.55.3","port":62092,"type":"windows","tags":["json"]}
{"EventTime":"2017-06-08 13:38:21","Hostname":"DC02.sec555.com","Keywords":4611686018427387904,"EventType":"INFO","SeverityValue":2,"Severity":"INFO","EventID":4016,"SourceName":"Microsoft-Windows-GroupPolicy","ProviderGuid":"{AEA1B4FA-97D1-45F2-A64C-4D69FFFD92C9}","Version":0,"Task":0,"OpcodeValue":1,"RecordNumber":265055,"ActivityID":"{2A02A6B2-A5D6-453A-87A0-47C369E53C7B}","ProcessID":1240,"ThreadID":3876,"Channel":"Microsoft-Windows-GroupPolicy/Operational","Domain":"NT AUTHORITY","AccountName":"SYSTEM","UserID":"S-1-5-18","AccountType":"User","Message":"Starting Group Policy Files Extension Processing. \r\n\r\nList of applicable Group Policy objects: (No changes were detected.)\r\n\r\nTripewire Audit\n","Opcode":"Start","CSEExtensionId":"{7150F9BF-48AD-4DA4-A49C-29EF4A8369BA}","CSEExtensionName":"Group Policy Files","IsExtensionAsyncProcessing":"true","IsGPOListChanged":"false","GPOListStatusString":"%%4101","DescriptionString":"Tripewire Audit\n","ApplicableGPOList":"&lt;GPO ID=\"{ADEFF9F3-94F1-4F60-B86A-EA3ECE588D44}\"&gt;&lt;Name&gt;Tripewire Audit&lt;/Name&gt;&lt;/GPO&gt;","EventReceivedTime":1496947102,"SourceModuleName":"eventlog","SourceModuleType":"im_msvistalog","@version":"1","@timestamp":"2017-06-08T18:38:21.998Z","host":"10.5.55.3","port":62092,"type":"windows","tags":["json"]}
{"EventTime":"2017-06-08 13:38:21","Hostname":"DC02.sec555.com","Keywords":4611686018427387904,"EventType":"INFO","SeverityValue":2,"Severity":"INFO","EventID":5016,"SourceName":"Microsoft-Windows-GroupPolicy","ProviderGuid":"{AEA1B4FA-97D1-45F2-A64C-4D69FFFD92C9}","Version":0,"Task":0,"OpcodeValue":2,"RecordNumber":265056,"ActivityID":"{2A02A6B2-A5D6-453A-87A0-47C369E53C7B}","ProcessID":1240,"ThreadID":3876,"Channel":"Microsoft-Windows-GroupPolicy/Operational","Domain":"NT AUTHORITY","AccountName":"SYSTEM","UserID":"S-1-5-18","AccountType":"User","Message":"Completed Group Policy Files Extension Processing in 62 milliseconds.","Opcode":"Stop","CSEElaspedTimeInMilliSeconds":"62","ErrorCode":"0","CSEExtensionName":"Group Policy Files","CSEExtensionId":"{7150F9BF-48AD-4DA4-A49C-29EF4A8369BA}","EventReceivedTime":1496947102,"SourceModuleName":"eventlog","SourceModuleType":"im_msvistalog","@version":"1","@timestamp":"2017-06-08T18:38:21.999Z","host":"10.5.55.3","port":62092,"type":"windows","tags":["json"]}
{"EventTime":"2017-06-08 13:38:21","Hostname":"DC02.sec555.com","Keywords":4611686018427387904,"EventType":"INFO","SeverityValue":2,"Severity":"INFO","EventID":4016,"SourceName":"Microsoft-Windows-GroupPolicy","ProviderGuid":"{AEA1B4FA-97D1-45F2-A64C-4D69FFFD92C9}","Version":0,"Task":0,"OpcodeValue":1,"RecordNumber":265057,"ActivityID":"{2A02A6B2-A5D6-453A-87A0-47C369E53C7B}","ProcessID":1240,"ThreadID":3876,"Channel":"Microsoft-Windows-GroupPolicy/Operational","Domain":"NT AUTHORITY","AccountName":"SYSTEM","UserID":"S-1-5-18","AccountType":"User","Message":"Starting Group Policy Services Extension Processing. \r\n\r\nList of applicable Group Policy objects: (No changes were detected.)\r\n\r\nDisable Chatty Services\n","Opcode":"Start","CSEExtensionId":"{91FBB303-0CD5-4055-BF42-E512A681B325}","CSEExtensionName":"Group Policy Services","IsExtensionAsyncProcessing":"true","IsGPOListChanged":"false","GPOListStatusString":"%%4101","DescriptionString":"Disable Chatty Services\n","ApplicableGPOList":"&lt;GPO ID=\"{A8751201-C09D-4169-9695-CF971D4E7590}\"&gt;&lt;Name&gt;Disable Chatty Services&lt;/Name&gt;&lt;/GPO&gt;","EventReceivedTime":1496947102,"SourceModuleName":"eventlog","SourceModuleType":"im_msvistalog","@version":"1","@timestamp":"2017-06-08T18:38:22.004Z","host":"10.5.55.3","port":62092,"type":"windows","tags":["json"]}
{"EventTime":"2017-06-08 13:38:21","Hostname":"DC02.sec555.com","Keywords":4611686018427387904,"EventType":"INFO","SeverityValue":2,"Severity":"INFO","EventID":5016,"SourceName":"Microsoft-Windows-GroupPolicy","ProviderGuid":"{AEA1B4FA-97D1-45F2-A64C-4D69FFFD92C9}","Version":0,"Task":0,"OpcodeValue":2,"RecordNumber":265058,"ActivityID":"{2A02A6B2-A5D6-453A-87A0-47C369E53C7B}","ProcessID":1240,"ThreadID":3876,"Channel":"Microsoft-Windows-GroupPolicy/Operational","Domain":"NT AUTHORITY","AccountName":"SYSTEM","UserID":"S-1-5-18","AccountType":"User","Message":"Completed Group Policy Services Extension Processing in 47 milliseconds.","Opcode":"Stop","CSEElaspedTimeInMilliSeconds":"47","ErrorCode":"0","CSEExtensionName":"Group Policy Services","CSEExtensionId":"{91FBB303-0CD5-4055-BF42-E512A681B325}","EventReceivedTime":1496947102,"SourceModuleName":"eventlog","SourceModuleType":"im_msvistalog","@version":"1","@timestamp":"2017-06-08T18:38:22.004Z","host":"10.5.55.3","port":62092,"type":"windows","tags":["json"]}
{"EventTime":"2017-06-08 13:38:21","Hostname":"DC02.sec555.com","Keywords":4611686018427387904,"EventType":"INFO","SeverityValue":2,"Severity":"INFO","EventID":4016,"SourceName":"Microsoft-Windows-GroupPolicy","ProviderGuid":"{AEA1B4FA-97D1-45F2-A64C-4D69FFFD92C9}","Version":0,"Task":0,"OpcodeValue":1,"RecordNumber":265059,"ActivityID":"{2A02A6B2-A5D6-453A-87A0-47C369E53C7B}","ProcessID":1240,"ThreadID":3876,"Channel":"Microsoft-Windows-GroupPolicy/Operational","Domain":"NT AUTHORITY","AccountName":"SYSTEM","UserID":"S-1-5-18","AccountType":"User","Message":"Starting Audit Policy Configuration Extension Processing. \r\n\r\nList of applicable Group Policy objects: (No changes were detected.)\r\n\r\nLog Settings\n","Opcode":"Start","CSEExtensionId":"{F3CCC681-B74C-4060-9F26-CD84525DCA2A}","CSEExtensionName":"Audit Policy Configuration","IsExtensionAsyncProcessing":"true","IsGPOListChanged":"false","GPOListStatusString":"%%4101","DescriptionString":"Log Settings\n","ApplicableGPOList":"&lt;GPO ID=\"{133B1BD9-9743-40BD-8556-BCB1E0E5A3E1}\"&gt;&lt;Name&gt;Log Settings&lt;/Name&gt;&lt;/GPO&gt;","EventReceivedTime":1496947102,"SourceModuleName":"eventlog","SourceModuleType":"im_msvistalog","@version":"1","@timestamp":"2017-06-08T18:38:22.005Z","host":"10.5.55.3","port":62092,"type":"windows","tags":["json"]}
{"EventTime":"2017-06-08 13:38:21","Hostname":"DC02.sec555.com","Keywords":4611686018427387904,"EventType":"INFO","SeverityValue":2,"Severity":"INFO","EventID":5016,"SourceName":"Microsoft-Windows-GroupPolicy","ProviderGuid":"{AEA1B4FA-97D1-45F2-A64C-4D69FFFD92C9}","Version":0,"Task":0,"OpcodeValue":2,"RecordNumber":265060,"ActivityID":"{2A02A6B2-A5D6-453A-87A0-47C369E53C7B}","ProcessID":1240,"ThreadID":3876,"Channel":"Microsoft-Windows-GroupPolicy/Operational","Domain":"NT AUTHORITY","AccountName":"SYSTEM","UserID":"S-1-5-18","AccountType":"User","Message":"Completed Audit Policy Configuration Extension Processing in 0 milliseconds.","Opcode":"Stop","CSEElaspedTimeInMilliSeconds":"0","ErrorCode":"2147483658","CSEExtensionName":"Audit Policy Configuration","CSEExtensionId":"{F3CCC681-B74C-4060-9F26-CD84525DCA2A}","EventReceivedTime":1496947102,"SourceModuleName":"eventlog","SourceModuleType":"im_msvistalog","@version":"1","@timestamp":"2017-06-08T18:38:22.005Z","host":"10.5.55.3","port":62092,"type":"windows","tags":["json"]}
{"EventTime":"2017-06-08 13:38:21","Hostname":"DC02.sec555.com","Keywords":4611686018427387904,"EventType":"INFO","SeverityValue":2,"Severity":"INFO","EventID":8006,"SourceName":"Microsoft-Windows-GroupPolicy","ProviderGuid":"{AEA1B4FA-97D1-45F2-A64C-4D69FFFD92C9}","Version":1,"Task":0,"OpcodeValue":2,"RecordNumber":265061,"ActivityID":"{2A02A6B2-A5D6-453A-87A0-47C369E53C7B}","ProcessID":1240,"ThreadID":3876,"Channel":"Microsoft-Windows-GroupPolicy/Operational","Domain":"NT AUTHORITY","AccountName":"SYSTEM","UserID":"S-1-5-18","AccountType":"User","Message":"Completed periodic policy processing for computer SEC555\\DC02$ in 0 seconds.","Opcode":"Stop","PolicyElaspedTimeInSeconds":"0","ErrorCode":"0","PrincipalSamName":"SEC555\\DC02$","IsMachine":"1","IsConnectivityFailure":"false","EventReceivedTime":1496947102,"SourceModuleName":"eventlog","SourceModuleType":"im_msvistalog","@version":"1","@timestamp":"2017-06-08T18:38:22.005Z","host":"10.5.55.3","port":62092,"type":"windows","tags":["json"]}
{"EventTime":"2017-06-08 13:38:21","Hostname":"DC02.sec555.com","Keywords":4611686018427387904,"EventType":"INFO","SeverityValue":2,"Severity":"INFO","EventID":5315,"SourceName":"Microsoft-Windows-GroupPolicy","ProviderGuid":"{AEA1B4FA-97D1-45F2-A64C-4D69FFFD92C9}","Version":0,"Task":0,"OpcodeValue":0,"RecordNumber":265062,"ActivityID":"{2A02A6B2-A5D6-453A-87A0-47C369E53C7B}","ProcessID":1240,"ThreadID":3876,"Channel":"Microsoft-Windows-GroupPolicy/Operational","Domain":"NT AUTHORITY","AccountName":"SYSTEM","UserID":"S-1-5-18","AccountType":"User","Message":"Next policy processing for SEC555\\DC02$ will be attempted in 5 minutes.","Opcode":"Info","PrincipalSamName":"SEC555\\DC02$","NextPolicyApplicationTime":"5","NextPolicyApplicationTimeUnit":"%%4100","EventReceivedTime":1496947102,"SourceModuleName":"eventlog","SourceModuleType":"im_msvistalog","@version":"1","@timestamp":"2017-06-08T18:38:22.005Z","host":"10.5.55.3","port":62092,"type":"windows","tags":["json"]}
{"EventTime":"2017-06-08 13:38:21","Hostname":"DC02.sec555.com","Keywords":-9214364837600034816,"EventType":"AUDIT_SUCCESS","SeverityValue":2,"Severity":"INFO","EventID":4672,"SourceName":"Microsoft-Windows-Security-Auditing","ProviderGuid":"{54849625-5478-4994-A5BA-3E3B0328C30D}","Version":0,"Task":12548,"OpcodeValue":0,"RecordNumber":396522,"ProcessID":572,"ThreadID":1812,"Channel":"Security","Message":"Special privileges assigned to new logon.\r\n\r\nSubject:\r\n\tSecurity ID:\t\tS-1-5-18\r\n\tAccount Name:\t\tDC02$\r\n\tAccount Domain:\t\tSEC555\r\n\tLogon ID:\t\t0xFB89A9\r\n\r\nPrivileges:\t\tSeSecurityPrivilege\r\n\t\t\tSeBackupPrivilege\r\n\t\t\tSeRestorePrivilege\r\n\t\t\tSeTakeOwnershipPrivilege\r\n\t\t\tSeDebugPrivilege\r\n\t\t\tSeSystemEnvironmentPrivilege\r\n\t\t\tSeLoadDriverPrivilege\r\n\t\t\tSeImpersonatePrivilege\r\n\t\t\tSeDelegateSessionUserImpersonatePrivilege\r\n\t\t\tSeEnableDelegationPrivilege","Category":"Special Logon","Opcode":"Info","SubjectUserSid":"S-1-5-18","SubjectUserName":"DC02$","SubjectDomainName":"SEC555","SubjectLogonId":"0xfb89a9","PrivilegeList":"SeSecurityPrivilege\r\n\t\t\tSeBackupPrivilege\r\n\t\t\tSeRestorePrivilege\r\n\t\t\tSeTakeOwnershipPrivilege\r\n\t\t\tSeDebugPrivilege\r\n\t\t\tSeSystemEnvironmentPrivilege\r\n\t\t\tSeLoadDriverPrivilege\r\n\t\t\tSeImpersonatePrivilege\r\n\t\t\tSeDelegateSessionUserImpersonatePrivilege\r\n\t\t\tSeEnableDelegationPrivilege","EventReceivedTime":1496947103,"SourceModuleName":"eventlog","SourceModuleType":"im_msvistalog","@version":"1","@timestamp":"2017-06-08T18:38:23.000Z","host":"10.5.55.3","port":62092,"type":"windows","tags":["json"]}
{"EventTime":"2017-06-08 13:38:21","Hostname":"DC02.sec555.com","Keywords":-9214364837600034816,"EventType":"AUDIT_SUCCESS","SeverityValue":2,"Severity":"INFO","EventID":4624,"SourceName":"Microsoft-Windows-Security-Auditing","ProviderGuid":"{54849625-5478-4994-A5BA-3E3B0328C30D}","Version":2,"Task":12544,"OpcodeValue":0,"RecordNumber":396523,"ProcessID":572,"ThreadID":1812,"Channel":"Security","Message":"An account was successfully logged on.\r\n\r\nSubject:\r\n\tSecurity ID:\t\tS-1-0-0\r\n\tAccount Name:\t\t-\r\n\tAccount Domain:\t\t-\r\n\tLogon ID:\t\t0x0\r\n\r\nLogon Information:\r\n\tLogon Type:\t\t3\r\n\tRestricted Admin Mode:\t-\r\n\tVirtual Account:\t\tNo\r\n\tElevated Token:\t\tYes\r\n\r\nImpersonation Level:\t\tImpersonation\r\n\r\nNew Logon:\r\n\tSecurity ID:\t\tS-1-5-18\r\n\tAccount Name:\t\tDC02$\r\n\tAccount Domain:\t\tSEC555.COM\r\n\tLogon ID:\t\t0xFB89A9\r\n\tLinked Logon ID:\t\t0x0\r\n\tNetwork Account Name:\t-\r\n\tNetwork Account Domain:\t-\r\n\tLogon GUID:\t\t{DE35B1F4-3DDE-841E-BA7B-E9A0D3595E43}\r\n\r\nProcess Information:\r\n\tProcess ID:\t\t0x0\r\n\tProcess Name:\t\t-\r\n\r\nNetwork Information:\r\n\tWorkstation Name:\t\r\n\tSource Network Address:\t::1\r\n\tSource Port:\t\t62109\r\n\r\nDetailed Authentication Information:\r\n\tLogon Process:\t\tKerberos\r\n\tAuthentication Package:\tKerberos\r\n\tTransited Services:\t-\r\n\tPackage Name (NTLM only):\t-\r\n\tKey Length:\t\t0\r\n\r\nThis event is generated when a logon session is created. It is generated on the computer that was accessed.\r\n\r\nThe subject fields indicate the account on the local system which requested the logon. This is most commonly a service such as the Server service, or a local process such as Winlogon.exe or Services.exe.\r\n\r\nThe logon type field indicates the kind of logon that occurred. The most common types are 2 (interactive) and 3 (network).\r\n\r\nThe New Logon fields indicate the account for whom the new logon was created, i.e. the account that was logged on.\r\n\r\nThe network fields indicate where a remote logon request originated. Workstation name is not always available and may be left blank in some cases.\r\n\r\nThe impersonation level field indicates the extent to which a process in the logon session can impersonate.\r\n\r\nThe authentication information fields provide detailed information about this specific logon request.\r\n\t- Logon GUID is a unique identifier that can be used to correlate this event with a KDC event.\r\n\t- Transited services indicate which intermediate services have participated in this logon request.\r\n\t- Package name indicates which sub-protocol was used among the NTLM protocols.\r\n\t- Key length indicates the length of the generated session key. This will be 0 if no session key was requested.","Category":"Logon","Opcode":"Info","SubjectUserSid":"S-1-0-0","SubjectUserName":"-","SubjectDomainName":"-","SubjectLogonId":"0x0","TargetUserSid":"S-1-5-18","TargetUserName":"DC02$","TargetDomainName":"SEC555.COM","TargetLogonId":"0xfb89a9","LogonType":"3","LogonProcessName":"Kerberos","AuthenticationPackageName":"Kerberos","LogonGuid":"{DE35B1F4-3DDE-841E-BA7B-E9A0D3595E43}","TransmittedServices":"-","LmPackageName":"-","KeyLength":"0","ProcessName":"-","IpAddress":"::1","IpPort":"62109","ImpersonationLevel":"%%1833","RestrictedAdminMode":"-","TargetOutboundUserName":"-","TargetOutboundDomainName":"-","VirtualAccount":"%%1843","TargetLinkedLogonId":"0x0","ElevatedToken":"%%1842","EventReceivedTime":1496947103,"SourceModuleName":"eventlog","SourceModuleType":"im_msvistalog","@version":"1","@timestamp":"2017-06-08T18:38:23.002Z","host":"10.5.55.3","port":62092,"type":"windows","tags":["json"]}
{"EventTime":"2017-06-08 13:38:21","Hostname":"DC02.sec555.com","Keywords":-9214364837600034816,"EventType":"AUDIT_SUCCESS","SeverityValue":2,"Severity":"INFO","EventID":4672,"SourceName":"Microsoft-Windows-Security-Auditing","ProviderGuid":"{54849625-5478-4994-A5BA-3E3B0328C30D}","Version":0,"Task":12548,"OpcodeValue":0,"RecordNumber":396524,"ActivityID":"{78C8CBAF-DFA9-0000-71CC-C878A9DFD201}","ProcessID":572,"ThreadID":1288,"Channel":"Security","Message":"Special privileges assigned to new logon.\r\n\r\nSubject:\r\n\tSecurity ID:\t\tS-1-5-18\r\n\tAccount Name:\t\tDC02$\r\n\tAccount Domain:\t\tSEC555\r\n\tLogon ID:\t\t0xFB8A9D\r\n\r\nPrivileges:\t\tSeSecurityPrivilege\r\n\t\t\tSeBackupPrivilege\r\n\t\t\tSeRestorePrivilege\r\n\t\t\tSeTakeOwnershipPrivilege\r\n\t\t\tSeDebugPrivilege\r\n\t\t\tSeSystemEnvironmentPrivilege\r\n\t\t\tSeLoadDriverPrivilege\r\n\t\t\tSeImpersonatePrivilege\r\n\t\t\tSeDelegateSessionUserImpersonatePrivilege\r\n\t\t\tSeEnableDelegationPrivilege","Category":"Special Logon","Opcode":"Info","SubjectUserSid":"S-1-5-18","SubjectUserName":"DC02$","SubjectDomainName":"SEC555","SubjectLogonId":"0xfb8a9d","PrivilegeList":"SeSecurityPrivilege\r\n\t\t\tSeBackupPrivilege\r\n\t\t\tSeRestorePrivilege\r\n\t\t\tSeTakeOwnershipPrivilege\r\n\t\t\tSeDebugPrivilege\r\n\t\t\tSeSystemEnvironmentPrivilege\r\n\t\t\tSeLoadDriverPrivilege\r\n\t\t\tSeImpersonatePrivilege\r\n\t\t\tSeDelegateSessionUserImpersonatePrivilege\r\n\t\t\tSeEnableDelegationPrivilege","EventReceivedTime":1496947103,"SourceModuleName":"eventlog","SourceModuleType":"im_msvistalog","@version":"1","@timestamp":"2017-06-08T18:38:23.003Z","host":"10.5.55.3","port":62092,"type":"windows","tags":["json"]}
{"EventTime":"2017-06-08 13:38:21","Hostname":"DC02.sec555.com","Keywords":-9214364837600034816,"EventType":"AUDIT_SUCCESS","SeverityValue":2,"Severity":"INFO","EventID":4624,"SourceName":"Microsoft-Windows-Security-Auditing","ProviderGuid":"{54849625-5478-4994-A5BA-3E3B0328C30D}","Version":2,"Task":12544,"OpcodeValue":0,"RecordNumber":396525,"ActivityID":"{78C8CBAF-DFA9-0000-71CC-C878A9DFD201}","ProcessID":572,"ThreadID":1288,"Channel":"Security","Message":"An account was successfully logged on.\r\n\r\nSubject:\r\n\tSecurity ID:\t\tS-1-0-0\r\n\tAccount Name:\t\t-\r\n\tAccount Domain:\t\t-\r\n\tLogon ID:\t\t0x0\r\n\r\nLogon Information:\r\n\tLogon Type:\t\t3\r\n\tRestricted Admin Mode:\t-\r\n\tVirtual Account:\t\tNo\r\n\tElevated Token:\t\tYes\r\n\r\nImpersonation Level:\t\tImpersonation\r\n\r\nNew Logon:\r\n\tSecurity ID:\t\tS-1-5-18\r\n\tAccount Name:\t\tDC02$\r\n\tAccount Domain:\t\tSEC555.COM\r\n\tLogon ID:\t\t0xFB8A9D\r\n\tLinked Logon ID:\t\t0x0\r\n\tNetwork Account Name:\t-\r\n\tNetwork Account Domain:\t-\r\n\tLogon GUID:\t\t{DE35B1F4-3DDE-841E-BA7B-E9A0D3595E43}\r\n\r\nProcess Information:\r\n\tProcess ID:\t\t0x0\r\n\tProcess Name:\t\t-\r\n\r\nNetwork Information:\r\n\tWorkstation Name:\t\r\n\tSource Network Address:\t::1\r\n\tSource Port:\t\t0\r\n\r\nDetailed Authentication Information:\r\n\tLogon Process:\t\tKerberos\r\n\tAuthentication Package:\tKerberos\r\n\tTransited Services:\t-\r\n\tPackage Name (NTLM only):\t-\r\n\tKey Length:\t\t0\r\n\r\nThis event is generated when a logon session is created. It is generated on the computer that was accessed.\r\n\r\nThe subject fields indicate the account on the local system which requested the logon. This is most commonly a service such as the Server service, or a local process such as Winlogon.exe or Services.exe.\r\n\r\nThe logon type field indicates the kind of logon that occurred. The most common types are 2 (interactive) and 3 (network).\r\n\r\nThe New Logon fields indicate the account for whom the new logon was created, i.e. the account that was logged on.\r\n\r\nThe network fields indicate where a remote logon request originated. Workstation name is not always available and may be left blank in some cases.\r\n\r\nThe impersonation level field indicates the extent to which a process in the logon session can impersonate.\r\n\r\nThe authentication information fields provide detailed information about this specific logon request.\r\n\t- Logon GUID is a unique identifier that can be used to correlate this event with a KDC event.\r\n\t- Transited services indicate which intermediate services have participated in this logon request.\r\n\t- Package name indicates which sub-protocol was used among the NTLM protocols.\r\n\t- Key length indicates the length of the generated session key. This will be 0 if no session key was requested.","Category":"Logon","Opcode":"Info","SubjectUserSid":"S-1-0-0","SubjectUserName":"-","SubjectDomainName":"-","SubjectLogonId":"0x0","TargetUserSid":"S-1-5-18","TargetUserName":"DC02$","TargetDomainName":"SEC555.COM","TargetLogonId":"0xfb8a9d","LogonType":"3","LogonProcessName":"Kerberos","AuthenticationPackageName":"Kerberos","LogonGuid":"{DE35B1F4-3DDE-841E-BA7B-E9A0D3595E43}","TransmittedServices":"-","LmPackageName":"-","KeyLength":"0","ProcessName":"-","IpAddress":"::1","IpPort":"0","ImpersonationLevel":"%%1833","RestrictedAdminMode":"-","TargetOutboundUserName":"-","TargetOutboundDomainName":"-","VirtualAccount":"%%1843","TargetLinkedLogonId":"0x0","ElevatedToken":"%%1842","EventReceivedTime":1496947103,"SourceModuleName":"eventlog","SourceModuleType":"im_msvistalog","@version":"1","@timestamp":"2017-06-08T18:38:23.006Z","host":"10.5.55.3","port":62092,"type":"windows","tags":["json"]}
{"EventTime":"2017-06-08 13:38:21","Hostname":"DC02.sec555.com","Keywords":-9214364837600034816,"EventType":"AUDIT_SUCCESS","SeverityValue":2,"Severity":"INFO","EventID":4672,"SourceName":"Microsoft-Windows-Security-Auditing","ProviderGuid":"{54849625-5478-4994-A5BA-3E3B0328C30D}","Version":0,"Task":12548,"OpcodeValue":0,"RecordNumber":396526,"ProcessID":572,"ThreadID":1812,"Channel":"Security","Message":"Special privileges assigned to new logon.\r\n\r\nSubject:\r\n\tSecurity ID:\t\tS-1-5-18\r\n\tAccount Name:\t\tDC02$\r\n\tAccount Domain:\t\tSEC555\r\n\tLogon ID:\t\t0xFB8AE4\r\n\r\nPrivileges:\t\tSeSecurityPrivilege\r\n\t\t\tSeBackupPrivilege\r\n\t\t\tSeRestorePrivilege\r\n\t\t\tSeTakeOwnershipPrivilege\r\n\t\t\tSeDebugPrivilege\r\n\t\t\tSeSystemEnvironmentPrivilege\r\n\t\t\tSeLoadDriverPrivilege\r\n\t\t\tSeImpersonatePrivilege\r\n\t\t\tSeDelegateSessionUserImpersonatePrivilege\r\n\t\t\tSeEnableDelegationPrivilege","Category":"Special Logon","Opcode":"Info","SubjectUserSid":"S-1-5-18","SubjectUserName":"DC02$","SubjectDomainName":"SEC555","SubjectLogonId":"0xfb8ae4","PrivilegeList":"SeSecurityPrivilege\r\n\t\t\tSeBackupPrivilege\r\n\t\t\tSeRestorePrivilege\r\n\t\t\tSeTakeOwnershipPrivilege\r\n\t\t\tSeDebugPrivilege\r\n\t\t\tSeSystemEnvironmentPrivilege\r\n\t\t\tSeLoadDriverPrivilege\r\n\t\t\tSeImpersonatePrivilege\r\n\t\t\tSeDelegateSessionUserImpersonatePrivilege\r\n\t\t\tSeEnableDelegationPrivilege","EventReceivedTime":1496947103,"SourceModuleName":"eventlog","SourceModuleType":"im_msvistalog","@version":"1","@timestamp":"2017-06-08T18:38:23.007Z","host":"10.5.55.3","port":62092,"type":"windows","tags":["json"]}
{"EventTime":"2017-06-08 13:38:21","Hostname":"DC02.sec555.com","Keywords":-9214364837600034816,"EventType":"AUDIT_SUCCESS","SeverityValue":2,"Severity":"INFO","EventID":4624,"SourceName":"Microsoft-Windows-Security-Auditing","ProviderGuid":"{54849625-5478-4994-A5BA-3E3B0328C30D}","Version":2,"Task":12544,"OpcodeValue":0,"RecordNumber":396527,"ProcessID":572,"ThreadID":1812,"Channel":"Security","Message":"An account was successfully logged on.\r\n\r\nSubject:\r\n\tSecurity ID:\t\tS-1-0-0\r\n\tAccount Name:\t\t-\r\n\tAccount Domain:\t\t-\r\n\tLogon ID:\t\t0x0\r\n\r\nLogon Information:\r\n\tLogon Type:\t\t3\r\n\tRestricted Admin Mode:\t-\r\n\tVirtual Account:\t\tNo\r\n\tElevated Token:\t\tYes\r\n\r\nImpersonation Level:\t\tImpersonation\r\n\r\nNew Logon:\r\n\tSecurity ID:\t\tS-1-5-18\r\n\tAccount Name:\t\tDC02$\r\n\tAccount Domain:\t\tSEC555.COM\r\n\tLogon ID:\t\t0xFB8AE4\r\n\tLinked Logon ID:\t\t0x0\r\n\tNetwork Account Name:\t-\r\n\tNetwork Account Domain:\t-\r\n\tLogon GUID:\t\t{F75A9D97-E401-D6B1-8046-80FEF94BA173}\r\n\r\nProcess Information:\r\n\tProcess ID:\t\t0x0\r\n\tProcess Name:\t\t-\r\n\r\nNetwork Information:\r\n\tWorkstation Name:\t\r\n\tSource Network Address:\t10.5.55.3\r\n\tSource Port:\t\t62110\r\n\r\nDetailed Authentication Information:\r\n\tLogon Process:\t\tKerberos\r\n\tAuthentication Package:\tKerberos\r\n\tTransited Services:\t-\r\n\tPackage Name (NTLM only):\t-\r\n\tKey Length:\t\t0\r\n\r\nThis event is generated when a logon session is created. It is generated on the computer that was accessed.\r\n\r\nThe subject fields indicate the account on the local system which requested the logon. This is most commonly a service such as the Server service, or a local process such as Winlogon.exe or Services.exe.\r\n\r\nThe logon type field indicates the kind of logon that occurred. The most common types are 2 (interactive) and 3 (network).\r\n\r\nThe New Logon fields indicate the account for whom the new logon was created, i.e. the account that was logged on.\r\n\r\nThe network fields indicate where a remote logon request originated. Workstation name is not always available and may be left blank in some cases.\r\n\r\nThe impersonation level field indicates the extent to which a process in the logon session can impersonate.\r\n\r\nThe authentication information fields provide detailed information about this specific logon request.\r\n\t- Logon GUID is a unique identifier that can be used to correlate this event with a KDC event.\r\n\t- Transited services indicate which intermediate services have participated in this logon request.\r\n\t- Package name indicates which sub-protocol was used among the NTLM protocols.\r\n\t- Key length indicates the length of the generated session key. This will be 0 if no session key was requested.","Category":"Logon","Opcode":"Info","SubjectUserSid":"S-1-0-0","SubjectUserName":"-","SubjectDomainName":"-","SubjectLogonId":"0x0","TargetUserSid":"S-1-5-18","TargetUserName":"DC02$","TargetDomainName":"SEC555.COM","TargetLogonId":"0xfb8ae4","LogonType":"3","LogonProcessName":"Kerberos","AuthenticationPackageName":"Kerberos","LogonGuid":"{F75A9D97-E401-D6B1-8046-80FEF94BA173}","TransmittedServices":"-","LmPackageName":"-","KeyLength":"0","ProcessName":"-","IpAddress":"10.5.55.3","IpPort":"62110","ImpersonationLevel":"%%1833","RestrictedAdminMode":"-","TargetOutboundUserName":"-","TargetOutboundDomainName":"-","VirtualAccount":"%%1843","TargetLinkedLogonId":"0x0","ElevatedToken":"%%1842","EventReceivedTime":1496947103,"SourceModuleName":"eventlog","SourceModuleType":"im_msvistalog","@version":"1","@timestamp":"2017-06-08T18:38:23.008Z","host":"10.5.55.3","port":62092,"type":"windows","tags":["json"]}
{"EventTime":"2017-06-08 13:38:21","Hostname":"DC02.sec555.com","Keywords":-9214364837600034816,"EventType":"AUDIT_SUCCESS","SeverityValue":2,"Severity":"INFO","EventID":4672,"SourceName":"Microsoft-Windows-Security-Auditing","ProviderGuid":"{54849625-5478-4994-A5BA-3E3B0328C30D}","Version":0,"Task":12548,"OpcodeValue":0,"RecordNumber":396528,"ActivityID":"{78C8CBAF-DFA9-0000-71CC-C878A9DFD201}","ProcessID":572,"ThreadID":3292,"Channel":"Security","Message":"Special privileges assigned to new logon.\r\n\r\nSubject:\r\n\tSecurity ID:\t\tS-1-5-18\r\n\tAccount Name:\t\tDC02$\r\n\tAccount Domain:\t\tSEC555\r\n\tLogon ID:\t\t0xFB8B54\r\n\r\nPrivileges:\t\tSeSecurityPrivilege\r\n\t\t\tSeBackupPrivilege\r\n\t\t\tSeRestorePrivilege\r\n\t\t\tSeTakeOwnershipPrivilege\r\n\t\t\tSeDebugPrivilege\r\n\t\t\tSeSystemEnvironmentPrivilege\r\n\t\t\tSeLoadDriverPrivilege\r\n\t\t\tSeImpersonatePrivilege\r\n\t\t\tSeDelegateSessionUserImpersonatePrivilege\r\n\t\t\tSeEnableDelegationPrivilege","Category":"Special Logon","Opcode":"Info","SubjectUserSid":"S-1-5-18","SubjectUserName":"DC02$","SubjectDomainName":"SEC555","SubjectLogonId":"0xfb8b54","PrivilegeList":"SeSecurityPrivilege\r\n\t\t\tSeBackupPrivilege\r\n\t\t\tSeRestorePrivilege\r\n\t\t\tSeTakeOwnershipPrivilege\r\n\t\t\tSeDebugPrivilege\r\n\t\t\tSeSystemEnvironmentPrivilege\r\n\t\t\tSeLoadDriverPrivilege\r\n\t\t\tSeImpersonatePrivilege\r\n\t\t\tSeDelegateSessionUserImpersonatePrivilege\r\n\t\t\tSeEnableDelegationPrivilege","EventReceivedTime":1496947103,"SourceModuleName":"eventlog","SourceModuleType":"im_msvistalog","@version":"1","@timestamp":"2017-06-08T18:38:23.009Z","host":"10.5.55.3","port":62092,"type":"windows","tags":["json"]}
{"EventTime":"2017-06-08 13:38:21","Hostname":"DC02.sec555.com","Keywords":-9214364837600034816,"EventType":"AUDIT_SUCCESS","SeverityValue":2,"Severity":"INFO","EventID":4624,"SourceName":"Microsoft-Windows-Security-Auditing","ProviderGuid":"{54849625-5478-4994-A5BA-3E3B0328C30D}","Version":2,"Task":12544,"OpcodeValue":0,"RecordNumber":396529,"ActivityID":"{78C8CBAF-DFA9-0000-71CC-C878A9DFD201}","ProcessID":572,"ThreadID":3292,"Channel":"Security","Message":"An account was successfully logged on.\r\n\r\nSubject:\r\n\tSecurity ID:\t\tS-1-0-0\r\n\tAccount Name:\t\t-\r\n\tAccount Domain:\t\t-\r\n\tLogon ID:\t\t0x0\r\n\r\nLogon Information:\r\n\tLogon Type:\t\t3\r\n\tRestricted Admin Mode:\t-\r\n\tVirtual Account:\t\tNo\r\n\tElevated Token:\t\tYes\r\n\r\nImpersonation Level:\t\tDelegation\r\n\r\nNew Logon:\r\n\tSecurity ID:\t\tS-1-5-18\r\n\tAccount Name:\t\tDC02$\r\n\tAccount Domain:\t\tSEC555.COM\r\n\tLogon ID:\t\t0xFB8B54\r\n\tLinked Logon ID:\t\t0x0\r\n\tNetwork Account Name:\t-\r\n\tNetwork Account Domain:\t-\r\n\tLogon GUID:\t\t{127E8BC7-B3BA-3008-AF1A-8A90F07B4FA3}\r\n\r\nProcess Information:\r\n\tProcess ID:\t\t0x0\r\n\tProcess Name:\t\t-\r\n\r\nNetwork Information:\r\n\tWorkstation Name:\t\r\n\tSource Network Address:\t::1\r\n\tSource Port:\t\t62111\r\n\r\nDetailed Authentication Information:\r\n\tLogon Process:\t\tKerberos\r\n\tAuthentication Package:\tKerberos\r\n\tTransited Services:\t-\r\n\tPackage Name (NTLM only):\t-\r\n\tKey Length:\t\t0\r\n\r\nThis event is generated when a logon session is created. It is generated on the computer that was accessed.\r\n\r\nThe subject fields indicate the account on the local system which requested the logon. This is most commonly a service such as the Server service, or a local process such as Winlogon.exe or Services.exe.\r\n\r\nThe logon type field indicates the kind of logon that occurred. The most common types are 2 (interactive) and 3 (network).\r\n\r\nThe New Logon fields indicate the account for whom the new logon was created, i.e. the account that was logged on.\r\n\r\nThe network fields indicate where a remote logon request originated. Workstation name is not always available and may be left blank in some cases.\r\n\r\nThe impersonation level field indicates the extent to which a process in the logon session can impersonate.\r\n\r\nThe authentication information fields provide detailed information about this specific logon request.\r\n\t- Logon GUID is a unique identifier that can be used to correlate this event with a KDC event.\r\n\t- Transited services indicate which intermediate services have participated in this logon request.\r\n\t- Package name indicates which sub-protocol was used among the NTLM protocols.\r\n\t- Key length indicates the length of the generated session key. This will be 0 if no session key was requested.","Category":"Logon","Opcode":"Info","SubjectUserSid":"S-1-0-0","SubjectUserName":"-","SubjectDomainName":"-","SubjectLogonId":"0x0","TargetUserSid":"S-1-5-18","TargetUserName":"DC02$","TargetDomainName":"SEC555.COM","TargetLogonId":"0xfb8b54","LogonType":"3","LogonProcessName":"Kerberos","AuthenticationPackageName":"Kerberos","LogonGuid":"{127E8BC7-B3BA-3008-AF1A-8A90F07B4FA3}","TransmittedServices":"-","LmPackageName":"-","KeyLength":"0","ProcessName":"-","IpAddress":"::1","IpPort":"62111","ImpersonationLevel":"%%1840","RestrictedAdminMode":"-","TargetOutboundUserName":"-","TargetOutboundDomainName":"-","VirtualAccount":"%%1843","TargetLinkedLogonId":"0x0","ElevatedToken":"%%1842","EventReceivedTime":1496947103,"SourceModuleName":"eventlog","SourceModuleType":"im_msvistalog","@version":"1","@timestamp":"2017-06-08T18:38:23.012Z","host":"10.5.55.3","port":62092,"type":"windows","tags":["json"]}
{"EventTime":"2017-06-08 13:38:21","Hostname":"DC02.sec555.com","Keywords":-9214364837600034816,"EventType":"AUDIT_SUCCESS","SeverityValue":2,"Severity":"INFO","EventID":5140,"SourceName":"Microsoft-Windows-Security-Auditing","ProviderGuid":"{54849625-5478-4994-A5BA-3E3B0328C30D}","Version":1,"Task":12808,"OpcodeValue":0,"RecordNumber":396530,"ProcessID":4,"ThreadID":2172,"Channel":"Security","Message":"A network share object was accessed.\r\n\t\r\nSubject:\r\n\tSecurity ID:\t\tS-1-5-18\r\n\tAccount Name:\t\tDC02$\r\n\tAccount Domain:\t\tSEC555\r\n\tLogon ID:\t\t0xFB8B54\r\n\r\nNetwork Information:\t\r\n\tObject Type:\t\tFile\r\n\tSource Address:\t\t::1\r\n\tSource Port:\t\t62111\r\n\t\r\nShare Information:\r\n\tShare Name:\t\t\\\\*\\SYSVOL\r\n\tShare Path:\t\t\\??\\C:\\Windows\\SYSVOL\\sysvol\r\n\r\nAccess Request Information:\r\n\tAccess Mask:\t\t0x1\r\n\tAccesses:\t\tReadData (or ListDirectory)\r\n\t\t\t\t\r\n","Category":"File Share","Opcode":"Info","SubjectUserSid":"S-1-5-18","SubjectUserName":"DC02$","SubjectDomainName":"SEC555","SubjectLogonId":"0xfb8b54","ObjectType":"File","IpAddress":"::1","IpPort":"62111","ShareName":"\\\\*\\SYSVOL","ShareLocalPath":"\\??\\C:\\Windows\\SYSVOL\\sysvol","AccessMask":"0x1","AccessList":"%%4416\r\n\t\t\t\t","EventReceivedTime":1496947103,"SourceModuleName":"eventlog","SourceModuleType":"im_msvistalog","@version":"1","@timestamp":"2017-06-08T18:38:23.013Z","host":"10.5.55.3","port":62092,"type":"windows","tags":["json"]}
{"EventTime":"2017-06-08 13:38:21","Hostname":"DC02.sec555.com","Keywords":-9214364837600034816,"EventType":"AUDIT_SUCCESS","SeverityValue":2,"Severity":"INFO","EventID":5145,"SourceName":"Microsoft-Windows-Security-Auditing","ProviderGuid":"{54849625-5478-4994-A5BA-3E3B0328C30D}","Version":0,"Task":12811,"OpcodeValue":0,"RecordNumber":396531,"ProcessID":4,"ThreadID":3668,"Channel":"Security","Message":"A network share object was checked to see whether client can be granted desired access.\r\n\t\r\nSubject:\r\n\tSecurity ID:\t\tS-1-5-18\r\n\tAccount Name:\t\tDC02$\r\n\tAccount Domain:\t\tSEC555\r\n\tLogon ID:\t\t0xFB8B54\r\n\r\nNetwork Information:\t\r\n\tObject Type:\t\tFile\r\n\tSource Address:\t\t::1\r\n\tSource Port:\t\t62111\r\n\t\r\nShare Information:\r\n\tShare Name:\t\t\\\\*\\SYSVOL\r\n\tShare Path:\t\t\\??\\C:\\Windows\\SYSVOL\\sysvol\r\n\tRelative Target Name:\tsec555.com\\Policies\\{32EDD69B-CA4B-4FD7-A5A2-5320F9582C71}\\gpt.ini\r\n\r\nAccess Request Information:\r\n\tAccess Mask:\t\t0x120089\r\n\tAccesses:\t\tREAD_CONTROL\r\n\t\t\t\tSYNCHRONIZE\r\n\t\t\t\tReadData (or ListDirectory)\r\n\t\t\t\tReadEA\r\n\t\t\t\tReadAttributes\r\n\t\t\t\t\r\nAccess Check Results:\r\n\tREAD_CONTROL:\tGranted by Ownership\r\n\t\t\t\tSYNCHRONIZE:\tGranted by\tD:(A;;0x1200a9;;;WD)\r\n\t\t\t\tReadData (or ListDirectory):\tGranted by\tD:(A;;0x1200a9;;;WD)\r\n\t\t\t\tReadEA:\tGranted by\tD:(A;;0x1200a9;;;WD)\r\n\t\t\t\tReadAttributes:\tGranted by\tD:(A;;0x1200a9;;;WD)\r\n\t\t\t\t\r\n","Category":"Detailed File Share","Opcode":"Info","SubjectUserSid":"S-1-5-18","SubjectUserName":"DC02$","SubjectDomainName":"SEC555","SubjectLogonId":"0xfb8b54","ObjectType":"File","IpAddress":"::1","IpPort":"62111","ShareName":"\\\\*\\SYSVOL","ShareLocalPath":"\\??\\C:\\Windows\\SYSVOL\\sysvol","RelativeTargetName":"sec555.com\\Policies\\{32EDD69B-CA4B-4FD7-A5A2-5320F9582C71}\\gpt.ini","AccessMask":"0x120089","AccessList":"%%1538\r\n\t\t\t\t%%1541\r\n\t\t\t\t%%4416\r\n\t\t\t\t%%4419\r\n\t\t\t\t%%4423\r\n\t\t\t\t","AccessReason":"%%1538:\t%%1804\r\n\t\t\t\t%%1541:\t%%1801\tD:(A;;0x1200a9;;;WD)\r\n\t\t\t\t%%4416:\t%%1801\tD:(A;;0x1200a9;;;WD)\r\n\t\t\t\t%%4419:\t%%1801\tD:(A;;0x1200a9;;;WD)\r\n\t\t\t\t%%4423:\t%%1801\tD:(A;;0x1200a9;;;WD)\r\n\t\t\t\t","EventReceivedTime":1496947103,"SourceModuleName":"eventlog","SourceModuleType":"im_msvistalog","@version":"1","@timestamp":"2017-06-08T18:38:23.013Z","host":"10.5.55.3","port":62092,"type":"windows","tags":["json"]}
